#
# There is insufficient memory for the Java Runtime Environment to continue.
# Native memory allocation (mmap) failed to map 188743680 bytes for committing reserved memory.
# Possible reasons:
#   The system is out of physical RAM or swap space
#   The process is running with CompressedOops enabled, and the Java Heap may be blocking the growth of the native heap
# Possible solutions:
#   Reduce memory load on the system
#   Increase physical memory or swap space
#   Check if swap backing store is full
#   Decrease Java heap size (-Xmx/-Xms)
#   Decrease number of Java threads
#   Decrease Java thread stack sizes (-Xss)
#   Set larger code cache with -XX:ReservedCodeCacheSize=
#   JVM is running with Unscaled Compressed Oops mode in which the Java heap is
#     placed in the first 4GB address space. The Java Heap base address is the
#     maximum limit for the native heap growth. Please use -XX:HeapBaseMinAddress
#     to set the Java Heap base and to place the Java Heap above 4GB virtual address.
# This output file may be truncated or incomplete.
#
#  Out of Memory Error (os_linux.cpp:2893), pid=4299, tid=4307
#
# JRE version: OpenJDK Runtime Environment (11.0.4+11) (build 11.0.4+11-post-Ubuntu-1ubuntu218.04.3)
# Java VM: OpenJDK 64-Bit Server VM (11.0.4+11-post-Ubuntu-1ubuntu218.04.3, mixed mode, sharing, tiered, compressed oops, g1 gc, linux-amd64)
# Core dump will be written. Default location: Core dumps may be processed with "/usr/share/apport/apport %p %s %c %d %P" (or dumping to /home/jackson/Documents/kafka_2.12-2.3.0/consumer.examples/core.4299)
#

---------------  S U M M A R Y ------------

Command Line: --add-modules=ALL-SYSTEM --add-opens=java.base/java.util=ALL-UNNAMED --add-opens=java.base/java.lang=ALL-UNNAMED -Declipse.application=org.eclipse.jdt.ls.core.id1 -Dosgi.bundles.defaultStartLevel=4 -Declipse.product=org.eclipse.jdt.ls.core.product -Dfile.encoding=utf8 -Xverify:none -Xmx1G -XX:+UseG1GC -XX:+UseStringDeduplication /home/jackson/.vscode/extensions/redhat.java-0.54.2/server/plugins/org.eclipse.equinox.launcher_1.5.600.v20191014-2022.jar -configuration /home/jackson/.vscode/extensions/redhat.java-0.54.2/server/config_linux -data /home/jackson/.config/Code/User/workspaceStorage/12e3aee23846e241e61f4009526939a1/redhat.java/jdt_ws

Host: Intel(R) Core(TM) i5-8600K CPU @ 3.60GHz, 1 cores, 3G, Ubuntu 18.04.3 LTS
Time: Sat Dec 14 14:18:42 2019 CST elapsed time: 23 seconds (0d 0h 0m 23s)

---------------  T H R E A D  ---------------

Current thread (0x00007f2938110000):  VMThread "VM Thread" [stack: 0x00007f293c24e000,0x00007f293c34e000] [id=4307]

Stack: [0x00007f293c24e000,0x00007f293c34e000],  sp=0x00007f293c34bff0,  free space=1015k
Native frames: (J=compiled Java code, A=aot compiled Java code, j=interpreted, Vv=VM code, C=native code)
V  [libjvm.so+0xde4547]
V  [libjvm.so+0xde519b]
V  [libjvm.so+0x6511a5]
V  [libjvm.so+0xbbed38]
V  [libjvm.so+0xbb5ebd]
V  [libjvm.so+0x76f53f]
V  [libjvm.so+0x76f7ae]
V  [libjvm.so+0x77b820]
V  [libjvm.so+0x7f6969]
V  [libjvm.so+0x7f75c2]
V  [libjvm.so+0x7f7a29]
V  [libjvm.so+0x72de6f]
V  [libjvm.so+0x732b6a]
V  [libjvm.so+0xdf01e1]
V  [libjvm.so+0xdeeda8]
V  [libjvm.so+0xdec5e6]
V  [libjvm.so+0xdecaf0]
V  [libjvm.so+0xdecf23]
V  [libjvm.so+0xd7aeea]
V  [libjvm.so+0xbc4a5e]

VM_Operation (0x00007f2902ebd620): G1CollectForAllocation, mode: safepoint, requested by thread 0x00007f2904968000


---------------  P R O C E S S  ---------------

Threads class SMR info:
_java_thread_list=0x00007f291c1e91b0, length=22, elements={
0x00007f2938012800, 0x00007f2938113000, 0x00007f2938115000, 0x00007f2938123000,
0x00007f2938125000, 0x00007f2938127000, 0x00007f2938129000, 0x00007f2938158000,
0x00007f293819b000, 0x00007f2938244000, 0x00007f2938326800, 0x00007f2938384000,
0x00007f293838c000, 0x00007f29043a4000, 0x00007f29040e1000, 0x00007f290c009800,
0x00007f290c010800, 0x00007f2904968000, 0x00007f29383c0000, 0x00007f293845a800,
0x00007f290c01a800, 0x00007f291c1bd800
}

Java Threads: ( => current thread )
  0x00007f2938012800 JavaThread "main" [_thread_blocked, id=4300, stack(0x00007f29420ec000,0x00007f29421ed000)]
  0x00007f2938113000 JavaThread "Reference Handler" daemon [_thread_blocked, id=4308, stack(0x00007f293c14b000,0x00007f293c24c000)]
  0x00007f2938115000 JavaThread "Finalizer" daemon [_thread_blocked, id=4309, stack(0x00007f293c04a000,0x00007f293c14b000)]
  0x00007f2938123000 JavaThread "Signal Dispatcher" daemon [_thread_blocked, id=4310, stack(0x00007f2920055000,0x00007f2920156000)]
  0x00007f2938125000 JavaThread "C2 CompilerThread0" daemon [_thread_in_native, id=4311, stack(0x00007f2918530000,0x00007f2918631000)]
  0x00007f2938127000 JavaThread "C1 CompilerThread0" daemon [_thread_blocked, id=4312, stack(0x00007f291842f000,0x00007f2918530000)]
  0x00007f2938129000 JavaThread "Sweeper thread" daemon [_thread_blocked, id=4313, stack(0x00007f291832e000,0x00007f291842f000)]
  0x00007f2938158000 JavaThread "Common-Cleaner" daemon [_thread_blocked, id=4314, stack(0x00007f291822d000,0x00007f291832e000)]
  0x00007f293819b000 JavaThread "Service Thread" daemon [_thread_blocked, id=4315, stack(0x00007f291812c000,0x00007f291822d000)]
  0x00007f2938244000 JavaThread "process reaper" daemon [_thread_blocked, id=4318, stack(0x00007f2942040000,0x00007f2942062000)]
  0x00007f2938326800 JavaThread "Active Thread: Equinox Container: a30fb6fa-90b9-43a3-bf34-7d48f0b18a4c" [_thread_blocked, id=4321, stack(0x00007f2903ad7000,0x00007f2903bd8000)]
  0x00007f2938384000 JavaThread "Framework Event Dispatcher: Equinox Container: a30fb6fa-90b9-43a3-bf34-7d48f0b18a4c" daemon [_thread_blocked, id=4323, stack(0x00007f29039d6000,0x00007f2903ad7000)]
  0x00007f293838c000 JavaThread "Start Level: Equinox Container: a30fb6fa-90b9-43a3-bf34-7d48f0b18a4c" daemon [_thread_blocked, id=4324, stack(0x00007f29038d5000,0x00007f29039d6000)]
  0x00007f29043a4000 JavaThread "Worker-JM" [_thread_blocked, id=4325, stack(0x00007f29033c3000,0x00007f29034c4000)]
  0x00007f29040e1000 JavaThread "Worker-0: Java indexing... " [_thread_blocked, id=4326, stack(0x00007f29032c2000,0x00007f29033c3000)]
  0x00007f290c009800 JavaThread "Worker-1" [_thread_blocked, id=4327, stack(0x00007f29031c1000,0x00007f29032c2000)]
  0x00007f290c010800 JavaThread "Worker-2: Initialize Workspace" [_thread_blocked, id=4328, stack(0x00007f2902ec0000,0x00007f2902fc1000)]
  0x00007f2904968000 JavaThread "Java indexing" daemon [_thread_blocked, id=4329, stack(0x00007f2902dbf000,0x00007f2902ec0000)]
  0x00007f29383c0000 JavaThread "pool-2-thread-1" [_thread_blocked, id=4332, stack(0x00007f29020be000,0x00007f29021bf000)]
  0x00007f293845a800 JavaThread "pool-1-thread-1" [_thread_blocked, id=4333, stack(0x00007f2901bbd000,0x00007f2901cbe000)]
  0x00007f290c01a800 JavaThread "Worker-3" [_thread_blocked, id=4334, stack(0x00007f29018bc000,0x00007f29019bd000)]
  0x00007f291c1bd800 JavaThread "Bundle File Closer" daemon [_thread_blocked, id=4336, stack(0x00007f29013bb000,0x00007f29014bc000)]

Other Threads:
=>0x00007f2938110000 VMThread "VM Thread" [stack: 0x00007f293c24e000,0x00007f293c34e000] [id=4307]
  0x00007f293819d800 WatcherThread [stack: 0x00007f291802c000,0x00007f291812c000] [id=4316]
  0x00007f2938029000 GCTaskThread "GC Thread#0" [stack: 0x00007f293e0dd000,0x00007f293e1dd000] [id=4301]
  0x00007f2938044800 ConcurrentGCThread "G1 Main Marker" [stack: 0x00007f293c8da000,0x00007f293c9da000] [id=4302]
  0x00007f2938046800 ConcurrentGCThread "G1 Conc#0" [stack: 0x00007f293c7d8000,0x00007f293c8d8000] [id=4303]
  0x00007f293807d800 ConcurrentGCThread "G1 Refine#0" [stack: 0x00007f293c5d5000,0x00007f293c6d5000] [id=4304]
  0x00007f293807f000 ConcurrentGCThread "G1 Young RemSet Sampling" [stack: 0x00007f293c4d3000,0x00007f293c5d3000] [id=4305]
  0x00007f2938086000 ConcurrentGCThread "StrDedup" [stack: 0x00007f293c3d1000,0x00007f293c4d1000] [id=4306]

Threads with active compile tasks:
C2 CompilerThread04535 %     4       org.eclipse.jdt.internal.core.search.indexing.BinaryIndexer::extractReferenceFromConstantPool @ 15 (341 bytes)

VM state:at safepoint (normal execution)

VM Mutex/Monitor currently owned by a thread:  ([mutex/lock_event])
[0x00007f293800ee70] Threads_lock - owner thread: 0x00007f2938110000
[0x00007f293800f5c0] Heap_lock - owner thread: 0x00007f2904968000

Heap address: 0x00000000c0000000, size: 1024 MB, Compressed Oops mode: 32-bit
Narrow klass base: 0x0000000800000000, Narrow klass shift: 3
Compressed class space size: 1073741824 Address: 0x0000000840000000

Heap:
 garbage-first heap   total 342016K, used 46592K [0x00000000c0000000, 0x0000000100000000)
  region size 1024K, 1 young (1024K), 1 survivors (1024K)
 Metaspace       used 36878K, capacity 39197K, committed 39368K, reserved 1083392K
  class space    used 3874K, capacity 4730K, committed 4736K, reserved 1048576K
Heap Regions: E=young(eden), S=young(survivor), O=old, HS=humongous(starts), HC=humongous(continues), CS=collection set, F=free, A=archive, TAMS=top-at-mark-start (previous, next)
|   0|0x00000000c0000000, 0x00000000c0100000, 0x00000000c0100000|100%| O|  |TAMS 0x00000000c0100000, 0x00000000c0000000| Untracked 
|   1|0x00000000c0100000, 0x00000000c0200000, 0x00000000c0200000|100%| O|  |TAMS 0x00000000c0200000, 0x00000000c0100000| Untracked 
|   2|0x00000000c0200000, 0x00000000c0300000, 0x00000000c0300000|100%| O|  |TAMS 0x00000000c0300000, 0x00000000c0200000| Untracked 
|   3|0x00000000c0300000, 0x00000000c0400000, 0x00000000c0400000|100%| O|  |TAMS 0x00000000c0400000, 0x00000000c0300000| Untracked 
|   4|0x00000000c0400000, 0x00000000c0500000, 0x00000000c0500000|100%| O|  |TAMS 0x00000000c0500000, 0x00000000c0400000| Untracked 
|   5|0x00000000c0500000, 0x00000000c0600000, 0x00000000c0600000|100%| O|  |TAMS 0x00000000c0600000, 0x00000000c0500000| Untracked 
|   6|0x00000000c0600000, 0x00000000c0700000, 0x00000000c0700000|100%| O|  |TAMS 0x00000000c0700000, 0x00000000c0600000| Untracked 
|   7|0x00000000c0700000, 0x00000000c0800000, 0x00000000c0800000|100%| O|  |TAMS 0x00000000c0800000, 0x00000000c0700000| Untracked 
|   8|0x00000000c0800000, 0x00000000c0900000, 0x00000000c0900000|100%| O|  |TAMS 0x00000000c0900000, 0x00000000c0800000| Untracked 
|   9|0x00000000c0900000, 0x00000000c0a00000, 0x00000000c0a00000|100%| O|  |TAMS 0x00000000c0a00000, 0x00000000c0900000| Untracked 
|  10|0x00000000c0a00000, 0x00000000c0b00000, 0x00000000c0b00000|100%| O|  |TAMS 0x00000000c0b00000, 0x00000000c0a00000| Untracked 
|  11|0x00000000c0b00000, 0x00000000c0c00000, 0x00000000c0c00000|100%| O|  |TAMS 0x00000000c0c00000, 0x00000000c0b00000| Untracked 
|  12|0x00000000c0c00000, 0x00000000c0d00000, 0x00000000c0d00000|100%| O|  |TAMS 0x00000000c0d00000, 0x00000000c0c00000| Untracked 
|  13|0x00000000c0d00000, 0x00000000c0e00000, 0x00000000c0e00000|100%| O|  |TAMS 0x00000000c0e00000, 0x00000000c0d00000| Untracked 
|  14|0x00000000c0e00000, 0x00000000c0f00000, 0x00000000c0f00000|100%| O|  |TAMS 0x00000000c0f00000, 0x00000000c0e00000| Untracked 
|  15|0x00000000c0f00000, 0x00000000c1000000, 0x00000000c1000000|100%| O|  |TAMS 0x00000000c1000000, 0x00000000c0f00000| Untracked 
|  16|0x00000000c1000000, 0x00000000c1100000, 0x00000000c1100000|100%| O|  |TAMS 0x00000000c1100000, 0x00000000c1000000| Untracked 
|  17|0x00000000c1100000, 0x00000000c1200000, 0x00000000c1200000|100%| O|  |TAMS 0x00000000c1200000, 0x00000000c1100000| Untracked 
|  18|0x00000000c1200000, 0x00000000c1300000, 0x00000000c1300000|100%| O|  |TAMS 0x00000000c1300000, 0x00000000c1200000| Untracked 
|  19|0x00000000c1300000, 0x00000000c1400000, 0x00000000c1400000|100%| O|  |TAMS 0x00000000c1380000, 0x00000000c1300000| Untracked 
|  20|0x00000000c1400000, 0x00000000c1500000, 0x00000000c1500000|100%|HS|  |TAMS 0x00000000c1400000, 0x00000000c1400000| Complete 
|  21|0x00000000c1500000, 0x00000000c1600000, 0x00000000c1600000|100%| O|  |TAMS 0x00000000c1500000, 0x00000000c1500000| Untracked 
|  22|0x00000000c1600000, 0x00000000c1700000, 0x00000000c1700000|100%| O|  |TAMS 0x00000000c1600000, 0x00000000c1600000| Untracked 
|  23|0x00000000c1700000, 0x00000000c1800000, 0x00000000c1800000|100%| O|  |TAMS 0x00000000c1700000, 0x00000000c1700000| Untracked 
|  24|0x00000000c1800000, 0x00000000c1900000, 0x00000000c1900000|100%| O|  |TAMS 0x00000000c1800000, 0x00000000c1800000| Untracked 
|  25|0x00000000c1900000, 0x00000000c1a00000, 0x00000000c1a00000|100%| O|  |TAMS 0x00000000c1900000, 0x00000000c1900000| Untracked 
|  26|0x00000000c1a00000, 0x00000000c1b00000, 0x00000000c1b00000|100%| O|  |TAMS 0x00000000c1a00000, 0x00000000c1a00000| Untracked 
|  27|0x00000000c1b00000, 0x00000000c1c00000, 0x00000000c1c00000|100%| O|  |TAMS 0x00000000c1b00000, 0x00000000c1b00000| Untracked 
|  28|0x00000000c1c00000, 0x00000000c1d00000, 0x00000000c1d00000|100%| O|  |TAMS 0x00000000c1c00000, 0x00000000c1c00000| Untracked 
|  29|0x00000000c1d00000, 0x00000000c1e00000, 0x00000000c1e00000|100%| O|  |TAMS 0x00000000c1d00000, 0x00000000c1d00000| Untracked 
|  30|0x00000000c1e00000, 0x00000000c1f00000, 0x00000000c1f00000|100%| O|  |TAMS 0x00000000c1e00000, 0x00000000c1e00000| Untracked 
|  31|0x00000000c1f00000, 0x00000000c2000000, 0x00000000c2000000|100%| O|  |TAMS 0x00000000c1f00000, 0x00000000c1f00000| Untracked 
|  32|0x00000000c2000000, 0x00000000c2100000, 0x00000000c2100000|100%| O|  |TAMS 0x00000000c2000000, 0x00000000c2000000| Untracked 
|  33|0x00000000c2100000, 0x00000000c2200000, 0x00000000c2200000|100%| O|  |TAMS 0x00000000c2100000, 0x00000000c2100000| Untracked 
|  34|0x00000000c2200000, 0x00000000c2300000, 0x00000000c2300000|100%| O|  |TAMS 0x00000000c2200000, 0x00000000c2200000| Untracked 
|  35|0x00000000c2300000, 0x00000000c2400000, 0x00000000c2400000|100%| O|  |TAMS 0x00000000c2300000, 0x00000000c2300000| Untracked 
|  36|0x00000000c2400000, 0x00000000c2500000, 0x00000000c2500000|100%| O|  |TAMS 0x00000000c2400000, 0x00000000c2400000| Untracked 
|  37|0x00000000c2500000, 0x00000000c2600000, 0x00000000c2600000|100%| O|  |TAMS 0x00000000c2500000, 0x00000000c2500000| Untracked 
|  38|0x00000000c2600000, 0x00000000c2700000, 0x00000000c2700000|100%| O|  |TAMS 0x00000000c2600000, 0x00000000c2600000| Untracked 
|  39|0x00000000c2700000, 0x00000000c2800000, 0x00000000c2800000|100%| O|  |TAMS 0x00000000c2700000, 0x00000000c2700000| Untracked 
|  40|0x00000000c2800000, 0x00000000c2900000, 0x00000000c2900000|100%| O|  |TAMS 0x00000000c2800000, 0x00000000c2800000| Untracked 
|  41|0x00000000c2900000, 0x00000000c2a00000, 0x00000000c2a00000|100%| O|  |TAMS 0x00000000c2900000, 0x00000000c2900000| Untracked 
|  42|0x00000000c2a00000, 0x00000000c2b00000, 0x00000000c2b00000|100%| O|  |TAMS 0x00000000c2a00000, 0x00000000c2a00000| Untracked 
|  43|0x00000000c2b00000, 0x00000000c2c00000, 0x00000000c2c00000|100%| O|  |TAMS 0x00000000c2b00000, 0x00000000c2b00000| Untracked 
|  44|0x00000000c2c00000, 0x00000000c2c80000, 0x00000000c2d00000| 50%| O|  |TAMS 0x00000000c2c00000, 0x00000000c2c00000| Untracked 
|  45|0x00000000c2d00000, 0x00000000c2d00000, 0x00000000c2e00000|  0%| F|  |TAMS 0x00000000c2d00000, 0x00000000c2d00000| Untracked 
|  46|0x00000000c2e00000, 0x00000000c2e00000, 0x00000000c2f00000|  0%| F|  |TAMS 0x00000000c2e00000, 0x00000000c2e00000| Untracked 
|  47|0x00000000c2f00000, 0x00000000c2f00000, 0x00000000c3000000|  0%| F|  |TAMS 0x00000000c2f00000, 0x00000000c2f00000| Untracked 
|  48|0x00000000c3000000, 0x00000000c3000000, 0x00000000c3100000|  0%| F|  |TAMS 0x00000000c3000000, 0x00000000c3000000| Untracked 
|  49|0x00000000c3100000, 0x00000000c3100000, 0x00000000c3200000|  0%| F|  |TAMS 0x00000000c3100000, 0x00000000c3100000| Untracked 
|  50|0x00000000c3200000, 0x00000000c3200000, 0x00000000c3300000|  0%| F|  |TAMS 0x00000000c3200000, 0x00000000c3200000| Untracked 
|  51|0x00000000c3300000, 0x00000000c3300000, 0x00000000c3400000|  0%| F|  |TAMS 0x00000000c3300000, 0x00000000c3300000| Untracked 
|  52|0x00000000c3400000, 0x00000000c3400000, 0x00000000c3500000|  0%| F|  |TAMS 0x00000000c3400000, 0x00000000c3400000| Untracked 
|  53|0x00000000c3500000, 0x00000000c3500000, 0x00000000c3600000|  0%| F|  |TAMS 0x00000000c3500000, 0x00000000c3500000| Untracked 
|  54|0x00000000c3600000, 0x00000000c3600000, 0x00000000c3700000|  0%| F|  |TAMS 0x00000000c3600000, 0x00000000c3600000| Untracked 
|  55|0x00000000c3700000, 0x00000000c3700000, 0x00000000c3800000|  0%| F|  |TAMS 0x00000000c3700000, 0x00000000c3700000| Untracked 
|  56|0x00000000c3800000, 0x00000000c3800000, 0x00000000c3900000|  0%| F|  |TAMS 0x00000000c3800000, 0x00000000c3800000| Untracked 
|  57|0x00000000c3900000, 0x00000000c3900000, 0x00000000c3a00000|  0%| F|  |TAMS 0x00000000c3900000, 0x00000000c3900000| Untracked 
|  58|0x00000000c3a00000, 0x00000000c3a00000, 0x00000000c3b00000|  0%| F|  |TAMS 0x00000000c3a00000, 0x00000000c3a00000| Untracked 
|  59|0x00000000c3b00000, 0x00000000c3b00000, 0x00000000c3c00000|  0%| F|  |TAMS 0x00000000c3b00000, 0x00000000c3b00000| Untracked 
|  60|0x00000000c3c00000, 0x00000000c3c00000, 0x00000000c3d00000|  0%| F|  |TAMS 0x00000000c3c00000, 0x00000000c3c00000| Untracked 
|  61|0x00000000c3d00000, 0x00000000c3d00000, 0x00000000c3e00000|  0%| F|  |TAMS 0x00000000c3d00000, 0x00000000c3d00000| Untracked 
|  62|0x00000000c3e00000, 0x00000000c3e00000, 0x00000000c3f00000|  0%| F|  |TAMS 0x00000000c3e00000, 0x00000000c3e00000| Untracked 
|  63|0x00000000c3f00000, 0x00000000c3f00000, 0x00000000c4000000|  0%| F|  |TAMS 0x00000000c3f00000, 0x00000000c3f00000| Untracked 
|  64|0x00000000c4000000, 0x00000000c4000000, 0x00000000c4100000|  0%| F|  |TAMS 0x00000000c4000000, 0x00000000c4000000| Untracked 
|  65|0x00000000c4100000, 0x00000000c4100000, 0x00000000c4200000|  0%| F|  |TAMS 0x00000000c4100000, 0x00000000c4100000| Untracked 
|  66|0x00000000c4200000, 0x00000000c4200000, 0x00000000c4300000|  0%| F|  |TAMS 0x00000000c4200000, 0x00000000c4200000| Untracked 
|  67|0x00000000c4300000, 0x00000000c4300000, 0x00000000c4400000|  0%| F|  |TAMS 0x00000000c4300000, 0x00000000c4300000| Untracked 
|  68|0x00000000c4400000, 0x00000000c4400000, 0x00000000c4500000|  0%| F|  |TAMS 0x00000000c4400000, 0x00000000c4400000| Untracked 
|  69|0x00000000c4500000, 0x00000000c4500000, 0x00000000c4600000|  0%| F|  |TAMS 0x00000000c4500000, 0x00000000c4500000| Untracked 
|  70|0x00000000c4600000, 0x00000000c4600000, 0x00000000c4700000|  0%| F|  |TAMS 0x00000000c4600000, 0x00000000c4600000| Untracked 
|  71|0x00000000c4700000, 0x00000000c4700000, 0x00000000c4800000|  0%| F|  |TAMS 0x00000000c4700000, 0x00000000c4700000| Untracked 
|  72|0x00000000c4800000, 0x00000000c4800000, 0x00000000c4900000|  0%| F|  |TAMS 0x00000000c4800000, 0x00000000c4800000| Untracked 
|  73|0x00000000c4900000, 0x00000000c4900000, 0x00000000c4a00000|  0%| F|  |TAMS 0x00000000c4900000, 0x00000000c4900000| Untracked 
|  74|0x00000000c4a00000, 0x00000000c4a00000, 0x00000000c4b00000|  0%| F|  |TAMS 0x00000000c4a00000, 0x00000000c4a00000| Untracked 
|  75|0x00000000c4b00000, 0x00000000c4b00000, 0x00000000c4c00000|  0%| F|  |TAMS 0x00000000c4b00000, 0x00000000c4b00000| Untracked 
|  76|0x00000000c4c00000, 0x00000000c4c00000, 0x00000000c4d00000|  0%| F|  |TAMS 0x00000000c4c00000, 0x00000000c4c00000| Untracked 
|  77|0x00000000c4d00000, 0x00000000c4d00000, 0x00000000c4e00000|  0%| F|  |TAMS 0x00000000c4d00000, 0x00000000c4d00000| Untracked 
|  78|0x00000000c4e00000, 0x00000000c4e00000, 0x00000000c4f00000|  0%| F|  |TAMS 0x00000000c4e00000, 0x00000000c4e00000| Untracked 
|  79|0x00000000c4f00000, 0x00000000c4f00000, 0x00000000c5000000|  0%| F|  |TAMS 0x00000000c4f00000, 0x00000000c4f00000| Untracked 
|  80|0x00000000c5000000, 0x00000000c5000000, 0x00000000c5100000|  0%| F|  |TAMS 0x00000000c5000000, 0x00000000c5000000| Untracked 
|  81|0x00000000c5100000, 0x00000000c5100000, 0x00000000c5200000|  0%| F|  |TAMS 0x00000000c5100000, 0x00000000c5100000| Untracked 
|  82|0x00000000c5200000, 0x00000000c5200000, 0x00000000c5300000|  0%| F|  |TAMS 0x00000000c5200000, 0x00000000c5200000| Untracked 
|  83|0x00000000c5300000, 0x00000000c5300000, 0x00000000c5400000|  0%| F|  |TAMS 0x00000000c5300000, 0x00000000c5300000| Untracked 
|  84|0x00000000c5400000, 0x00000000c5400000, 0x00000000c5500000|  0%| F|  |TAMS 0x00000000c5400000, 0x00000000c5400000| Untracked 
|  85|0x00000000c5500000, 0x00000000c5500000, 0x00000000c5600000|  0%| F|  |TAMS 0x00000000c5500000, 0x00000000c5500000| Untracked 
|  86|0x00000000c5600000, 0x00000000c5600000, 0x00000000c5700000|  0%| F|  |TAMS 0x00000000c5600000, 0x00000000c5600000| Untracked 
|  87|0x00000000c5700000, 0x00000000c5700000, 0x00000000c5800000|  0%| F|  |TAMS 0x00000000c5700000, 0x00000000c5700000| Untracked 
|  88|0x00000000c5800000, 0x00000000c5800000, 0x00000000c5900000|  0%| F|  |TAMS 0x00000000c5800000, 0x00000000c5800000| Untracked 
|  89|0x00000000c5900000, 0x00000000c5900000, 0x00000000c5a00000|  0%| F|  |TAMS 0x00000000c5900000, 0x00000000c5900000| Untracked 
|  90|0x00000000c5a00000, 0x00000000c5a00000, 0x00000000c5b00000|  0%| F|  |TAMS 0x00000000c5a00000, 0x00000000c5a00000| Untracked 
|  91|0x00000000c5b00000, 0x00000000c5b00000, 0x00000000c5c00000|  0%| F|  |TAMS 0x00000000c5b00000, 0x00000000c5b00000| Untracked 
|  92|0x00000000c5c00000, 0x00000000c5c00000, 0x00000000c5d00000|  0%| F|  |TAMS 0x00000000c5c00000, 0x00000000c5c00000| Untracked 
|  93|0x00000000c5d00000, 0x00000000c5d00000, 0x00000000c5e00000|  0%| F|  |TAMS 0x00000000c5d00000, 0x00000000c5d00000| Untracked 
|  94|0x00000000c5e00000, 0x00000000c5e00000, 0x00000000c5f00000|  0%| F|  |TAMS 0x00000000c5e00000, 0x00000000c5e00000| Untracked 
|  95|0x00000000c5f00000, 0x00000000c5f00000, 0x00000000c6000000|  0%| F|  |TAMS 0x00000000c5f00000, 0x00000000c5f00000| Untracked 
|  96|0x00000000c6000000, 0x00000000c6000000, 0x00000000c6100000|  0%| F|  |TAMS 0x00000000c6000000, 0x00000000c6000000| Untracked 
|  97|0x00000000c6100000, 0x00000000c6100000, 0x00000000c6200000|  0%| F|  |TAMS 0x00000000c6100000, 0x00000000c6100000| Untracked 
|  98|0x00000000c6200000, 0x00000000c6200000, 0x00000000c6300000|  0%| F|  |TAMS 0x00000000c6200000, 0x00000000c6200000| Untracked 
|  99|0x00000000c6300000, 0x00000000c6300000, 0x00000000c6400000|  0%| F|  |TAMS 0x00000000c6300000, 0x00000000c6300000| Untracked 
| 100|0x00000000c6400000, 0x00000000c6400000, 0x00000000c6500000|  0%| F|  |TAMS 0x00000000c6400000, 0x00000000c6400000| Untracked 
| 101|0x00000000c6500000, 0x00000000c6500000, 0x00000000c6600000|  0%| F|  |TAMS 0x00000000c6500000, 0x00000000c6500000| Untracked 
| 102|0x00000000c6600000, 0x00000000c6600000, 0x00000000c6700000|  0%| F|  |TAMS 0x00000000c6600000, 0x00000000c6600000| Untracked 
| 103|0x00000000c6700000, 0x00000000c6700000, 0x00000000c6800000|  0%| F|  |TAMS 0x00000000c6700000, 0x00000000c6700000| Untracked 
| 104|0x00000000c6800000, 0x00000000c6800000, 0x00000000c6900000|  0%| F|  |TAMS 0x00000000c6800000, 0x00000000c6800000| Untracked 
| 105|0x00000000c6900000, 0x00000000c6900000, 0x00000000c6a00000|  0%| F|  |TAMS 0x00000000c6900000, 0x00000000c6900000| Untracked 
| 106|0x00000000c6a00000, 0x00000000c6a00000, 0x00000000c6b00000|  0%| F|  |TAMS 0x00000000c6a00000, 0x00000000c6a00000| Untracked 
| 107|0x00000000c6b00000, 0x00000000c6b00000, 0x00000000c6c00000|  0%| F|  |TAMS 0x00000000c6b00000, 0x00000000c6b00000| Untracked 
| 108|0x00000000c6c00000, 0x00000000c6c00000, 0x00000000c6d00000|  0%| F|  |TAMS 0x00000000c6c00000, 0x00000000c6c00000| Untracked 
| 109|0x00000000c6d00000, 0x00000000c6d00000, 0x00000000c6e00000|  0%| F|  |TAMS 0x00000000c6d00000, 0x00000000c6d00000| Untracked 
| 110|0x00000000c6e00000, 0x00000000c6e00000, 0x00000000c6f00000|  0%| F|  |TAMS 0x00000000c6e00000, 0x00000000c6e00000| Untracked 
| 111|0x00000000c6f00000, 0x00000000c6f00000, 0x00000000c7000000|  0%| F|  |TAMS 0x00000000c6f00000, 0x00000000c6f00000| Untracked 
| 112|0x00000000c7000000, 0x00000000c7000000, 0x00000000c7100000|  0%| F|  |TAMS 0x00000000c7000000, 0x00000000c7000000| Untracked 
| 113|0x00000000c7100000, 0x00000000c7100000, 0x00000000c7200000|  0%| F|  |TAMS 0x00000000c7100000, 0x00000000c7100000| Untracked 
| 114|0x00000000c7200000, 0x00000000c7200000, 0x00000000c7300000|  0%| F|  |TAMS 0x00000000c7200000, 0x00000000c7200000| Untracked 
| 115|0x00000000c7300000, 0x00000000c7300000, 0x00000000c7400000|  0%| F|  |TAMS 0x00000000c7300000, 0x00000000c7300000| Untracked 
| 116|0x00000000c7400000, 0x00000000c7400000, 0x00000000c7500000|  0%| F|  |TAMS 0x00000000c7400000, 0x00000000c7400000| Untracked 
| 117|0x00000000c7500000, 0x00000000c7500000, 0x00000000c7600000|  0%| F|  |TAMS 0x00000000c7500000, 0x00000000c7500000| Untracked 
| 118|0x00000000c7600000, 0x00000000c7600000, 0x00000000c7700000|  0%| F|  |TAMS 0x00000000c7600000, 0x00000000c7600000| Untracked 
| 119|0x00000000c7700000, 0x00000000c7700000, 0x00000000c7800000|  0%| F|  |TAMS 0x00000000c7700000, 0x00000000c7700000| Untracked 
| 120|0x00000000c7800000, 0x00000000c7800000, 0x00000000c7900000|  0%| F|  |TAMS 0x00000000c7800000, 0x00000000c7800000| Untracked 
| 121|0x00000000c7900000, 0x00000000c7900000, 0x00000000c7a00000|  0%| F|  |TAMS 0x00000000c7900000, 0x00000000c7900000| Untracked 
| 122|0x00000000c7a00000, 0x00000000c7a00000, 0x00000000c7b00000|  0%| F|  |TAMS 0x00000000c7a00000, 0x00000000c7a00000| Untracked 
| 123|0x00000000c7b00000, 0x00000000c7b00000, 0x00000000c7c00000|  0%| F|  |TAMS 0x00000000c7b00000, 0x00000000c7b00000| Untracked 
| 124|0x00000000c7c00000, 0x00000000c7c00000, 0x00000000c7d00000|  0%| F|  |TAMS 0x00000000c7c00000, 0x00000000c7c00000| Untracked 
| 125|0x00000000c7d00000, 0x00000000c7d00000, 0x00000000c7e00000|  0%| F|  |TAMS 0x00000000c7d00000, 0x00000000c7d00000| Untracked 
| 126|0x00000000c7e00000, 0x00000000c7e00000, 0x00000000c7f00000|  0%| F|  |TAMS 0x00000000c7e00000, 0x00000000c7e00000| Untracked 
| 127|0x00000000c7f00000, 0x00000000c7f00000, 0x00000000c8000000|  0%| F|  |TAMS 0x00000000c7f00000, 0x00000000c7f00000| Untracked 
| 128|0x00000000c8000000, 0x00000000c8000000, 0x00000000c8100000|  0%| F|  |TAMS 0x00000000c8000000, 0x00000000c8000000| Untracked 
| 129|0x00000000c8100000, 0x00000000c8100000, 0x00000000c8200000|  0%| F|  |TAMS 0x00000000c8100000, 0x00000000c8100000| Untracked 
| 130|0x00000000c8200000, 0x00000000c8200000, 0x00000000c8300000|  0%| F|  |TAMS 0x00000000c8200000, 0x00000000c8200000| Untracked 
| 131|0x00000000c8300000, 0x00000000c8300000, 0x00000000c8400000|  0%| F|  |TAMS 0x00000000c8300000, 0x00000000c8300000| Untracked 
| 132|0x00000000c8400000, 0x00000000c8400000, 0x00000000c8500000|  0%| F|  |TAMS 0x00000000c8400000, 0x00000000c8400000| Untracked 
| 133|0x00000000c8500000, 0x00000000c8500000, 0x00000000c8600000|  0%| F|  |TAMS 0x00000000c8500000, 0x00000000c8500000| Untracked 
| 134|0x00000000c8600000, 0x00000000c8600000, 0x00000000c8700000|  0%| F|  |TAMS 0x00000000c8600000, 0x00000000c8600000| Untracked 
| 135|0x00000000c8700000, 0x00000000c8700000, 0x00000000c8800000|  0%| F|  |TAMS 0x00000000c8700000, 0x00000000c8700000| Untracked 
| 136|0x00000000c8800000, 0x00000000c8800000, 0x00000000c8900000|  0%| F|  |TAMS 0x00000000c8800000, 0x00000000c8800000| Untracked 
| 137|0x00000000c8900000, 0x00000000c8900000, 0x00000000c8a00000|  0%| F|  |TAMS 0x00000000c8900000, 0x00000000c8900000| Untracked 
| 138|0x00000000c8a00000, 0x00000000c8a00000, 0x00000000c8b00000|  0%| F|  |TAMS 0x00000000c8a00000, 0x00000000c8a00000| Untracked 
| 139|0x00000000c8b00000, 0x00000000c8b00000, 0x00000000c8c00000|  0%| F|  |TAMS 0x00000000c8b00000, 0x00000000c8b00000| Untracked 
| 140|0x00000000c8c00000, 0x00000000c8c00000, 0x00000000c8d00000|  0%| F|  |TAMS 0x00000000c8c00000, 0x00000000c8c00000| Untracked 
| 141|0x00000000c8d00000, 0x00000000c8d00000, 0x00000000c8e00000|  0%| F|  |TAMS 0x00000000c8d00000, 0x00000000c8d00000| Untracked 
| 142|0x00000000c8e00000, 0x00000000c8e00000, 0x00000000c8f00000|  0%| F|  |TAMS 0x00000000c8e00000, 0x00000000c8e00000| Untracked 
| 143|0x00000000c8f00000, 0x00000000c8f00000, 0x00000000c9000000|  0%| F|  |TAMS 0x00000000c8f00000, 0x00000000c8f00000| Untracked 
| 144|0x00000000c9000000, 0x00000000c9000000, 0x00000000c9100000|  0%| F|  |TAMS 0x00000000c9000000, 0x00000000c9000000| Untracked 
| 145|0x00000000c9100000, 0x00000000c9100000, 0x00000000c9200000|  0%| F|  |TAMS 0x00000000c9100000, 0x00000000c9100000| Untracked 
| 146|0x00000000c9200000, 0x00000000c9200000, 0x00000000c9300000|  0%| F|  |TAMS 0x00000000c9200000, 0x00000000c9200000| Untracked 
| 147|0x00000000c9300000, 0x00000000c9300000, 0x00000000c9400000|  0%| F|  |TAMS 0x00000000c9300000, 0x00000000c9300000| Untracked 
| 148|0x00000000c9400000, 0x00000000c9500000, 0x00000000c9500000|100%| S|CS|TAMS 0x00000000c9400000, 0x00000000c9400000| Complete 
| 149|0x00000000c9500000, 0x00000000c9500000, 0x00000000c9600000|  0%| F|  |TAMS 0x00000000c9500000, 0x00000000c9500000| Untracked 
| 150|0x00000000c9600000, 0x00000000c9600000, 0x00000000c9700000|  0%| F|  |TAMS 0x00000000c9600000, 0x00000000c9600000| Untracked 
| 151|0x00000000c9700000, 0x00000000c9700000, 0x00000000c9800000|  0%| F|  |TAMS 0x00000000c9700000, 0x00000000c9700000| Untracked 
| 152|0x00000000c9800000, 0x00000000c9800000, 0x00000000c9900000|  0%| F|  |TAMS 0x00000000c9800000, 0x00000000c9800000| Untracked 
| 153|0x00000000c9900000, 0x00000000c9900000, 0x00000000c9a00000|  0%| F|  |TAMS 0x00000000c9900000, 0x00000000c9900000| Untracked 

Card table byte_map: [0x00007f293dbda000,0x00007f293ddda000] _byte_map_base: 0x00007f293d5da000

Marking Bits (Prev, Next): (CMBitMap*) 0x00007f293803fa50, (CMBitMap*) 0x00007f293803fa18
 Prev Bits: [0x00007f291b000000, 0x00007f291c000000)
 Next Bits: [0x00007f293c9da000, 0x00007f293d9da000)

Polling page: 0x00007f2942200000

Metaspace:

Usage:
  Non-class:     33.66 MB capacity,    32.23 MB ( 96%) used,     1.36 MB (  4%) free+waste,    75.00 KB ( <1%) overhead. 
      Class:      4.62 MB capacity,     3.78 MB ( 82%) used,   817.70 KB ( 17%) free+waste,    37.56 KB ( <1%) overhead. 
       Both:     38.28 MB capacity,    36.01 MB ( 94%) used,     2.15 MB (  6%) free+waste,   112.56 KB ( <1%) overhead. 

Virtual space:
  Non-class space:       34.00 MB reserved,      33.82 MB (>99%) committed 
      Class space:        1.00 GB reserved,       4.62 MB ( <1%) committed 
             Both:        1.03 GB reserved,      38.45 MB (  4%) committed 

Chunk freelists:
   Non-Class:  53.00 KB
       Class:  6.00 KB
        Both:  59.00 KB

CodeHeap 'non-profiled nmethods': size=120036Kb used=1309Kb max_used=1309Kb free=118726Kb
 bounds [0x00007f292841d000, 0x00007f292868d000, 0x00007f292f956000]
CodeHeap 'profiled nmethods': size=120032Kb used=9254Kb max_used=9254Kb free=110777Kb
 bounds [0x00007f2920ee5000, 0x00007f2921805000, 0x00007f292841d000]
CodeHeap 'non-nmethods': size=5692Kb used=1224Kb max_used=1260Kb free=4467Kb
 bounds [0x00007f2920956000, 0x00007f2920bc6000, 0x00007f2920ee5000]
 total_blobs=5878 nmethods=4135 adapters=503
 compilation: enabled
              stopped_count=0, restarted_count=0
 full_count=0

Compilation events (10 events):
Event: 23.578 Thread 0x00007f2938127000 4684       2       org.codehaus.plexus.util.xml.pull.MXParser::defineEntityReplacementText (198 bytes)
Event: 23.583 Thread 0x00007f2938127000 nmethod 4684 0x00007f29217f3590 code [0x00007f29217f3840, 0x00007f29217f46c8]
Event: 23.583 Thread 0x00007f2938127000 4685       2       org.codehaus.plexus.util.xml.pull.MXParser::ensureEntityCapacity (199 bytes)
Event: 23.588 Thread 0x00007f2938127000 nmethod 4685 0x00007f29217f4f10 code [0x00007f29217f5140, 0x00007f29217f5be8]
Event: 23.588 Thread 0x00007f2938127000 4687       2       org.codehaus.plexus.util.xml.pull.MXParser::isWhitespace (116 bytes)
Event: 23.594 Thread 0x00007f2938127000 nmethod 4687 0x00007f29217f5e10 code [0x00007f29217f6000, 0x00007f29217f6488]
Event: 23.606 Thread 0x00007f2938127000 4688   !   2       org.eclipse.osgi.storage.bundlefile.MRUBundleFileList::add (273 bytes)
Event: 23.607 Thread 0x00007f2938127000 nmethod 4688 0x00007f29217f6690 code [0x00007f29217f6940, 0x00007f29217f7618]
Event: 23.607 Thread 0x00007f2938127000 4689       2       org.codehaus.plexus.util.xml.pull.MXParser::getAttributeCount (15 bytes)
Event: 23.623 Thread 0x00007f2938127000 nmethod 4689 0x00007f29217f7f90 code [0x00007f29217f8140, 0x00007f29217f82d0]

GC Heap History (10 events):
Event: 18.842 GC heap after
{Heap after GC invocations=14 (full 0):
 garbage-first heap   total 109568K, used 24064K [0x00000000c0000000, 0x0000000100000000)
  region size 1024K, 4 young (4096K), 4 survivors (4096K)
 Metaspace       used 34955K, capacity 37215K, committed 37448K, reserved 1083392K
  class space    used 3704K, capacity 4580K, committed 4608K, reserved 1048576K
}
Event: 19.565 GC heap before
{Heap before GC invocations=15 (full 0):
 garbage-first heap   total 109568K, used 73216K [0x00000000c0000000, 0x0000000100000000)
  region size 1024K, 51 young (52224K), 4 survivors (4096K)
 Metaspace       used 35101K, capacity 37407K, committed 37704K, reserved 1083392K
  class space    used 3712K, capacity 4580K, committed 4608K, reserved 1048576K
}
Event: 19.626 GC heap after
{Heap after GC invocations=16 (full 0):
 garbage-first heap   total 157696K, used 29184K [0x00000000c0000000, 0x0000000100000000)
  region size 1024K, 5 young (5120K), 5 survivors (5120K)
 Metaspace       used 35101K, capacity 37407K, committed 37704K, reserved 1083392K
  class space    used 3712K, capacity 4580K, committed 4608K, reserved 1048576K
}
Event: 20.380 GC heap before
{Heap before GC invocations=16 (full 0):
 garbage-first heap   total 157696K, used 92672K [0x00000000c0000000, 0x0000000100000000)
  region size 1024K, 68 young (69632K), 5 survivors (5120K)
 Metaspace       used 35323K, capacity 37535K, committed 37704K, reserved 1083392K
  class space    used 3723K, capacity 4580K, committed 4608K, reserved 1048576K
}
Event: 20.494 GC heap after
{Heap after GC invocations=17 (full 0):
 garbage-first heap   total 157696K, used 34816K [0x00000000c0000000, 0x0000000100000000)
  region size 1024K, 9 young (9216K), 9 survivors (9216K)
 Metaspace       used 35323K, capacity 37535K, committed 37704K, reserved 1083392K
  class space    used 3723K, capacity 4580K, committed 4608K, reserved 1048576K
}
Event: 22.293 GC heap before
{Heap before GC invocations=17 (full 0):
 garbage-first heap   total 157696K, used 112640K [0x00000000c0000000, 0x0000000100000000)
  region size 1024K, 86 young (88064K), 9 survivors (9216K)
 Metaspace       used 36561K, capacity 38823K, committed 39112K, reserved 1083392K
  class space    used 3842K, capacity 4689K, committed 4736K, reserved 1048576K
}
Event: 22.610 GC heap after
{Heap after GC invocations=18 (full 0):
 garbage-first heap   total 157696K, used 43845K [0x00000000c0000000, 0x0000000100000000)
  region size 1024K, 11 young (11264K), 11 survivors (11264K)
 Metaspace       used 36561K, capacity 38823K, committed 39112K, reserved 1083392K
  class space    used 3842K, capacity 4689K, committed 4736K, reserved 1048576K
}
Event: 22.924 GC heap before
{Heap before GC invocations=18 (full 0):
 garbage-first heap   total 157696K, used 54085K [0x00000000c0000000, 0x0000000100000000)
  region size 1024K, 21 young (21504K), 11 survivors (11264K)
 Metaspace       used 36762K, capacity 39069K, committed 39368K, reserved 1083392K
  class space    used 3864K, capacity 4730K, committed 4736K, reserved 1048576K
}
Event: 23.499 GC heap after
{Heap after GC invocations=19 (full 0):
 garbage-first heap   total 157696K, used 45568K [0x00000000c0000000, 0x0000000100000000)
  region size 1024K, 2 young (2048K), 2 survivors (2048K)
 Metaspace       used 36762K, capacity 39069K, committed 39368K, reserved 1083392K
  class space    used 3864K, capacity 4730K, committed 4736K, reserved 1048576K
}
Event: 23.661 GC heap before
{Heap before GC invocations=19 (full 0):
 garbage-first heap   total 157696K, used 50688K [0x00000000c0000000, 0x0000000100000000)
  region size 1024K, 7 young (7168K), 2 survivors (2048K)
 Metaspace       used 36878K, capacity 39197K, committed 39368K, reserved 1083392K
  class space    used 3874K, capacity 4730K, committed 4736K, reserved 1048576K
}

Deoptimization events (10 events):
Event: 21.976 Thread 0x00007f2904968000 DEOPT PACKING pc=0x00007f292164dd8f sp=0x00007f2902ebe2c0
Event: 21.976 Thread 0x00007f2904968000 DEOPT UNPACKING pc=0x00007f292097e7ba sp=0x00007f2902ebd778 mode 0
Event: 22.666 Thread 0x00007f2904968000 DEOPT PACKING pc=0x00007f292171fcca sp=0x00007f2902ebdcb0
Event: 22.666 Thread 0x00007f2904968000 DEOPT UNPACKING pc=0x00007f292097e7ba sp=0x00007f2902ebd148 mode 0
Event: 22.667 Thread 0x00007f2904968000 DEOPT PACKING pc=0x00007f2921720b84 sp=0x00007f2902ebdc00
Event: 22.667 Thread 0x00007f2904968000 DEOPT UNPACKING pc=0x00007f292097e7ba sp=0x00007f2902ebd128 mode 0
Event: 22.902 Thread 0x00007f290c010800 Uncommon trap: trap_request=0xffffff4d fr.pc=0x00007f29284fde30 relative=0x0000000000000270
Event: 22.902 Thread 0x00007f290c010800 Uncommon trap: reason=unstable_if action=reinterpret pc=0x00007f29284fde30 method=org.codehaus.plexus.util.xml.pull.MXParser.isS(C)Z @ 21 c2
Event: 22.902 Thread 0x00007f290c010800 DEOPT PACKING pc=0x00007f29284fde30 sp=0x00007f2902fbe400
Event: 22.902 Thread 0x00007f290c010800 DEOPT UNPACKING pc=0x00007f292097e9a5 sp=0x00007f2902fbe340 mode 2

Classes redefined (0 events):
No events

Internal exceptions (10 events):
Event: 20.227 Thread 0x00007f2904968000 Implicit null exception at 0x00007f2928553f5f to 0x00007f292855407e
Event: 21.655 Thread 0x00007f290c010800 Exception <a 'java/lang/NoSuchMethodError'{0x00000000c68fae58}: 'java.lang.Object java.lang.invoke.Invokers$Holder.linkToTargetMethod(java.lang.Object, java.lang.Object, java.lang.Object, java.lang.Object, java.lang.Object, java.lang.Object)'> (0x00000000
Event: 21.697 Thread 0x00007f290c010800 Exception <a 'sun/nio/fs/UnixException'{0x00000000c63cb600}> (0x00000000c63cb600) thrown at [/build/openjdk-lts-7bqZff/openjdk-lts-11.0.4+11/src/hotspot/share/prims/jni.cpp, line 615]
Event: 21.714 Thread 0x00007f290c010800 Exception <a 'sun/nio/fs/UnixException'{0x00000000c63d7978}> (0x00000000c63d7978) thrown at [/build/openjdk-lts-7bqZff/openjdk-lts-11.0.4+11/src/hotspot/share/prims/jni.cpp, line 615]
Event: 21.951 Thread 0x00007f290c010800 Exception <a 'java/lang/NoSuchMethodError'{0x00000000c5178e40}: 'int java.lang.invoke.DirectMethodHandle$Holder.invokeInterface(java.lang.Object, java.lang.Object)'> (0x00000000c5178e40) thrown at [/build/openjdk-lts-7bqZff/openjdk-lts-11.0.4+11/src/hotsp
Event: 22.705 Thread 0x00007f290c010800 Exception <a 'java/lang/NoSuchMethodError'{0x00000000c96ab390}: 'java.lang.Object java.lang.invoke.DirectMethodHandle$Holder.invokeSpecial(java.lang.Object, java.lang.Object, java.lang.Object, java.lang.Object, java.lang.Object, java.lang.Object, java.lan
Event: 22.706 Thread 0x00007f290c010800 Exception <a 'java/lang/NoSuchMethodError'{0x00000000c96b6f98}: 'java.lang.Object java.lang.invoke.DirectMethodHandle$Holder.invokeSpecial(java.lang.Object, java.lang.Object, java.lang.Object, java.lang.Object, java.lang.Object, java.lang.Object, java.lan
Event: 22.706 Thread 0x00007f290c010800 Exception <a 'java/lang/NoSuchMethodError'{0x00000000c96baee8}: 'java.lang.Object java.lang.invoke.Invokers$Holder.linkToTargetMethod(java.lang.Object, java.lang.Object, java.lang.Object, java.lang.Object, java.lang.Object, java.lang.Object, java.lang.Obj
Event: 22.763 Thread 0x00007f290c010800 Exception <a 'java/lang/NoSuchMethodError'{0x00000000c96e8ce0}: 'java.lang.Object java.lang.invoke.DirectMethodHandle$Holder.invokeSpecial(java.lang.Object, java.lang.Object, java.lang.Object, java.lang.Object, java.lang.Object, int)'> (0x00000000c96e8ce0
Event: 22.763 Thread 0x00007f290c010800 Exception <a 'java/lang/NoSuchMethodError'{0x00000000c96ec330}: 'java.lang.Object java.lang.invoke.Invokers$Holder.linkToTargetMethod(java.lang.Object, java.lang.Object, java.lang.Object, int, java.lang.Object)'> (0x00000000c96ec330) thrown at [/build/ope

Events (10 events):
Event: 22.762 loading class org/eclipse/m2e/core/internal/embedder/MavenImpl
Event: 22.762 loading class org/eclipse/m2e/core/internal/embedder/MavenImpl done
Event: 22.924 Executing VM operation: G1CollectForAllocation
Event: 23.499 Executing VM operation: G1CollectForAllocation done
Event: 23.536 Thread 0x00007f291c1bd800 Thread added: 0x00007f291c1bd800
Event: 23.544 Executing VM operation: RevokeBias
Event: 23.552 Executing VM operation: RevokeBias done
Event: 23.594 Executing VM operation: RevokeBias
Event: 23.594 Executing VM operation: RevokeBias done
Event: 23.661 Executing VM operation: G1CollectForAllocation


Dynamic libraries:
c0000000-c9a00000 rw-p 00000000 00:00 0 
d4e00000-100000000 ---p 00000000 00:00 0 
800000000-800002000 rwxp 00001000 08:01 528999                           /usr/lib/jvm/java-11-openjdk-amd64/lib/server/classes.jsa
800002000-8003bd000 rw-p 00003000 08:01 528999                           /usr/lib/jvm/java-11-openjdk-amd64/lib/server/classes.jsa
8003bd000-800a8a000 r--p 003be000 08:01 528999                           /usr/lib/jvm/java-11-openjdk-amd64/lib/server/classes.jsa
800a8a000-800a8b000 rw-p 00a8b000 08:01 528999                           /usr/lib/jvm/java-11-openjdk-amd64/lib/server/classes.jsa
800a8b000-80109d000 r--p 00a8c000 08:01 528999                           /usr/lib/jvm/java-11-openjdk-amd64/lib/server/classes.jsa
840000000-8404a0000 rw-p 00000000 00:00 0 
8404a0000-880000000 ---p 00000000 00:00 0 
55588caff000-55588cb00000 r-xp 00000000 08:01 657486                     /usr/lib/jvm/java-11-openjdk-amd64/bin/java
55588cd00000-55588cd01000 r--p 00001000 08:01 657486                     /usr/lib/jvm/java-11-openjdk-amd64/bin/java
55588cd01000-55588cd02000 rw-p 00002000 08:01 657486                     /usr/lib/jvm/java-11-openjdk-amd64/bin/java
55588debe000-55588dedf000 rw-p 00000000 00:00 0                          [heap]
7f28f3956000-7f28fc000000 r--s 00000000 08:01 528883                     /usr/lib/jvm/java-11-openjdk-amd64/lib/modules
7f28fc000000-7f28fc1a3000 rw-p 00000000 00:00 0 
7f28fc1a3000-7f2900000000 ---p 00000000 00:00 0 
7f29013bb000-7f29013bf000 ---p 00000000 00:00 0 
7f29013bf000-7f29016bc000 rw-p 00000000 00:00 0 
7f29016bc000-7f29018a2000 rw-p 00000000 00:00 0 
7f29018a2000-7f29018bc000 ---p 00000000 00:00 0 
7f29018bc000-7f29018c0000 ---p 00000000 00:00 0 
7f29018c0000-7f2901bbd000 rw-p 00000000 00:00 0 
7f2901bbd000-7f2901bc1000 ---p 00000000 00:00 0 
7f2901bc1000-7f2901ebe000 rw-p 00000000 00:00 0 
7f2901ebe000-7f29020be000 rw-p 00000000 00:00 0 
7f29020be000-7f29020c2000 ---p 00000000 00:00 0 
7f29020c2000-7f29023bf000 rw-p 00000000 00:00 0 
7f29023bf000-7f29025bf000 rw-p 00000000 00:00 0 
7f29025bf000-7f29027ab000 rw-p 00000000 00:00 0 
7f29027ab000-7f29027bf000 ---p 00000000 00:00 0 
7f29027bf000-7f29029bf000 rw-p 00000000 00:00 0 
7f29029bf000-7f2902bbf000 rw-p 00000000 00:00 0 
7f2902bbf000-7f2902dbf000 rw-p 00000000 00:00 0 
7f2902dbf000-7f2902dc3000 ---p 00000000 00:00 0 
7f2902dc3000-7f2902ec0000 rw-p 00000000 00:00 0 
7f2902ec0000-7f2902ec4000 ---p 00000000 00:00 0 
7f2902ec4000-7f29031c1000 rw-p 00000000 00:00 0 
7f29031c1000-7f29031c5000 ---p 00000000 00:00 0 
7f29031c5000-7f29032c2000 rw-p 00000000 00:00 0 
7f29032c2000-7f29032c6000 ---p 00000000 00:00 0 
7f29032c6000-7f29033c3000 rw-p 00000000 00:00 0 
7f29033c3000-7f29033c7000 ---p 00000000 00:00 0 
7f29033c7000-7f29036c4000 rw-p 00000000 00:00 0 
7f29036c4000-7f29036d4000 r-xp 00000000 08:01 531016                     /home/jackson/.vscode/extensions/redhat.java-0.54.2/server/config_linux/org.eclipse.equinox.launcher/org.eclipse.equinox.launcher.gtk.linux.x86_64_1.1.1100.v20190907-0426/eclipse_1801.so
7f29036d4000-7f29038d3000 ---p 00010000 08:01 531016                     /home/jackson/.vscode/extensions/redhat.java-0.54.2/server/config_linux/org.eclipse.equinox.launcher/org.eclipse.equinox.launcher.gtk.linux.x86_64_1.1.1100.v20190907-0426/eclipse_1801.so
7f29038d3000-7f29038d4000 r--p 0000f000 08:01 531016                     /home/jackson/.vscode/extensions/redhat.java-0.54.2/server/config_linux/org.eclipse.equinox.launcher/org.eclipse.equinox.launcher.gtk.linux.x86_64_1.1.1100.v20190907-0426/eclipse_1801.so
7f29038d4000-7f29038d5000 rw-p 00010000 08:01 531016                     /home/jackson/.vscode/extensions/redhat.java-0.54.2/server/config_linux/org.eclipse.equinox.launcher/org.eclipse.equinox.launcher.gtk.linux.x86_64_1.1.1100.v20190907-0426/eclipse_1801.so
7f29038d5000-7f29038d9000 ---p 00000000 00:00 0 
7f29038d9000-7f29039d6000 rw-p 00000000 00:00 0 
7f29039d6000-7f29039da000 ---p 00000000 00:00 0 
7f29039da000-7f2903ad7000 rw-p 00000000 00:00 0 
7f2903ad7000-7f2903adb000 ---p 00000000 00:00 0 
7f2903adb000-7f2903bd8000 rw-p 00000000 00:00 0 
7f2903bd8000-7f2903bee000 r-xp 00000000 08:01 528873                     /usr/lib/jvm/java-11-openjdk-amd64/lib/libnet.so
7f2903bee000-7f2903ded000 ---p 00016000 08:01 528873                     /usr/lib/jvm/java-11-openjdk-amd64/lib/libnet.so
7f2903ded000-7f2903dee000 r--p 00015000 08:01 528873                     /usr/lib/jvm/java-11-openjdk-amd64/lib/libnet.so
7f2903dee000-7f2903def000 rw-p 00016000 08:01 528873                     /usr/lib/jvm/java-11-openjdk-amd64/lib/libnet.so
7f2903def000-7f2903dff000 r-xp 00000000 08:01 528874                     /usr/lib/jvm/java-11-openjdk-amd64/lib/libnio.so
7f2903dff000-7f2903ffe000 ---p 00010000 08:01 528874                     /usr/lib/jvm/java-11-openjdk-amd64/lib/libnio.so
7f2903ffe000-7f2903fff000 r--p 0000f000 08:01 528874                     /usr/lib/jvm/java-11-openjdk-amd64/lib/libnio.so
7f2903fff000-7f2904000000 rw-p 00010000 08:01 528874                     /usr/lib/jvm/java-11-openjdk-amd64/lib/libnio.so
7f2904000000-7f2905e5a000 rw-p 00000000 00:00 0 
7f2905e5a000-7f2908000000 ---p 00000000 00:00 0 
7f2908000000-7f29082ad000 rw-p 00000000 00:00 0 
7f29082ad000-7f290c000000 ---p 00000000 00:00 0 
7f290c000000-7f290c030000 rw-p 00000000 00:00 0 
7f290c030000-7f2910000000 ---p 00000000 00:00 0 
7f2910000000-7f29109bc000 rw-p 00000000 00:00 0 
7f29109bc000-7f2914000000 ---p 00000000 00:00 0 
7f2914000000-7f291408a000 rw-p 00000000 00:00 0 
7f291408a000-7f2918000000 ---p 00000000 00:00 0 
7f291802a000-7f291802b000 ---p 00000000 00:00 0 
7f291802b000-7f291812c000 rw-p 00000000 00:00 0 
7f291812c000-7f2918130000 ---p 00000000 00:00 0 
7f2918130000-7f291822d000 rw-p 00000000 00:00 0 
7f291822d000-7f2918231000 ---p 00000000 00:00 0 
7f2918231000-7f291832e000 rw-p 00000000 00:00 0 
7f291832e000-7f2918332000 ---p 00000000 00:00 0 
7f2918332000-7f291842f000 rw-p 00000000 00:00 0 
7f291842f000-7f2918433000 ---p 00000000 00:00 0 
7f2918433000-7f2918530000 rw-p 00000000 00:00 0 
7f2918530000-7f2918534000 ---p 00000000 00:00 0 
7f2918534000-7f2918631000 rw-p 00000000 00:00 0 
7f2918631000-7f2919000000 r--p 00000000 08:01 662135                     /usr/lib/locale/locale-archive
7f2919000000-7f291b268000 rw-p 00000000 00:00 0 
7f291b268000-7f291c000000 ---p 00000000 00:00 0 
7f291c000000-7f291c21b000 rw-p 00000000 00:00 0 
7f291c21b000-7f2920000000 ---p 00000000 00:00 0 
7f2920055000-7f2920059000 ---p 00000000 00:00 0 
7f2920059000-7f2920956000 rw-p 00000000 00:00 0 
7f2920956000-7f2920bc6000 rwxp 00000000 00:00 0 
7f2920bc6000-7f2920ee5000 ---p 00000000 00:00 0 
7f2920ee5000-7f2921805000 rwxp 00000000 00:00 0 
7f2921805000-7f292841d000 ---p 00000000 00:00 0 
7f292841d000-7f292868d000 rwxp 00000000 00:00 0 
7f292868d000-7f292f956000 ---p 00000000 00:00 0 
7f292f956000-7f2938000000 r--s 00000000 08:01 528883                     /usr/lib/jvm/java-11-openjdk-amd64/lib/modules
7f2938000000-7f29384ab000 rw-p 00000000 00:00 0 
7f29384ab000-7f293c000000 ---p 00000000 00:00 0 
7f293c04a000-7f293c04e000 ---p 00000000 00:00 0 
7f293c04e000-7f293c14b000 rw-p 00000000 00:00 0 
7f293c14b000-7f293c14f000 ---p 00000000 00:00 0 
7f293c14f000-7f293c24c000 rw-p 00000000 00:00 0 
7f293c24c000-7f293c24d000 ---p 00000000 00:00 0 
7f293c24d000-7f293c3cf000 rw-p 00000000 00:00 0 
7f293c3cf000-7f293c3d0000 ---p 00000000 00:00 0 
7f293c3d0000-7f293c4d1000 rw-p 00000000 00:00 0 
7f293c4d1000-7f293c4d2000 ---p 00000000 00:00 0 
7f293c4d2000-7f293c5d3000 rw-p 00000000 00:00 0 
7f293c5d3000-7f293c5d4000 ---p 00000000 00:00 0 
7f293c5d4000-7f293c7d6000 rw-p 00000000 00:00 0 
7f293c7d6000-7f293c7d7000 ---p 00000000 00:00 0 
7f293c7d7000-7f293c8d8000 rw-p 00000000 00:00 0 
7f293c8d8000-7f293c8d9000 ---p 00000000 00:00 0 
7f293c8d9000-7f293cc42000 rw-p 00000000 00:00 0 
7f293cc42000-7f293d9da000 ---p 00000000 00:00 0 
7f293d9da000-7f293da27000 rw-p 00000000 00:00 0 
7f293da27000-7f293dbda000 ---p 00000000 00:00 0 
7f293dbda000-7f293dc27000 rw-p 00000000 00:00 0 
7f293dc27000-7f293ddda000 ---p 00000000 00:00 0 
7f293ddda000-7f293de27000 rw-p 00000000 00:00 0 
7f293de27000-7f293dfda000 ---p 00000000 00:00 0 
7f293dfda000-7f293e0db000 rw-p 00000000 00:00 0 
7f293e0db000-7f293e0dc000 ---p 00000000 00:00 0 
7f293e0dc000-7f293e1e2000 rw-p 00000000 00:00 0 
7f293e1e2000-7f293e2c8000 ---p 00000000 00:00 0 
7f293e2c8000-7f293e2db000 rw-p 00000000 00:00 0 
7f293e2db000-7f293e3b3000 ---p 00000000 00:00 0 
7f293e3b3000-7f293e3b8000 r-xp 00000000 08:01 528865                     /usr/lib/jvm/java-11-openjdk-amd64/lib/libjimage.so
7f293e3b8000-7f293e5b7000 ---p 00005000 08:01 528865                     /usr/lib/jvm/java-11-openjdk-amd64/lib/libjimage.so
7f293e5b7000-7f293e5b8000 r--p 00004000 08:01 528865                     /usr/lib/jvm/java-11-openjdk-amd64/lib/libjimage.so
7f293e5b8000-7f293e5b9000 rw-p 00005000 08:01 528865                     /usr/lib/jvm/java-11-openjdk-amd64/lib/libjimage.so
7f293e5b9000-7f293e5c0000 r-xp 00000000 08:01 528882                     /usr/lib/jvm/java-11-openjdk-amd64/lib/libzip.so
7f293e5c0000-7f293e7bf000 ---p 00007000 08:01 528882                     /usr/lib/jvm/java-11-openjdk-amd64/lib/libzip.so
7f293e7bf000-7f293e7c0000 r--p 00006000 08:01 528882                     /usr/lib/jvm/java-11-openjdk-amd64/lib/libzip.so
7f293e7c0000-7f293e7c1000 rw-p 00007000 08:01 528882                     /usr/lib/jvm/java-11-openjdk-amd64/lib/libzip.so
7f293e7c1000-7f293e7cc000 r-xp 00000000 08:01 1186092                    /lib/x86_64-linux-gnu/libnss_files-2.27.so
7f293e7cc000-7f293e9cb000 ---p 0000b000 08:01 1186092                    /lib/x86_64-linux-gnu/libnss_files-2.27.so
7f293e9cb000-7f293e9cc000 r--p 0000a000 08:01 1186092                    /lib/x86_64-linux-gnu/libnss_files-2.27.so
7f293e9cc000-7f293e9cd000 rw-p 0000b000 08:01 1186092                    /lib/x86_64-linux-gnu/libnss_files-2.27.so
7f293e9cd000-7f293e9d3000 rw-p 00000000 00:00 0 
7f293e9d3000-7f293e9ea000 r-xp 00000000 08:01 1186086                    /lib/x86_64-linux-gnu/libnsl-2.27.so
7f293e9ea000-7f293ebe9000 ---p 00017000 08:01 1186086                    /lib/x86_64-linux-gnu/libnsl-2.27.so
7f293ebe9000-7f293ebea000 r--p 00016000 08:01 1186086                    /lib/x86_64-linux-gnu/libnsl-2.27.so
7f293ebea000-7f293ebeb000 rw-p 00017000 08:01 1186086                    /lib/x86_64-linux-gnu/libnsl-2.27.so
7f293ebeb000-7f293ebed000 rw-p 00000000 00:00 0 
7f293ebed000-7f293ebf8000 r-xp 00000000 08:01 1186103                    /lib/x86_64-linux-gnu/libnss_nis-2.27.so
7f293ebf8000-7f293edf7000 ---p 0000b000 08:01 1186103                    /lib/x86_64-linux-gnu/libnss_nis-2.27.so
7f293edf7000-7f293edf8000 r--p 0000a000 08:01 1186103                    /lib/x86_64-linux-gnu/libnss_nis-2.27.so
7f293edf8000-7f293edf9000 rw-p 0000b000 08:01 1186103                    /lib/x86_64-linux-gnu/libnss_nis-2.27.so
7f293edf9000-7f293ee01000 r-xp 00000000 08:01 1186088                    /lib/x86_64-linux-gnu/libnss_compat-2.27.so
7f293ee01000-7f293f001000 ---p 00008000 08:01 1186088                    /lib/x86_64-linux-gnu/libnss_compat-2.27.so
7f293f001000-7f293f002000 r--p 00008000 08:01 1186088                    /lib/x86_64-linux-gnu/libnss_compat-2.27.so
7f293f002000-7f293f003000 rw-p 00009000 08:01 1186088                    /lib/x86_64-linux-gnu/libnss_compat-2.27.so
7f293f003000-7f293f02c000 r-xp 00000000 08:01 528861                     /usr/lib/jvm/java-11-openjdk-amd64/lib/libjava.so
7f293f02c000-7f293f22b000 ---p 00029000 08:01 528861                     /usr/lib/jvm/java-11-openjdk-amd64/lib/libjava.so
7f293f22b000-7f293f22c000 r--p 00028000 08:01 528861                     /usr/lib/jvm/java-11-openjdk-amd64/lib/libjava.so
7f293f22c000-7f293f22e000 rw-p 00029000 08:01 528861                     /usr/lib/jvm/java-11-openjdk-amd64/lib/libjava.so
7f293f22e000-7f293f23b000 r-xp 00000000 08:01 528881                     /usr/lib/jvm/java-11-openjdk-amd64/lib/libverify.so
7f293f23b000-7f293f43a000 ---p 0000d000 08:01 528881                     /usr/lib/jvm/java-11-openjdk-amd64/lib/libverify.so
7f293f43a000-7f293f43c000 r--p 0000c000 08:01 528881                     /usr/lib/jvm/java-11-openjdk-amd64/lib/libverify.so
7f293f43c000-7f293f43d000 rw-p 0000e000 08:01 528881                     /usr/lib/jvm/java-11-openjdk-amd64/lib/libverify.so
7f293f43d000-7f293f444000 r-xp 00000000 08:01 1186143                    /lib/x86_64-linux-gnu/librt-2.27.so
7f293f444000-7f293f643000 ---p 00007000 08:01 1186143                    /lib/x86_64-linux-gnu/librt-2.27.so
7f293f643000-7f293f644000 r--p 00006000 08:01 1186143                    /lib/x86_64-linux-gnu/librt-2.27.so
7f293f644000-7f293f645000 rw-p 00007000 08:01 1186143                    /lib/x86_64-linux-gnu/librt-2.27.so
7f293f645000-7f293f65c000 r-xp 00000000 08:01 1186039                    /lib/x86_64-linux-gnu/libgcc_s.so.1
7f293f65c000-7f293f85b000 ---p 00017000 08:01 1186039                    /lib/x86_64-linux-gnu/libgcc_s.so.1
7f293f85b000-7f293f85c000 r--p 00016000 08:01 1186039                    /lib/x86_64-linux-gnu/libgcc_s.so.1
7f293f85c000-7f293f85d000 rw-p 00017000 08:01 1186039                    /lib/x86_64-linux-gnu/libgcc_s.so.1
7f293f85d000-7f293f9fa000 r-xp 00000000 08:01 1186065                    /lib/x86_64-linux-gnu/libm-2.27.so
7f293f9fa000-7f293fbf9000 ---p 0019d000 08:01 1186065                    /lib/x86_64-linux-gnu/libm-2.27.so
7f293fbf9000-7f293fbfa000 r--p 0019c000 08:01 1186065                    /lib/x86_64-linux-gnu/libm-2.27.so
7f293fbfa000-7f293fbfb000 rw-p 0019d000 08:01 1186065                    /lib/x86_64-linux-gnu/libm-2.27.so
7f293fbfb000-7f293fd74000 r-xp 00000000 08:01 667166                     /usr/lib/x86_64-linux-gnu/libstdc++.so.6.0.25
7f293fd74000-7f293ff74000 ---p 00179000 08:01 667166                     /usr/lib/x86_64-linux-gnu/libstdc++.so.6.0.25
7f293ff74000-7f293ff7e000 r--p 00179000 08:01 667166                     /usr/lib/x86_64-linux-gnu/libstdc++.so.6.0.25
7f293ff7e000-7f293ff80000 rw-p 00183000 08:01 667166                     /usr/lib/x86_64-linux-gnu/libstdc++.so.6.0.25
7f293ff80000-7f293ff84000 rw-p 00000000 00:00 0 
7f293ff84000-7f2941050000 r-xp 00000000 08:01 528888                     /usr/lib/jvm/java-11-openjdk-amd64/lib/server/libjvm.so
7f2941050000-7f294124f000 ---p 010cc000 08:01 528888                     /usr/lib/jvm/java-11-openjdk-amd64/lib/server/libjvm.so
7f294124f000-7f294130c000 r--p 010cb000 08:01 528888                     /usr/lib/jvm/java-11-openjdk-amd64/lib/server/libjvm.so
7f294130c000-7f2941345000 rw-p 01188000 08:01 528888                     /usr/lib/jvm/java-11-openjdk-amd64/lib/server/libjvm.so
7f2941345000-7f294139b000 rw-p 00000000 00:00 0 
7f294139b000-7f29413b5000 r-xp 00000000 08:01 1186135                    /lib/x86_64-linux-gnu/libpthread-2.27.so
7f29413b5000-7f29415b4000 ---p 0001a000 08:01 1186135                    /lib/x86_64-linux-gnu/libpthread-2.27.so
7f29415b4000-7f29415b5000 r--p 00019000 08:01 1186135                    /lib/x86_64-linux-gnu/libpthread-2.27.so
7f29415b5000-7f29415b6000 rw-p 0001a000 08:01 1186135                    /lib/x86_64-linux-gnu/libpthread-2.27.so
7f29415b6000-7f29415ba000 rw-p 00000000 00:00 0 
7f29415ba000-7f29415bd000 r-xp 00000000 08:01 1186025                    /lib/x86_64-linux-gnu/libdl-2.27.so
7f29415bd000-7f29417bc000 ---p 00003000 08:01 1186025                    /lib/x86_64-linux-gnu/libdl-2.27.so
7f29417bc000-7f29417bd000 r--p 00002000 08:01 1186025                    /lib/x86_64-linux-gnu/libdl-2.27.so
7f29417bd000-7f29417be000 rw-p 00003000 08:01 1186025                    /lib/x86_64-linux-gnu/libdl-2.27.so
7f29417be000-7f29417da000 r-xp 00000000 08:01 1186174                    /lib/x86_64-linux-gnu/libz.so.1.2.11
7f29417da000-7f29419d9000 ---p 0001c000 08:01 1186174                    /lib/x86_64-linux-gnu/libz.so.1.2.11
7f29419d9000-7f29419da000 r--p 0001b000 08:01 1186174                    /lib/x86_64-linux-gnu/libz.so.1.2.11
7f29419da000-7f29419db000 rw-p 0001c000 08:01 1186174                    /lib/x86_64-linux-gnu/libz.so.1.2.11
7f29419db000-7f2941bc2000 r-xp 00000000 08:01 1186002                    /lib/x86_64-linux-gnu/libc-2.27.so
7f2941bc2000-7f2941dc2000 ---p 001e7000 08:01 1186002                    /lib/x86_64-linux-gnu/libc-2.27.so
7f2941dc2000-7f2941dc6000 r--p 001e7000 08:01 1186002                    /lib/x86_64-linux-gnu/libc-2.27.so
7f2941dc6000-7f2941dc8000 rw-p 001eb000 08:01 1186002                    /lib/x86_64-linux-gnu/libc-2.27.so
7f2941dc8000-7f2941dcc000 rw-p 00000000 00:00 0 
7f2941dcc000-7f2941ddc000 r-xp 00000000 08:01 528845                     /usr/lib/jvm/java-11-openjdk-amd64/lib/jli/libjli.so
7f2941ddc000-7f2941fdb000 ---p 00010000 08:01 528845                     /usr/lib/jvm/java-11-openjdk-amd64/lib/jli/libjli.so
7f2941fdb000-7f2941fdc000 r--p 0000f000 08:01 528845                     /usr/lib/jvm/java-11-openjdk-amd64/lib/jli/libjli.so
7f2941fdc000-7f2941fdd000 rw-p 00010000 08:01 528845                     /usr/lib/jvm/java-11-openjdk-amd64/lib/jli/libjli.so
7f2941fdd000-7f2942004000 r-xp 00000000 08:01 1185974                    /lib/x86_64-linux-gnu/ld-2.27.so
7f2942040000-7f2942044000 ---p 00000000 00:00 0 
7f2942044000-7f29420e5000 rw-p 00000000 00:00 0 
7f29420e5000-7f29420ec000 ---p 00000000 00:00 0 
7f29420ec000-7f29420f0000 ---p 00000000 00:00 0 
7f29420f0000-7f29421ef000 rw-p 00000000 00:00 0 
7f29421f6000-7f29421f8000 r--s 00007000 08:01 943479                     /usr/share/java/java-atk-wrapper.jar
7f29421f8000-7f2942200000 rw-s 00000000 08:01 533270                     /tmp/hsperfdata_jackson/4299
7f2942200000-7f2942201000 ---p 00000000 00:00 0 
7f2942201000-7f2942202000 r--p 00000000 00:00 0 
7f2942202000-7f2942204000 rw-p 00000000 00:00 0 
7f2942204000-7f2942205000 r--p 00027000 08:01 1185974                    /lib/x86_64-linux-gnu/ld-2.27.so
7f2942205000-7f2942206000 rw-p 00028000 08:01 1185974                    /lib/x86_64-linux-gnu/ld-2.27.so
7f2942206000-7f2942207000 rw-p 00000000 00:00 0 
7ffd9891c000-7ffd9893d000 rw-p 00000000 00:00 0                          [stack]
7ffd9898d000-7ffd98990000 r--p 00000000 00:00 0                          [vvar]
7ffd98990000-7ffd98991000 r-xp 00000000 00:00 0                          [vdso]
ffffffffff600000-ffffffffff601000 r-xp 00000000 00:00 0                  [vsyscall]


VM Arguments:
jvm_args: --add-modules=ALL-SYSTEM --add-opens=java.base/java.util=ALL-UNNAMED --add-opens=java.base/java.lang=ALL-UNNAMED -Declipse.application=org.eclipse.jdt.ls.core.id1 -Dosgi.bundles.defaultStartLevel=4 -Declipse.product=org.eclipse.jdt.ls.core.product -Dfile.encoding=utf8 -Xverify:none -Xmx1G -XX:+UseG1GC -XX:+UseStringDeduplication 
java_command: /home/jackson/.vscode/extensions/redhat.java-0.54.2/server/plugins/org.eclipse.equinox.launcher_1.5.600.v20191014-2022.jar -configuration /home/jackson/.vscode/extensions/redhat.java-0.54.2/server/config_linux -data /home/jackson/.config/Code/User/workspaceStorage/12e3aee23846e241e61f4009526939a1/redhat.java/jdt_ws
java_class_path (initial): /home/jackson/.vscode/extensions/redhat.java-0.54.2/server/plugins/org.eclipse.equinox.launcher_1.5.600.v20191014-2022.jar
Launcher Type: SUN_STANDARD

[Global flags]
     bool BytecodeVerificationLocal                = false                                     {product} {command line}
     bool BytecodeVerificationRemote               = false                                     {product} {command line}
     intx CICompilerCount                          = 2                                         {product} {ergonomic}
     uint ConcGCThreads                            = 1                                         {product} {ergonomic}
     uint G1ConcRefinementThreads                  = 1                                         {product} {ergonomic}
   size_t G1HeapRegionSize                         = 1048576                                   {product} {ergonomic}
    uintx GCDrainStackTargetSize                   = 64                                        {product} {ergonomic}
   size_t InitialHeapSize                          = 65011712                                  {product} {ergonomic}
   size_t MarkStackSize                            = 4194304                                   {product} {ergonomic}
   size_t MaxHeapSize                              = 1073741824                                {product} {command line}
   size_t MaxNewSize                               = 643825664                                 {product} {ergonomic}
   size_t MinHeapDeltaBytes                        = 1048576                                   {product} {ergonomic}
    uintx NonNMethodCodeHeapSize                   = 5824844                                {pd product} {ergonomic}
    uintx NonProfiledCodeHeapSize                  = 122916698                              {pd product} {ergonomic}
    uintx ProfiledCodeHeapSize                     = 122916698                              {pd product} {ergonomic}
    uintx ReservedCodeCacheSize                    = 251658240                              {pd product} {ergonomic}
     bool SegmentedCodeCache                       = true                                      {product} {ergonomic}
     bool UseCompressedClassPointers               = true                                 {lp64_product} {ergonomic}
     bool UseCompressedOops                        = true                                 {lp64_product} {ergonomic}
     bool UseG1GC                                  = true                                      {product} {command line}
     bool UseStringDeduplication                   = true                                      {product} {command line}

Logging:
Log output configuration:
 #0: stdout all=warning uptime,level,tags
 #1: stderr all=off uptime,level,tags

Environment Variables:
JAVA_HOME=/usr/lib/jvm/java-11-openjdk-amd64/
PATH=/usr/lib/jvm/java-11-openjdk-amd64/:bin:/home/jackson/Documents/apache-maven-3.6.3:bin:/usr/local/sbin:/usr/local/bin:/usr/sbin:/usr/bin:/sbin:/bin:/usr/games:/usr/local/games:/snap/bin
USERNAME=jackson
SHELL=/bin/bash
DISPLAY=:0

Signal Handlers:
SIGSEGV: [libjvm.so+0xde5f50], sa_mask[0]=11111111011111111101111111111110, sa_flags=SA_RESTART|SA_SIGINFO
SIGBUS: [libjvm.so+0xde5f50], sa_mask[0]=11111111011111111101111111111110, sa_flags=SA_RESTART|SA_SIGINFO
SIGFPE: [libjvm.so+0xde5f50], sa_mask[0]=11111111011111111101111111111110, sa_flags=SA_RESTART|SA_SIGINFO
SIGPIPE: [libjvm.so+0xbba5b0], sa_mask[0]=11111111011111111101111111111110, sa_flags=SA_RESTART|SA_SIGINFO
SIGXFSZ: [libjvm.so+0xbba5b0], sa_mask[0]=11111111011111111101111111111110, sa_flags=SA_RESTART|SA_SIGINFO
SIGILL: [libjvm.so+0xde5f50], sa_mask[0]=11111111011111111101111111111110, sa_flags=SA_RESTART|SA_SIGINFO
SIGUSR2: [libjvm.so+0xbba450], sa_mask[0]=00000000000000000000000000000000, sa_flags=SA_RESTART|SA_SIGINFO
SIGHUP: [libjvm.so+0xbba7b0], sa_mask[0]=11111111011111111101111111111110, sa_flags=SA_RESTART|SA_SIGINFO
SIGINT: [libjvm.so+0xbba7b0], sa_mask[0]=11111111011111111101111111111110, sa_flags=SA_RESTART|SA_SIGINFO
SIGTERM: [libjvm.so+0xbba7b0], sa_mask[0]=11111111011111111101111111111110, sa_flags=SA_RESTART|SA_SIGINFO
SIGQUIT: [libjvm.so+0xbba7b0], sa_mask[0]=11111111011111111101111111111110, sa_flags=SA_RESTART|SA_SIGINFO


---------------  S Y S T E M  ---------------

OS:DISTRIB_ID=Ubuntu
DISTRIB_RELEASE=18.04
DISTRIB_CODENAME=bionic
DISTRIB_DESCRIPTION="Ubuntu 18.04.3 LTS"
uname:Linux 5.0.0-37-generic #40~18.04.1-Ubuntu SMP Thu Nov 14 12:06:39 UTC 2019 x86_64
libc:glibc 2.27 NPTL 2.27 
rlimit: STACK 8192k, CORE 0k, NPROC 15581, NOFILE 1048576, AS infinity, DATA infinity, FSIZE infinity
load average:5.17 2.48 1.34

/proc/meminfo:
MemTotal:        4037260 kB
MemFree:          118216 kB
MemAvailable:      53480 kB
Buffers:           10060 kB
Cached:           232868 kB
SwapCached:        25556 kB
Active:          3023908 kB
Inactive:         664892 kB
Active(anon):    2988556 kB
Inactive(anon):   625456 kB
Active(file):      35352 kB
Inactive(file):    39436 kB
Unevictable:          48 kB
Mlocked:              48 kB
SwapTotal:        969960 kB
SwapFree:              0 kB
Dirty:               640 kB
Writeback:             0 kB
AnonPages:       3420644 kB
Mapped:           188176 kB
Shmem:            168104 kB
KReclaimable:      33040 kB
Slab:              76124 kB
SReclaimable:      33040 kB
SUnreclaim:        43084 kB
KernelStack:       16400 kB
PageTables:        63536 kB
NFS_Unstable:          0 kB
Bounce:                0 kB
WritebackTmp:          0 kB
CommitLimit:     2988588 kB
Committed_AS:   11613852 kB
VmallocTotal:   34359738367 kB
VmallocUsed:           0 kB
VmallocChunk:          0 kB
Percpu:              316 kB
HardwareCorrupted:     0 kB
AnonHugePages:         0 kB
ShmemHugePages:        0 kB
ShmemPmdMapped:        0 kB
CmaTotal:              0 kB
CmaFree:               0 kB
HugePages_Total:       0
HugePages_Free:        0
HugePages_Rsvd:        0
HugePages_Surp:        0
Hugepagesize:       2048 kB
Hugetlb:               0 kB
DirectMap4k:      208832 kB
DirectMap2M:     3985408 kB


/proc/sys/kernel/threads-max (system-wide limit on the number of threads):
31163


/proc/sys/vm/max_map_count (maximum number of memory map areas a process may have):
65530


/proc/sys/kernel/pid_max (system-wide limit on number of process identifiers):
32768



container (cgroup) information:
container_type: cgroupv1
cpu_cpuset_cpus: 0
cpu_memory_nodes: 0
active_processor_count: 1
cpu_quota: -1
cpu_period: 100000
cpu_shares: -1
memory_limit_in_bytes: -1
memory_and_swap_limit_in_bytes: -2
memory_soft_limit_in_bytes: -1
memory_usage_in_bytes: 3772186624
memory_max_usage_in_bytes: 26636288

Steal ticks since vm start: 0
Steal ticks percentage since vm start:  0.000

CPU:total 1 (initial active 1) (1 cores per cpu, 1 threads per core) family 6 model 158 stepping 10, cmov, cx8, fxsr, mmx, sse, sse2, sse3, ssse3, sse4.1, sse4.2, popcnt, avx, avx2, aes, clmul, 3dnowpref, lzcnt, tsc, tscinvbit
CPU Model and flags from /proc/cpuinfo:
model name	: Intel(R) Core(TM) i5-8600K CPU @ 3.60GHz
flags		: fpu vme de pse tsc msr pae mce cx8 apic sep mtrr pge mca cmov pat pse36 clflush mmx fxsr sse sse2 ht syscall nx rdtscp lm constant_tsc rep_good nopl xtopology nonstop_tsc cpuid tsc_known_freq pni pclmulqdq monitor ssse3 cx16 pcid sse4_1 sse4_2 x2apic movbe popcnt aes xsave avx rdrand hypervisor lahf_lm abm 3dnowprefetch invpcid_single pti fsgsbase avx2 invpcid rdseed clflushopt flush_l1d

Memory: 4k page, physical 4037260k(117724k free), swap 969960k(0k free)

vm_info: OpenJDK 64-Bit Server VM (11.0.4+11-post-Ubuntu-1ubuntu218.04.3) for linux-amd64 JRE (11.0.4+11-post-Ubuntu-1ubuntu218.04.3), built on Jul 18 2019 18:21:46 by "buildd" with gcc 7.4.0

END.
