#
# There is insufficient memory for the Java Runtime Environment to continue.
# Native memory allocation (mmap) failed to map 203423744 bytes for committing reserved memory.
# Possible reasons:
#   The system is out of physical RAM or swap space
#   The process is running with CompressedOops enabled, and the Java Heap may be blocking the growth of the native heap
# Possible solutions:
#   Reduce memory load on the system
#   Increase physical memory or swap space
#   Check if swap backing store is full
#   Decrease Java heap size (-Xmx/-Xms)
#   Decrease number of Java threads
#   Decrease Java thread stack sizes (-Xss)
#   Set larger code cache with -XX:ReservedCodeCacheSize=
#   JVM is running with Unscaled Compressed Oops mode in which the Java heap is
#     placed in the first 4GB address space. The Java Heap base address is the
#     maximum limit for the native heap growth. Please use -XX:HeapBaseMinAddress
#     to set the Java Heap base and to place the Java Heap above 4GB virtual address.
# This output file may be truncated or incomplete.
#
#  Out of Memory Error (os_linux.cpp:2893), pid=4111, tid=4119
#
# JRE version: OpenJDK Runtime Environment (11.0.4+11) (build 11.0.4+11-post-Ubuntu-1ubuntu218.04.3)
# Java VM: OpenJDK 64-Bit Server VM (11.0.4+11-post-Ubuntu-1ubuntu218.04.3, mixed mode, sharing, tiered, compressed oops, g1 gc, linux-amd64)
# Core dump will be written. Default location: Core dumps may be processed with "/usr/share/apport/apport %p %s %c %d %P" (or dumping to /home/jackson/Documents/kafka_2.12-2.3.0/consumer.examples/core.4111)
#

---------------  S U M M A R Y ------------

Command Line: --add-modules=ALL-SYSTEM --add-opens=java.base/java.util=ALL-UNNAMED --add-opens=java.base/java.lang=ALL-UNNAMED -Declipse.application=org.eclipse.jdt.ls.core.id1 -Dosgi.bundles.defaultStartLevel=4 -Declipse.product=org.eclipse.jdt.ls.core.product -Dfile.encoding=utf8 -Xverify:none -Xmx1G -XX:+UseG1GC -XX:+UseStringDeduplication /home/jackson/.vscode/extensions/redhat.java-0.54.2/server/plugins/org.eclipse.equinox.launcher_1.5.600.v20191014-2022.jar -configuration /home/jackson/.vscode/extensions/redhat.java-0.54.2/server/config_linux -data /home/jackson/.config/Code/User/workspaceStorage/12e3aee23846e241e61f4009526939a1/redhat.java/jdt_ws

Host: Intel(R) Core(TM) i5-8600K CPU @ 3.60GHz, 1 cores, 3G, Ubuntu 18.04.3 LTS
Time: Sat Dec 14 14:17:28 2019 CST elapsed time: 36 seconds (0d 0h 0m 36s)

---------------  T H R E A D  ---------------

Current thread (0x00007f6148110000):  VMThread "VM Thread" [stack: 0x00007f61300cc000,0x00007f61301cc000] [id=4119]

Stack: [0x00007f61300cc000,0x00007f61301cc000],  sp=0x00007f61301c9ff0,  free space=1015k
Native frames: (J=compiled Java code, A=aot compiled Java code, j=interpreted, Vv=VM code, C=native code)
V  [libjvm.so+0xde4547]
V  [libjvm.so+0xde519b]
V  [libjvm.so+0x6511a5]
V  [libjvm.so+0xbbed38]
V  [libjvm.so+0xbb5ebd]
V  [libjvm.so+0x76f53f]
V  [libjvm.so+0x76f7ae]
V  [libjvm.so+0x77b820]
V  [libjvm.so+0x7f6969]
V  [libjvm.so+0x7f75c2]
V  [libjvm.so+0x7f7a29]
V  [libjvm.so+0x72de6f]
V  [libjvm.so+0x732b6a]
V  [libjvm.so+0xdf01e1]
V  [libjvm.so+0xdeeda8]
V  [libjvm.so+0xdec5e6]
V  [libjvm.so+0xdecaf0]
V  [libjvm.so+0xdecf23]
V  [libjvm.so+0xd7aeea]
V  [libjvm.so+0xbc4a5e]

VM_Operation (0x00007f61113e4720): G1CollectForAllocation, mode: safepoint, requested by thread 0x00007f61143de000


---------------  P R O C E S S  ---------------

Threads class SMR info:
_java_thread_list=0x00007f612c02f4c0, length=21, elements={
0x00007f6148012800, 0x00007f6148113000, 0x00007f6148115000, 0x00007f6148123000,
0x00007f6148125000, 0x00007f6148127000, 0x00007f6148129000, 0x00007f614815f800,
0x00007f61481ab000, 0x00007f6148253800, 0x00007f6148337000, 0x00007f614838c800,
0x00007f6148394000, 0x00007f61144c9000, 0x00007f61143f3000, 0x00007f611c001800,
0x00007f6124001800, 0x00007f61143de000, 0x00007f6148380000, 0x00007f6148462800,
0x00007f612c031000
}

Java Threads: ( => current thread )
  0x00007f6148012800 JavaThread "main" [_thread_blocked, id=4112, stack(0x00007f615061e000,0x00007f615071f000)]
  0x00007f6148113000 JavaThread "Reference Handler" daemon [_thread_blocked, id=4120, stack(0x00007f61136ff000,0x00007f6113800000)]
  0x00007f6148115000 JavaThread "Finalizer" daemon [_thread_blocked, id=4121, stack(0x00007f61135fe000,0x00007f61136ff000)]
  0x00007f6148123000 JavaThread "Signal Dispatcher" daemon [_thread_blocked, id=4130, stack(0x00007f6112b2e000,0x00007f6112c2f000)]
  0x00007f6148125000 JavaThread "C2 CompilerThread0" daemon [_thread_in_native, id=4131, stack(0x00007f6112a2d000,0x00007f6112b2e000)]
  0x00007f6148127000 JavaThread "C1 CompilerThread0" daemon [_thread_blocked, id=4134, stack(0x00007f611292c000,0x00007f6112a2d000)]
  0x00007f6148129000 JavaThread "Sweeper thread" daemon [_thread_blocked, id=4135, stack(0x00007f611282b000,0x00007f611292c000)]
  0x00007f614815f800 JavaThread "Common-Cleaner" daemon [_thread_blocked, id=4144, stack(0x00007f611272a000,0x00007f611282b000)]
  0x00007f61481ab000 JavaThread "Service Thread" daemon [_thread_blocked, id=4147, stack(0x00007f6112629000,0x00007f611272a000)]
  0x00007f6148253800 JavaThread "process reaper" daemon [_thread_blocked, id=4187, stack(0x00007f6150572000,0x00007f6150594000)]
  0x00007f6148337000 JavaThread "Active Thread: Equinox Container: 3148ae7a-16cb-46d3-85d4-39066a0beff3" [_thread_blocked, id=4189, stack(0x00007f6111ffe000,0x00007f61120ff000)]
  0x00007f614838c800 JavaThread "Framework Event Dispatcher: Equinox Container: 3148ae7a-16cb-46d3-85d4-39066a0beff3" daemon [_thread_blocked, id=4190, stack(0x00007f6111efd000,0x00007f6111ffe000)]
  0x00007f6148394000 JavaThread "Start Level: Equinox Container: 3148ae7a-16cb-46d3-85d4-39066a0beff3" daemon [_thread_blocked, id=4191, stack(0x00007f6111dfc000,0x00007f6111efd000)]
  0x00007f61144c9000 JavaThread "Worker-JM" [_thread_blocked, id=4192, stack(0x00007f61118ea000,0x00007f61119eb000)]
  0x00007f61143f3000 JavaThread "Worker-0" [_thread_blocked, id=4193, stack(0x00007f61117e9000,0x00007f61118ea000)]
  0x00007f611c001800 JavaThread "Worker-1: Initialize Workspace" [_thread_blocked, id=4194, stack(0x00007f61116e8000,0x00007f61117e9000)]
  0x00007f6124001800 JavaThread "Worker-2: Java indexing... " [_thread_blocked, id=4195, stack(0x00007f61113e7000,0x00007f61114e8000)]
  0x00007f61143de000 JavaThread "Java indexing" daemon [_thread_blocked, id=4196, stack(0x00007f61112e6000,0x00007f61113e7000)]
  0x00007f6148380000 JavaThread "pool-2-thread-1" [_thread_blocked, id=4204, stack(0x00007f61103e5000,0x00007f61104e6000)]
  0x00007f6148462800 JavaThread "pool-1-thread-1" [_thread_blocked, id=4208, stack(0x00007f61100e4000,0x00007f61101e5000)]
  0x00007f612c031000 JavaThread "Worker-3" [_thread_blocked, id=4209, stack(0x00007f610bcff000,0x00007f610be00000)]

Other Threads:
=>0x00007f6148110000 VMThread "VM Thread" [stack: 0x00007f61300cc000,0x00007f61301cc000] [id=4119]
  0x00007f61481ad000 WatcherThread [stack: 0x00007f6112529000,0x00007f6112629000] [id=4150]
  0x00007f6148029000 GCTaskThread "GC Thread#0" [stack: 0x00007f614c60f000,0x00007f614c70f000] [id=4113]
  0x00007f6148044800 ConcurrentGCThread "G1 Main Marker" [stack: 0x00007f614c00c000,0x00007f614c10c000] [id=4114]
  0x00007f6148046800 ConcurrentGCThread "G1 Conc#0" [stack: 0x00007f6130656000,0x00007f6130756000] [id=4115]
  0x00007f614807d800 ConcurrentGCThread "G1 Refine#0" [stack: 0x00007f6130453000,0x00007f6130553000] [id=4116]
  0x00007f614807f000 ConcurrentGCThread "G1 Young RemSet Sampling" [stack: 0x00007f6130351000,0x00007f6130451000] [id=4117]
  0x00007f6148086000 ConcurrentGCThread "StrDedup" [stack: 0x00007f613024f000,0x00007f613034f000] [id=4118]

Threads with active compile tasks:
C2 CompilerThread04385 %     4       org.eclipse.jdt.internal.core.search.indexing.BinaryIndexer::extractReferenceFromConstantPool @ 311 (341 bytes)

VM state:at safepoint (normal execution)

VM Mutex/Monitor currently owned by a thread:  ([mutex/lock_event])
[0x00007f614800ee70] Threads_lock - owner thread: 0x00007f6148110000
[0x00007f614800f5c0] Heap_lock - owner thread: 0x00007f61143de000

Heap address: 0x00000000c0000000, size: 1024 MB, Compressed Oops mode: 32-bit
Narrow klass base: 0x0000000800000000, Narrow klass shift: 3
Compressed class space size: 1073741824 Address: 0x0000000840000000

Heap:
 garbage-first heap   total 587776K, used 55808K [0x00000000c0000000, 0x0000000100000000)
  region size 1024K, 2 young (2048K), 2 survivors (2048K)
 Metaspace       used 36144K, capacity 38451K, committed 38760K, reserved 1083392K
  class space    used 3796K, capacity 4690K, committed 4812K, reserved 1048576K
Heap Regions: E=young(eden), S=young(survivor), O=old, HS=humongous(starts), HC=humongous(continues), CS=collection set, F=free, A=archive, TAMS=top-at-mark-start (previous, next)
|   0|0x00000000c0000000, 0x00000000c0100000, 0x00000000c0100000|100%| O|  |TAMS 0x00000000c0100000, 0x00000000c0000000| Untracked 
|   1|0x00000000c0100000, 0x00000000c0200000, 0x00000000c0200000|100%| O|  |TAMS 0x00000000c0200000, 0x00000000c0100000| Untracked 
|   2|0x00000000c0200000, 0x00000000c0300000, 0x00000000c0300000|100%| O|  |TAMS 0x00000000c0300000, 0x00000000c0200000| Untracked 
|   3|0x00000000c0300000, 0x00000000c0400000, 0x00000000c0400000|100%| O|  |TAMS 0x00000000c0400000, 0x00000000c0300000| Untracked 
|   4|0x00000000c0400000, 0x00000000c0500000, 0x00000000c0500000|100%| O|  |TAMS 0x00000000c0500000, 0x00000000c0400000| Untracked 
|   5|0x00000000c0500000, 0x00000000c0600000, 0x00000000c0600000|100%| O|  |TAMS 0x00000000c0600000, 0x00000000c0500000| Untracked 
|   6|0x00000000c0600000, 0x00000000c0700000, 0x00000000c0700000|100%| O|  |TAMS 0x00000000c0700000, 0x00000000c0600000| Untracked 
|   7|0x00000000c0700000, 0x00000000c0800000, 0x00000000c0800000|100%| O|  |TAMS 0x00000000c0800000, 0x00000000c0700000| Untracked 
|   8|0x00000000c0800000, 0x00000000c0900000, 0x00000000c0900000|100%| O|  |TAMS 0x00000000c0900000, 0x00000000c0800000| Untracked 
|   9|0x00000000c0900000, 0x00000000c0a00000, 0x00000000c0a00000|100%| O|  |TAMS 0x00000000c0a00000, 0x00000000c0900000| Untracked 
|  10|0x00000000c0a00000, 0x00000000c0b00000, 0x00000000c0b00000|100%| O|  |TAMS 0x00000000c0b00000, 0x00000000c0a00000| Untracked 
|  11|0x00000000c0b00000, 0x00000000c0c00000, 0x00000000c0c00000|100%| O|  |TAMS 0x00000000c0c00000, 0x00000000c0b00000| Untracked 
|  12|0x00000000c0c00000, 0x00000000c0d00000, 0x00000000c0d00000|100%| O|  |TAMS 0x00000000c0d00000, 0x00000000c0c00000| Untracked 
|  13|0x00000000c0d00000, 0x00000000c0e00000, 0x00000000c0e00000|100%| O|  |TAMS 0x00000000c0e00000, 0x00000000c0d00000| Untracked 
|  14|0x00000000c0e00000, 0x00000000c0f00000, 0x00000000c0f00000|100%| O|  |TAMS 0x00000000c0f00000, 0x00000000c0e00000| Untracked 
|  15|0x00000000c0f00000, 0x00000000c1000000, 0x00000000c1000000|100%| O|  |TAMS 0x00000000c1000000, 0x00000000c0f00000| Untracked 
|  16|0x00000000c1000000, 0x00000000c1100000, 0x00000000c1100000|100%| O|  |TAMS 0x00000000c1100000, 0x00000000c1000000| Untracked 
|  17|0x00000000c1100000, 0x00000000c1200000, 0x00000000c1200000|100%| O|  |TAMS 0x00000000c1200000, 0x00000000c1100000| Untracked 
|  18|0x00000000c1200000, 0x00000000c1300000, 0x00000000c1300000|100%| O|  |TAMS 0x00000000c1300000, 0x00000000c1200000| Untracked 
|  19|0x00000000c1300000, 0x00000000c1400000, 0x00000000c1400000|100%| O|  |TAMS 0x00000000c1400000, 0x00000000c1300000| Untracked 
|  20|0x00000000c1400000, 0x00000000c1500000, 0x00000000c1500000|100%| O|  |TAMS 0x00000000c1470a00, 0x00000000c1400000| Untracked 
|  21|0x00000000c1500000, 0x00000000c1600000, 0x00000000c1600000|100%| O|  |TAMS 0x00000000c1500000, 0x00000000c1500000| Untracked 
|  22|0x00000000c1600000, 0x00000000c1700000, 0x00000000c1700000|100%| O|  |TAMS 0x00000000c1600000, 0x00000000c1600000| Untracked 
|  23|0x00000000c1700000, 0x00000000c1800000, 0x00000000c1800000|100%| O|  |TAMS 0x00000000c1700000, 0x00000000c1700000| Untracked 
|  24|0x00000000c1800000, 0x00000000c1900000, 0x00000000c1900000|100%| O|  |TAMS 0x00000000c1800000, 0x00000000c1800000| Untracked 
|  25|0x00000000c1900000, 0x00000000c1a00000, 0x00000000c1a00000|100%| O|  |TAMS 0x00000000c1900000, 0x00000000c1900000| Untracked 
|  26|0x00000000c1a00000, 0x00000000c1b00000, 0x00000000c1b00000|100%| O|  |TAMS 0x00000000c1a00000, 0x00000000c1a00000| Untracked 
|  27|0x00000000c1b00000, 0x00000000c1c00000, 0x00000000c1c00000|100%|HS|  |TAMS 0x00000000c1b00000, 0x00000000c1b00000| Complete 
|  28|0x00000000c1c00000, 0x00000000c1d00000, 0x00000000c1d00000|100%| O|  |TAMS 0x00000000c1c00000, 0x00000000c1c00000| Untracked 
|  29|0x00000000c1d00000, 0x00000000c1e00000, 0x00000000c1e00000|100%| O|  |TAMS 0x00000000c1d00000, 0x00000000c1d00000| Untracked 
|  30|0x00000000c1e00000, 0x00000000c1f00000, 0x00000000c1f00000|100%| O|  |TAMS 0x00000000c1e00000, 0x00000000c1e00000| Untracked 
|  31|0x00000000c1f00000, 0x00000000c2000000, 0x00000000c2000000|100%| O|  |TAMS 0x00000000c1f00000, 0x00000000c1f00000| Untracked 
|  32|0x00000000c2000000, 0x00000000c2100000, 0x00000000c2100000|100%| O|  |TAMS 0x00000000c2000000, 0x00000000c2000000| Untracked 
|  33|0x00000000c2100000, 0x00000000c2200000, 0x00000000c2200000|100%| O|  |TAMS 0x00000000c2100000, 0x00000000c2100000| Untracked 
|  34|0x00000000c2200000, 0x00000000c2300000, 0x00000000c2300000|100%| O|  |TAMS 0x00000000c2200000, 0x00000000c2200000| Untracked 
|  35|0x00000000c2300000, 0x00000000c2400000, 0x00000000c2400000|100%| O|  |TAMS 0x00000000c2300000, 0x00000000c2300000| Untracked 
|  36|0x00000000c2400000, 0x00000000c2500000, 0x00000000c2500000|100%| O|  |TAMS 0x00000000c2400000, 0x00000000c2400000| Untracked 
|  37|0x00000000c2500000, 0x00000000c2600000, 0x00000000c2600000|100%| O|  |TAMS 0x00000000c2500000, 0x00000000c2500000| Untracked 
|  38|0x00000000c2600000, 0x00000000c2700000, 0x00000000c2700000|100%| O|  |TAMS 0x00000000c2600000, 0x00000000c2600000| Untracked 
|  39|0x00000000c2700000, 0x00000000c2800000, 0x00000000c2800000|100%| O|  |TAMS 0x00000000c2700000, 0x00000000c2700000| Untracked 
|  40|0x00000000c2800000, 0x00000000c2900000, 0x00000000c2900000|100%| O|  |TAMS 0x00000000c2800000, 0x00000000c2800000| Untracked 
|  41|0x00000000c2900000, 0x00000000c2a00000, 0x00000000c2a00000|100%| O|  |TAMS 0x00000000c2900000, 0x00000000c2900000| Untracked 
|  42|0x00000000c2a00000, 0x00000000c2b00000, 0x00000000c2b00000|100%| O|  |TAMS 0x00000000c2a00000, 0x00000000c2a00000| Untracked 
|  43|0x00000000c2b00000, 0x00000000c2c00000, 0x00000000c2c00000|100%| O|  |TAMS 0x00000000c2b00000, 0x00000000c2b00000| Untracked 
|  44|0x00000000c2c00000, 0x00000000c2d00000, 0x00000000c2d00000|100%| O|  |TAMS 0x00000000c2c00000, 0x00000000c2c00000| Untracked 
|  45|0x00000000c2d00000, 0x00000000c2e00000, 0x00000000c2e00000|100%| O|  |TAMS 0x00000000c2d00000, 0x00000000c2d00000| Untracked 
|  46|0x00000000c2e00000, 0x00000000c2f00000, 0x00000000c2f00000|100%| O|  |TAMS 0x00000000c2e00000, 0x00000000c2e00000| Untracked 
|  47|0x00000000c2f00000, 0x00000000c3000000, 0x00000000c3000000|100%| O|  |TAMS 0x00000000c2f00000, 0x00000000c2f00000| Untracked 
|  48|0x00000000c3000000, 0x00000000c3100000, 0x00000000c3100000|100%| O|  |TAMS 0x00000000c3000000, 0x00000000c3000000| Untracked 
|  49|0x00000000c3100000, 0x00000000c3200000, 0x00000000c3200000|100%|HS|  |TAMS 0x00000000c3100000, 0x00000000c3100000| Complete 
|  50|0x00000000c3200000, 0x00000000c3300000, 0x00000000c3300000|100%| O|  |TAMS 0x00000000c3200000, 0x00000000c3200000| Untracked 
|  51|0x00000000c3300000, 0x00000000c3400000, 0x00000000c3400000|100%| O|  |TAMS 0x00000000c3300000, 0x00000000c3300000| Untracked 
|  52|0x00000000c3400000, 0x00000000c3480000, 0x00000000c3500000| 50%| O|  |TAMS 0x00000000c3400000, 0x00000000c3400000| Untracked 
|  53|0x00000000c3500000, 0x00000000c3500000, 0x00000000c3600000|  0%| F|  |TAMS 0x00000000c3500000, 0x00000000c3500000| Untracked 
|  54|0x00000000c3600000, 0x00000000c3600000, 0x00000000c3700000|  0%| F|  |TAMS 0x00000000c3600000, 0x00000000c3600000| Untracked 
|  55|0x00000000c3700000, 0x00000000c3700000, 0x00000000c3800000|  0%| F|  |TAMS 0x00000000c3700000, 0x00000000c3700000| Untracked 
|  56|0x00000000c3800000, 0x00000000c3800000, 0x00000000c3900000|  0%| F|  |TAMS 0x00000000c3800000, 0x00000000c3800000| Untracked 
|  57|0x00000000c3900000, 0x00000000c3900000, 0x00000000c3a00000|  0%| F|  |TAMS 0x00000000c3900000, 0x00000000c3900000| Untracked 
|  58|0x00000000c3a00000, 0x00000000c3a00000, 0x00000000c3b00000|  0%| F|  |TAMS 0x00000000c3a00000, 0x00000000c3a00000| Untracked 
|  59|0x00000000c3b00000, 0x00000000c3b00000, 0x00000000c3c00000|  0%| F|  |TAMS 0x00000000c3b00000, 0x00000000c3b00000| Untracked 
|  60|0x00000000c3c00000, 0x00000000c3c00000, 0x00000000c3d00000|  0%| F|  |TAMS 0x00000000c3c00000, 0x00000000c3c00000| Untracked 
|  61|0x00000000c3d00000, 0x00000000c3d00000, 0x00000000c3e00000|  0%| F|  |TAMS 0x00000000c3d00000, 0x00000000c3d00000| Untracked 
|  62|0x00000000c3e00000, 0x00000000c3e00000, 0x00000000c3f00000|  0%| F|  |TAMS 0x00000000c3e00000, 0x00000000c3e00000| Untracked 
|  63|0x00000000c3f00000, 0x00000000c3f00000, 0x00000000c4000000|  0%| F|  |TAMS 0x00000000c3f00000, 0x00000000c3f00000| Untracked 
|  64|0x00000000c4000000, 0x00000000c4000000, 0x00000000c4100000|  0%| F|  |TAMS 0x00000000c4000000, 0x00000000c4000000| Untracked 
|  65|0x00000000c4100000, 0x00000000c4100000, 0x00000000c4200000|  0%| F|  |TAMS 0x00000000c4100000, 0x00000000c4100000| Untracked 
|  66|0x00000000c4200000, 0x00000000c4200000, 0x00000000c4300000|  0%| F|  |TAMS 0x00000000c4200000, 0x00000000c4200000| Untracked 
|  67|0x00000000c4300000, 0x00000000c4300000, 0x00000000c4400000|  0%| F|  |TAMS 0x00000000c4300000, 0x00000000c4300000| Untracked 
|  68|0x00000000c4400000, 0x00000000c4400000, 0x00000000c4500000|  0%| F|  |TAMS 0x00000000c4400000, 0x00000000c4400000| Untracked 
|  69|0x00000000c4500000, 0x00000000c4500000, 0x00000000c4600000|  0%| F|  |TAMS 0x00000000c4500000, 0x00000000c4500000| Untracked 
|  70|0x00000000c4600000, 0x00000000c4600000, 0x00000000c4700000|  0%| F|  |TAMS 0x00000000c4600000, 0x00000000c4600000| Untracked 
|  71|0x00000000c4700000, 0x00000000c4700000, 0x00000000c4800000|  0%| F|  |TAMS 0x00000000c4700000, 0x00000000c4700000| Untracked 
|  72|0x00000000c4800000, 0x00000000c4800000, 0x00000000c4900000|  0%| F|  |TAMS 0x00000000c4800000, 0x00000000c4800000| Untracked 
|  73|0x00000000c4900000, 0x00000000c4900000, 0x00000000c4a00000|  0%| F|  |TAMS 0x00000000c4900000, 0x00000000c4900000| Untracked 
|  74|0x00000000c4a00000, 0x00000000c4a00000, 0x00000000c4b00000|  0%| F|  |TAMS 0x00000000c4a00000, 0x00000000c4a00000| Untracked 
|  75|0x00000000c4b00000, 0x00000000c4b00000, 0x00000000c4c00000|  0%| F|  |TAMS 0x00000000c4b00000, 0x00000000c4b00000| Untracked 
|  76|0x00000000c4c00000, 0x00000000c4c00000, 0x00000000c4d00000|  0%| F|  |TAMS 0x00000000c4c00000, 0x00000000c4c00000| Untracked 
|  77|0x00000000c4d00000, 0x00000000c4d00000, 0x00000000c4e00000|  0%| F|  |TAMS 0x00000000c4d00000, 0x00000000c4d00000| Untracked 
|  78|0x00000000c4e00000, 0x00000000c4e00000, 0x00000000c4f00000|  0%| F|  |TAMS 0x00000000c4e00000, 0x00000000c4e00000| Untracked 
|  79|0x00000000c4f00000, 0x00000000c4f00000, 0x00000000c5000000|  0%| F|  |TAMS 0x00000000c4f00000, 0x00000000c4f00000| Untracked 
|  80|0x00000000c5000000, 0x00000000c5000000, 0x00000000c5100000|  0%| F|  |TAMS 0x00000000c5000000, 0x00000000c5000000| Untracked 
|  81|0x00000000c5100000, 0x00000000c5100000, 0x00000000c5200000|  0%| F|  |TAMS 0x00000000c5100000, 0x00000000c5100000| Untracked 
|  82|0x00000000c5200000, 0x00000000c5200000, 0x00000000c5300000|  0%| F|  |TAMS 0x00000000c5200000, 0x00000000c5200000| Untracked 
|  83|0x00000000c5300000, 0x00000000c5300000, 0x00000000c5400000|  0%| F|  |TAMS 0x00000000c5300000, 0x00000000c5300000| Untracked 
|  84|0x00000000c5400000, 0x00000000c5400000, 0x00000000c5500000|  0%| F|  |TAMS 0x00000000c5400000, 0x00000000c5400000| Untracked 
|  85|0x00000000c5500000, 0x00000000c5500000, 0x00000000c5600000|  0%| F|  |TAMS 0x00000000c5500000, 0x00000000c5500000| Untracked 
|  86|0x00000000c5600000, 0x00000000c5600000, 0x00000000c5700000|  0%| F|  |TAMS 0x00000000c5600000, 0x00000000c5600000| Untracked 
|  87|0x00000000c5700000, 0x00000000c5700000, 0x00000000c5800000|  0%| F|  |TAMS 0x00000000c5700000, 0x00000000c5700000| Untracked 
|  88|0x00000000c5800000, 0x00000000c5800000, 0x00000000c5900000|  0%| F|  |TAMS 0x00000000c5800000, 0x00000000c5800000| Untracked 
|  89|0x00000000c5900000, 0x00000000c5900000, 0x00000000c5a00000|  0%| F|  |TAMS 0x00000000c5900000, 0x00000000c5900000| Untracked 
|  90|0x00000000c5a00000, 0x00000000c5a00000, 0x00000000c5b00000|  0%| F|  |TAMS 0x00000000c5a00000, 0x00000000c5a00000| Untracked 
|  91|0x00000000c5b00000, 0x00000000c5b00000, 0x00000000c5c00000|  0%| F|  |TAMS 0x00000000c5b00000, 0x00000000c5b00000| Untracked 
|  92|0x00000000c5c00000, 0x00000000c5c00000, 0x00000000c5d00000|  0%| F|  |TAMS 0x00000000c5c00000, 0x00000000c5c00000| Untracked 
|  93|0x00000000c5d00000, 0x00000000c5d00000, 0x00000000c5e00000|  0%| F|  |TAMS 0x00000000c5d00000, 0x00000000c5d00000| Untracked 
|  94|0x00000000c5e00000, 0x00000000c5e00000, 0x00000000c5f00000|  0%| F|  |TAMS 0x00000000c5e00000, 0x00000000c5e00000| Untracked 
|  95|0x00000000c5f00000, 0x00000000c5f00000, 0x00000000c6000000|  0%| F|  |TAMS 0x00000000c5f00000, 0x00000000c5f00000| Untracked 
|  96|0x00000000c6000000, 0x00000000c6000000, 0x00000000c6100000|  0%| F|  |TAMS 0x00000000c6000000, 0x00000000c6000000| Untracked 
|  97|0x00000000c6100000, 0x00000000c6100000, 0x00000000c6200000|  0%| F|  |TAMS 0x00000000c6100000, 0x00000000c6100000| Untracked 
|  98|0x00000000c6200000, 0x00000000c6200000, 0x00000000c6300000|  0%| F|  |TAMS 0x00000000c6200000, 0x00000000c6200000| Untracked 
|  99|0x00000000c6300000, 0x00000000c6300000, 0x00000000c6400000|  0%| F|  |TAMS 0x00000000c6300000, 0x00000000c6300000| Untracked 
| 100|0x00000000c6400000, 0x00000000c6400000, 0x00000000c6500000|  0%| F|  |TAMS 0x00000000c6400000, 0x00000000c6400000| Untracked 
| 101|0x00000000c6500000, 0x00000000c6500000, 0x00000000c6600000|  0%| F|  |TAMS 0x00000000c6500000, 0x00000000c6500000| Untracked 
| 102|0x00000000c6600000, 0x00000000c6600000, 0x00000000c6700000|  0%| F|  |TAMS 0x00000000c6600000, 0x00000000c6600000| Untracked 
| 103|0x00000000c6700000, 0x00000000c6700000, 0x00000000c6800000|  0%| F|  |TAMS 0x00000000c6700000, 0x00000000c6700000| Untracked 
| 104|0x00000000c6800000, 0x00000000c6800000, 0x00000000c6900000|  0%| F|  |TAMS 0x00000000c6800000, 0x00000000c6800000| Untracked 
| 105|0x00000000c6900000, 0x00000000c6900000, 0x00000000c6a00000|  0%| F|  |TAMS 0x00000000c6900000, 0x00000000c6900000| Untracked 
| 106|0x00000000c6a00000, 0x00000000c6a00000, 0x00000000c6b00000|  0%| F|  |TAMS 0x00000000c6a00000, 0x00000000c6a00000| Untracked 
| 107|0x00000000c6b00000, 0x00000000c6b00000, 0x00000000c6c00000|  0%| F|  |TAMS 0x00000000c6b00000, 0x00000000c6b00000| Untracked 
| 108|0x00000000c6c00000, 0x00000000c6c00000, 0x00000000c6d00000|  0%| F|  |TAMS 0x00000000c6c00000, 0x00000000c6c00000| Untracked 
| 109|0x00000000c6d00000, 0x00000000c6d00000, 0x00000000c6e00000|  0%| F|  |TAMS 0x00000000c6d00000, 0x00000000c6d00000| Untracked 
| 110|0x00000000c6e00000, 0x00000000c6e00000, 0x00000000c6f00000|  0%| F|  |TAMS 0x00000000c6e00000, 0x00000000c6e00000| Untracked 
| 111|0x00000000c6f00000, 0x00000000c6f00000, 0x00000000c7000000|  0%| F|  |TAMS 0x00000000c6f00000, 0x00000000c6f00000| Untracked 
| 112|0x00000000c7000000, 0x00000000c7000000, 0x00000000c7100000|  0%| F|  |TAMS 0x00000000c7000000, 0x00000000c7000000| Untracked 
| 113|0x00000000c7100000, 0x00000000c7100000, 0x00000000c7200000|  0%| F|  |TAMS 0x00000000c7100000, 0x00000000c7100000| Untracked 
| 114|0x00000000c7200000, 0x00000000c7200000, 0x00000000c7300000|  0%| F|  |TAMS 0x00000000c7200000, 0x00000000c7200000| Untracked 
| 115|0x00000000c7300000, 0x00000000c7300000, 0x00000000c7400000|  0%| F|  |TAMS 0x00000000c7300000, 0x00000000c7300000| Untracked 
| 116|0x00000000c7400000, 0x00000000c7400000, 0x00000000c7500000|  0%| F|  |TAMS 0x00000000c7400000, 0x00000000c7400000| Untracked 
| 117|0x00000000c7500000, 0x00000000c7500000, 0x00000000c7600000|  0%| F|  |TAMS 0x00000000c7500000, 0x00000000c7500000| Untracked 
| 118|0x00000000c7600000, 0x00000000c7600000, 0x00000000c7700000|  0%| F|  |TAMS 0x00000000c7600000, 0x00000000c7600000| Untracked 
| 119|0x00000000c7700000, 0x00000000c7700000, 0x00000000c7800000|  0%| F|  |TAMS 0x00000000c7700000, 0x00000000c7700000| Untracked 
| 120|0x00000000c7800000, 0x00000000c7800000, 0x00000000c7900000|  0%| F|  |TAMS 0x00000000c7800000, 0x00000000c7800000| Untracked 
| 121|0x00000000c7900000, 0x00000000c7900000, 0x00000000c7a00000|  0%| F|  |TAMS 0x00000000c7900000, 0x00000000c7900000| Untracked 
| 122|0x00000000c7a00000, 0x00000000c7a00000, 0x00000000c7b00000|  0%| F|  |TAMS 0x00000000c7a00000, 0x00000000c7a00000| Untracked 
| 123|0x00000000c7b00000, 0x00000000c7b00000, 0x00000000c7c00000|  0%| F|  |TAMS 0x00000000c7b00000, 0x00000000c7b00000| Untracked 
| 124|0x00000000c7c00000, 0x00000000c7c00000, 0x00000000c7d00000|  0%| F|  |TAMS 0x00000000c7c00000, 0x00000000c7c00000| Untracked 
| 125|0x00000000c7d00000, 0x00000000c7d00000, 0x00000000c7e00000|  0%| F|  |TAMS 0x00000000c7d00000, 0x00000000c7d00000| Untracked 
| 126|0x00000000c7e00000, 0x00000000c7e00000, 0x00000000c7f00000|  0%| F|  |TAMS 0x00000000c7e00000, 0x00000000c7e00000| Untracked 
| 127|0x00000000c7f00000, 0x00000000c7f00000, 0x00000000c8000000|  0%| F|  |TAMS 0x00000000c7f00000, 0x00000000c7f00000| Untracked 
| 128|0x00000000c8000000, 0x00000000c8000000, 0x00000000c8100000|  0%| F|  |TAMS 0x00000000c8000000, 0x00000000c8000000| Untracked 
| 129|0x00000000c8100000, 0x00000000c8100000, 0x00000000c8200000|  0%| F|  |TAMS 0x00000000c8100000, 0x00000000c8100000| Untracked 
| 130|0x00000000c8200000, 0x00000000c8200000, 0x00000000c8300000|  0%| F|  |TAMS 0x00000000c8200000, 0x00000000c8200000| Untracked 
| 131|0x00000000c8300000, 0x00000000c8300000, 0x00000000c8400000|  0%| F|  |TAMS 0x00000000c8300000, 0x00000000c8300000| Untracked 
| 132|0x00000000c8400000, 0x00000000c8400000, 0x00000000c8500000|  0%| F|  |TAMS 0x00000000c8400000, 0x00000000c8400000| Untracked 
| 133|0x00000000c8500000, 0x00000000c8500000, 0x00000000c8600000|  0%| F|  |TAMS 0x00000000c8500000, 0x00000000c8500000| Untracked 
| 134|0x00000000c8600000, 0x00000000c8600000, 0x00000000c8700000|  0%| F|  |TAMS 0x00000000c8600000, 0x00000000c8600000| Untracked 
| 135|0x00000000c8700000, 0x00000000c8700000, 0x00000000c8800000|  0%| F|  |TAMS 0x00000000c8700000, 0x00000000c8700000| Untracked 
| 136|0x00000000c8800000, 0x00000000c8800000, 0x00000000c8900000|  0%| F|  |TAMS 0x00000000c8800000, 0x00000000c8800000| Untracked 
| 137|0x00000000c8900000, 0x00000000c8900000, 0x00000000c8a00000|  0%| F|  |TAMS 0x00000000c8900000, 0x00000000c8900000| Untracked 
| 138|0x00000000c8a00000, 0x00000000c8a00000, 0x00000000c8b00000|  0%| F|  |TAMS 0x00000000c8a00000, 0x00000000c8a00000| Untracked 
| 139|0x00000000c8b00000, 0x00000000c8b00000, 0x00000000c8c00000|  0%| F|  |TAMS 0x00000000c8b00000, 0x00000000c8b00000| Untracked 
| 140|0x00000000c8c00000, 0x00000000c8c00000, 0x00000000c8d00000|  0%| F|  |TAMS 0x00000000c8c00000, 0x00000000c8c00000| Untracked 
| 141|0x00000000c8d00000, 0x00000000c8d00000, 0x00000000c8e00000|  0%| F|  |TAMS 0x00000000c8d00000, 0x00000000c8d00000| Untracked 
| 142|0x00000000c8e00000, 0x00000000c8e00000, 0x00000000c8f00000|  0%| F|  |TAMS 0x00000000c8e00000, 0x00000000c8e00000| Untracked 
| 143|0x00000000c8f00000, 0x00000000c8f00000, 0x00000000c9000000|  0%| F|  |TAMS 0x00000000c8f00000, 0x00000000c8f00000| Untracked 
| 144|0x00000000c9000000, 0x00000000c9000000, 0x00000000c9100000|  0%| F|  |TAMS 0x00000000c9000000, 0x00000000c9000000| Untracked 
| 145|0x00000000c9100000, 0x00000000c9100000, 0x00000000c9200000|  0%| F|  |TAMS 0x00000000c9100000, 0x00000000c9100000| Untracked 
| 146|0x00000000c9200000, 0x00000000c9200000, 0x00000000c9300000|  0%| F|  |TAMS 0x00000000c9200000, 0x00000000c9200000| Untracked 
| 147|0x00000000c9300000, 0x00000000c9300000, 0x00000000c9400000|  0%| F|  |TAMS 0x00000000c9300000, 0x00000000c9300000| Untracked 
| 148|0x00000000c9400000, 0x00000000c9400000, 0x00000000c9500000|  0%| F|  |TAMS 0x00000000c9400000, 0x00000000c9400000| Untracked 
| 149|0x00000000c9500000, 0x00000000c9500000, 0x00000000c9600000|  0%| F|  |TAMS 0x00000000c9500000, 0x00000000c9500000| Untracked 
| 150|0x00000000c9600000, 0x00000000c9600000, 0x00000000c9700000|  0%| F|  |TAMS 0x00000000c9600000, 0x00000000c9600000| Untracked 
| 151|0x00000000c9700000, 0x00000000c9700000, 0x00000000c9800000|  0%| F|  |TAMS 0x00000000c9700000, 0x00000000c9700000| Untracked 
| 152|0x00000000c9800000, 0x00000000c9800000, 0x00000000c9900000|  0%| F|  |TAMS 0x00000000c9800000, 0x00000000c9800000| Untracked 
| 153|0x00000000c9900000, 0x00000000c9900000, 0x00000000c9a00000|  0%| F|  |TAMS 0x00000000c9900000, 0x00000000c9900000| Untracked 
| 154|0x00000000c9a00000, 0x00000000c9a00000, 0x00000000c9b00000|  0%| F|  |TAMS 0x00000000c9a00000, 0x00000000c9a00000| Untracked 
| 155|0x00000000c9b00000, 0x00000000c9b00000, 0x00000000c9c00000|  0%| F|  |TAMS 0x00000000c9b00000, 0x00000000c9b00000| Untracked 
| 156|0x00000000c9c00000, 0x00000000c9c00000, 0x00000000c9d00000|  0%| F|  |TAMS 0x00000000c9c00000, 0x00000000c9c00000| Untracked 
| 157|0x00000000c9d00000, 0x00000000c9d00000, 0x00000000c9e00000|  0%| F|  |TAMS 0x00000000c9d00000, 0x00000000c9d00000| Untracked 
| 158|0x00000000c9e00000, 0x00000000c9e00000, 0x00000000c9f00000|  0%| F|  |TAMS 0x00000000c9e00000, 0x00000000c9e00000| Untracked 
| 159|0x00000000c9f00000, 0x00000000c9f00000, 0x00000000ca000000|  0%| F|  |TAMS 0x00000000c9f00000, 0x00000000c9f00000| Untracked 
| 160|0x00000000ca000000, 0x00000000ca000000, 0x00000000ca100000|  0%| F|  |TAMS 0x00000000ca000000, 0x00000000ca000000| Untracked 
| 161|0x00000000ca100000, 0x00000000ca100000, 0x00000000ca200000|  0%| F|  |TAMS 0x00000000ca100000, 0x00000000ca100000| Untracked 
| 162|0x00000000ca200000, 0x00000000ca200000, 0x00000000ca300000|  0%| F|  |TAMS 0x00000000ca200000, 0x00000000ca200000| Untracked 
| 163|0x00000000ca300000, 0x00000000ca300000, 0x00000000ca400000|  0%| F|  |TAMS 0x00000000ca300000, 0x00000000ca300000| Untracked 
| 164|0x00000000ca400000, 0x00000000ca400000, 0x00000000ca500000|  0%| F|  |TAMS 0x00000000ca400000, 0x00000000ca400000| Untracked 
| 165|0x00000000ca500000, 0x00000000ca500000, 0x00000000ca600000|  0%| F|  |TAMS 0x00000000ca500000, 0x00000000ca500000| Untracked 
| 166|0x00000000ca600000, 0x00000000ca600000, 0x00000000ca700000|  0%| F|  |TAMS 0x00000000ca600000, 0x00000000ca600000| Untracked 
| 167|0x00000000ca700000, 0x00000000ca700000, 0x00000000ca800000|  0%| F|  |TAMS 0x00000000ca700000, 0x00000000ca700000| Untracked 
| 168|0x00000000ca800000, 0x00000000ca800000, 0x00000000ca900000|  0%| F|  |TAMS 0x00000000ca800000, 0x00000000ca800000| Untracked 
| 169|0x00000000ca900000, 0x00000000ca900000, 0x00000000caa00000|  0%| F|  |TAMS 0x00000000ca900000, 0x00000000ca900000| Untracked 
| 170|0x00000000caa00000, 0x00000000caa00000, 0x00000000cab00000|  0%| F|  |TAMS 0x00000000caa00000, 0x00000000caa00000| Untracked 
| 171|0x00000000cab00000, 0x00000000cab00000, 0x00000000cac00000|  0%| F|  |TAMS 0x00000000cab00000, 0x00000000cab00000| Untracked 
| 172|0x00000000cac00000, 0x00000000cac00000, 0x00000000cad00000|  0%| F|  |TAMS 0x00000000cac00000, 0x00000000cac00000| Untracked 
| 173|0x00000000cad00000, 0x00000000cad00000, 0x00000000cae00000|  0%| F|  |TAMS 0x00000000cad00000, 0x00000000cad00000| Untracked 
| 174|0x00000000cae00000, 0x00000000cae00000, 0x00000000caf00000|  0%| F|  |TAMS 0x00000000cae00000, 0x00000000cae00000| Untracked 
| 175|0x00000000caf00000, 0x00000000caf00000, 0x00000000cb000000|  0%| F|  |TAMS 0x00000000caf00000, 0x00000000caf00000| Untracked 
| 176|0x00000000cb000000, 0x00000000cb000000, 0x00000000cb100000|  0%| F|  |TAMS 0x00000000cb000000, 0x00000000cb000000| Untracked 
| 177|0x00000000cb100000, 0x00000000cb100000, 0x00000000cb200000|  0%| F|  |TAMS 0x00000000cb100000, 0x00000000cb100000| Untracked 
| 178|0x00000000cb200000, 0x00000000cb200000, 0x00000000cb300000|  0%| F|  |TAMS 0x00000000cb200000, 0x00000000cb200000| Untracked 
| 179|0x00000000cb300000, 0x00000000cb300000, 0x00000000cb400000|  0%| F|  |TAMS 0x00000000cb300000, 0x00000000cb300000| Untracked 
| 180|0x00000000cb400000, 0x00000000cb400000, 0x00000000cb500000|  0%| F|  |TAMS 0x00000000cb400000, 0x00000000cb400000| Untracked 
| 181|0x00000000cb500000, 0x00000000cb500000, 0x00000000cb600000|  0%| F|  |TAMS 0x00000000cb500000, 0x00000000cb500000| Untracked 
| 182|0x00000000cb600000, 0x00000000cb600000, 0x00000000cb700000|  0%| F|  |TAMS 0x00000000cb600000, 0x00000000cb600000| Untracked 
| 183|0x00000000cb700000, 0x00000000cb700000, 0x00000000cb800000|  0%| F|  |TAMS 0x00000000cb700000, 0x00000000cb700000| Untracked 
| 184|0x00000000cb800000, 0x00000000cb800000, 0x00000000cb900000|  0%| F|  |TAMS 0x00000000cb800000, 0x00000000cb800000| Untracked 
| 185|0x00000000cb900000, 0x00000000cb900000, 0x00000000cba00000|  0%| F|  |TAMS 0x00000000cb900000, 0x00000000cb900000| Untracked 
| 186|0x00000000cba00000, 0x00000000cba00000, 0x00000000cbb00000|  0%| F|  |TAMS 0x00000000cba00000, 0x00000000cba00000| Untracked 
| 187|0x00000000cbb00000, 0x00000000cbb00000, 0x00000000cbc00000|  0%| F|  |TAMS 0x00000000cbb00000, 0x00000000cbb00000| Untracked 
| 188|0x00000000cbc00000, 0x00000000cbc00000, 0x00000000cbd00000|  0%| F|  |TAMS 0x00000000cbc00000, 0x00000000cbc00000| Untracked 
| 189|0x00000000cbd00000, 0x00000000cbd00000, 0x00000000cbe00000|  0%| F|  |TAMS 0x00000000cbd00000, 0x00000000cbd00000| Untracked 
| 190|0x00000000cbe00000, 0x00000000cbe00000, 0x00000000cbf00000|  0%| F|  |TAMS 0x00000000cbe00000, 0x00000000cbe00000| Untracked 
| 191|0x00000000cbf00000, 0x00000000cbf00000, 0x00000000cc000000|  0%| F|  |TAMS 0x00000000cbf00000, 0x00000000cbf00000| Untracked 
| 192|0x00000000cc000000, 0x00000000cc000000, 0x00000000cc100000|  0%| F|  |TAMS 0x00000000cc000000, 0x00000000cc000000| Untracked 
| 193|0x00000000cc100000, 0x00000000cc100000, 0x00000000cc200000|  0%| F|  |TAMS 0x00000000cc100000, 0x00000000cc100000| Untracked 
| 194|0x00000000cc200000, 0x00000000cc200000, 0x00000000cc300000|  0%| F|  |TAMS 0x00000000cc200000, 0x00000000cc200000| Untracked 
| 195|0x00000000cc300000, 0x00000000cc300000, 0x00000000cc400000|  0%| F|  |TAMS 0x00000000cc300000, 0x00000000cc300000| Untracked 
| 196|0x00000000cc400000, 0x00000000cc400000, 0x00000000cc500000|  0%| F|  |TAMS 0x00000000cc400000, 0x00000000cc400000| Untracked 
| 197|0x00000000cc500000, 0x00000000cc500000, 0x00000000cc600000|  0%| F|  |TAMS 0x00000000cc500000, 0x00000000cc500000| Untracked 
| 198|0x00000000cc600000, 0x00000000cc600000, 0x00000000cc700000|  0%| F|  |TAMS 0x00000000cc600000, 0x00000000cc600000| Untracked 
| 199|0x00000000cc700000, 0x00000000cc700000, 0x00000000cc800000|  0%| F|  |TAMS 0x00000000cc700000, 0x00000000cc700000| Untracked 
| 200|0x00000000cc800000, 0x00000000cc800000, 0x00000000cc900000|  0%| F|  |TAMS 0x00000000cc800000, 0x00000000cc800000| Untracked 
| 201|0x00000000cc900000, 0x00000000cc900000, 0x00000000cca00000|  0%| F|  |TAMS 0x00000000cc900000, 0x00000000cc900000| Untracked 
| 202|0x00000000cca00000, 0x00000000cca00000, 0x00000000ccb00000|  0%| F|  |TAMS 0x00000000cca00000, 0x00000000cca00000| Untracked 
| 203|0x00000000ccb00000, 0x00000000ccb00000, 0x00000000ccc00000|  0%| F|  |TAMS 0x00000000ccb00000, 0x00000000ccb00000| Untracked 
| 204|0x00000000ccc00000, 0x00000000ccc00000, 0x00000000ccd00000|  0%| F|  |TAMS 0x00000000ccc00000, 0x00000000ccc00000| Untracked 
| 205|0x00000000ccd00000, 0x00000000ccd00000, 0x00000000cce00000|  0%| F|  |TAMS 0x00000000ccd00000, 0x00000000ccd00000| Untracked 
| 206|0x00000000cce00000, 0x00000000cce00000, 0x00000000ccf00000|  0%| F|  |TAMS 0x00000000cce00000, 0x00000000cce00000| Untracked 
| 207|0x00000000ccf00000, 0x00000000ccf00000, 0x00000000cd000000|  0%| F|  |TAMS 0x00000000ccf00000, 0x00000000ccf00000| Untracked 
| 208|0x00000000cd000000, 0x00000000cd000000, 0x00000000cd100000|  0%| F|  |TAMS 0x00000000cd000000, 0x00000000cd000000| Untracked 
| 209|0x00000000cd100000, 0x00000000cd100000, 0x00000000cd200000|  0%| F|  |TAMS 0x00000000cd100000, 0x00000000cd100000| Untracked 
| 210|0x00000000cd200000, 0x00000000cd200000, 0x00000000cd300000|  0%| F|  |TAMS 0x00000000cd200000, 0x00000000cd200000| Untracked 
| 211|0x00000000cd300000, 0x00000000cd300000, 0x00000000cd400000|  0%| F|  |TAMS 0x00000000cd300000, 0x00000000cd300000| Untracked 
| 212|0x00000000cd400000, 0x00000000cd400000, 0x00000000cd500000|  0%| F|  |TAMS 0x00000000cd400000, 0x00000000cd400000| Untracked 
| 213|0x00000000cd500000, 0x00000000cd500000, 0x00000000cd600000|  0%| F|  |TAMS 0x00000000cd500000, 0x00000000cd500000| Untracked 
| 214|0x00000000cd600000, 0x00000000cd600000, 0x00000000cd700000|  0%| F|  |TAMS 0x00000000cd600000, 0x00000000cd600000| Untracked 
| 215|0x00000000cd700000, 0x00000000cd700000, 0x00000000cd800000|  0%| F|  |TAMS 0x00000000cd700000, 0x00000000cd700000| Untracked 
| 216|0x00000000cd800000, 0x00000000cd800000, 0x00000000cd900000|  0%| F|  |TAMS 0x00000000cd800000, 0x00000000cd800000| Untracked 
| 217|0x00000000cd900000, 0x00000000cd900000, 0x00000000cda00000|  0%| F|  |TAMS 0x00000000cd900000, 0x00000000cd900000| Untracked 
| 218|0x00000000cda00000, 0x00000000cda00000, 0x00000000cdb00000|  0%| F|  |TAMS 0x00000000cda00000, 0x00000000cda00000| Untracked 
| 219|0x00000000cdb00000, 0x00000000cdb00000, 0x00000000cdc00000|  0%| F|  |TAMS 0x00000000cdb00000, 0x00000000cdb00000| Untracked 
| 220|0x00000000cdc00000, 0x00000000cdc00000, 0x00000000cdd00000|  0%| F|  |TAMS 0x00000000cdc00000, 0x00000000cdc00000| Untracked 
| 221|0x00000000cdd00000, 0x00000000cdd00000, 0x00000000cde00000|  0%| F|  |TAMS 0x00000000cdd00000, 0x00000000cdd00000| Untracked 
| 222|0x00000000cde00000, 0x00000000cde00000, 0x00000000cdf00000|  0%| F|  |TAMS 0x00000000cde00000, 0x00000000cde00000| Untracked 
| 223|0x00000000cdf00000, 0x00000000cdf00000, 0x00000000ce000000|  0%| F|  |TAMS 0x00000000cdf00000, 0x00000000cdf00000| Untracked 
| 224|0x00000000ce000000, 0x00000000ce000000, 0x00000000ce100000|  0%| F|  |TAMS 0x00000000ce000000, 0x00000000ce000000| Untracked 
| 225|0x00000000ce100000, 0x00000000ce100000, 0x00000000ce200000|  0%| F|  |TAMS 0x00000000ce100000, 0x00000000ce100000| Untracked 
| 226|0x00000000ce200000, 0x00000000ce200000, 0x00000000ce300000|  0%| F|  |TAMS 0x00000000ce200000, 0x00000000ce200000| Untracked 
| 227|0x00000000ce300000, 0x00000000ce300000, 0x00000000ce400000|  0%| F|  |TAMS 0x00000000ce300000, 0x00000000ce300000| Untracked 
| 228|0x00000000ce400000, 0x00000000ce400000, 0x00000000ce500000|  0%| F|  |TAMS 0x00000000ce400000, 0x00000000ce400000| Untracked 
| 229|0x00000000ce500000, 0x00000000ce500000, 0x00000000ce600000|  0%| F|  |TAMS 0x00000000ce500000, 0x00000000ce500000| Untracked 
| 230|0x00000000ce600000, 0x00000000ce600000, 0x00000000ce700000|  0%| F|  |TAMS 0x00000000ce600000, 0x00000000ce600000| Untracked 
| 231|0x00000000ce700000, 0x00000000ce700000, 0x00000000ce800000|  0%| F|  |TAMS 0x00000000ce700000, 0x00000000ce700000| Untracked 
| 232|0x00000000ce800000, 0x00000000ce800000, 0x00000000ce900000|  0%| F|  |TAMS 0x00000000ce800000, 0x00000000ce800000| Untracked 
| 233|0x00000000ce900000, 0x00000000ce900000, 0x00000000cea00000|  0%| F|  |TAMS 0x00000000ce900000, 0x00000000ce900000| Untracked 
| 234|0x00000000cea00000, 0x00000000cea00000, 0x00000000ceb00000|  0%| F|  |TAMS 0x00000000cea00000, 0x00000000cea00000| Untracked 
| 235|0x00000000ceb00000, 0x00000000ceb00000, 0x00000000cec00000|  0%| F|  |TAMS 0x00000000ceb00000, 0x00000000ceb00000| Untracked 
| 236|0x00000000cec00000, 0x00000000cec00000, 0x00000000ced00000|  0%| F|  |TAMS 0x00000000cec00000, 0x00000000cec00000| Untracked 
| 237|0x00000000ced00000, 0x00000000ced00000, 0x00000000cee00000|  0%| F|  |TAMS 0x00000000ced00000, 0x00000000ced00000| Untracked 
| 238|0x00000000cee00000, 0x00000000cee00000, 0x00000000cef00000|  0%| F|  |TAMS 0x00000000cee00000, 0x00000000cee00000| Untracked 
| 239|0x00000000cef00000, 0x00000000cef00000, 0x00000000cf000000|  0%| F|  |TAMS 0x00000000cef00000, 0x00000000cef00000| Untracked 
| 240|0x00000000cf000000, 0x00000000cf000000, 0x00000000cf100000|  0%| F|  |TAMS 0x00000000cf000000, 0x00000000cf000000| Untracked 
| 241|0x00000000cf100000, 0x00000000cf100000, 0x00000000cf200000|  0%| F|  |TAMS 0x00000000cf100000, 0x00000000cf100000| Untracked 
| 242|0x00000000cf200000, 0x00000000cf200000, 0x00000000cf300000|  0%| F|  |TAMS 0x00000000cf200000, 0x00000000cf200000| Untracked 
| 243|0x00000000cf300000, 0x00000000cf300000, 0x00000000cf400000|  0%| F|  |TAMS 0x00000000cf300000, 0x00000000cf300000| Untracked 
| 244|0x00000000cf400000, 0x00000000cf400000, 0x00000000cf500000|  0%| F|  |TAMS 0x00000000cf400000, 0x00000000cf400000| Untracked 
| 245|0x00000000cf500000, 0x00000000cf500000, 0x00000000cf600000|  0%| F|  |TAMS 0x00000000cf500000, 0x00000000cf500000| Untracked 
| 246|0x00000000cf600000, 0x00000000cf600000, 0x00000000cf700000|  0%| F|  |TAMS 0x00000000cf600000, 0x00000000cf600000| Untracked 
| 247|0x00000000cf700000, 0x00000000cf700000, 0x00000000cf800000|  0%| F|  |TAMS 0x00000000cf700000, 0x00000000cf700000| Untracked 
| 248|0x00000000cf800000, 0x00000000cf800000, 0x00000000cf900000|  0%| F|  |TAMS 0x00000000cf800000, 0x00000000cf800000| Untracked 
| 249|0x00000000cf900000, 0x00000000cf900000, 0x00000000cfa00000|  0%| F|  |TAMS 0x00000000cf900000, 0x00000000cf900000| Untracked 
| 250|0x00000000cfa00000, 0x00000000cfa00000, 0x00000000cfb00000|  0%| F|  |TAMS 0x00000000cfa00000, 0x00000000cfa00000| Untracked 
| 251|0x00000000cfb00000, 0x00000000cfb00000, 0x00000000cfc00000|  0%| F|  |TAMS 0x00000000cfb00000, 0x00000000cfb00000| Untracked 
| 252|0x00000000cfc00000, 0x00000000cfc00000, 0x00000000cfd00000|  0%| F|  |TAMS 0x00000000cfc00000, 0x00000000cfc00000| Untracked 
| 253|0x00000000cfd00000, 0x00000000cfd00000, 0x00000000cfe00000|  0%| F|  |TAMS 0x00000000cfd00000, 0x00000000cfd00000| Untracked 
| 254|0x00000000cfe00000, 0x00000000cfe00000, 0x00000000cff00000|  0%| F|  |TAMS 0x00000000cfe00000, 0x00000000cfe00000| Untracked 
| 255|0x00000000cff00000, 0x00000000cff00000, 0x00000000d0000000|  0%| F|  |TAMS 0x00000000cff00000, 0x00000000cff00000| Untracked 
| 256|0x00000000d0000000, 0x00000000d0000000, 0x00000000d0100000|  0%| F|  |TAMS 0x00000000d0000000, 0x00000000d0000000| Untracked 
| 257|0x00000000d0100000, 0x00000000d0100000, 0x00000000d0200000|  0%| F|  |TAMS 0x00000000d0100000, 0x00000000d0100000| Untracked 
| 258|0x00000000d0200000, 0x00000000d0200000, 0x00000000d0300000|  0%| F|  |TAMS 0x00000000d0200000, 0x00000000d0200000| Untracked 
| 259|0x00000000d0300000, 0x00000000d0300000, 0x00000000d0400000|  0%| F|  |TAMS 0x00000000d0300000, 0x00000000d0300000| Untracked 
| 260|0x00000000d0400000, 0x00000000d0400000, 0x00000000d0500000|  0%| F|  |TAMS 0x00000000d0400000, 0x00000000d0400000| Untracked 
| 261|0x00000000d0500000, 0x00000000d0500000, 0x00000000d0600000|  0%| F|  |TAMS 0x00000000d0500000, 0x00000000d0500000| Untracked 
| 262|0x00000000d0600000, 0x00000000d0600000, 0x00000000d0700000|  0%| F|  |TAMS 0x00000000d0600000, 0x00000000d0600000| Untracked 
| 263|0x00000000d0700000, 0x00000000d0700000, 0x00000000d0800000|  0%| F|  |TAMS 0x00000000d0700000, 0x00000000d0700000| Untracked 
| 264|0x00000000d0800000, 0x00000000d0800000, 0x00000000d0900000|  0%| F|  |TAMS 0x00000000d0800000, 0x00000000d0800000| Untracked 
| 265|0x00000000d0900000, 0x00000000d0900000, 0x00000000d0a00000|  0%| F|  |TAMS 0x00000000d0900000, 0x00000000d0900000| Untracked 
| 266|0x00000000d0a00000, 0x00000000d0a00000, 0x00000000d0b00000|  0%| F|  |TAMS 0x00000000d0a00000, 0x00000000d0a00000| Untracked 
| 267|0x00000000d0b00000, 0x00000000d0b00000, 0x00000000d0c00000|  0%| F|  |TAMS 0x00000000d0b00000, 0x00000000d0b00000| Untracked 
| 268|0x00000000d0c00000, 0x00000000d0c00000, 0x00000000d0d00000|  0%| F|  |TAMS 0x00000000d0c00000, 0x00000000d0c00000| Untracked 
| 269|0x00000000d0d00000, 0x00000000d0d00000, 0x00000000d0e00000|  0%| F|  |TAMS 0x00000000d0d00000, 0x00000000d0d00000| Untracked 
| 270|0x00000000d0e00000, 0x00000000d0e00000, 0x00000000d0f00000|  0%| F|  |TAMS 0x00000000d0e00000, 0x00000000d0e00000| Untracked 
| 271|0x00000000d0f00000, 0x00000000d0f00000, 0x00000000d1000000|  0%| F|  |TAMS 0x00000000d0f00000, 0x00000000d0f00000| Untracked 
| 272|0x00000000d1000000, 0x00000000d1000000, 0x00000000d1100000|  0%| F|  |TAMS 0x00000000d1000000, 0x00000000d1000000| Untracked 
| 273|0x00000000d1100000, 0x00000000d1100000, 0x00000000d1200000|  0%| F|  |TAMS 0x00000000d1100000, 0x00000000d1100000| Untracked 
| 274|0x00000000d1200000, 0x00000000d1200000, 0x00000000d1300000|  0%| F|  |TAMS 0x00000000d1200000, 0x00000000d1200000| Untracked 
| 275|0x00000000d1300000, 0x00000000d1300000, 0x00000000d1400000|  0%| F|  |TAMS 0x00000000d1300000, 0x00000000d1300000| Untracked 
| 276|0x00000000d1400000, 0x00000000d1400000, 0x00000000d1500000|  0%| F|  |TAMS 0x00000000d1400000, 0x00000000d1400000| Untracked 
| 277|0x00000000d1500000, 0x00000000d1500000, 0x00000000d1600000|  0%| F|  |TAMS 0x00000000d1500000, 0x00000000d1500000| Untracked 
| 278|0x00000000d1600000, 0x00000000d1600000, 0x00000000d1700000|  0%| F|  |TAMS 0x00000000d1600000, 0x00000000d1600000| Untracked 
| 279|0x00000000d1700000, 0x00000000d1700000, 0x00000000d1800000|  0%| F|  |TAMS 0x00000000d1700000, 0x00000000d1700000| Untracked 
| 280|0x00000000d1800000, 0x00000000d1800000, 0x00000000d1900000|  0%| F|  |TAMS 0x00000000d1800000, 0x00000000d1800000| Untracked 
| 281|0x00000000d1900000, 0x00000000d1900000, 0x00000000d1a00000|  0%| F|  |TAMS 0x00000000d1900000, 0x00000000d1900000| Untracked 
| 282|0x00000000d1a00000, 0x00000000d1a00000, 0x00000000d1b00000|  0%| F|  |TAMS 0x00000000d1a00000, 0x00000000d1a00000| Untracked 
| 283|0x00000000d1b00000, 0x00000000d1b00000, 0x00000000d1c00000|  0%| F|  |TAMS 0x00000000d1b00000, 0x00000000d1b00000| Untracked 
| 284|0x00000000d1c00000, 0x00000000d1c00000, 0x00000000d1d00000|  0%| F|  |TAMS 0x00000000d1c00000, 0x00000000d1c00000| Untracked 
| 285|0x00000000d1d00000, 0x00000000d1d00000, 0x00000000d1e00000|  0%| F|  |TAMS 0x00000000d1d00000, 0x00000000d1d00000| Untracked 
| 286|0x00000000d1e00000, 0x00000000d1e00000, 0x00000000d1f00000|  0%| F|  |TAMS 0x00000000d1e00000, 0x00000000d1e00000| Untracked 
| 287|0x00000000d1f00000, 0x00000000d1f00000, 0x00000000d2000000|  0%| F|  |TAMS 0x00000000d1f00000, 0x00000000d1f00000| Untracked 
| 288|0x00000000d2000000, 0x00000000d2000000, 0x00000000d2100000|  0%| F|  |TAMS 0x00000000d2000000, 0x00000000d2000000| Untracked 
| 289|0x00000000d2100000, 0x00000000d2100000, 0x00000000d2200000|  0%| F|  |TAMS 0x00000000d2100000, 0x00000000d2100000| Untracked 
| 290|0x00000000d2200000, 0x00000000d2200000, 0x00000000d2300000|  0%| F|  |TAMS 0x00000000d2200000, 0x00000000d2200000| Untracked 
| 291|0x00000000d2300000, 0x00000000d2300000, 0x00000000d2400000|  0%| F|  |TAMS 0x00000000d2300000, 0x00000000d2300000| Untracked 
| 292|0x00000000d2400000, 0x00000000d2400000, 0x00000000d2500000|  0%| F|  |TAMS 0x00000000d2400000, 0x00000000d2400000| Untracked 
| 293|0x00000000d2500000, 0x00000000d2500000, 0x00000000d2600000|  0%| F|  |TAMS 0x00000000d2500000, 0x00000000d2500000| Untracked 
| 294|0x00000000d2600000, 0x00000000d2600000, 0x00000000d2700000|  0%| F|  |TAMS 0x00000000d2600000, 0x00000000d2600000| Untracked 
| 295|0x00000000d2700000, 0x00000000d2700000, 0x00000000d2800000|  0%| F|  |TAMS 0x00000000d2700000, 0x00000000d2700000| Untracked 
| 296|0x00000000d2800000, 0x00000000d2800000, 0x00000000d2900000|  0%| F|  |TAMS 0x00000000d2800000, 0x00000000d2800000| Untracked 
| 297|0x00000000d2900000, 0x00000000d2900000, 0x00000000d2a00000|  0%| F|  |TAMS 0x00000000d2900000, 0x00000000d2900000| Untracked 
| 298|0x00000000d2a00000, 0x00000000d2a00000, 0x00000000d2b00000|  0%| F|  |TAMS 0x00000000d2a00000, 0x00000000d2a00000| Untracked 
| 299|0x00000000d2b00000, 0x00000000d2b00000, 0x00000000d2c00000|  0%| F|  |TAMS 0x00000000d2b00000, 0x00000000d2b00000| Untracked 
| 300|0x00000000d2c00000, 0x00000000d2c00000, 0x00000000d2d00000|  0%| F|  |TAMS 0x00000000d2c00000, 0x00000000d2c00000| Untracked 
| 301|0x00000000d2d00000, 0x00000000d2d00000, 0x00000000d2e00000|  0%| F|  |TAMS 0x00000000d2d00000, 0x00000000d2d00000| Untracked 
| 302|0x00000000d2e00000, 0x00000000d2e00000, 0x00000000d2f00000|  0%| F|  |TAMS 0x00000000d2e00000, 0x00000000d2e00000| Untracked 
| 303|0x00000000d2f00000, 0x00000000d2f00000, 0x00000000d3000000|  0%| F|  |TAMS 0x00000000d2f00000, 0x00000000d2f00000| Untracked 
| 304|0x00000000d3000000, 0x00000000d3000000, 0x00000000d3100000|  0%| F|  |TAMS 0x00000000d3000000, 0x00000000d3000000| Untracked 
| 305|0x00000000d3100000, 0x00000000d3100000, 0x00000000d3200000|  0%| F|  |TAMS 0x00000000d3100000, 0x00000000d3100000| Untracked 
| 306|0x00000000d3200000, 0x00000000d3200000, 0x00000000d3300000|  0%| F|  |TAMS 0x00000000d3200000, 0x00000000d3200000| Untracked 
| 307|0x00000000d3300000, 0x00000000d3300000, 0x00000000d3400000|  0%| F|  |TAMS 0x00000000d3300000, 0x00000000d3300000| Untracked 
| 308|0x00000000d3400000, 0x00000000d3400000, 0x00000000d3500000|  0%| F|  |TAMS 0x00000000d3400000, 0x00000000d3400000| Untracked 
| 309|0x00000000d3500000, 0x00000000d3500000, 0x00000000d3600000|  0%| F|  |TAMS 0x00000000d3500000, 0x00000000d3500000| Untracked 
| 310|0x00000000d3600000, 0x00000000d3600000, 0x00000000d3700000|  0%| F|  |TAMS 0x00000000d3600000, 0x00000000d3600000| Untracked 
| 311|0x00000000d3700000, 0x00000000d3700000, 0x00000000d3800000|  0%| F|  |TAMS 0x00000000d3700000, 0x00000000d3700000| Untracked 
| 312|0x00000000d3800000, 0x00000000d3800000, 0x00000000d3900000|  0%| F|  |TAMS 0x00000000d3800000, 0x00000000d3800000| Untracked 
| 313|0x00000000d3900000, 0x00000000d3900000, 0x00000000d3a00000|  0%| F|  |TAMS 0x00000000d3900000, 0x00000000d3900000| Untracked 
| 314|0x00000000d3a00000, 0x00000000d3a00000, 0x00000000d3b00000|  0%| F|  |TAMS 0x00000000d3a00000, 0x00000000d3a00000| Untracked 
| 315|0x00000000d3b00000, 0x00000000d3b00000, 0x00000000d3c00000|  0%| F|  |TAMS 0x00000000d3b00000, 0x00000000d3b00000| Untracked 
| 316|0x00000000d3c00000, 0x00000000d3c00000, 0x00000000d3d00000|  0%| F|  |TAMS 0x00000000d3c00000, 0x00000000d3c00000| Untracked 
| 317|0x00000000d3d00000, 0x00000000d3d00000, 0x00000000d3e00000|  0%| F|  |TAMS 0x00000000d3d00000, 0x00000000d3d00000| Untracked 
| 318|0x00000000d3e00000, 0x00000000d3e00000, 0x00000000d3f00000|  0%| F|  |TAMS 0x00000000d3e00000, 0x00000000d3e00000| Untracked 
| 319|0x00000000d3f00000, 0x00000000d3f00000, 0x00000000d4000000|  0%| F|  |TAMS 0x00000000d3f00000, 0x00000000d3f00000| Untracked 
| 320|0x00000000d4000000, 0x00000000d4000000, 0x00000000d4100000|  0%| F|  |TAMS 0x00000000d4000000, 0x00000000d4000000| Untracked 
| 321|0x00000000d4100000, 0x00000000d4100000, 0x00000000d4200000|  0%| F|  |TAMS 0x00000000d4100000, 0x00000000d4100000| Untracked 
| 322|0x00000000d4200000, 0x00000000d4200000, 0x00000000d4300000|  0%| F|  |TAMS 0x00000000d4200000, 0x00000000d4200000| Untracked 
| 323|0x00000000d4300000, 0x00000000d4300000, 0x00000000d4400000|  0%| F|  |TAMS 0x00000000d4300000, 0x00000000d4300000| Untracked 
| 324|0x00000000d4400000, 0x00000000d4400000, 0x00000000d4500000|  0%| F|  |TAMS 0x00000000d4400000, 0x00000000d4400000| Untracked 
| 325|0x00000000d4500000, 0x00000000d4500000, 0x00000000d4600000|  0%| F|  |TAMS 0x00000000d4500000, 0x00000000d4500000| Untracked 
| 326|0x00000000d4600000, 0x00000000d4600000, 0x00000000d4700000|  0%| F|  |TAMS 0x00000000d4600000, 0x00000000d4600000| Untracked 
| 327|0x00000000d4700000, 0x00000000d4700000, 0x00000000d4800000|  0%| F|  |TAMS 0x00000000d4700000, 0x00000000d4700000| Untracked 
| 328|0x00000000d4800000, 0x00000000d4800000, 0x00000000d4900000|  0%| F|  |TAMS 0x00000000d4800000, 0x00000000d4800000| Untracked 
| 329|0x00000000d4900000, 0x00000000d4900000, 0x00000000d4a00000|  0%| F|  |TAMS 0x00000000d4900000, 0x00000000d4900000| Untracked 
| 330|0x00000000d4a00000, 0x00000000d4a00000, 0x00000000d4b00000|  0%| F|  |TAMS 0x00000000d4a00000, 0x00000000d4a00000| Untracked 
| 331|0x00000000d4b00000, 0x00000000d4b00000, 0x00000000d4c00000|  0%| F|  |TAMS 0x00000000d4b00000, 0x00000000d4b00000| Untracked 
| 332|0x00000000d4c00000, 0x00000000d4c00000, 0x00000000d4d00000|  0%| F|  |TAMS 0x00000000d4c00000, 0x00000000d4c00000| Untracked 
| 333|0x00000000d4d00000, 0x00000000d4d00000, 0x00000000d4e00000|  0%| F|  |TAMS 0x00000000d4d00000, 0x00000000d4d00000| Untracked 
| 334|0x00000000d4e00000, 0x00000000d4e00000, 0x00000000d4f00000|  0%| F|  |TAMS 0x00000000d4e00000, 0x00000000d4e00000| Untracked 
| 335|0x00000000d4f00000, 0x00000000d4f00000, 0x00000000d5000000|  0%| F|  |TAMS 0x00000000d4f00000, 0x00000000d4f00000| Untracked 
| 336|0x00000000d5000000, 0x00000000d5000000, 0x00000000d5100000|  0%| F|  |TAMS 0x00000000d5000000, 0x00000000d5000000| Untracked 
| 337|0x00000000d5100000, 0x00000000d5100000, 0x00000000d5200000|  0%| F|  |TAMS 0x00000000d5100000, 0x00000000d5100000| Untracked 
| 338|0x00000000d5200000, 0x00000000d5200000, 0x00000000d5300000|  0%| F|  |TAMS 0x00000000d5200000, 0x00000000d5200000| Untracked 
| 339|0x00000000d5300000, 0x00000000d5300000, 0x00000000d5400000|  0%| F|  |TAMS 0x00000000d5300000, 0x00000000d5300000| Untracked 
| 340|0x00000000d5400000, 0x00000000d5400000, 0x00000000d5500000|  0%| F|  |TAMS 0x00000000d5400000, 0x00000000d5400000| Untracked 
| 341|0x00000000d5500000, 0x00000000d5500000, 0x00000000d5600000|  0%| F|  |TAMS 0x00000000d5500000, 0x00000000d5500000| Untracked 
| 342|0x00000000d5600000, 0x00000000d5600000, 0x00000000d5700000|  0%| F|  |TAMS 0x00000000d5600000, 0x00000000d5600000| Untracked 
| 343|0x00000000d5700000, 0x00000000d5700000, 0x00000000d5800000|  0%| F|  |TAMS 0x00000000d5700000, 0x00000000d5700000| Untracked 
| 344|0x00000000d5800000, 0x00000000d5800000, 0x00000000d5900000|  0%| F|  |TAMS 0x00000000d5800000, 0x00000000d5800000| Untracked 
| 345|0x00000000d5900000, 0x00000000d5900000, 0x00000000d5a00000|  0%| F|  |TAMS 0x00000000d5900000, 0x00000000d5900000| Untracked 
| 346|0x00000000d5a00000, 0x00000000d5a00000, 0x00000000d5b00000|  0%| F|  |TAMS 0x00000000d5a00000, 0x00000000d5a00000| Untracked 
| 347|0x00000000d5b00000, 0x00000000d5b00000, 0x00000000d5c00000|  0%| F|  |TAMS 0x00000000d5b00000, 0x00000000d5b00000| Untracked 
| 348|0x00000000d5c00000, 0x00000000d5c00000, 0x00000000d5d00000|  0%| F|  |TAMS 0x00000000d5c00000, 0x00000000d5c00000| Untracked 
| 349|0x00000000d5d00000, 0x00000000d5d00000, 0x00000000d5e00000|  0%| F|  |TAMS 0x00000000d5d00000, 0x00000000d5d00000| Untracked 
| 350|0x00000000d5e00000, 0x00000000d5e00000, 0x00000000d5f00000|  0%| F|  |TAMS 0x00000000d5e00000, 0x00000000d5e00000| Untracked 
| 351|0x00000000d5f00000, 0x00000000d5f00000, 0x00000000d6000000|  0%| F|  |TAMS 0x00000000d5f00000, 0x00000000d5f00000| Untracked 
| 352|0x00000000d6000000, 0x00000000d6000000, 0x00000000d6100000|  0%| F|  |TAMS 0x00000000d6000000, 0x00000000d6000000| Untracked 
| 353|0x00000000d6100000, 0x00000000d6100000, 0x00000000d6200000|  0%| F|  |TAMS 0x00000000d6100000, 0x00000000d6100000| Untracked 
| 354|0x00000000d6200000, 0x00000000d6200000, 0x00000000d6300000|  0%| F|  |TAMS 0x00000000d6200000, 0x00000000d6200000| Untracked 
| 355|0x00000000d6300000, 0x00000000d6300000, 0x00000000d6400000|  0%| F|  |TAMS 0x00000000d6300000, 0x00000000d6300000| Untracked 
| 356|0x00000000d6400000, 0x00000000d6400000, 0x00000000d6500000|  0%| F|  |TAMS 0x00000000d6400000, 0x00000000d6400000| Untracked 
| 357|0x00000000d6500000, 0x00000000d6500000, 0x00000000d6600000|  0%| F|  |TAMS 0x00000000d6500000, 0x00000000d6500000| Untracked 
| 358|0x00000000d6600000, 0x00000000d6600000, 0x00000000d6700000|  0%| F|  |TAMS 0x00000000d6600000, 0x00000000d6600000| Untracked 
| 359|0x00000000d6700000, 0x00000000d6700000, 0x00000000d6800000|  0%| F|  |TAMS 0x00000000d6700000, 0x00000000d6700000| Untracked 
| 360|0x00000000d6800000, 0x00000000d6800000, 0x00000000d6900000|  0%| F|  |TAMS 0x00000000d6800000, 0x00000000d6800000| Untracked 
| 361|0x00000000d6900000, 0x00000000d6900000, 0x00000000d6a00000|  0%| F|  |TAMS 0x00000000d6900000, 0x00000000d6900000| Untracked 
| 362|0x00000000d6a00000, 0x00000000d6b00000, 0x00000000d6b00000|100%| S|CS|TAMS 0x00000000d6a00000, 0x00000000d6a00000| Complete 
| 363|0x00000000d6b00000, 0x00000000d6c00000, 0x00000000d6c00000|100%| S|CS|TAMS 0x00000000d6b00000, 0x00000000d6b00000| Complete 
| 364|0x00000000d6c00000, 0x00000000d6c00000, 0x00000000d6d00000|  0%| F|  |TAMS 0x00000000d6c00000, 0x00000000d6c00000| Untracked 
| 365|0x00000000d6d00000, 0x00000000d6d00000, 0x00000000d6e00000|  0%| F|  |TAMS 0x00000000d6d00000, 0x00000000d6d00000| Untracked 
| 366|0x00000000d6e00000, 0x00000000d6e00000, 0x00000000d6f00000|  0%| F|  |TAMS 0x00000000d6e00000, 0x00000000d6e00000| Untracked 
| 367|0x00000000d6f00000, 0x00000000d6f00000, 0x00000000d7000000|  0%| F|  |TAMS 0x00000000d6f00000, 0x00000000d6f00000| Untracked 
| 368|0x00000000d7000000, 0x00000000d7000000, 0x00000000d7100000|  0%| F|  |TAMS 0x00000000d7000000, 0x00000000d7000000| Untracked 
| 369|0x00000000d7100000, 0x00000000d7100000, 0x00000000d7200000|  0%| F|  |TAMS 0x00000000d7100000, 0x00000000d7100000| Untracked 
| 370|0x00000000d7200000, 0x00000000d7200000, 0x00000000d7300000|  0%| F|  |TAMS 0x00000000d7200000, 0x00000000d7200000| Untracked 
| 371|0x00000000d7300000, 0x00000000d7300000, 0x00000000d7400000|  0%| F|  |TAMS 0x00000000d7300000, 0x00000000d7300000| Untracked 
| 372|0x00000000d7400000, 0x00000000d7400000, 0x00000000d7500000|  0%| F|  |TAMS 0x00000000d7400000, 0x00000000d7400000| Untracked 
| 373|0x00000000d7500000, 0x00000000d7500000, 0x00000000d7600000|  0%| F|  |TAMS 0x00000000d7500000, 0x00000000d7500000| Untracked 
| 374|0x00000000d7600000, 0x00000000d7600000, 0x00000000d7700000|  0%| F|  |TAMS 0x00000000d7600000, 0x00000000d7600000| Untracked 
| 375|0x00000000d7700000, 0x00000000d7700000, 0x00000000d7800000|  0%| F|  |TAMS 0x00000000d7700000, 0x00000000d7700000| Untracked 
| 376|0x00000000d7800000, 0x00000000d7800000, 0x00000000d7900000|  0%| F|  |TAMS 0x00000000d7800000, 0x00000000d7800000| Untracked 
| 377|0x00000000d7900000, 0x00000000d7900000, 0x00000000d7a00000|  0%| F|  |TAMS 0x00000000d7900000, 0x00000000d7900000| Untracked 
| 378|0x00000000d7a00000, 0x00000000d7a00000, 0x00000000d7b00000|  0%| F|  |TAMS 0x00000000d7a00000, 0x00000000d7a00000| Untracked 
| 379|0x00000000d7b00000, 0x00000000d7b00000, 0x00000000d7c00000|  0%| F|  |TAMS 0x00000000d7b00000, 0x00000000d7b00000| Untracked 

Card table byte_map: [0x00007f614c10c000,0x00007f614c30c000] _byte_map_base: 0x00007f614bb0c000

Marking Bits (Prev, Next): (CMBitMap*) 0x00007f614803fa50, (CMBitMap*) 0x00007f614803fa18
 Prev Bits: [0x00007f612a000000, 0x00007f612b000000)
 Next Bits: [0x00007f612b000000, 0x00007f612c000000)

Polling page: 0x00007f6150732000

Metaspace:

Usage:
  Non-class:     32.97 MB capacity,    31.59 MB ( 96%) used,     1.31 MB (  4%) free+waste,    73.81 KB ( <1%) overhead. 
      Class:      4.58 MB capacity,     3.71 MB ( 81%) used,   856.55 KB ( 18%) free+waste,    37.00 KB ( <1%) overhead. 
       Both:     37.55 MB capacity,    35.30 MB ( 94%) used,     2.14 MB (  6%) free+waste,   110.81 KB ( <1%) overhead. 

Virtual space:
  Non-class space:       34.00 MB reserved,      33.15 MB ( 98%) committed 
      Class space:        1.00 GB reserved,       4.70 MB ( <1%) committed 
             Both:        1.03 GB reserved,      37.85 MB (  4%) committed 

Chunk freelists:
   Non-Class:  103.00 KB
       Class:  14.00 KB
        Both:  117.00 KB

CodeHeap 'non-profiled nmethods': size=120036Kb used=1173Kb max_used=1173Kb free=118862Kb
 bounds [0x00007f613841d000, 0x00007f613868d000, 0x00007f613f956000]
CodeHeap 'profiled nmethods': size=120032Kb used=8740Kb max_used=8740Kb free=111291Kb
 bounds [0x00007f6130ee5000, 0x00007f6131785000, 0x00007f613841d000]
CodeHeap 'non-nmethods': size=5692Kb used=1222Kb max_used=1277Kb free=4469Kb
 bounds [0x00007f6130956000, 0x00007f6130bc6000, 0x00007f6130ee5000]
 total_blobs=5585 nmethods=4049 adapters=503
 compilation: enabled
              stopped_count=0, restarted_count=0
 full_count=0

Compilation events (10 events):
Event: 34.415 Thread 0x00007f6148127000 4555       2       jdk.internal.reflect.ClassFileAssembler::getLength (11 bytes)
Event: 34.415 Thread 0x00007f6148127000 nmethod 4555 0x00007f6131774310 code [0x00007f61317744c0, 0x00007f6131774690]
Event: 34.777 Thread 0x00007f6148127000 4557       2       java.lang.Long::formatUnsignedLong0 (47 bytes)
Event: 34.850 Thread 0x00007f6148127000 nmethod 4557 0x00007f6131774790 code [0x00007f6131774940, 0x00007f6131774b70]
Event: 34.906 Thread 0x00007f6148127000 4558       3       org.eclipse.jdt.internal.compiler.util.SimpleLookupTable::put (104 bytes)
Event: 34.911 Thread 0x00007f6148127000 nmethod 4558 0x00007f6131774d10 code [0x00007f6131774f40, 0x00007f6131775a08]
Event: 35.061 Thread 0x00007f6148127000 4559       1       org.eclipse.jdt.internal.compiler.classfmt.ModuleInfo$PackageExportInfo::targets (5 bytes)
Event: 35.061 Thread 0x00007f6148127000 nmethod 4559 0x00007f6138541f90 code [0x00007f6138542140, 0x00007f6138542270]
Event: 35.101 Thread 0x00007f6148127000 4560       1       org.eclipse.jdt.internal.compiler.classfmt.FieldInfoWithAnnotation::getAnnotations (5 bytes)
Event: 35.101 Thread 0x00007f6148127000 nmethod 4560 0x00007f6138542310 code [0x00007f61385424c0, 0x00007f61385425f0]

GC Heap History (10 events):
Event: 29.460 GC heap after
{Heap after GC invocations=24 (full 0):
 garbage-first heap   total 338944K, used 38320K [0x00000000c0000000, 0x0000000100000000)
  region size 1024K, 4 young (4096K), 4 survivors (4096K)
 Metaspace       used 35246K, capacity 37512K, committed 37864K, reserved 1083392K
  class space    used 3704K, capacity 4550K, committed 4684K, reserved 1048576K
}
Event: 29.810 GC heap before
{Heap before GC invocations=24 (full 0):
 garbage-first heap   total 338944K, used 71088K [0x00000000c0000000, 0x0000000100000000)
  region size 1024K, 37 young (37888K), 4 survivors (4096K)
 Metaspace       used 35247K, capacity 37512K, committed 37864K, reserved 1083392K
  class space    used 3704K, capacity 4550K, committed 4684K, reserved 1048576K
}
Event: 29.955 GC heap after
{Heap after GC invocations=25 (full 0):
 garbage-first heap   total 389120K, used 41904K [0x00000000c0000000, 0x0000000100000000)
  region size 1024K, 4 young (4096K), 4 survivors (4096K)
 Metaspace       used 35247K, capacity 37512K, committed 37864K, reserved 1083392K
  class space    used 3704K, capacity 4550K, committed 4684K, reserved 1048576K
}
Event: 30.385 GC heap before
{Heap before GC invocations=25 (full 0):
 garbage-first heap   total 389120K, used 74672K [0x00000000c0000000, 0x0000000100000000)
  region size 1024K, 37 young (37888K), 4 survivors (4096K)
 Metaspace       used 35249K, capacity 37512K, committed 37864K, reserved 1083392K
  class space    used 3704K, capacity 4550K, committed 4684K, reserved 1048576K
}
Event: 30.518 GC heap after
{Heap after GC invocations=26 (full 0):
 garbage-first heap   total 389120K, used 45568K [0x00000000c0000000, 0x0000000100000000)
  region size 1024K, 4 young (4096K), 4 survivors (4096K)
 Metaspace       used 35249K, capacity 37512K, committed 37864K, reserved 1083392K
  class space    used 3704K, capacity 4550K, committed 4684K, reserved 1048576K
}
Event: 31.015 GC heap before
{Heap before GC invocations=26 (full 0):
 garbage-first heap   total 389120K, used 80384K [0x00000000c0000000, 0x0000000100000000)
  region size 1024K, 38 young (38912K), 4 survivors (4096K)
 Metaspace       used 35306K, capacity 37617K, committed 37864K, reserved 1083392K
  class space    used 3710K, capacity 4585K, committed 4684K, reserved 1048576K
}
Event: 31.257 GC heap after
{Heap after GC invocations=27 (full 0):
 garbage-first heap   total 389120K, used 49664K [0x00000000c0000000, 0x0000000100000000)
  region size 1024K, 4 young (4096K), 4 survivors (4096K)
 Metaspace       used 35306K, capacity 37617K, committed 37864K, reserved 1083392K
  class space    used 3710K, capacity 4585K, committed 4684K, reserved 1048576K
}
Event: 32.669 GC heap before
{Heap before GC invocations=27 (full 0):
 garbage-first heap   total 389120K, used 74240K [0x00000000c0000000, 0x0000000100000000)
  region size 1024K, 28 young (28672K), 4 survivors (4096K)
 Metaspace       used 35911K, capacity 38213K, committed 38376K, reserved 1083392K
  class space    used 3764K, capacity 4654K, committed 4684K, reserved 1048576K
}
Event: 33.009 GC heap after
{Heap after GC invocations=28 (full 0):
 garbage-first heap   total 389120K, used 52736K [0x00000000c0000000, 0x0000000100000000)
  region size 1024K, 3 young (3072K), 3 survivors (3072K)
 Metaspace       used 35911K, capacity 38213K, committed 38376K, reserved 1083392K
  class space    used 3764K, capacity 4654K, committed 4684K, reserved 1048576K
}
Event: 35.568 GC heap before
{Heap before GC invocations=28 (full 0):
 garbage-first heap   total 389120K, used 70144K [0x00000000c0000000, 0x0000000100000000)
  region size 1024K, 19 young (19456K), 3 survivors (3072K)
 Metaspace       used 36144K, capacity 38451K, committed 38760K, reserved 1083392K
  class space    used 3796K, capacity 4690K, committed 4812K, reserved 1048576K
}

Deoptimization events (10 events):
Event: 30.650 Thread 0x00007f611c001800 DEOPT PACKING pc=0x00007f61315cd3c6 sp=0x00007f61117e6cf0
Event: 30.650 Thread 0x00007f611c001800 DEOPT UNPACKING pc=0x00007f613097e7ba sp=0x00007f61117e61a8 mode 0
Event: 30.749 Thread 0x00007f611c001800 DEOPT PACKING pc=0x00007f61315cd3c6 sp=0x00007f61117e6d50
Event: 30.749 Thread 0x00007f611c001800 DEOPT UNPACKING pc=0x00007f613097e7ba sp=0x00007f61117e6208 mode 0
Event: 31.304 Thread 0x00007f611c001800 DEOPT PACKING pc=0x00007f61315cd3c6 sp=0x00007f61117e6e70
Event: 31.304 Thread 0x00007f611c001800 DEOPT UNPACKING pc=0x00007f613097e7ba sp=0x00007f61117e6328 mode 0
Event: 31.800 Thread 0x00007f611c001800 Uncommon trap: trap_request=0xffffff4d fr.pc=0x00007f613851bc74 relative=0x0000000000000974
Event: 31.801 Thread 0x00007f611c001800 Uncommon trap: reason=unstable_if action=reinterpret pc=0x00007f613851bc74 method=org.codehaus.plexus.util.xml.pull.MXParser.nextImpl()I @ 835 c2
Event: 31.807 Thread 0x00007f611c001800 DEOPT PACKING pc=0x00007f613851bc74 sp=0x00007f61117e6d30
Event: 31.807 Thread 0x00007f611c001800 DEOPT UNPACKING pc=0x00007f613097e9a5 sp=0x00007f61117e6ca8 mode 2

Classes redefined (0 events):
No events

Internal exceptions (10 events):
Event: 32.636 Thread 0x00007f611c001800 Exception <a 'sun/nio/fs/UnixException'{0x00000000d65f5ce0}> (0x00000000d65f5ce0) thrown at [/build/openjdk-lts-7bqZff/openjdk-lts-11.0.4+11/src/hotspot/share/prims/jni.cpp, line 615]
Event: 32.636 Thread 0x00007f611c001800 Exception <a 'sun/nio/fs/UnixException'{0x00000000d65f7180}> (0x00000000d65f7180) thrown at [/build/openjdk-lts-7bqZff/openjdk-lts-11.0.4+11/src/hotspot/share/prims/jni.cpp, line 615]
Event: 32.642 Thread 0x00007f611c001800 Exception <a 'sun/nio/fs/UnixException'{0x00000000d65ff7f0}> (0x00000000d65ff7f0) thrown at [/build/openjdk-lts-7bqZff/openjdk-lts-11.0.4+11/src/hotspot/share/prims/jni.cpp, line 615]
Event: 33.145 Thread 0x00007f611c001800 Exception <a 'sun/nio/fs/UnixException'{0x00000000d7bb78c0}> (0x00000000d7bb78c0) thrown at [/build/openjdk-lts-7bqZff/openjdk-lts-11.0.4+11/src/hotspot/share/prims/jni.cpp, line 615]
Event: 33.868 Thread 0x00007f611c001800 Exception <a 'sun/nio/fs/UnixException'{0x00000000d7ae84f0}> (0x00000000d7ae84f0) thrown at [/build/openjdk-lts-7bqZff/openjdk-lts-11.0.4+11/src/hotspot/share/prims/jni.cpp, line 615]
Event: 33.875 Thread 0x00007f611c001800 Exception <a 'sun/nio/fs/UnixException'{0x00000000d7ae99e0}> (0x00000000d7ae99e0) thrown at [/build/openjdk-lts-7bqZff/openjdk-lts-11.0.4+11/src/hotspot/share/prims/jni.cpp, line 615]
Event: 33.877 Thread 0x00007f611c001800 Exception <a 'sun/nio/fs/UnixException'{0x00000000d7aeaa58}> (0x00000000d7aeaa58) thrown at [/build/openjdk-lts-7bqZff/openjdk-lts-11.0.4+11/src/hotspot/share/prims/jni.cpp, line 615]
Event: 33.877 Thread 0x00007f611c001800 Exception <a 'sun/nio/fs/UnixException'{0x00000000d7aeba88}> (0x00000000d7aeba88) thrown at [/build/openjdk-lts-7bqZff/openjdk-lts-11.0.4+11/src/hotspot/share/prims/jni.cpp, line 615]
Event: 33.911 Thread 0x00007f611c001800 Exception <a 'sun/nio/fs/UnixException'{0x00000000d7aed828}> (0x00000000d7aed828) thrown at [/build/openjdk-lts-7bqZff/openjdk-lts-11.0.4+11/src/hotspot/share/prims/jni.cpp, line 615]
Event: 34.338 Thread 0x00007f611c001800 Exception <a 'sun/nio/fs/UnixException'{0x00000000d787fde0}> (0x00000000d787fde0) thrown at [/build/openjdk-lts-7bqZff/openjdk-lts-11.0.4+11/src/hotspot/share/prims/jni.cpp, line 615]

Events (10 events):
Event: 35.014 loading class org/eclipse/m2e/core/embedder/IMavenExecutionContext done
Event: 35.018 loading class org/eclipse/m2e/core/internal/project/registry/ProjectRegistryManager
Event: 35.018 loading class org/eclipse/m2e/core/internal/project/registry/ProjectRegistryManager done
Event: 35.212 Executing VM operation: BulkRevokeBias
Event: 35.271 Executing VM operation: BulkRevokeBias done
Event: 35.271 Executing VM operation: RevokeBias
Event: 35.271 Executing VM operation: RevokeBias done
Event: 35.271 Executing VM operation: RevokeBias
Event: 35.272 Executing VM operation: RevokeBias done
Event: 35.519 Executing VM operation: G1CollectForAllocation


Dynamic libraries:
c0000000-d7c00000 rw-p 00000000 00:00 0 
e3e00000-100000000 ---p 00000000 00:00 0 
800000000-800002000 rwxp 00001000 08:01 528999                           /usr/lib/jvm/java-11-openjdk-amd64/lib/server/classes.jsa
800002000-8003bd000 rw-p 00003000 08:01 528999                           /usr/lib/jvm/java-11-openjdk-amd64/lib/server/classes.jsa
8003bd000-800a8a000 r--p 003be000 08:01 528999                           /usr/lib/jvm/java-11-openjdk-amd64/lib/server/classes.jsa
800a8a000-800a8b000 rw-p 00a8b000 08:01 528999                           /usr/lib/jvm/java-11-openjdk-amd64/lib/server/classes.jsa
800a8b000-80109d000 r--p 00a8c000 08:01 528999                           /usr/lib/jvm/java-11-openjdk-amd64/lib/server/classes.jsa
840000000-8404b3000 rw-p 00000000 00:00 0 
8404b3000-880000000 ---p 00000000 00:00 0 
555cdea22000-555cdea23000 r-xp 00000000 08:01 657486                     /usr/lib/jvm/java-11-openjdk-amd64/bin/java
555cdec23000-555cdec24000 r--p 00001000 08:01 657486                     /usr/lib/jvm/java-11-openjdk-amd64/bin/java
555cdec24000-555cdec25000 rw-p 00002000 08:01 657486                     /usr/lib/jvm/java-11-openjdk-amd64/bin/java
555cdff51000-555cdff72000 rw-p 00000000 00:00 0                          [heap]
7f6103045000-7f6103185000 rw-p 00000000 00:00 0 
7f6103185000-7f6103245000 ---p 00000000 00:00 0 
7f6103455000-7f610363c000 rw-p 00000000 00:00 0 
7f610363c000-7f6103655000 ---p 00000000 00:00 0 
7f6103655000-7f610bcff000 r--s 00000000 08:01 528883                     /usr/lib/jvm/java-11-openjdk-amd64/lib/modules
7f610bcff000-7f610bd03000 ---p 00000000 00:00 0 
7f610bd03000-7f610c000000 rw-p 00000000 00:00 0 
7f610c000000-7f610c333000 rw-p 00000000 00:00 0 
7f610c333000-7f6110000000 ---p 00000000 00:00 0 
7f61100e4000-7f61100e8000 ---p 00000000 00:00 0 
7f61100e8000-7f61103e5000 rw-p 00000000 00:00 0 
7f61103e5000-7f61103e9000 ---p 00000000 00:00 0 
7f61103e9000-7f61106e6000 rw-p 00000000 00:00 0 
7f61106e6000-7f61108e6000 rw-p 00000000 00:00 0 
7f61108e6000-7f6110ae6000 rw-p 00000000 00:00 0 
7f6110ae6000-7f6110ce6000 rw-p 00000000 00:00 0 
7f6110ce6000-7f6110ee6000 rw-p 00000000 00:00 0 
7f6110ee6000-7f61110e6000 rw-p 00000000 00:00 0 
7f61110e6000-7f61112e6000 rw-p 00000000 00:00 0 
7f61112e6000-7f61112ea000 ---p 00000000 00:00 0 
7f61112ea000-7f61113e7000 rw-p 00000000 00:00 0 
7f61113e7000-7f61113eb000 ---p 00000000 00:00 0 
7f61113eb000-7f61116e8000 rw-p 00000000 00:00 0 
7f61116e8000-7f61116ec000 ---p 00000000 00:00 0 
7f61116ec000-7f61117e9000 rw-p 00000000 00:00 0 
7f61117e9000-7f61117ed000 ---p 00000000 00:00 0 
7f61117ed000-7f61118ea000 rw-p 00000000 00:00 0 
7f61118ea000-7f61118ee000 ---p 00000000 00:00 0 
7f61118ee000-7f6111beb000 rw-p 00000000 00:00 0 
7f6111beb000-7f6111bfb000 r-xp 00000000 08:01 531016                     /home/jackson/.vscode/extensions/redhat.java-0.54.2/server/config_linux/org.eclipse.equinox.launcher/org.eclipse.equinox.launcher.gtk.linux.x86_64_1.1.1100.v20190907-0426/eclipse_1801.so
7f6111bfb000-7f6111dfa000 ---p 00010000 08:01 531016                     /home/jackson/.vscode/extensions/redhat.java-0.54.2/server/config_linux/org.eclipse.equinox.launcher/org.eclipse.equinox.launcher.gtk.linux.x86_64_1.1.1100.v20190907-0426/eclipse_1801.so
7f6111dfa000-7f6111dfb000 r--p 0000f000 08:01 531016                     /home/jackson/.vscode/extensions/redhat.java-0.54.2/server/config_linux/org.eclipse.equinox.launcher/org.eclipse.equinox.launcher.gtk.linux.x86_64_1.1.1100.v20190907-0426/eclipse_1801.so
7f6111dfb000-7f6111dfc000 rw-p 00010000 08:01 531016                     /home/jackson/.vscode/extensions/redhat.java-0.54.2/server/config_linux/org.eclipse.equinox.launcher/org.eclipse.equinox.launcher.gtk.linux.x86_64_1.1.1100.v20190907-0426/eclipse_1801.so
7f6111dfc000-7f6111e00000 ---p 00000000 00:00 0 
7f6111e00000-7f6111efd000 rw-p 00000000 00:00 0 
7f6111efd000-7f6111f01000 ---p 00000000 00:00 0 
7f6111f01000-7f6111ffe000 rw-p 00000000 00:00 0 
7f6111ffe000-7f6112002000 ---p 00000000 00:00 0 
7f6112002000-7f61120ff000 rw-p 00000000 00:00 0 
7f61120ff000-7f6112115000 r-xp 00000000 08:01 528873                     /usr/lib/jvm/java-11-openjdk-amd64/lib/libnet.so
7f6112115000-7f6112314000 ---p 00016000 08:01 528873                     /usr/lib/jvm/java-11-openjdk-amd64/lib/libnet.so
7f6112314000-7f6112315000 r--p 00015000 08:01 528873                     /usr/lib/jvm/java-11-openjdk-amd64/lib/libnet.so
7f6112315000-7f6112316000 rw-p 00016000 08:01 528873                     /usr/lib/jvm/java-11-openjdk-amd64/lib/libnet.so
7f6112316000-7f6112326000 r-xp 00000000 08:01 528874                     /usr/lib/jvm/java-11-openjdk-amd64/lib/libnio.so
7f6112326000-7f6112525000 ---p 00010000 08:01 528874                     /usr/lib/jvm/java-11-openjdk-amd64/lib/libnio.so
7f6112525000-7f6112526000 r--p 0000f000 08:01 528874                     /usr/lib/jvm/java-11-openjdk-amd64/lib/libnio.so
7f6112526000-7f6112527000 rw-p 00010000 08:01 528874                     /usr/lib/jvm/java-11-openjdk-amd64/lib/libnio.so
7f6112527000-7f6112528000 ---p 00000000 00:00 0 
7f6112528000-7f6112629000 rw-p 00000000 00:00 0 
7f6112629000-7f611262d000 ---p 00000000 00:00 0 
7f611262d000-7f611272a000 rw-p 00000000 00:00 0 
7f611272a000-7f611272e000 ---p 00000000 00:00 0 
7f611272e000-7f611282b000 rw-p 00000000 00:00 0 
7f611282b000-7f611282f000 ---p 00000000 00:00 0 
7f611282f000-7f611292c000 rw-p 00000000 00:00 0 
7f611292c000-7f6112930000 ---p 00000000 00:00 0 
7f6112930000-7f6112a2d000 rw-p 00000000 00:00 0 
7f6112a2d000-7f6112a31000 ---p 00000000 00:00 0 
7f6112a31000-7f6112b2e000 rw-p 00000000 00:00 0 
7f6112b2e000-7f6112b32000 ---p 00000000 00:00 0 
7f6112b32000-7f6112c2f000 rw-p 00000000 00:00 0 
7f6112c2f000-7f61135fe000 r--p 00000000 08:01 662135                     /usr/lib/locale/locale-archive
7f61135fe000-7f6113602000 ---p 00000000 00:00 0 
7f6113602000-7f61136ff000 rw-p 00000000 00:00 0 
7f61136ff000-7f6113703000 ---p 00000000 00:00 0 
7f6113703000-7f6114000000 rw-p 00000000 00:00 0 
7f6114000000-7f6116a61000 rw-p 00000000 00:00 0 
7f6116a61000-7f6118000000 ---p 00000000 00:00 0 
7f6118000000-7f61182b3000 rw-p 00000000 00:00 0 
7f61182b3000-7f611c000000 ---p 00000000 00:00 0 
7f611c000000-7f611c043000 rw-p 00000000 00:00 0 
7f611c043000-7f6120000000 ---p 00000000 00:00 0 
7f6120000000-7f6120c54000 rw-p 00000000 00:00 0 
7f6120c54000-7f6124000000 ---p 00000000 00:00 0 
7f6124000000-7f6124211000 rw-p 00000000 00:00 0 
7f6124211000-7f6128000000 ---p 00000000 00:00 0 
7f6128000000-7f612a5f0000 rw-p 00000000 00:00 0 
7f612a5f0000-7f612b000000 ---p 00000000 00:00 0 
7f612b000000-7f612b5f0000 rw-p 00000000 00:00 0 
7f612b5f0000-7f612c000000 ---p 00000000 00:00 0 
7f612c000000-7f612c066000 rw-p 00000000 00:00 0 
7f612c066000-7f6130000000 ---p 00000000 00:00 0 
7f61300ca000-7f61300cb000 ---p 00000000 00:00 0 
7f61300cb000-7f613024d000 rw-p 00000000 00:00 0 
7f613024d000-7f613024e000 ---p 00000000 00:00 0 
7f613024e000-7f613034f000 rw-p 00000000 00:00 0 
7f613034f000-7f6130350000 ---p 00000000 00:00 0 
7f6130350000-7f6130451000 rw-p 00000000 00:00 0 
7f6130451000-7f6130452000 ---p 00000000 00:00 0 
7f6130452000-7f6130654000 rw-p 00000000 00:00 0 
7f6130654000-7f6130655000 ---p 00000000 00:00 0 
7f6130655000-7f6130814000 rw-p 00000000 00:00 0 
7f6130814000-7f6130956000 ---p 00000000 00:00 0 
7f6130956000-7f6130bc6000 rwxp 00000000 00:00 0 
7f6130bc6000-7f6130ee5000 ---p 00000000 00:00 0 
7f6130ee5000-7f6131785000 rwxp 00000000 00:00 0 
7f6131785000-7f613841d000 ---p 00000000 00:00 0 
7f613841d000-7f613868d000 rwxp 00000000 00:00 0 
7f613868d000-7f613f956000 ---p 00000000 00:00 0 
7f613f956000-7f6148000000 r--s 00000000 08:01 528883                     /usr/lib/jvm/java-11-openjdk-amd64/lib/modules
7f6148000000-7f61484d1000 rw-p 00000000 00:00 0 
7f61484d1000-7f614c000000 ---p 00000000 00:00 0 
7f614c00a000-7f614c00b000 ---p 00000000 00:00 0 
7f614c00b000-7f614c1ca000 rw-p 00000000 00:00 0 
7f614c1ca000-7f614c30c000 ---p 00000000 00:00 0 
7f614c30c000-7f614c3ca000 rw-p 00000000 00:00 0 
7f614c3ca000-7f614c50c000 ---p 00000000 00:00 0 
7f614c50c000-7f614c60d000 rw-p 00000000 00:00 0 
7f614c60d000-7f614c60e000 ---p 00000000 00:00 0 
7f614c60e000-7f614c714000 rw-p 00000000 00:00 0 
7f614c714000-7f614c7fa000 ---p 00000000 00:00 0 
7f614c7fa000-7f614c80c000 rw-p 00000000 00:00 0 
7f614c80c000-7f614c8e5000 ---p 00000000 00:00 0 
7f614c8e5000-7f614c8ea000 r-xp 00000000 08:01 528865                     /usr/lib/jvm/java-11-openjdk-amd64/lib/libjimage.so
7f614c8ea000-7f614cae9000 ---p 00005000 08:01 528865                     /usr/lib/jvm/java-11-openjdk-amd64/lib/libjimage.so
7f614cae9000-7f614caea000 r--p 00004000 08:01 528865                     /usr/lib/jvm/java-11-openjdk-amd64/lib/libjimage.so
7f614caea000-7f614caeb000 rw-p 00005000 08:01 528865                     /usr/lib/jvm/java-11-openjdk-amd64/lib/libjimage.so
7f614caeb000-7f614caf2000 r-xp 00000000 08:01 528882                     /usr/lib/jvm/java-11-openjdk-amd64/lib/libzip.so
7f614caf2000-7f614ccf1000 ---p 00007000 08:01 528882                     /usr/lib/jvm/java-11-openjdk-amd64/lib/libzip.so
7f614ccf1000-7f614ccf2000 r--p 00006000 08:01 528882                     /usr/lib/jvm/java-11-openjdk-amd64/lib/libzip.so
7f614ccf2000-7f614ccf3000 rw-p 00007000 08:01 528882                     /usr/lib/jvm/java-11-openjdk-amd64/lib/libzip.so
7f614ccf3000-7f614ccfe000 r-xp 00000000 08:01 1186092                    /lib/x86_64-linux-gnu/libnss_files-2.27.so
7f614ccfe000-7f614cefd000 ---p 0000b000 08:01 1186092                    /lib/x86_64-linux-gnu/libnss_files-2.27.so
7f614cefd000-7f614cefe000 r--p 0000a000 08:01 1186092                    /lib/x86_64-linux-gnu/libnss_files-2.27.so
7f614cefe000-7f614ceff000 rw-p 0000b000 08:01 1186092                    /lib/x86_64-linux-gnu/libnss_files-2.27.so
7f614ceff000-7f614cf05000 rw-p 00000000 00:00 0 
7f614cf05000-7f614cf1c000 r-xp 00000000 08:01 1186086                    /lib/x86_64-linux-gnu/libnsl-2.27.so
7f614cf1c000-7f614d11b000 ---p 00017000 08:01 1186086                    /lib/x86_64-linux-gnu/libnsl-2.27.so
7f614d11b000-7f614d11c000 r--p 00016000 08:01 1186086                    /lib/x86_64-linux-gnu/libnsl-2.27.so
7f614d11c000-7f614d11d000 rw-p 00017000 08:01 1186086                    /lib/x86_64-linux-gnu/libnsl-2.27.so
7f614d11d000-7f614d11f000 rw-p 00000000 00:00 0 
7f614d11f000-7f614d12a000 r-xp 00000000 08:01 1186103                    /lib/x86_64-linux-gnu/libnss_nis-2.27.so
7f614d12a000-7f614d329000 ---p 0000b000 08:01 1186103                    /lib/x86_64-linux-gnu/libnss_nis-2.27.so
7f614d329000-7f614d32a000 r--p 0000a000 08:01 1186103                    /lib/x86_64-linux-gnu/libnss_nis-2.27.so
7f614d32a000-7f614d32b000 rw-p 0000b000 08:01 1186103                    /lib/x86_64-linux-gnu/libnss_nis-2.27.so
7f614d32b000-7f614d333000 r-xp 00000000 08:01 1186088                    /lib/x86_64-linux-gnu/libnss_compat-2.27.so
7f614d333000-7f614d533000 ---p 00008000 08:01 1186088                    /lib/x86_64-linux-gnu/libnss_compat-2.27.so
7f614d533000-7f614d534000 r--p 00008000 08:01 1186088                    /lib/x86_64-linux-gnu/libnss_compat-2.27.so
7f614d534000-7f614d535000 rw-p 00009000 08:01 1186088                    /lib/x86_64-linux-gnu/libnss_compat-2.27.so
7f614d535000-7f614d55e000 r-xp 00000000 08:01 528861                     /usr/lib/jvm/java-11-openjdk-amd64/lib/libjava.so
7f614d55e000-7f614d75d000 ---p 00029000 08:01 528861                     /usr/lib/jvm/java-11-openjdk-amd64/lib/libjava.so
7f614d75d000-7f614d75e000 r--p 00028000 08:01 528861                     /usr/lib/jvm/java-11-openjdk-amd64/lib/libjava.so
7f614d75e000-7f614d760000 rw-p 00029000 08:01 528861                     /usr/lib/jvm/java-11-openjdk-amd64/lib/libjava.so
7f614d760000-7f614d76d000 r-xp 00000000 08:01 528881                     /usr/lib/jvm/java-11-openjdk-amd64/lib/libverify.so
7f614d76d000-7f614d96c000 ---p 0000d000 08:01 528881                     /usr/lib/jvm/java-11-openjdk-amd64/lib/libverify.so
7f614d96c000-7f614d96e000 r--p 0000c000 08:01 528881                     /usr/lib/jvm/java-11-openjdk-amd64/lib/libverify.so
7f614d96e000-7f614d96f000 rw-p 0000e000 08:01 528881                     /usr/lib/jvm/java-11-openjdk-amd64/lib/libverify.so
7f614d96f000-7f614d976000 r-xp 00000000 08:01 1186143                    /lib/x86_64-linux-gnu/librt-2.27.so
7f614d976000-7f614db75000 ---p 00007000 08:01 1186143                    /lib/x86_64-linux-gnu/librt-2.27.so
7f614db75000-7f614db76000 r--p 00006000 08:01 1186143                    /lib/x86_64-linux-gnu/librt-2.27.so
7f614db76000-7f614db77000 rw-p 00007000 08:01 1186143                    /lib/x86_64-linux-gnu/librt-2.27.so
7f614db77000-7f614db8e000 r-xp 00000000 08:01 1186039                    /lib/x86_64-linux-gnu/libgcc_s.so.1
7f614db8e000-7f614dd8d000 ---p 00017000 08:01 1186039                    /lib/x86_64-linux-gnu/libgcc_s.so.1
7f614dd8d000-7f614dd8e000 r--p 00016000 08:01 1186039                    /lib/x86_64-linux-gnu/libgcc_s.so.1
7f614dd8e000-7f614dd8f000 rw-p 00017000 08:01 1186039                    /lib/x86_64-linux-gnu/libgcc_s.so.1
7f614dd8f000-7f614df2c000 r-xp 00000000 08:01 1186065                    /lib/x86_64-linux-gnu/libm-2.27.so
7f614df2c000-7f614e12b000 ---p 0019d000 08:01 1186065                    /lib/x86_64-linux-gnu/libm-2.27.so
7f614e12b000-7f614e12c000 r--p 0019c000 08:01 1186065                    /lib/x86_64-linux-gnu/libm-2.27.so
7f614e12c000-7f614e12d000 rw-p 0019d000 08:01 1186065                    /lib/x86_64-linux-gnu/libm-2.27.so
7f614e12d000-7f614e2a6000 r-xp 00000000 08:01 667166                     /usr/lib/x86_64-linux-gnu/libstdc++.so.6.0.25
7f614e2a6000-7f614e4a6000 ---p 00179000 08:01 667166                     /usr/lib/x86_64-linux-gnu/libstdc++.so.6.0.25
7f614e4a6000-7f614e4b0000 r--p 00179000 08:01 667166                     /usr/lib/x86_64-linux-gnu/libstdc++.so.6.0.25
7f614e4b0000-7f614e4b2000 rw-p 00183000 08:01 667166                     /usr/lib/x86_64-linux-gnu/libstdc++.so.6.0.25
7f614e4b2000-7f614e4b6000 rw-p 00000000 00:00 0 
7f614e4b6000-7f614f582000 r-xp 00000000 08:01 528888                     /usr/lib/jvm/java-11-openjdk-amd64/lib/server/libjvm.so
7f614f582000-7f614f781000 ---p 010cc000 08:01 528888                     /usr/lib/jvm/java-11-openjdk-amd64/lib/server/libjvm.so
7f614f781000-7f614f83e000 r--p 010cb000 08:01 528888                     /usr/lib/jvm/java-11-openjdk-amd64/lib/server/libjvm.so
7f614f83e000-7f614f877000 rw-p 01188000 08:01 528888                     /usr/lib/jvm/java-11-openjdk-amd64/lib/server/libjvm.so
7f614f877000-7f614f8cd000 rw-p 00000000 00:00 0 
7f614f8cd000-7f614f8e7000 r-xp 00000000 08:01 1186135                    /lib/x86_64-linux-gnu/libpthread-2.27.so
7f614f8e7000-7f614fae6000 ---p 0001a000 08:01 1186135                    /lib/x86_64-linux-gnu/libpthread-2.27.so
7f614fae6000-7f614fae7000 r--p 00019000 08:01 1186135                    /lib/x86_64-linux-gnu/libpthread-2.27.so
7f614fae7000-7f614fae8000 rw-p 0001a000 08:01 1186135                    /lib/x86_64-linux-gnu/libpthread-2.27.so
7f614fae8000-7f614faec000 rw-p 00000000 00:00 0 
7f614faec000-7f614faef000 r-xp 00000000 08:01 1186025                    /lib/x86_64-linux-gnu/libdl-2.27.so
7f614faef000-7f614fcee000 ---p 00003000 08:01 1186025                    /lib/x86_64-linux-gnu/libdl-2.27.so
7f614fcee000-7f614fcef000 r--p 00002000 08:01 1186025                    /lib/x86_64-linux-gnu/libdl-2.27.so
7f614fcef000-7f614fcf0000 rw-p 00003000 08:01 1186025                    /lib/x86_64-linux-gnu/libdl-2.27.so
7f614fcf0000-7f614fd0c000 r-xp 00000000 08:01 1186174                    /lib/x86_64-linux-gnu/libz.so.1.2.11
7f614fd0c000-7f614ff0b000 ---p 0001c000 08:01 1186174                    /lib/x86_64-linux-gnu/libz.so.1.2.11
7f614ff0b000-7f614ff0c000 r--p 0001b000 08:01 1186174                    /lib/x86_64-linux-gnu/libz.so.1.2.11
7f614ff0c000-7f614ff0d000 rw-p 0001c000 08:01 1186174                    /lib/x86_64-linux-gnu/libz.so.1.2.11
7f614ff0d000-7f61500f4000 r-xp 00000000 08:01 1186002                    /lib/x86_64-linux-gnu/libc-2.27.so
7f61500f4000-7f61502f4000 ---p 001e7000 08:01 1186002                    /lib/x86_64-linux-gnu/libc-2.27.so
7f61502f4000-7f61502f8000 r--p 001e7000 08:01 1186002                    /lib/x86_64-linux-gnu/libc-2.27.so
7f61502f8000-7f61502fa000 rw-p 001eb000 08:01 1186002                    /lib/x86_64-linux-gnu/libc-2.27.so
7f61502fa000-7f61502fe000 rw-p 00000000 00:00 0 
7f61502fe000-7f615030e000 r-xp 00000000 08:01 528845                     /usr/lib/jvm/java-11-openjdk-amd64/lib/jli/libjli.so
7f615030e000-7f615050d000 ---p 00010000 08:01 528845                     /usr/lib/jvm/java-11-openjdk-amd64/lib/jli/libjli.so
7f615050d000-7f615050e000 r--p 0000f000 08:01 528845                     /usr/lib/jvm/java-11-openjdk-amd64/lib/jli/libjli.so
7f615050e000-7f615050f000 rw-p 00010000 08:01 528845                     /usr/lib/jvm/java-11-openjdk-amd64/lib/jli/libjli.so
7f615050f000-7f6150536000 r-xp 00000000 08:01 1185974                    /lib/x86_64-linux-gnu/ld-2.27.so
7f6150572000-7f6150576000 ---p 00000000 00:00 0 
7f6150576000-7f6150617000 rw-p 00000000 00:00 0 
7f6150617000-7f615061e000 ---p 00000000 00:00 0 
7f615061e000-7f6150622000 ---p 00000000 00:00 0 
7f6150622000-7f6150721000 rw-p 00000000 00:00 0 
7f6150728000-7f615072a000 r--s 00007000 08:01 943479                     /usr/share/java/java-atk-wrapper.jar
7f615072a000-7f6150732000 rw-s 00000000 08:01 533239                     /tmp/hsperfdata_jackson/4111
7f6150732000-7f6150733000 ---p 00000000 00:00 0 
7f6150733000-7f6150734000 r--p 00000000 00:00 0 
7f6150734000-7f6150736000 rw-p 00000000 00:00 0 
7f6150736000-7f6150737000 r--p 00027000 08:01 1185974                    /lib/x86_64-linux-gnu/ld-2.27.so
7f6150737000-7f6150738000 rw-p 00028000 08:01 1185974                    /lib/x86_64-linux-gnu/ld-2.27.so
7f6150738000-7f6150739000 rw-p 00000000 00:00 0 
7ffeb2f4d000-7ffeb2f6e000 rw-p 00000000 00:00 0                          [stack]
7ffeb2fce000-7ffeb2fd1000 r--p 00000000 00:00 0                          [vvar]
7ffeb2fd1000-7ffeb2fd2000 r-xp 00000000 00:00 0                          [vdso]
ffffffffff600000-ffffffffff601000 r-xp 00000000 00:00 0                  [vsyscall]


VM Arguments:
jvm_args: --add-modules=ALL-SYSTEM --add-opens=java.base/java.util=ALL-UNNAMED --add-opens=java.base/java.lang=ALL-UNNAMED -Declipse.application=org.eclipse.jdt.ls.core.id1 -Dosgi.bundles.defaultStartLevel=4 -Declipse.product=org.eclipse.jdt.ls.core.product -Dfile.encoding=utf8 -Xverify:none -Xmx1G -XX:+UseG1GC -XX:+UseStringDeduplication 
java_command: /home/jackson/.vscode/extensions/redhat.java-0.54.2/server/plugins/org.eclipse.equinox.launcher_1.5.600.v20191014-2022.jar -configuration /home/jackson/.vscode/extensions/redhat.java-0.54.2/server/config_linux -data /home/jackson/.config/Code/User/workspaceStorage/12e3aee23846e241e61f4009526939a1/redhat.java/jdt_ws
java_class_path (initial): /home/jackson/.vscode/extensions/redhat.java-0.54.2/server/plugins/org.eclipse.equinox.launcher_1.5.600.v20191014-2022.jar
Launcher Type: SUN_STANDARD

[Global flags]
     bool BytecodeVerificationLocal                = false                                     {product} {command line}
     bool BytecodeVerificationRemote               = false                                     {product} {command line}
     intx CICompilerCount                          = 2                                         {product} {ergonomic}
     uint ConcGCThreads                            = 1                                         {product} {ergonomic}
     uint G1ConcRefinementThreads                  = 1                                         {product} {ergonomic}
   size_t G1HeapRegionSize                         = 1048576                                   {product} {ergonomic}
    uintx GCDrainStackTargetSize                   = 64                                        {product} {ergonomic}
   size_t InitialHeapSize                          = 65011712                                  {product} {ergonomic}
   size_t MarkStackSize                            = 4194304                                   {product} {ergonomic}
   size_t MaxHeapSize                              = 1073741824                                {product} {command line}
   size_t MaxNewSize                               = 643825664                                 {product} {ergonomic}
   size_t MinHeapDeltaBytes                        = 1048576                                   {product} {ergonomic}
    uintx NonNMethodCodeHeapSize                   = 5824844                                {pd product} {ergonomic}
    uintx NonProfiledCodeHeapSize                  = 122916698                              {pd product} {ergonomic}
    uintx ProfiledCodeHeapSize                     = 122916698                              {pd product} {ergonomic}
    uintx ReservedCodeCacheSize                    = 251658240                              {pd product} {ergonomic}
     bool SegmentedCodeCache                       = true                                      {product} {ergonomic}
     bool UseCompressedClassPointers               = true                                 {lp64_product} {ergonomic}
     bool UseCompressedOops                        = true                                 {lp64_product} {ergonomic}
     bool UseG1GC                                  = true                                      {product} {command line}
     bool UseStringDeduplication                   = true                                      {product} {command line}

Logging:
Log output configuration:
 #0: stdout all=warning uptime,level,tags
 #1: stderr all=off uptime,level,tags

Environment Variables:
JAVA_HOME=/usr/lib/jvm/java-11-openjdk-amd64/
PATH=/usr/lib/jvm/java-11-openjdk-amd64/:bin:/home/jackson/Documents/apache-maven-3.6.3:bin:/usr/local/sbin:/usr/local/bin:/usr/sbin:/usr/bin:/sbin:/bin:/usr/games:/usr/local/games:/snap/bin
USERNAME=jackson
SHELL=/bin/bash
DISPLAY=:0

Signal Handlers:
SIGSEGV: [libjvm.so+0xde5f50], sa_mask[0]=11111111011111111101111111111110, sa_flags=SA_RESTART|SA_SIGINFO
SIGBUS: [libjvm.so+0xde5f50], sa_mask[0]=11111111011111111101111111111110, sa_flags=SA_RESTART|SA_SIGINFO
SIGFPE: [libjvm.so+0xde5f50], sa_mask[0]=11111111011111111101111111111110, sa_flags=SA_RESTART|SA_SIGINFO
SIGPIPE: [libjvm.so+0xbba5b0], sa_mask[0]=11111111011111111101111111111110, sa_flags=SA_RESTART|SA_SIGINFO
SIGXFSZ: [libjvm.so+0xbba5b0], sa_mask[0]=11111111011111111101111111111110, sa_flags=SA_RESTART|SA_SIGINFO
SIGILL: [libjvm.so+0xde5f50], sa_mask[0]=11111111011111111101111111111110, sa_flags=SA_RESTART|SA_SIGINFO
SIGUSR2: [libjvm.so+0xbba450], sa_mask[0]=00000000000000000000000000000000, sa_flags=SA_RESTART|SA_SIGINFO
SIGHUP: [libjvm.so+0xbba7b0], sa_mask[0]=11111111011111111101111111111110, sa_flags=SA_RESTART|SA_SIGINFO
SIGINT: [libjvm.so+0xbba7b0], sa_mask[0]=11111111011111111101111111111110, sa_flags=SA_RESTART|SA_SIGINFO
SIGTERM: [libjvm.so+0xbba7b0], sa_mask[0]=11111111011111111101111111111110, sa_flags=SA_RESTART|SA_SIGINFO
SIGQUIT: [libjvm.so+0xbba7b0], sa_mask[0]=11111111011111111101111111111110, sa_flags=SA_RESTART|SA_SIGINFO


---------------  S Y S T E M  ---------------

OS:DISTRIB_ID=Ubuntu
DISTRIB_RELEASE=18.04
DISTRIB_CODENAME=bionic
DISTRIB_DESCRIPTION="Ubuntu 18.04.3 LTS"
uname:Linux 5.0.0-37-generic #40~18.04.1-Ubuntu SMP Thu Nov 14 12:06:39 UTC 2019 x86_64
libc:glibc 2.27 NPTL 2.27 
rlimit: STACK 8192k, CORE 0k, NPROC 15581, NOFILE 1048576, AS infinity, DATA infinity, FSIZE infinity
load average:4.51 1.55 0.96

/proc/meminfo:
MemTotal:        4037260 kB
MemFree:          116112 kB
MemAvailable:      27532 kB
Buffers:            3392 kB
Cached:           176404 kB
SwapCached:        25432 kB
Active:          3065616 kB
Inactive:         626616 kB
Active(anon):    3053440 kB
Inactive(anon):   610852 kB
Active(file):      12176 kB
Inactive(file):    15764 kB
Unevictable:          48 kB
Mlocked:              48 kB
SwapTotal:        969960 kB
SwapFree:              0 kB
Dirty:               600 kB
Writeback:             0 kB
AnonPages:       3487260 kB
Mapped:           143496 kB
Shmem:            151848 kB
KReclaimable:      32200 kB
Slab:              75396 kB
SReclaimable:      32200 kB
SUnreclaim:        43196 kB
KernelStack:       16496 kB
PageTables:        63432 kB
NFS_Unstable:          0 kB
Bounce:                0 kB
WritebackTmp:          0 kB
CommitLimit:     2988588 kB
Committed_AS:   11807312 kB
VmallocTotal:   34359738367 kB
VmallocUsed:           0 kB
VmallocChunk:          0 kB
Percpu:              316 kB
HardwareCorrupted:     0 kB
AnonHugePages:         0 kB
ShmemHugePages:        0 kB
ShmemPmdMapped:        0 kB
CmaTotal:              0 kB
CmaFree:               0 kB
HugePages_Total:       0
HugePages_Free:        0
HugePages_Rsvd:        0
HugePages_Surp:        0
Hugepagesize:       2048 kB
Hugetlb:               0 kB
DirectMap4k:      208832 kB
DirectMap2M:     3985408 kB


/proc/sys/kernel/threads-max (system-wide limit on the number of threads):
31163


/proc/sys/vm/max_map_count (maximum number of memory map areas a process may have):
65530


/proc/sys/kernel/pid_max (system-wide limit on number of process identifiers):
32768



container (cgroup) information:
container_type: cgroupv1
cpu_cpuset_cpus: 0
cpu_memory_nodes: 0
active_processor_count: 1
cpu_quota: -1
cpu_period: 100000
cpu_shares: -1
memory_limit_in_bytes: -1
memory_and_swap_limit_in_bytes: -2
memory_soft_limit_in_bytes: -1
memory_usage_in_bytes: 3775885312
memory_max_usage_in_bytes: 26636288

Steal ticks since vm start: 0
Steal ticks percentage since vm start:  0.000

CPU:total 1 (initial active 1) (1 cores per cpu, 1 threads per core) family 6 model 158 stepping 10, cmov, cx8, fxsr, mmx, sse, sse2, sse3, ssse3, sse4.1, sse4.2, popcnt, avx, avx2, aes, clmul, 3dnowpref, lzcnt, tsc, tscinvbit
CPU Model and flags from /proc/cpuinfo:
model name	: Intel(R) Core(TM) i5-8600K CPU @ 3.60GHz
flags		: fpu vme de pse tsc msr pae mce cx8 apic sep mtrr pge mca cmov pat pse36 clflush mmx fxsr sse sse2 ht syscall nx rdtscp lm constant_tsc rep_good nopl xtopology nonstop_tsc cpuid tsc_known_freq pni pclmulqdq monitor ssse3 cx16 pcid sse4_1 sse4_2 x2apic movbe popcnt aes xsave avx rdrand hypervisor lahf_lm abm 3dnowprefetch invpcid_single pti fsgsbase avx2 invpcid rdseed clflushopt flush_l1d

Memory: 4k page, physical 4037260k(115860k free), swap 969960k(0k free)

vm_info: OpenJDK 64-Bit Server VM (11.0.4+11-post-Ubuntu-1ubuntu218.04.3) for linux-amd64 JRE (11.0.4+11-post-Ubuntu-1ubuntu218.04.3), built on Jul 18 2019 18:21:46 by "buildd" with gcc 7.4.0

END.
