#
# There is insufficient memory for the Java Runtime Environment to continue.
# Native memory allocation (mmap) failed to map 177209344 bytes for committing reserved memory.
# Possible reasons:
#   The system is out of physical RAM or swap space
#   The process is running with CompressedOops enabled, and the Java Heap may be blocking the growth of the native heap
# Possible solutions:
#   Reduce memory load on the system
#   Increase physical memory or swap space
#   Check if swap backing store is full
#   Decrease Java heap size (-Xmx/-Xms)
#   Decrease number of Java threads
#   Decrease Java thread stack sizes (-Xss)
#   Set larger code cache with -XX:ReservedCodeCacheSize=
#   JVM is running with Unscaled Compressed Oops mode in which the Java heap is
#     placed in the first 4GB address space. The Java Heap base address is the
#     maximum limit for the native heap growth. Please use -XX:HeapBaseMinAddress
#     to set the Java Heap base and to place the Java Heap above 4GB virtual address.
# This output file may be truncated or incomplete.
#
#  Out of Memory Error (os_linux.cpp:2893), pid=4217, tid=4225
#
# JRE version: OpenJDK Runtime Environment (11.0.4+11) (build 11.0.4+11-post-Ubuntu-1ubuntu218.04.3)
# Java VM: OpenJDK 64-Bit Server VM (11.0.4+11-post-Ubuntu-1ubuntu218.04.3, mixed mode, sharing, tiered, compressed oops, g1 gc, linux-amd64)
# Core dump will be written. Default location: Core dumps may be processed with "/usr/share/apport/apport %p %s %c %d %P" (or dumping to /home/jackson/Documents/kafka_2.12-2.3.0/consumer.examples/core.4217)
#

---------------  S U M M A R Y ------------

Command Line: --add-modules=ALL-SYSTEM --add-opens=java.base/java.util=ALL-UNNAMED --add-opens=java.base/java.lang=ALL-UNNAMED -Declipse.application=org.eclipse.jdt.ls.core.id1 -Dosgi.bundles.defaultStartLevel=4 -Declipse.product=org.eclipse.jdt.ls.core.product -Dfile.encoding=utf8 -Xverify:none -Xmx1G -XX:+UseG1GC -XX:+UseStringDeduplication /home/jackson/.vscode/extensions/redhat.java-0.54.2/server/plugins/org.eclipse.equinox.launcher_1.5.600.v20191014-2022.jar -configuration /home/jackson/.vscode/extensions/redhat.java-0.54.2/server/config_linux -data /home/jackson/.config/Code/User/workspaceStorage/12e3aee23846e241e61f4009526939a1/redhat.java/jdt_ws

Host: Intel(R) Core(TM) i5-8600K CPU @ 3.60GHz, 1 cores, 3G, Ubuntu 18.04.3 LTS
Time: Sat Dec 14 14:17:54 2019 CST elapsed time: 23 seconds (0d 0h 0m 23s)

---------------  T H R E A D  ---------------

Current thread (0x00007f7318110000):  VMThread "VM Thread" [stack: 0x00007f7300652000,0x00007f7300752000] [id=4225]

Stack: [0x00007f7300652000,0x00007f7300752000],  sp=0x00007f730074fff0,  free space=1015k
Native frames: (J=compiled Java code, A=aot compiled Java code, j=interpreted, Vv=VM code, C=native code)
V  [libjvm.so+0xde4547]
V  [libjvm.so+0xde519b]
V  [libjvm.so+0x6511a5]
V  [libjvm.so+0xbbed38]
V  [libjvm.so+0xbb5ebd]
V  [libjvm.so+0x76f53f]
V  [libjvm.so+0x76f7ae]
V  [libjvm.so+0x77b820]
V  [libjvm.so+0x7f6969]
V  [libjvm.so+0x7f75c2]
V  [libjvm.so+0x7f7a29]
V  [libjvm.so+0x72de6f]
V  [libjvm.so+0x732b6a]
V  [libjvm.so+0xdf01e1]
V  [libjvm.so+0xdeeda8]
V  [libjvm.so+0xdec5e6]
V  [libjvm.so+0xdecaf0]
V  [libjvm.so+0xdecf23]
V  [libjvm.so+0xd7aeea]
V  [libjvm.so+0xbc4a5e]

VM_Operation (0x00007f72e2a15350): G1CollectForAllocation, mode: safepoint, requested by thread 0x00007f72f4001800


---------------  P R O C E S S  ---------------

Threads class SMR info:
_java_thread_list=0x00007f72fc18a5a0, length=24, elements={
0x00007f7318012800, 0x00007f7318113000, 0x00007f7318115000, 0x00007f7318123000,
0x00007f7318125000, 0x00007f7318127000, 0x00007f7318129000, 0x00007f7318160800,
0x00007f73181a3800, 0x00007f731824d000, 0x00007f7318347800, 0x00007f73183b1000,
0x00007f73183b5800, 0x00007f72e4206000, 0x00007f72e4183000, 0x00007f72ec001800,
0x00007f72f4001800, 0x00007f72e419d800, 0x00007f73183c1000, 0x00007f731845c800,
0x00007f72fc025000, 0x00007f72e8045800, 0x00007f72e553b800, 0x00007f72fc189000
}

Java Threads: ( => current thread )
  0x00007f7318012800 JavaThread "main" [_thread_blocked, id=4218, stack(0x00007f7321bdd000,0x00007f7321cde000)]
  0x00007f7318113000 JavaThread "Reference Handler" daemon [_thread_blocked, id=4226, stack(0x00007f730054f000,0x00007f7300650000)]
  0x00007f7318115000 JavaThread "Finalizer" daemon [_thread_blocked, id=4227, stack(0x00007f730044e000,0x00007f730054f000)]
  0x00007f7318123000 JavaThread "Signal Dispatcher" daemon [_thread_blocked, id=4228, stack(0x00007f730034d000,0x00007f730044e000)]
  0x00007f7318125000 JavaThread "C2 CompilerThread0" daemon [_thread_blocked, id=4229, stack(0x00007f730024c000,0x00007f730034d000)]
  0x00007f7318127000 JavaThread "C1 CompilerThread0" daemon [_thread_blocked, id=4230, stack(0x00007f730014b000,0x00007f730024c000)]
  0x00007f7318129000 JavaThread "Sweeper thread" daemon [_thread_blocked, id=4231, stack(0x00007f730004a000,0x00007f730014b000)]
  0x00007f7318160800 JavaThread "Common-Cleaner" daemon [_thread_blocked, id=4232, stack(0x00007f72f86ff000,0x00007f72f8800000)]
  0x00007f73181a3800 JavaThread "Service Thread" daemon [_thread_blocked, id=4233, stack(0x00007f72f85fe000,0x00007f72f86ff000)]
  0x00007f731824d000 JavaThread "process reaper" daemon [_thread_blocked, id=4237, stack(0x00007f7321b31000,0x00007f7321b53000)]
  0x00007f7318347800 JavaThread "Active Thread: Equinox Container: e86ad2c1-d401-44e7-8c67-743df461d762" [_thread_blocked, id=4239, stack(0x00007f72e3530000,0x00007f72e3631000)]
  0x00007f73183b1000 JavaThread "Framework Event Dispatcher: Equinox Container: e86ad2c1-d401-44e7-8c67-743df461d762" daemon [_thread_blocked, id=4241, stack(0x00007f72e342f000,0x00007f72e3530000)]
  0x00007f73183b5800 JavaThread "Start Level: Equinox Container: e86ad2c1-d401-44e7-8c67-743df461d762" daemon [_thread_blocked, id=4242, stack(0x00007f72e332e000,0x00007f72e342f000)]
  0x00007f72e4206000 JavaThread "Worker-JM" [_thread_blocked, id=4243, stack(0x00007f72e2e1c000,0x00007f72e2f1d000)]
  0x00007f72e4183000 JavaThread "Worker-0" [_thread_blocked, id=4245, stack(0x00007f72e2d1b000,0x00007f72e2e1c000)]
  0x00007f72ec001800 JavaThread "Worker-1: Updating Maven Dependencies" [_thread_blocked, id=4246, stack(0x00007f72e2c1a000,0x00007f72e2d1b000)]
  0x00007f72f4001800 JavaThread "Worker-2: Initialize Workspace" [_thread_blocked, id=4247, stack(0x00007f72e2919000,0x00007f72e2a1a000)]
  0x00007f72e419d800 JavaThread "Java indexing" daemon [_thread_blocked, id=4248, stack(0x00007f72e2818000,0x00007f72e2919000)]
  0x00007f73183c1000 JavaThread "pool-2-thread-1" [_thread_blocked, id=4251, stack(0x00007f72e1b17000,0x00007f72e1c18000)]
  0x00007f731845c800 JavaThread "pool-1-thread-1" [_thread_blocked, id=4252, stack(0x00007f72e1816000,0x00007f72e1917000)]
  0x00007f72fc025000 JavaThread "Worker-3" [_thread_blocked, id=4253, stack(0x00007f72e1515000,0x00007f72e1616000)]
  0x00007f72e8045800 JavaThread "Worker-4" [_thread_blocked, id=4254, stack(0x00007f72e1414000,0x00007f72e1515000)]
  0x00007f72e553b800 JavaThread "Worker-5: Java indexing... " [_thread_blocked, id=4255, stack(0x00007f72e1313000,0x00007f72e1414000)]
  0x00007f72fc189000 JavaThread "Bundle File Closer" daemon [_thread_blocked, id=4257, stack(0x00007f72e0c12000,0x00007f72e0d13000)]

Other Threads:
=>0x00007f7318110000 VMThread "VM Thread" [stack: 0x00007f7300652000,0x00007f7300752000] [id=4225]
  0x00007f73181a5800 WatcherThread [stack: 0x00007f72f84fe000,0x00007f72f85fe000] [id=4234]
  0x00007f7318029000 GCTaskThread "GC Thread#0" [stack: 0x00007f731dbce000,0x00007f731dcce000] [id=4219]
  0x00007f7318044800 ConcurrentGCThread "G1 Main Marker" [stack: 0x00007f731c3cb000,0x00007f731c4cb000] [id=4220]
  0x00007f7318046800 ConcurrentGCThread "G1 Conc#0" [stack: 0x00007f731c2c9000,0x00007f731c3c9000] [id=4221]
  0x00007f731807d800 ConcurrentGCThread "G1 Refine#0" [stack: 0x00007f731c0c6000,0x00007f731c1c6000] [id=4222]
  0x00007f731807f000 ConcurrentGCThread "G1 Young RemSet Sampling" [stack: 0x00007f7300856000,0x00007f7300956000] [id=4223]
  0x00007f7318086000 ConcurrentGCThread "StrDedup" [stack: 0x00007f7300754000,0x00007f7300854000] [id=4224]

Threads with active compile tasks:
C2 CompilerThread04583 % !   4       org.eclipse.jdt.internal.compiler.classfmt.ClassFileReader::<init> @ 63 (1936 bytes)

VM state:at safepoint (normal execution)

VM Mutex/Monitor currently owned by a thread:  ([mutex/lock_event])
[0x00007f731800ee70] Threads_lock - owner thread: 0x00007f7318110000
[0x00007f731800f5c0] Heap_lock - owner thread: 0x00007f72f4001800

Heap address: 0x00000000c0000000, size: 1024 MB, Compressed Oops mode: 32-bit
Narrow klass base: 0x0000000800000000, Narrow klass shift: 3
Compressed class space size: 1073741824 Address: 0x0000000840000000

Heap:
 garbage-first heap   total 346112K, used 58368K [0x00000000c0000000, 0x0000000100000000)
  region size 1024K, 5 young (5120K), 5 survivors (5120K)
 Metaspace       used 37704K, capacity 40036K, committed 40192K, reserved 1085440K
  class space    used 3944K, capacity 4812K, committed 4864K, reserved 1048576K
Heap Regions: E=young(eden), S=young(survivor), O=old, HS=humongous(starts), HC=humongous(continues), CS=collection set, F=free, A=archive, TAMS=top-at-mark-start (previous, next)
|   0|0x00000000c0000000, 0x00000000c0100000, 0x00000000c0100000|100%| O|  |TAMS 0x00000000c0100000, 0x00000000c0000000| Untracked 
|   1|0x00000000c0100000, 0x00000000c0200000, 0x00000000c0200000|100%| O|  |TAMS 0x00000000c0200000, 0x00000000c0100000| Untracked 
|   2|0x00000000c0200000, 0x00000000c0300000, 0x00000000c0300000|100%| O|  |TAMS 0x00000000c0300000, 0x00000000c0200000| Untracked 
|   3|0x00000000c0300000, 0x00000000c0400000, 0x00000000c0400000|100%| O|  |TAMS 0x00000000c0400000, 0x00000000c0300000| Untracked 
|   4|0x00000000c0400000, 0x00000000c0500000, 0x00000000c0500000|100%| O|  |TAMS 0x00000000c0500000, 0x00000000c0400000| Untracked 
|   5|0x00000000c0500000, 0x00000000c0600000, 0x00000000c0600000|100%| O|  |TAMS 0x00000000c0600000, 0x00000000c0500000| Untracked 
|   6|0x00000000c0600000, 0x00000000c0700000, 0x00000000c0700000|100%| O|  |TAMS 0x00000000c0700000, 0x00000000c0600000| Untracked 
|   7|0x00000000c0700000, 0x00000000c0800000, 0x00000000c0800000|100%| O|  |TAMS 0x00000000c0800000, 0x00000000c0700000| Untracked 
|   8|0x00000000c0800000, 0x00000000c0900000, 0x00000000c0900000|100%| O|  |TAMS 0x00000000c0900000, 0x00000000c0800000| Untracked 
|   9|0x00000000c0900000, 0x00000000c0a00000, 0x00000000c0a00000|100%| O|  |TAMS 0x00000000c0a00000, 0x00000000c0900000| Untracked 
|  10|0x00000000c0a00000, 0x00000000c0b00000, 0x00000000c0b00000|100%| O|  |TAMS 0x00000000c0b00000, 0x00000000c0a00000| Untracked 
|  11|0x00000000c0b00000, 0x00000000c0c00000, 0x00000000c0c00000|100%| O|  |TAMS 0x00000000c0c00000, 0x00000000c0b00000| Untracked 
|  12|0x00000000c0c00000, 0x00000000c0d00000, 0x00000000c0d00000|100%| O|  |TAMS 0x00000000c0d00000, 0x00000000c0c00000| Untracked 
|  13|0x00000000c0d00000, 0x00000000c0e00000, 0x00000000c0e00000|100%| O|  |TAMS 0x00000000c0e00000, 0x00000000c0d00000| Untracked 
|  14|0x00000000c0e00000, 0x00000000c0f00000, 0x00000000c0f00000|100%| O|  |TAMS 0x00000000c0f00000, 0x00000000c0e00000| Untracked 
|  15|0x00000000c0f00000, 0x00000000c1000000, 0x00000000c1000000|100%| O|  |TAMS 0x00000000c1000000, 0x00000000c0f00000| Untracked 
|  16|0x00000000c1000000, 0x00000000c1100000, 0x00000000c1100000|100%| O|  |TAMS 0x00000000c1100000, 0x00000000c1000000| Untracked 
|  17|0x00000000c1100000, 0x00000000c1200000, 0x00000000c1200000|100%| O|  |TAMS 0x00000000c1200000, 0x00000000c1100000| Untracked 
|  18|0x00000000c1200000, 0x00000000c1300000, 0x00000000c1300000|100%| O|  |TAMS 0x00000000c1280000, 0x00000000c1200000| Untracked 
|  19|0x00000000c1300000, 0x00000000c1400000, 0x00000000c1400000|100%| O|  |TAMS 0x00000000c1300000, 0x00000000c1300000| Untracked 
|  20|0x00000000c1400000, 0x00000000c1500000, 0x00000000c1500000|100%| O|  |TAMS 0x00000000c1400000, 0x00000000c1400000| Untracked 
|  21|0x00000000c1500000, 0x00000000c1600000, 0x00000000c1600000|100%|HS|  |TAMS 0x00000000c1500000, 0x00000000c1500000| Complete 
|  22|0x00000000c1600000, 0x00000000c1700000, 0x00000000c1700000|100%| O|  |TAMS 0x00000000c1600000, 0x00000000c1600000| Untracked 
|  23|0x00000000c1700000, 0x00000000c1800000, 0x00000000c1800000|100%| O|  |TAMS 0x00000000c1700000, 0x00000000c1700000| Untracked 
|  24|0x00000000c1800000, 0x00000000c1900000, 0x00000000c1900000|100%| O|  |TAMS 0x00000000c1800000, 0x00000000c1800000| Untracked 
|  25|0x00000000c1900000, 0x00000000c1a00000, 0x00000000c1a00000|100%| O|  |TAMS 0x00000000c1900000, 0x00000000c1900000| Untracked 
|  26|0x00000000c1a00000, 0x00000000c1b00000, 0x00000000c1b00000|100%| O|  |TAMS 0x00000000c1a00000, 0x00000000c1a00000| Untracked 
|  27|0x00000000c1b00000, 0x00000000c1c00000, 0x00000000c1c00000|100%| O|  |TAMS 0x00000000c1b00000, 0x00000000c1b00000| Untracked 
|  28|0x00000000c1c00000, 0x00000000c1d00000, 0x00000000c1d00000|100%| O|  |TAMS 0x00000000c1c00000, 0x00000000c1c00000| Untracked 
|  29|0x00000000c1d00000, 0x00000000c1e00000, 0x00000000c1e00000|100%| O|  |TAMS 0x00000000c1d00000, 0x00000000c1d00000| Untracked 
|  30|0x00000000c1e00000, 0x00000000c1f00000, 0x00000000c1f00000|100%| O|  |TAMS 0x00000000c1e00000, 0x00000000c1e00000| Untracked 
|  31|0x00000000c1f00000, 0x00000000c2000000, 0x00000000c2000000|100%| O|  |TAMS 0x00000000c1f00000, 0x00000000c1f00000| Untracked 
|  32|0x00000000c2000000, 0x00000000c2100000, 0x00000000c2100000|100%| O|  |TAMS 0x00000000c2000000, 0x00000000c2000000| Untracked 
|  33|0x00000000c2100000, 0x00000000c2200000, 0x00000000c2200000|100%| O|  |TAMS 0x00000000c2100000, 0x00000000c2100000| Untracked 
|  34|0x00000000c2200000, 0x00000000c2300000, 0x00000000c2300000|100%| O|  |TAMS 0x00000000c2200000, 0x00000000c2200000| Untracked 
|  35|0x00000000c2300000, 0x00000000c2400000, 0x00000000c2400000|100%| O|  |TAMS 0x00000000c2300000, 0x00000000c2300000| Untracked 
|  36|0x00000000c2400000, 0x00000000c2500000, 0x00000000c2500000|100%| O|  |TAMS 0x00000000c2400000, 0x00000000c2400000| Untracked 
|  37|0x00000000c2500000, 0x00000000c2600000, 0x00000000c2600000|100%|HS|  |TAMS 0x00000000c2500000, 0x00000000c2500000| Complete 
|  38|0x00000000c2600000, 0x00000000c2700000, 0x00000000c2700000|100%| O|  |TAMS 0x00000000c2600000, 0x00000000c2600000| Untracked 
|  39|0x00000000c2700000, 0x00000000c2800000, 0x00000000c2800000|100%| O|  |TAMS 0x00000000c2700000, 0x00000000c2700000| Untracked 
|  40|0x00000000c2800000, 0x00000000c2900000, 0x00000000c2900000|100%| O|  |TAMS 0x00000000c2800000, 0x00000000c2800000| Untracked 
|  41|0x00000000c2900000, 0x00000000c2a00000, 0x00000000c2a00000|100%| O|  |TAMS 0x00000000c2900000, 0x00000000c2900000| Untracked 
|  42|0x00000000c2a00000, 0x00000000c2b00000, 0x00000000c2b00000|100%| O|  |TAMS 0x00000000c2a00000, 0x00000000c2a00000| Untracked 
|  43|0x00000000c2b00000, 0x00000000c2c00000, 0x00000000c2c00000|100%| O|  |TAMS 0x00000000c2b00000, 0x00000000c2b00000| Untracked 
|  44|0x00000000c2c00000, 0x00000000c2d00000, 0x00000000c2d00000|100%| O|  |TAMS 0x00000000c2c00000, 0x00000000c2c00000| Untracked 
|  45|0x00000000c2d00000, 0x00000000c2e00000, 0x00000000c2e00000|100%| O|  |TAMS 0x00000000c2d00000, 0x00000000c2d00000| Untracked 
|  46|0x00000000c2e00000, 0x00000000c2f00000, 0x00000000c2f00000|100%| O|  |TAMS 0x00000000c2e00000, 0x00000000c2e00000| Untracked 
|  47|0x00000000c2f00000, 0x00000000c3000000, 0x00000000c3000000|100%| O|  |TAMS 0x00000000c2f00000, 0x00000000c2f00000| Untracked 
|  48|0x00000000c3000000, 0x00000000c3100000, 0x00000000c3100000|100%| O|  |TAMS 0x00000000c3000000, 0x00000000c3000000| Untracked 
|  49|0x00000000c3100000, 0x00000000c3200000, 0x00000000c3200000|100%| O|  |TAMS 0x00000000c3100000, 0x00000000c3100000| Untracked 
|  50|0x00000000c3200000, 0x00000000c3300000, 0x00000000c3300000|100%| O|  |TAMS 0x00000000c3200000, 0x00000000c3200000| Untracked 
|  51|0x00000000c3300000, 0x00000000c3400000, 0x00000000c3400000|100%| O|  |TAMS 0x00000000c3300000, 0x00000000c3300000| Untracked 
|  52|0x00000000c3400000, 0x00000000c3400000, 0x00000000c3500000|  0%| F|  |TAMS 0x00000000c3400000, 0x00000000c3400000| Untracked 
|  53|0x00000000c3500000, 0x00000000c3500000, 0x00000000c3600000|  0%| F|  |TAMS 0x00000000c3500000, 0x00000000c3500000| Untracked 
|  54|0x00000000c3600000, 0x00000000c3600000, 0x00000000c3700000|  0%| F|  |TAMS 0x00000000c3600000, 0x00000000c3600000| Untracked 
|  55|0x00000000c3700000, 0x00000000c3700000, 0x00000000c3800000|  0%| F|  |TAMS 0x00000000c3700000, 0x00000000c3700000| Untracked 
|  56|0x00000000c3800000, 0x00000000c3800000, 0x00000000c3900000|  0%| F|  |TAMS 0x00000000c3800000, 0x00000000c3800000| Untracked 
|  57|0x00000000c3900000, 0x00000000c3900000, 0x00000000c3a00000|  0%| F|  |TAMS 0x00000000c3900000, 0x00000000c3900000| Untracked 
|  58|0x00000000c3a00000, 0x00000000c3a00000, 0x00000000c3b00000|  0%| F|  |TAMS 0x00000000c3a00000, 0x00000000c3a00000| Untracked 
|  59|0x00000000c3b00000, 0x00000000c3b00000, 0x00000000c3c00000|  0%| F|  |TAMS 0x00000000c3b00000, 0x00000000c3b00000| Untracked 
|  60|0x00000000c3c00000, 0x00000000c3c00000, 0x00000000c3d00000|  0%| F|  |TAMS 0x00000000c3c00000, 0x00000000c3c00000| Untracked 
|  61|0x00000000c3d00000, 0x00000000c3d00000, 0x00000000c3e00000|  0%| F|  |TAMS 0x00000000c3d00000, 0x00000000c3d00000| Untracked 
|  62|0x00000000c3e00000, 0x00000000c3e00000, 0x00000000c3f00000|  0%| F|  |TAMS 0x00000000c3e00000, 0x00000000c3e00000| Untracked 
|  63|0x00000000c3f00000, 0x00000000c3f00000, 0x00000000c4000000|  0%| F|  |TAMS 0x00000000c3f00000, 0x00000000c3f00000| Untracked 
|  64|0x00000000c4000000, 0x00000000c4000000, 0x00000000c4100000|  0%| F|  |TAMS 0x00000000c4000000, 0x00000000c4000000| Untracked 
|  65|0x00000000c4100000, 0x00000000c4100000, 0x00000000c4200000|  0%| F|  |TAMS 0x00000000c4100000, 0x00000000c4100000| Untracked 
|  66|0x00000000c4200000, 0x00000000c4200000, 0x00000000c4300000|  0%| F|  |TAMS 0x00000000c4200000, 0x00000000c4200000| Untracked 
|  67|0x00000000c4300000, 0x00000000c4300000, 0x00000000c4400000|  0%| F|  |TAMS 0x00000000c4300000, 0x00000000c4300000| Untracked 
|  68|0x00000000c4400000, 0x00000000c4400000, 0x00000000c4500000|  0%| F|  |TAMS 0x00000000c4400000, 0x00000000c4400000| Untracked 
|  69|0x00000000c4500000, 0x00000000c4500000, 0x00000000c4600000|  0%| F|  |TAMS 0x00000000c4500000, 0x00000000c4500000| Untracked 
|  70|0x00000000c4600000, 0x00000000c4600000, 0x00000000c4700000|  0%| F|  |TAMS 0x00000000c4600000, 0x00000000c4600000| Untracked 
|  71|0x00000000c4700000, 0x00000000c4700000, 0x00000000c4800000|  0%| F|  |TAMS 0x00000000c4700000, 0x00000000c4700000| Untracked 
|  72|0x00000000c4800000, 0x00000000c4800000, 0x00000000c4900000|  0%| F|  |TAMS 0x00000000c4800000, 0x00000000c4800000| Untracked 
|  73|0x00000000c4900000, 0x00000000c4900000, 0x00000000c4a00000|  0%| F|  |TAMS 0x00000000c4900000, 0x00000000c4900000| Untracked 
|  74|0x00000000c4a00000, 0x00000000c4a00000, 0x00000000c4b00000|  0%| F|  |TAMS 0x00000000c4a00000, 0x00000000c4a00000| Untracked 
|  75|0x00000000c4b00000, 0x00000000c4b00000, 0x00000000c4c00000|  0%| F|  |TAMS 0x00000000c4b00000, 0x00000000c4b00000| Untracked 
|  76|0x00000000c4c00000, 0x00000000c4c00000, 0x00000000c4d00000|  0%| F|  |TAMS 0x00000000c4c00000, 0x00000000c4c00000| Untracked 
|  77|0x00000000c4d00000, 0x00000000c4d00000, 0x00000000c4e00000|  0%| F|  |TAMS 0x00000000c4d00000, 0x00000000c4d00000| Untracked 
|  78|0x00000000c4e00000, 0x00000000c4e00000, 0x00000000c4f00000|  0%| F|  |TAMS 0x00000000c4e00000, 0x00000000c4e00000| Untracked 
|  79|0x00000000c4f00000, 0x00000000c4f00000, 0x00000000c5000000|  0%| F|  |TAMS 0x00000000c4f00000, 0x00000000c4f00000| Untracked 
|  80|0x00000000c5000000, 0x00000000c5000000, 0x00000000c5100000|  0%| F|  |TAMS 0x00000000c5000000, 0x00000000c5000000| Untracked 
|  81|0x00000000c5100000, 0x00000000c5100000, 0x00000000c5200000|  0%| F|  |TAMS 0x00000000c5100000, 0x00000000c5100000| Untracked 
|  82|0x00000000c5200000, 0x00000000c5200000, 0x00000000c5300000|  0%| F|  |TAMS 0x00000000c5200000, 0x00000000c5200000| Untracked 
|  83|0x00000000c5300000, 0x00000000c5300000, 0x00000000c5400000|  0%| F|  |TAMS 0x00000000c5300000, 0x00000000c5300000| Untracked 
|  84|0x00000000c5400000, 0x00000000c5400000, 0x00000000c5500000|  0%| F|  |TAMS 0x00000000c5400000, 0x00000000c5400000| Untracked 
|  85|0x00000000c5500000, 0x00000000c5500000, 0x00000000c5600000|  0%| F|  |TAMS 0x00000000c5500000, 0x00000000c5500000| Untracked 
|  86|0x00000000c5600000, 0x00000000c5600000, 0x00000000c5700000|  0%| F|  |TAMS 0x00000000c5600000, 0x00000000c5600000| Untracked 
|  87|0x00000000c5700000, 0x00000000c5700000, 0x00000000c5800000|  0%| F|  |TAMS 0x00000000c5700000, 0x00000000c5700000| Untracked 
|  88|0x00000000c5800000, 0x00000000c5800000, 0x00000000c5900000|  0%| F|  |TAMS 0x00000000c5800000, 0x00000000c5800000| Untracked 
|  89|0x00000000c5900000, 0x00000000c5900000, 0x00000000c5a00000|  0%| F|  |TAMS 0x00000000c5900000, 0x00000000c5900000| Untracked 
|  90|0x00000000c5a00000, 0x00000000c5a00000, 0x00000000c5b00000|  0%| F|  |TAMS 0x00000000c5a00000, 0x00000000c5a00000| Untracked 
|  91|0x00000000c5b00000, 0x00000000c5b00000, 0x00000000c5c00000|  0%| F|  |TAMS 0x00000000c5b00000, 0x00000000c5b00000| Untracked 
|  92|0x00000000c5c00000, 0x00000000c5c00000, 0x00000000c5d00000|  0%| F|  |TAMS 0x00000000c5c00000, 0x00000000c5c00000| Untracked 
|  93|0x00000000c5d00000, 0x00000000c5d00000, 0x00000000c5e00000|  0%| F|  |TAMS 0x00000000c5d00000, 0x00000000c5d00000| Untracked 
|  94|0x00000000c5e00000, 0x00000000c5e00000, 0x00000000c5f00000|  0%| F|  |TAMS 0x00000000c5e00000, 0x00000000c5e00000| Untracked 
|  95|0x00000000c5f00000, 0x00000000c5f00000, 0x00000000c6000000|  0%| F|  |TAMS 0x00000000c5f00000, 0x00000000c5f00000| Untracked 
|  96|0x00000000c6000000, 0x00000000c6000000, 0x00000000c6100000|  0%| F|  |TAMS 0x00000000c6000000, 0x00000000c6000000| Untracked 
|  97|0x00000000c6100000, 0x00000000c6100000, 0x00000000c6200000|  0%| F|  |TAMS 0x00000000c6100000, 0x00000000c6100000| Untracked 
|  98|0x00000000c6200000, 0x00000000c6200000, 0x00000000c6300000|  0%| F|  |TAMS 0x00000000c6200000, 0x00000000c6200000| Untracked 
|  99|0x00000000c6300000, 0x00000000c6300000, 0x00000000c6400000|  0%| F|  |TAMS 0x00000000c6300000, 0x00000000c6300000| Untracked 
| 100|0x00000000c6400000, 0x00000000c6400000, 0x00000000c6500000|  0%| F|  |TAMS 0x00000000c6400000, 0x00000000c6400000| Untracked 
| 101|0x00000000c6500000, 0x00000000c6500000, 0x00000000c6600000|  0%| F|  |TAMS 0x00000000c6500000, 0x00000000c6500000| Untracked 
| 102|0x00000000c6600000, 0x00000000c6600000, 0x00000000c6700000|  0%| F|  |TAMS 0x00000000c6600000, 0x00000000c6600000| Untracked 
| 103|0x00000000c6700000, 0x00000000c6700000, 0x00000000c6800000|  0%| F|  |TAMS 0x00000000c6700000, 0x00000000c6700000| Untracked 
| 104|0x00000000c6800000, 0x00000000c6800000, 0x00000000c6900000|  0%| F|  |TAMS 0x00000000c6800000, 0x00000000c6800000| Untracked 
| 105|0x00000000c6900000, 0x00000000c6900000, 0x00000000c6a00000|  0%| F|  |TAMS 0x00000000c6900000, 0x00000000c6900000| Untracked 
| 106|0x00000000c6a00000, 0x00000000c6a00000, 0x00000000c6b00000|  0%| F|  |TAMS 0x00000000c6a00000, 0x00000000c6a00000| Untracked 
| 107|0x00000000c6b00000, 0x00000000c6b00000, 0x00000000c6c00000|  0%| F|  |TAMS 0x00000000c6b00000, 0x00000000c6b00000| Untracked 
| 108|0x00000000c6c00000, 0x00000000c6c00000, 0x00000000c6d00000|  0%| F|  |TAMS 0x00000000c6c00000, 0x00000000c6c00000| Untracked 
| 109|0x00000000c6d00000, 0x00000000c6d00000, 0x00000000c6e00000|  0%| F|  |TAMS 0x00000000c6d00000, 0x00000000c6d00000| Untracked 
| 110|0x00000000c6e00000, 0x00000000c6e00000, 0x00000000c6f00000|  0%| F|  |TAMS 0x00000000c6e00000, 0x00000000c6e00000| Untracked 
| 111|0x00000000c6f00000, 0x00000000c6f00000, 0x00000000c7000000|  0%| F|  |TAMS 0x00000000c6f00000, 0x00000000c6f00000| Untracked 
| 112|0x00000000c7000000, 0x00000000c7000000, 0x00000000c7100000|  0%| F|  |TAMS 0x00000000c7000000, 0x00000000c7000000| Untracked 
| 113|0x00000000c7100000, 0x00000000c7100000, 0x00000000c7200000|  0%| F|  |TAMS 0x00000000c7100000, 0x00000000c7100000| Untracked 
| 114|0x00000000c7200000, 0x00000000c7200000, 0x00000000c7300000|  0%| F|  |TAMS 0x00000000c7200000, 0x00000000c7200000| Untracked 
| 115|0x00000000c7300000, 0x00000000c7300000, 0x00000000c7400000|  0%| F|  |TAMS 0x00000000c7300000, 0x00000000c7300000| Untracked 
| 116|0x00000000c7400000, 0x00000000c7400000, 0x00000000c7500000|  0%| F|  |TAMS 0x00000000c7400000, 0x00000000c7400000| Untracked 
| 117|0x00000000c7500000, 0x00000000c7500000, 0x00000000c7600000|  0%| F|  |TAMS 0x00000000c7500000, 0x00000000c7500000| Untracked 
| 118|0x00000000c7600000, 0x00000000c7600000, 0x00000000c7700000|  0%| F|  |TAMS 0x00000000c7600000, 0x00000000c7600000| Untracked 
| 119|0x00000000c7700000, 0x00000000c7700000, 0x00000000c7800000|  0%| F|  |TAMS 0x00000000c7700000, 0x00000000c7700000| Untracked 
| 120|0x00000000c7800000, 0x00000000c7800000, 0x00000000c7900000|  0%| F|  |TAMS 0x00000000c7800000, 0x00000000c7800000| Untracked 
| 121|0x00000000c7900000, 0x00000000c7900000, 0x00000000c7a00000|  0%| F|  |TAMS 0x00000000c7900000, 0x00000000c7900000| Untracked 
| 122|0x00000000c7a00000, 0x00000000c7a00000, 0x00000000c7b00000|  0%| F|  |TAMS 0x00000000c7a00000, 0x00000000c7a00000| Untracked 
| 123|0x00000000c7b00000, 0x00000000c7b00000, 0x00000000c7c00000|  0%| F|  |TAMS 0x00000000c7b00000, 0x00000000c7b00000| Untracked 
| 124|0x00000000c7c00000, 0x00000000c7c00000, 0x00000000c7d00000|  0%| F|  |TAMS 0x00000000c7c00000, 0x00000000c7c00000| Untracked 
| 125|0x00000000c7d00000, 0x00000000c7d00000, 0x00000000c7e00000|  0%| F|  |TAMS 0x00000000c7d00000, 0x00000000c7d00000| Untracked 
| 126|0x00000000c7e00000, 0x00000000c7e00000, 0x00000000c7f00000|  0%| F|  |TAMS 0x00000000c7e00000, 0x00000000c7e00000| Untracked 
| 127|0x00000000c7f00000, 0x00000000c8000000, 0x00000000c8000000|100%| S|CS|TAMS 0x00000000c7f00000, 0x00000000c7f00000| Complete 
| 128|0x00000000c8000000, 0x00000000c8100000, 0x00000000c8100000|100%| S|CS|TAMS 0x00000000c8000000, 0x00000000c8000000| Complete 
| 129|0x00000000c8100000, 0x00000000c8200000, 0x00000000c8200000|100%| S|CS|TAMS 0x00000000c8100000, 0x00000000c8100000| Complete 
| 130|0x00000000c8200000, 0x00000000c8300000, 0x00000000c8300000|100%| S|CS|TAMS 0x00000000c8200000, 0x00000000c8200000| Complete 
| 131|0x00000000c8300000, 0x00000000c8400000, 0x00000000c8400000|100%| S|CS|TAMS 0x00000000c8300000, 0x00000000c8300000| Complete 
| 132|0x00000000c8400000, 0x00000000c8400000, 0x00000000c8500000|  0%| F|  |TAMS 0x00000000c8400000, 0x00000000c8400000| Untracked 
| 133|0x00000000c8500000, 0x00000000c8500000, 0x00000000c8600000|  0%| F|  |TAMS 0x00000000c8500000, 0x00000000c8500000| Untracked 
| 134|0x00000000c8600000, 0x00000000c8600000, 0x00000000c8700000|  0%| F|  |TAMS 0x00000000c8600000, 0x00000000c8600000| Untracked 
| 135|0x00000000c8700000, 0x00000000c8700000, 0x00000000c8800000|  0%| F|  |TAMS 0x00000000c8700000, 0x00000000c8700000| Untracked 
| 136|0x00000000c8800000, 0x00000000c8800000, 0x00000000c8900000|  0%| F|  |TAMS 0x00000000c8800000, 0x00000000c8800000| Untracked 
| 137|0x00000000c8900000, 0x00000000c8900000, 0x00000000c8a00000|  0%| F|  |TAMS 0x00000000c8900000, 0x00000000c8900000| Untracked 
| 138|0x00000000c8a00000, 0x00000000c8a00000, 0x00000000c8b00000|  0%| F|  |TAMS 0x00000000c8a00000, 0x00000000c8a00000| Untracked 
| 139|0x00000000c8b00000, 0x00000000c8b00000, 0x00000000c8c00000|  0%| F|  |TAMS 0x00000000c8b00000, 0x00000000c8b00000| Untracked 
| 140|0x00000000c8c00000, 0x00000000c8c00000, 0x00000000c8d00000|  0%| F|  |TAMS 0x00000000c8c00000, 0x00000000c8c00000| Untracked 
| 141|0x00000000c8d00000, 0x00000000c8d00000, 0x00000000c8e00000|  0%| F|  |TAMS 0x00000000c8d00000, 0x00000000c8d00000| Untracked 
| 142|0x00000000c8e00000, 0x00000000c8e00000, 0x00000000c8f00000|  0%| F|  |TAMS 0x00000000c8e00000, 0x00000000c8e00000| Untracked 
| 143|0x00000000c8f00000, 0x00000000c8f00000, 0x00000000c9000000|  0%| F|  |TAMS 0x00000000c8f00000, 0x00000000c8f00000| Untracked 
| 144|0x00000000c9000000, 0x00000000c9000000, 0x00000000c9100000|  0%| F|  |TAMS 0x00000000c9000000, 0x00000000c9000000| Untracked 
| 145|0x00000000c9100000, 0x00000000c9100000, 0x00000000c9200000|  0%| F|  |TAMS 0x00000000c9100000, 0x00000000c9100000| Untracked 
| 146|0x00000000c9200000, 0x00000000c9200000, 0x00000000c9300000|  0%| F|  |TAMS 0x00000000c9200000, 0x00000000c9200000| Untracked 
| 147|0x00000000c9300000, 0x00000000c9300000, 0x00000000c9400000|  0%| F|  |TAMS 0x00000000c9300000, 0x00000000c9300000| Untracked 
| 148|0x00000000c9400000, 0x00000000c9400000, 0x00000000c9500000|  0%| F|  |TAMS 0x00000000c9400000, 0x00000000c9400000| Untracked 
| 149|0x00000000c9500000, 0x00000000c9500000, 0x00000000c9600000|  0%| F|  |TAMS 0x00000000c9500000, 0x00000000c9500000| Untracked 
| 150|0x00000000c9600000, 0x00000000c9600000, 0x00000000c9700000|  0%| F|  |TAMS 0x00000000c9600000, 0x00000000c9600000| Untracked 
| 151|0x00000000c9700000, 0x00000000c9700000, 0x00000000c9800000|  0%| F|  |TAMS 0x00000000c9700000, 0x00000000c9700000| Untracked 
| 152|0x00000000c9800000, 0x00000000c9800000, 0x00000000c9900000|  0%| F|  |TAMS 0x00000000c9800000, 0x00000000c9800000| Untracked 
| 153|0x00000000c9900000, 0x00000000c9900000, 0x00000000c9a00000|  0%| F|  |TAMS 0x00000000c9900000, 0x00000000c9900000| Untracked 
| 154|0x00000000c9a00000, 0x00000000c9a00000, 0x00000000c9b00000|  0%| F|  |TAMS 0x00000000c9a00000, 0x00000000c9a00000| Untracked 
| 155|0x00000000c9b00000, 0x00000000c9b00000, 0x00000000c9c00000|  0%| F|  |TAMS 0x00000000c9b00000, 0x00000000c9b00000| Untracked 
| 156|0x00000000c9c00000, 0x00000000c9c00000, 0x00000000c9d00000|  0%| F|  |TAMS 0x00000000c9c00000, 0x00000000c9c00000| Untracked 
| 157|0x00000000c9d00000, 0x00000000c9d00000, 0x00000000c9e00000|  0%| F|  |TAMS 0x00000000c9d00000, 0x00000000c9d00000| Untracked 
| 158|0x00000000c9e00000, 0x00000000c9e00000, 0x00000000c9f00000|  0%| F|  |TAMS 0x00000000c9e00000, 0x00000000c9e00000| Untracked 
| 159|0x00000000c9f00000, 0x00000000c9f00000, 0x00000000ca000000|  0%| F|  |TAMS 0x00000000c9f00000, 0x00000000c9f00000| Untracked 
| 160|0x00000000ca000000, 0x00000000ca000000, 0x00000000ca100000|  0%| F|  |TAMS 0x00000000ca000000, 0x00000000ca000000| Untracked 
| 161|0x00000000ca100000, 0x00000000ca100000, 0x00000000ca200000|  0%| F|  |TAMS 0x00000000ca100000, 0x00000000ca100000| Untracked 
| 162|0x00000000ca200000, 0x00000000ca200000, 0x00000000ca300000|  0%| F|  |TAMS 0x00000000ca200000, 0x00000000ca200000| Untracked 
| 163|0x00000000ca300000, 0x00000000ca300000, 0x00000000ca400000|  0%| F|  |TAMS 0x00000000ca300000, 0x00000000ca300000| Untracked 
| 164|0x00000000ca400000, 0x00000000ca400000, 0x00000000ca500000|  0%| F|  |TAMS 0x00000000ca400000, 0x00000000ca400000| Untracked 
| 165|0x00000000ca500000, 0x00000000ca500000, 0x00000000ca600000|  0%| F|  |TAMS 0x00000000ca500000, 0x00000000ca500000| Untracked 
| 166|0x00000000ca600000, 0x00000000ca600000, 0x00000000ca700000|  0%| F|  |TAMS 0x00000000ca600000, 0x00000000ca600000| Untracked 
| 167|0x00000000ca700000, 0x00000000ca700000, 0x00000000ca800000|  0%| F|  |TAMS 0x00000000ca700000, 0x00000000ca700000| Untracked 
| 168|0x00000000ca800000, 0x00000000ca800000, 0x00000000ca900000|  0%| F|  |TAMS 0x00000000ca800000, 0x00000000ca800000| Untracked 

Card table byte_map: [0x00007f731d6cb000,0x00007f731d8cb000] _byte_map_base: 0x00007f731d0cb000

Marking Bits (Prev, Next): (CMBitMap*) 0x00007f731803fa50, (CMBitMap*) 0x00007f731803fa18
 Prev Bits: [0x00007f72fb000000, 0x00007f72fc000000)
 Next Bits: [0x00007f731c4cb000, 0x00007f731d4cb000)

Polling page: 0x00007f7321cf1000

Metaspace:

Usage:
  Non-class:     34.40 MB capacity,    32.97 MB ( 96%) used,     1.35 MB (  4%) free+waste,    77.88 KB ( <1%) overhead. 
      Class:      4.70 MB capacity,     3.85 MB ( 82%) used,   828.62 KB ( 17%) free+waste,    38.81 KB ( <1%) overhead. 
       Both:     39.10 MB capacity,    36.82 MB ( 94%) used,     2.16 MB (  6%) free+waste,   116.69 KB ( <1%) overhead. 

Virtual space:
  Non-class space:       36.00 MB reserved,      34.50 MB ( 96%) committed 
      Class space:        1.00 GB reserved,       4.75 MB ( <1%) committed 
             Both:        1.04 GB reserved,      39.25 MB (  4%) committed 

Chunk freelists:
   Non-Class:  96.00 KB
       Class:  20.00 KB
        Both:  116.00 KB

CodeHeap 'non-profiled nmethods': size=120036Kb used=1557Kb max_used=1557Kb free=118478Kb
 bounds [0x00007f730841d000, 0x00007f730868d000, 0x00007f730f956000]
CodeHeap 'profiled nmethods': size=120032Kb used=9715Kb max_used=9715Kb free=110316Kb
 bounds [0x00007f7300ee5000, 0x00007f7301875000, 0x00007f730841d000]
CodeHeap 'non-nmethods': size=5692Kb used=1227Kb max_used=1253Kb free=4464Kb
 bounds [0x00007f7300956000, 0x00007f7300bc6000, 0x00007f7300ee5000]
 total_blobs=6250 nmethods=4575 adapters=504
 compilation: enabled
              stopped_count=0, restarted_count=0
 full_count=0

Compilation events (10 events):
Event: 23.073 Thread 0x00007f7318127000 5084       1       org.eclipse.aether.resolution.VersionRangeResult::getVersionConstraint (5 bytes)
Event: 23.080 Thread 0x00007f7318127000 nmethod 5084 0x00007f73085a1610 code [0x00007f73085a17c0, 0x00007f73085a18f0]
Event: 23.080 Thread 0x00007f7318127000 5081       1       org.apache.maven.model.Activation::getProperty (5 bytes)
Event: 23.080 Thread 0x00007f7318127000 nmethod 5081 0x00007f73085a1990 code [0x00007f73085a1b40, 0x00007f73085a1c70]
Event: 23.080 Thread 0x00007f7318127000 5076       1       org.eclipse.aether.RepositoryEvent::getSession (5 bytes)
Event: 23.080 Thread 0x00007f7318127000 nmethod 5076 0x00007f73085a1d10 code [0x00007f73085a1ec0, 0x00007f73085a1ff0]
Event: 23.080 Thread 0x00007f7318127000 5079       1       org.eclipse.aether.resolution.ArtifactResult::getRepository (5 bytes)
Event: 23.080 Thread 0x00007f7318127000 nmethod 5079 0x00007f73085a2090 code [0x00007f73085a2240, 0x00007f73085a2370]
Event: 23.080 Thread 0x00007f7318127000 5075       1       org.eclipse.aether.repository.LocalArtifactResult::getRepository (5 bytes)
Event: 23.080 Thread 0x00007f7318127000 nmethod 5075 0x00007f73085a2410 code [0x00007f73085a25c0, 0x00007f73085a26f0]

GC Heap History (10 events):
Event: 18.946 GC heap after
{Heap after GC invocations=18 (full 0):
 garbage-first heap   total 173056K, used 32129K [0x00000000c0000000, 0x0000000100000000)
  region size 1024K, 7 young (7168K), 7 survivors (7168K)
 Metaspace       used 35236K, capacity 37470K, committed 37632K, reserved 1083392K
  class space    used 3729K, capacity 4580K, committed 4608K, reserved 1048576K
}
Event: 19.605 GC heap before
{Heap before GC invocations=18 (full 0):
 garbage-first heap   total 173056K, used 89473K [0x00000000c0000000, 0x0000000100000000)
  region size 1024K, 63 young (64512K), 7 survivors (7168K)
 Metaspace       used 35303K, capacity 37534K, committed 37888K, reserved 1083392K
  class space    used 3729K, capacity 4580K, committed 4608K, reserved 1048576K
}
Event: 19.684 GC heap after
{Heap after GC invocations=19 (full 0):
 garbage-first heap   total 173056K, used 37888K [0x00000000c0000000, 0x0000000100000000)
  region size 1024K, 8 young (8192K), 8 survivors (8192K)
 Metaspace       used 35303K, capacity 37534K, committed 37888K, reserved 1083392K
  class space    used 3729K, capacity 4580K, committed 4608K, reserved 1048576K
}
Event: 20.476 GC heap before
{Heap before GC invocations=19 (full 0):
 garbage-first heap   total 173056K, used 102400K [0x00000000c0000000, 0x0000000100000000)
  region size 1024K, 72 young (73728K), 8 survivors (8192K)
 Metaspace       used 36017K, capacity 38310K, committed 38528K, reserved 1083392K
  class space    used 3803K, capacity 4689K, committed 4736K, reserved 1048576K
}
Event: 20.652 GC heap after
{Heap after GC invocations=20 (full 0):
 garbage-first heap   total 173056K, used 45488K [0x00000000c0000000, 0x0000000100000000)
  region size 1024K, 8 young (8192K), 8 survivors (8192K)
 Metaspace       used 36017K, capacity 38310K, committed 38528K, reserved 1083392K
  class space    used 3803K, capacity 4689K, committed 4736K, reserved 1048576K
}
Event: 21.938 GC heap before
{Heap before GC invocations=20 (full 0):
 garbage-first heap   total 173056K, used 114096K [0x00000000c0000000, 0x0000000100000000)
  region size 1024K, 74 young (75776K), 8 survivors (8192K)
 Metaspace       used 37497K, capacity 39774K, committed 39936K, reserved 1085440K
  class space    used 3938K, capacity 4810K, committed 4864K, reserved 1048576K
}
Event: 22.112 GC heap after
{Heap after GC invocations=21 (full 0):
 garbage-first heap   total 173056K, used 53248K [0x00000000c0000000, 0x0000000100000000)
  region size 1024K, 7 young (7168K), 7 survivors (7168K)
 Metaspace       used 37497K, capacity 39774K, committed 39936K, reserved 1085440K
  class space    used 3938K, capacity 4810K, committed 4864K, reserved 1048576K
}
Event: 22.426 GC heap before
{Heap before GC invocations=21 (full 0):
 garbage-first heap   total 173056K, used 71680K [0x00000000c0000000, 0x0000000100000000)
  region size 1024K, 26 young (26624K), 7 survivors (7168K)
 Metaspace       used 37579K, capacity 39905K, committed 40192K, reserved 1085440K
  class space    used 3942K, capacity 4811K, committed 4864K, reserved 1048576K
}
Event: 22.587 GC heap after
{Heap after GC invocations=22 (full 0):
 garbage-first heap   total 173056K, used 55296K [0x00000000c0000000, 0x0000000100000000)
  region size 1024K, 2 young (2048K), 2 survivors (2048K)
 Metaspace       used 37579K, capacity 39905K, committed 40192K, reserved 1085440K
  class space    used 3942K, capacity 4811K, committed 4864K, reserved 1048576K
}
Event: 23.097 GC heap before
{Heap before GC invocations=22 (full 0):
 garbage-first heap   total 173056K, used 90112K [0x00000000c0000000, 0x0000000100000000)
  region size 1024K, 37 young (37888K), 2 survivors (2048K)
 Metaspace       used 37704K, capacity 40036K, committed 40192K, reserved 1085440K
  class space    used 3944K, capacity 4812K, committed 4864K, reserved 1048576K
}

Deoptimization events (10 events):
Event: 22.844 Thread 0x00007f72f4001800 DEOPT PACKING pc=0x00007f7301815c6f sp=0x00007f72e2a15d10
Event: 22.844 Thread 0x00007f72f4001800 DEOPT UNPACKING pc=0x00007f730097e7ba sp=0x00007f72e2a151d0 mode 0
Event: 22.883 Thread 0x00007f72f4001800 DEOPT PACKING pc=0x00007f7300f6e1e1 sp=0x00007f72e2a15f00
Event: 22.883 Thread 0x00007f72f4001800 DEOPT UNPACKING pc=0x00007f730097e7ba sp=0x00007f72e2a153d8 mode 0
Event: 22.896 Thread 0x00007f72f4001800 DEOPT PACKING pc=0x00007f7301815c6f sp=0x00007f72e2a15f10
Event: 22.896 Thread 0x00007f72f4001800 DEOPT UNPACKING pc=0x00007f730097e7ba sp=0x00007f72e2a153d0 mode 0
Event: 22.944 Thread 0x00007f72f4001800 DEOPT PACKING pc=0x00007f7301815c6f sp=0x00007f72e2a15d10
Event: 22.944 Thread 0x00007f72f4001800 DEOPT UNPACKING pc=0x00007f730097e7ba sp=0x00007f72e2a151d0 mode 0
Event: 23.046 Thread 0x00007f72f4001800 DEOPT PACKING pc=0x00007f7301815c6f sp=0x00007f72e2a15260
Event: 23.046 Thread 0x00007f72f4001800 DEOPT UNPACKING pc=0x00007f730097e7ba sp=0x00007f72e2a14708 mode 0

Classes redefined (0 events):
No events

Internal exceptions (10 events):
Event: 20.287 Thread 0x00007f72f4001800 Exception <a 'java/lang/NoSuchMethodError'{0x00000000c77ee7e0}: 'java.lang.Object java.lang.invoke.Invokers$Holder.linkToTargetMethod(java.lang.Object, java.lang.Object, java.lang.Object, java.lang.Object, java.lang.Object, java.lang.Object)'> (0x00000000
Event: 20.311 Thread 0x00007f72f4001800 Exception <a 'sun/nio/fs/UnixException'{0x00000000c7420ce0}> (0x00000000c7420ce0) thrown at [/build/openjdk-lts-7bqZff/openjdk-lts-11.0.4+11/src/hotspot/share/prims/jni.cpp, line 615]
Event: 20.332 Thread 0x00007f72f4001800 Exception <a 'sun/nio/fs/UnixException'{0x00000000c742d058}> (0x00000000c742d058) thrown at [/build/openjdk-lts-7bqZff/openjdk-lts-11.0.4+11/src/hotspot/share/prims/jni.cpp, line 615]
Event: 20.474 Thread 0x00007f72f4001800 Exception <a 'java/lang/NoSuchMethodError'{0x00000000c61c9b90}: 'int java.lang.invoke.DirectMethodHandle$Holder.invokeInterface(java.lang.Object, java.lang.Object)'> (0x00000000c61c9b90) thrown at [/build/openjdk-lts-7bqZff/openjdk-lts-11.0.4+11/src/hotsp
Event: 21.055 Thread 0x00007f72f4001800 Exception <a 'java/lang/NoSuchMethodError'{0x00000000c978d388}: 'java.lang.Object java.lang.invoke.DirectMethodHandle$Holder.invokeSpecial(java.lang.Object, java.lang.Object, java.lang.Object, java.lang.Object, java.lang.Object, java.lang.Object, java.lan
Event: 21.060 Thread 0x00007f72f4001800 Exception <a 'java/lang/NoSuchMethodError'{0x00000000c9798f90}: 'java.lang.Object java.lang.invoke.DirectMethodHandle$Holder.invokeSpecial(java.lang.Object, java.lang.Object, java.lang.Object, java.lang.Object, java.lang.Object, java.lang.Object, java.lan
Event: 21.061 Thread 0x00007f72f4001800 Exception <a 'java/lang/NoSuchMethodError'{0x00000000c979cee0}: 'java.lang.Object java.lang.invoke.Invokers$Holder.linkToTargetMethod(java.lang.Object, java.lang.Object, java.lang.Object, java.lang.Object, java.lang.Object, java.lang.Object, java.lang.Obj
Event: 21.078 Thread 0x00007f72f4001800 Exception <a 'java/lang/NoSuchMethodError'{0x00000000c97cd800}: 'java.lang.Object java.lang.invoke.DirectMethodHandle$Holder.invokeSpecial(java.lang.Object, java.lang.Object, java.lang.Object, java.lang.Object, java.lang.Object, int)'> (0x00000000c97cd800
Event: 21.078 Thread 0x00007f72f4001800 Exception <a 'java/lang/NoSuchMethodError'{0x00000000c97d0e50}: 'java.lang.Object java.lang.invoke.Invokers$Holder.linkToTargetMethod(java.lang.Object, java.lang.Object, java.lang.Object, int, java.lang.Object)'> (0x00000000c97d0e50) thrown at [/build/ope
Event: 21.333 Thread 0x00007f72f4001800 Exception <a 'java/io/FileNotFoundException'{0x00000000c8c100b8}> (0x00000000c8c100b8) thrown at [/build/openjdk-lts-7bqZff/openjdk-lts-11.0.4+11/src/hotspot/share/prims/jni.cpp, line 615]

Events (10 events):
Event: 22.353 Executing VM operation: RevokeBias done
Event: 22.353 Executing VM operation: RevokeBias
Event: 22.353 Executing VM operation: RevokeBias done
Event: 22.354 Executing VM operation: RevokeBias
Event: 22.356 Executing VM operation: RevokeBias done
Event: 22.357 Executing VM operation: RevokeBias
Event: 22.357 Executing VM operation: RevokeBias done
Event: 22.426 Executing VM operation: G1CollectForAllocation
Event: 22.587 Executing VM operation: G1CollectForAllocation done
Event: 23.094 Executing VM operation: G1CollectForAllocation


Dynamic libraries:
c0000000-ca900000 rw-p 00000000 00:00 0 
d5200000-100000000 ---p 00000000 00:00 0 
800000000-800002000 rwxp 00001000 08:01 528999                           /usr/lib/jvm/java-11-openjdk-amd64/lib/server/classes.jsa
800002000-8003bd000 rw-p 00003000 08:01 528999                           /usr/lib/jvm/java-11-openjdk-amd64/lib/server/classes.jsa
8003bd000-800a8a000 r--p 003be000 08:01 528999                           /usr/lib/jvm/java-11-openjdk-amd64/lib/server/classes.jsa
800a8a000-800a8b000 rw-p 00a8b000 08:01 528999                           /usr/lib/jvm/java-11-openjdk-amd64/lib/server/classes.jsa
800a8b000-80109d000 r--p 00a8c000 08:01 528999                           /usr/lib/jvm/java-11-openjdk-amd64/lib/server/classes.jsa
840000000-8404c0000 rw-p 00000000 00:00 0 
8404c0000-880000000 ---p 00000000 00:00 0 
55b5b10a8000-55b5b10a9000 r-xp 00000000 08:01 657486                     /usr/lib/jvm/java-11-openjdk-amd64/bin/java
55b5b12a9000-55b5b12aa000 r--p 00001000 08:01 657486                     /usr/lib/jvm/java-11-openjdk-amd64/bin/java
55b5b12aa000-55b5b12ab000 rw-p 00002000 08:01 657486                     /usr/lib/jvm/java-11-openjdk-amd64/bin/java
55b5b14d4000-55b5b14f5000 rw-p 00000000 00:00 0                          [heap]
7f72d3956000-7f72dc000000 r--s 00000000 08:01 528883                     /usr/lib/jvm/java-11-openjdk-amd64/lib/modules
7f72dc000000-7f72dc183000 rw-p 00000000 00:00 0 
7f72dc183000-7f72e0000000 ---p 00000000 00:00 0 
7f72e0a12000-7f72e0a92000 rw-p 00000000 00:00 0 
7f72e0a92000-7f72e0c12000 ---p 00000000 00:00 0 
7f72e0c12000-7f72e0c16000 ---p 00000000 00:00 0 
7f72e0c16000-7f72e0f13000 rw-p 00000000 00:00 0 
7f72e0f13000-7f72e1113000 rw-p 00000000 00:00 0 
7f72e1113000-7f72e1313000 rw-p 00000000 00:00 0 
7f72e1313000-7f72e1317000 ---p 00000000 00:00 0 
7f72e1317000-7f72e1414000 rw-p 00000000 00:00 0 
7f72e1414000-7f72e1418000 ---p 00000000 00:00 0 
7f72e1418000-7f72e1515000 rw-p 00000000 00:00 0 
7f72e1515000-7f72e1519000 ---p 00000000 00:00 0 
7f72e1519000-7f72e1816000 rw-p 00000000 00:00 0 
7f72e1816000-7f72e181a000 ---p 00000000 00:00 0 
7f72e181a000-7f72e1b17000 rw-p 00000000 00:00 0 
7f72e1b17000-7f72e1b1b000 ---p 00000000 00:00 0 
7f72e1b1b000-7f72e1e18000 rw-p 00000000 00:00 0 
7f72e1e18000-7f72e2018000 rw-p 00000000 00:00 0 
7f72e2018000-7f72e2218000 rw-p 00000000 00:00 0 
7f72e2218000-7f72e2418000 rw-p 00000000 00:00 0 
7f72e2418000-7f72e2618000 rw-p 00000000 00:00 0 
7f72e2618000-7f72e2818000 rw-p 00000000 00:00 0 
7f72e2818000-7f72e281c000 ---p 00000000 00:00 0 
7f72e281c000-7f72e2919000 rw-p 00000000 00:00 0 
7f72e2919000-7f72e291d000 ---p 00000000 00:00 0 
7f72e291d000-7f72e2c1a000 rw-p 00000000 00:00 0 
7f72e2c1a000-7f72e2c1e000 ---p 00000000 00:00 0 
7f72e2c1e000-7f72e2d1b000 rw-p 00000000 00:00 0 
7f72e2d1b000-7f72e2d1f000 ---p 00000000 00:00 0 
7f72e2d1f000-7f72e2e1c000 rw-p 00000000 00:00 0 
7f72e2e1c000-7f72e2e20000 ---p 00000000 00:00 0 
7f72e2e20000-7f72e311d000 rw-p 00000000 00:00 0 
7f72e311d000-7f72e312d000 r-xp 00000000 08:01 531016                     /home/jackson/.vscode/extensions/redhat.java-0.54.2/server/config_linux/org.eclipse.equinox.launcher/org.eclipse.equinox.launcher.gtk.linux.x86_64_1.1.1100.v20190907-0426/eclipse_1801.so
7f72e312d000-7f72e332c000 ---p 00010000 08:01 531016                     /home/jackson/.vscode/extensions/redhat.java-0.54.2/server/config_linux/org.eclipse.equinox.launcher/org.eclipse.equinox.launcher.gtk.linux.x86_64_1.1.1100.v20190907-0426/eclipse_1801.so
7f72e332c000-7f72e332d000 r--p 0000f000 08:01 531016                     /home/jackson/.vscode/extensions/redhat.java-0.54.2/server/config_linux/org.eclipse.equinox.launcher/org.eclipse.equinox.launcher.gtk.linux.x86_64_1.1.1100.v20190907-0426/eclipse_1801.so
7f72e332d000-7f72e332e000 rw-p 00010000 08:01 531016                     /home/jackson/.vscode/extensions/redhat.java-0.54.2/server/config_linux/org.eclipse.equinox.launcher/org.eclipse.equinox.launcher.gtk.linux.x86_64_1.1.1100.v20190907-0426/eclipse_1801.so
7f72e332e000-7f72e3332000 ---p 00000000 00:00 0 
7f72e3332000-7f72e342f000 rw-p 00000000 00:00 0 
7f72e342f000-7f72e3433000 ---p 00000000 00:00 0 
7f72e3433000-7f72e3530000 rw-p 00000000 00:00 0 
7f72e3530000-7f72e3534000 ---p 00000000 00:00 0 
7f72e3534000-7f72e3631000 rw-p 00000000 00:00 0 
7f72e3631000-7f72e4000000 r--p 00000000 08:01 662135                     /usr/lib/locale/locale-archive
7f72e4000000-7f72e60e5000 rw-p 00000000 00:00 0 
7f72e60e5000-7f72e8000000 ---p 00000000 00:00 0 
7f72e8000000-7f72e82ca000 rw-p 00000000 00:00 0 
7f72e82ca000-7f72ec000000 ---p 00000000 00:00 0 
7f72ec000000-7f72ec09d000 rw-p 00000000 00:00 0 
7f72ec09d000-7f72f0000000 ---p 00000000 00:00 0 
7f72f0000000-7f72f077d000 rw-p 00000000 00:00 0 
7f72f077d000-7f72f4000000 ---p 00000000 00:00 0 
7f72f4000000-7f72f402f000 rw-p 00000000 00:00 0 
7f72f402f000-7f72f8000000 ---p 00000000 00:00 0 
7f72f80d4000-7f72f80ea000 r-xp 00000000 08:01 528873                     /usr/lib/jvm/java-11-openjdk-amd64/lib/libnet.so
7f72f80ea000-7f72f82e9000 ---p 00016000 08:01 528873                     /usr/lib/jvm/java-11-openjdk-amd64/lib/libnet.so
7f72f82e9000-7f72f82ea000 r--p 00015000 08:01 528873                     /usr/lib/jvm/java-11-openjdk-amd64/lib/libnet.so
7f72f82ea000-7f72f82eb000 rw-p 00016000 08:01 528873                     /usr/lib/jvm/java-11-openjdk-amd64/lib/libnet.so
7f72f82eb000-7f72f82fb000 r-xp 00000000 08:01 528874                     /usr/lib/jvm/java-11-openjdk-amd64/lib/libnio.so
7f72f82fb000-7f72f84fa000 ---p 00010000 08:01 528874                     /usr/lib/jvm/java-11-openjdk-amd64/lib/libnio.so
7f72f84fa000-7f72f84fb000 r--p 0000f000 08:01 528874                     /usr/lib/jvm/java-11-openjdk-amd64/lib/libnio.so
7f72f84fb000-7f72f84fc000 rw-p 00010000 08:01 528874                     /usr/lib/jvm/java-11-openjdk-amd64/lib/libnio.so
7f72f84fc000-7f72f84fd000 ---p 00000000 00:00 0 
7f72f84fd000-7f72f85fe000 rw-p 00000000 00:00 0 
7f72f85fe000-7f72f8602000 ---p 00000000 00:00 0 
7f72f8602000-7f72f86ff000 rw-p 00000000 00:00 0 
7f72f86ff000-7f72f8703000 ---p 00000000 00:00 0 
7f72f8703000-7f72fb2a4000 rw-p 00000000 00:00 0 
7f72fb2a4000-7f72fc000000 ---p 00000000 00:00 0 
7f72fc000000-7f72fc21f000 rw-p 00000000 00:00 0 
7f72fc21f000-7f7300000000 ---p 00000000 00:00 0 
7f730004a000-7f730004e000 ---p 00000000 00:00 0 
7f730004e000-7f730014b000 rw-p 00000000 00:00 0 
7f730014b000-7f730014f000 ---p 00000000 00:00 0 
7f730014f000-7f730024c000 rw-p 00000000 00:00 0 
7f730024c000-7f7300250000 ---p 00000000 00:00 0 
7f7300250000-7f730034d000 rw-p 00000000 00:00 0 
7f730034d000-7f7300351000 ---p 00000000 00:00 0 
7f7300351000-7f730044e000 rw-p 00000000 00:00 0 
7f730044e000-7f7300452000 ---p 00000000 00:00 0 
7f7300452000-7f730054f000 rw-p 00000000 00:00 0 
7f730054f000-7f7300553000 ---p 00000000 00:00 0 
7f7300553000-7f7300650000 rw-p 00000000 00:00 0 
7f7300650000-7f7300651000 ---p 00000000 00:00 0 
7f7300651000-7f7300752000 rw-p 00000000 00:00 0 
7f7300752000-7f7300753000 ---p 00000000 00:00 0 
7f7300753000-7f7300854000 rw-p 00000000 00:00 0 
7f7300854000-7f7300855000 ---p 00000000 00:00 0 
7f7300855000-7f7300956000 rw-p 00000000 00:00 0 
7f7300956000-7f7300bc6000 rwxp 00000000 00:00 0 
7f7300bc6000-7f7300ee5000 ---p 00000000 00:00 0 
7f7300ee5000-7f7301875000 rwxp 00000000 00:00 0 
7f7301875000-7f730841d000 ---p 00000000 00:00 0 
7f730841d000-7f730868d000 rwxp 00000000 00:00 0 
7f730868d000-7f730f956000 ---p 00000000 00:00 0 
7f730f956000-7f7318000000 r--s 00000000 08:01 528883                     /usr/lib/jvm/java-11-openjdk-amd64/lib/modules
7f7318000000-7f73184bf000 rw-p 00000000 00:00 0 
7f73184bf000-7f731c000000 ---p 00000000 00:00 0 
7f731c043000-7f731c0c4000 rw-p 00000000 00:00 0 
7f731c0c4000-7f731c0c5000 ---p 00000000 00:00 0 
7f731c0c5000-7f731c2c7000 rw-p 00000000 00:00 0 
7f731c2c7000-7f731c2c8000 ---p 00000000 00:00 0 
7f731c2c8000-7f731c3c9000 rw-p 00000000 00:00 0 
7f731c3c9000-7f731c3ca000 ---p 00000000 00:00 0 
7f731c3ca000-7f731c76f000 rw-p 00000000 00:00 0 
7f731c76f000-7f731d4cb000 ---p 00000000 00:00 0 
7f731d4cb000-7f731d520000 rw-p 00000000 00:00 0 
7f731d520000-7f731d6cb000 ---p 00000000 00:00 0 
7f731d6cb000-7f731d720000 rw-p 00000000 00:00 0 
7f731d720000-7f731d8cb000 ---p 00000000 00:00 0 
7f731d8cb000-7f731d920000 rw-p 00000000 00:00 0 
7f731d920000-7f731dacb000 ---p 00000000 00:00 0 
7f731dacb000-7f731dbcc000 rw-p 00000000 00:00 0 
7f731dbcc000-7f731dbcd000 ---p 00000000 00:00 0 
7f731dbcd000-7f731dcd3000 rw-p 00000000 00:00 0 
7f731dcd3000-7f731ddb9000 ---p 00000000 00:00 0 
7f731ddb9000-7f731ddcd000 rw-p 00000000 00:00 0 
7f731ddcd000-7f731dea4000 ---p 00000000 00:00 0 
7f731dea4000-7f731dea9000 r-xp 00000000 08:01 528865                     /usr/lib/jvm/java-11-openjdk-amd64/lib/libjimage.so
7f731dea9000-7f731e0a8000 ---p 00005000 08:01 528865                     /usr/lib/jvm/java-11-openjdk-amd64/lib/libjimage.so
7f731e0a8000-7f731e0a9000 r--p 00004000 08:01 528865                     /usr/lib/jvm/java-11-openjdk-amd64/lib/libjimage.so
7f731e0a9000-7f731e0aa000 rw-p 00005000 08:01 528865                     /usr/lib/jvm/java-11-openjdk-amd64/lib/libjimage.so
7f731e0aa000-7f731e0b1000 r-xp 00000000 08:01 528882                     /usr/lib/jvm/java-11-openjdk-amd64/lib/libzip.so
7f731e0b1000-7f731e2b0000 ---p 00007000 08:01 528882                     /usr/lib/jvm/java-11-openjdk-amd64/lib/libzip.so
7f731e2b0000-7f731e2b1000 r--p 00006000 08:01 528882                     /usr/lib/jvm/java-11-openjdk-amd64/lib/libzip.so
7f731e2b1000-7f731e2b2000 rw-p 00007000 08:01 528882                     /usr/lib/jvm/java-11-openjdk-amd64/lib/libzip.so
7f731e2b2000-7f731e2bd000 r-xp 00000000 08:01 1186092                    /lib/x86_64-linux-gnu/libnss_files-2.27.so
7f731e2bd000-7f731e4bc000 ---p 0000b000 08:01 1186092                    /lib/x86_64-linux-gnu/libnss_files-2.27.so
7f731e4bc000-7f731e4bd000 r--p 0000a000 08:01 1186092                    /lib/x86_64-linux-gnu/libnss_files-2.27.so
7f731e4bd000-7f731e4be000 rw-p 0000b000 08:01 1186092                    /lib/x86_64-linux-gnu/libnss_files-2.27.so
7f731e4be000-7f731e4c4000 rw-p 00000000 00:00 0 
7f731e4c4000-7f731e4db000 r-xp 00000000 08:01 1186086                    /lib/x86_64-linux-gnu/libnsl-2.27.so
7f731e4db000-7f731e6da000 ---p 00017000 08:01 1186086                    /lib/x86_64-linux-gnu/libnsl-2.27.so
7f731e6da000-7f731e6db000 r--p 00016000 08:01 1186086                    /lib/x86_64-linux-gnu/libnsl-2.27.so
7f731e6db000-7f731e6dc000 rw-p 00017000 08:01 1186086                    /lib/x86_64-linux-gnu/libnsl-2.27.so
7f731e6dc000-7f731e6de000 rw-p 00000000 00:00 0 
7f731e6de000-7f731e6e9000 r-xp 00000000 08:01 1186103                    /lib/x86_64-linux-gnu/libnss_nis-2.27.so
7f731e6e9000-7f731e8e8000 ---p 0000b000 08:01 1186103                    /lib/x86_64-linux-gnu/libnss_nis-2.27.so
7f731e8e8000-7f731e8e9000 r--p 0000a000 08:01 1186103                    /lib/x86_64-linux-gnu/libnss_nis-2.27.so
7f731e8e9000-7f731e8ea000 rw-p 0000b000 08:01 1186103                    /lib/x86_64-linux-gnu/libnss_nis-2.27.so
7f731e8ea000-7f731e8f2000 r-xp 00000000 08:01 1186088                    /lib/x86_64-linux-gnu/libnss_compat-2.27.so
7f731e8f2000-7f731eaf2000 ---p 00008000 08:01 1186088                    /lib/x86_64-linux-gnu/libnss_compat-2.27.so
7f731eaf2000-7f731eaf3000 r--p 00008000 08:01 1186088                    /lib/x86_64-linux-gnu/libnss_compat-2.27.so
7f731eaf3000-7f731eaf4000 rw-p 00009000 08:01 1186088                    /lib/x86_64-linux-gnu/libnss_compat-2.27.so
7f731eaf4000-7f731eb1d000 r-xp 00000000 08:01 528861                     /usr/lib/jvm/java-11-openjdk-amd64/lib/libjava.so
7f731eb1d000-7f731ed1c000 ---p 00029000 08:01 528861                     /usr/lib/jvm/java-11-openjdk-amd64/lib/libjava.so
7f731ed1c000-7f731ed1d000 r--p 00028000 08:01 528861                     /usr/lib/jvm/java-11-openjdk-amd64/lib/libjava.so
7f731ed1d000-7f731ed1f000 rw-p 00029000 08:01 528861                     /usr/lib/jvm/java-11-openjdk-amd64/lib/libjava.so
7f731ed1f000-7f731ed2c000 r-xp 00000000 08:01 528881                     /usr/lib/jvm/java-11-openjdk-amd64/lib/libverify.so
7f731ed2c000-7f731ef2b000 ---p 0000d000 08:01 528881                     /usr/lib/jvm/java-11-openjdk-amd64/lib/libverify.so
7f731ef2b000-7f731ef2d000 r--p 0000c000 08:01 528881                     /usr/lib/jvm/java-11-openjdk-amd64/lib/libverify.so
7f731ef2d000-7f731ef2e000 rw-p 0000e000 08:01 528881                     /usr/lib/jvm/java-11-openjdk-amd64/lib/libverify.so
7f731ef2e000-7f731ef35000 r-xp 00000000 08:01 1186143                    /lib/x86_64-linux-gnu/librt-2.27.so
7f731ef35000-7f731f134000 ---p 00007000 08:01 1186143                    /lib/x86_64-linux-gnu/librt-2.27.so
7f731f134000-7f731f135000 r--p 00006000 08:01 1186143                    /lib/x86_64-linux-gnu/librt-2.27.so
7f731f135000-7f731f136000 rw-p 00007000 08:01 1186143                    /lib/x86_64-linux-gnu/librt-2.27.so
7f731f136000-7f731f14d000 r-xp 00000000 08:01 1186039                    /lib/x86_64-linux-gnu/libgcc_s.so.1
7f731f14d000-7f731f34c000 ---p 00017000 08:01 1186039                    /lib/x86_64-linux-gnu/libgcc_s.so.1
7f731f34c000-7f731f34d000 r--p 00016000 08:01 1186039                    /lib/x86_64-linux-gnu/libgcc_s.so.1
7f731f34d000-7f731f34e000 rw-p 00017000 08:01 1186039                    /lib/x86_64-linux-gnu/libgcc_s.so.1
7f731f34e000-7f731f4eb000 r-xp 00000000 08:01 1186065                    /lib/x86_64-linux-gnu/libm-2.27.so
7f731f4eb000-7f731f6ea000 ---p 0019d000 08:01 1186065                    /lib/x86_64-linux-gnu/libm-2.27.so
7f731f6ea000-7f731f6eb000 r--p 0019c000 08:01 1186065                    /lib/x86_64-linux-gnu/libm-2.27.so
7f731f6eb000-7f731f6ec000 rw-p 0019d000 08:01 1186065                    /lib/x86_64-linux-gnu/libm-2.27.so
7f731f6ec000-7f731f865000 r-xp 00000000 08:01 667166                     /usr/lib/x86_64-linux-gnu/libstdc++.so.6.0.25
7f731f865000-7f731fa65000 ---p 00179000 08:01 667166                     /usr/lib/x86_64-linux-gnu/libstdc++.so.6.0.25
7f731fa65000-7f731fa6f000 r--p 00179000 08:01 667166                     /usr/lib/x86_64-linux-gnu/libstdc++.so.6.0.25
7f731fa6f000-7f731fa71000 rw-p 00183000 08:01 667166                     /usr/lib/x86_64-linux-gnu/libstdc++.so.6.0.25
7f731fa71000-7f731fa75000 rw-p 00000000 00:00 0 
7f731fa75000-7f7320b41000 r-xp 00000000 08:01 528888                     /usr/lib/jvm/java-11-openjdk-amd64/lib/server/libjvm.so
7f7320b41000-7f7320d40000 ---p 010cc000 08:01 528888                     /usr/lib/jvm/java-11-openjdk-amd64/lib/server/libjvm.so
7f7320d40000-7f7320dfd000 r--p 010cb000 08:01 528888                     /usr/lib/jvm/java-11-openjdk-amd64/lib/server/libjvm.so
7f7320dfd000-7f7320e36000 rw-p 01188000 08:01 528888                     /usr/lib/jvm/java-11-openjdk-amd64/lib/server/libjvm.so
7f7320e36000-7f7320e8c000 rw-p 00000000 00:00 0 
7f7320e8c000-7f7320ea6000 r-xp 00000000 08:01 1186135                    /lib/x86_64-linux-gnu/libpthread-2.27.so
7f7320ea6000-7f73210a5000 ---p 0001a000 08:01 1186135                    /lib/x86_64-linux-gnu/libpthread-2.27.so
7f73210a5000-7f73210a6000 r--p 00019000 08:01 1186135                    /lib/x86_64-linux-gnu/libpthread-2.27.so
7f73210a6000-7f73210a7000 rw-p 0001a000 08:01 1186135                    /lib/x86_64-linux-gnu/libpthread-2.27.so
7f73210a7000-7f73210ab000 rw-p 00000000 00:00 0 
7f73210ab000-7f73210ae000 r-xp 00000000 08:01 1186025                    /lib/x86_64-linux-gnu/libdl-2.27.so
7f73210ae000-7f73212ad000 ---p 00003000 08:01 1186025                    /lib/x86_64-linux-gnu/libdl-2.27.so
7f73212ad000-7f73212ae000 r--p 00002000 08:01 1186025                    /lib/x86_64-linux-gnu/libdl-2.27.so
7f73212ae000-7f73212af000 rw-p 00003000 08:01 1186025                    /lib/x86_64-linux-gnu/libdl-2.27.so
7f73212af000-7f73212cb000 r-xp 00000000 08:01 1186174                    /lib/x86_64-linux-gnu/libz.so.1.2.11
7f73212cb000-7f73214ca000 ---p 0001c000 08:01 1186174                    /lib/x86_64-linux-gnu/libz.so.1.2.11
7f73214ca000-7f73214cb000 r--p 0001b000 08:01 1186174                    /lib/x86_64-linux-gnu/libz.so.1.2.11
7f73214cb000-7f73214cc000 rw-p 0001c000 08:01 1186174                    /lib/x86_64-linux-gnu/libz.so.1.2.11
7f73214cc000-7f73216b3000 r-xp 00000000 08:01 1186002                    /lib/x86_64-linux-gnu/libc-2.27.so
7f73216b3000-7f73218b3000 ---p 001e7000 08:01 1186002                    /lib/x86_64-linux-gnu/libc-2.27.so
7f73218b3000-7f73218b7000 r--p 001e7000 08:01 1186002                    /lib/x86_64-linux-gnu/libc-2.27.so
7f73218b7000-7f73218b9000 rw-p 001eb000 08:01 1186002                    /lib/x86_64-linux-gnu/libc-2.27.so
7f73218b9000-7f73218bd000 rw-p 00000000 00:00 0 
7f73218bd000-7f73218cd000 r-xp 00000000 08:01 528845                     /usr/lib/jvm/java-11-openjdk-amd64/lib/jli/libjli.so
7f73218cd000-7f7321acc000 ---p 00010000 08:01 528845                     /usr/lib/jvm/java-11-openjdk-amd64/lib/jli/libjli.so
7f7321acc000-7f7321acd000 r--p 0000f000 08:01 528845                     /usr/lib/jvm/java-11-openjdk-amd64/lib/jli/libjli.so
7f7321acd000-7f7321ace000 rw-p 00010000 08:01 528845                     /usr/lib/jvm/java-11-openjdk-amd64/lib/jli/libjli.so
7f7321ace000-7f7321af5000 r-xp 00000000 08:01 1185974                    /lib/x86_64-linux-gnu/ld-2.27.so
7f7321b31000-7f7321b35000 ---p 00000000 00:00 0 
7f7321b35000-7f7321bd6000 rw-p 00000000 00:00 0 
7f7321bd6000-7f7321bdd000 ---p 00000000 00:00 0 
7f7321bdd000-7f7321be1000 ---p 00000000 00:00 0 
7f7321be1000-7f7321ce0000 rw-p 00000000 00:00 0 
7f7321ce7000-7f7321ce9000 r--s 00007000 08:01 943479                     /usr/share/java/java-atk-wrapper.jar
7f7321ce9000-7f7321cf1000 rw-s 00000000 08:01 533293                     /tmp/hsperfdata_jackson/4217
7f7321cf1000-7f7321cf2000 ---p 00000000 00:00 0 
7f7321cf2000-7f7321cf3000 r--p 00000000 00:00 0 
7f7321cf3000-7f7321cf5000 rw-p 00000000 00:00 0 
7f7321cf5000-7f7321cf6000 r--p 00027000 08:01 1185974                    /lib/x86_64-linux-gnu/ld-2.27.so
7f7321cf6000-7f7321cf7000 rw-p 00028000 08:01 1185974                    /lib/x86_64-linux-gnu/ld-2.27.so
7f7321cf7000-7f7321cf8000 rw-p 00000000 00:00 0 
7ffc9cd49000-7ffc9cd6a000 rw-p 00000000 00:00 0                          [stack]
7ffc9cda3000-7ffc9cda6000 r--p 00000000 00:00 0                          [vvar]
7ffc9cda6000-7ffc9cda7000 r-xp 00000000 00:00 0                          [vdso]
ffffffffff600000-ffffffffff601000 r-xp 00000000 00:00 0                  [vsyscall]


VM Arguments:
jvm_args: --add-modules=ALL-SYSTEM --add-opens=java.base/java.util=ALL-UNNAMED --add-opens=java.base/java.lang=ALL-UNNAMED -Declipse.application=org.eclipse.jdt.ls.core.id1 -Dosgi.bundles.defaultStartLevel=4 -Declipse.product=org.eclipse.jdt.ls.core.product -Dfile.encoding=utf8 -Xverify:none -Xmx1G -XX:+UseG1GC -XX:+UseStringDeduplication 
java_command: /home/jackson/.vscode/extensions/redhat.java-0.54.2/server/plugins/org.eclipse.equinox.launcher_1.5.600.v20191014-2022.jar -configuration /home/jackson/.vscode/extensions/redhat.java-0.54.2/server/config_linux -data /home/jackson/.config/Code/User/workspaceStorage/12e3aee23846e241e61f4009526939a1/redhat.java/jdt_ws
java_class_path (initial): /home/jackson/.vscode/extensions/redhat.java-0.54.2/server/plugins/org.eclipse.equinox.launcher_1.5.600.v20191014-2022.jar
Launcher Type: SUN_STANDARD

[Global flags]
     bool BytecodeVerificationLocal                = false                                     {product} {command line}
     bool BytecodeVerificationRemote               = false                                     {product} {command line}
     intx CICompilerCount                          = 2                                         {product} {ergonomic}
     uint ConcGCThreads                            = 1                                         {product} {ergonomic}
     uint G1ConcRefinementThreads                  = 1                                         {product} {ergonomic}
   size_t G1HeapRegionSize                         = 1048576                                   {product} {ergonomic}
    uintx GCDrainStackTargetSize                   = 64                                        {product} {ergonomic}
   size_t InitialHeapSize                          = 65011712                                  {product} {ergonomic}
   size_t MarkStackSize                            = 4194304                                   {product} {ergonomic}
   size_t MaxHeapSize                              = 1073741824                                {product} {command line}
   size_t MaxNewSize                               = 643825664                                 {product} {ergonomic}
   size_t MinHeapDeltaBytes                        = 1048576                                   {product} {ergonomic}
    uintx NonNMethodCodeHeapSize                   = 5824844                                {pd product} {ergonomic}
    uintx NonProfiledCodeHeapSize                  = 122916698                              {pd product} {ergonomic}
    uintx ProfiledCodeHeapSize                     = 122916698                              {pd product} {ergonomic}
    uintx ReservedCodeCacheSize                    = 251658240                              {pd product} {ergonomic}
     bool SegmentedCodeCache                       = true                                      {product} {ergonomic}
     bool UseCompressedClassPointers               = true                                 {lp64_product} {ergonomic}
     bool UseCompressedOops                        = true                                 {lp64_product} {ergonomic}
     bool UseG1GC                                  = true                                      {product} {command line}
     bool UseStringDeduplication                   = true                                      {product} {command line}

Logging:
Log output configuration:
 #0: stdout all=warning uptime,level,tags
 #1: stderr all=off uptime,level,tags

Environment Variables:
JAVA_HOME=/usr/lib/jvm/java-11-openjdk-amd64/
PATH=/usr/lib/jvm/java-11-openjdk-amd64/:bin:/home/jackson/Documents/apache-maven-3.6.3:bin:/usr/local/sbin:/usr/local/bin:/usr/sbin:/usr/bin:/sbin:/bin:/usr/games:/usr/local/games:/snap/bin
USERNAME=jackson
SHELL=/bin/bash
DISPLAY=:0

Signal Handlers:
SIGSEGV: [libjvm.so+0xde5f50], sa_mask[0]=11111111011111111101111111111110, sa_flags=SA_RESTART|SA_SIGINFO
SIGBUS: [libjvm.so+0xde5f50], sa_mask[0]=11111111011111111101111111111110, sa_flags=SA_RESTART|SA_SIGINFO
SIGFPE: [libjvm.so+0xde5f50], sa_mask[0]=11111111011111111101111111111110, sa_flags=SA_RESTART|SA_SIGINFO
SIGPIPE: [libjvm.so+0xbba5b0], sa_mask[0]=11111111011111111101111111111110, sa_flags=SA_RESTART|SA_SIGINFO
SIGXFSZ: [libjvm.so+0xbba5b0], sa_mask[0]=11111111011111111101111111111110, sa_flags=SA_RESTART|SA_SIGINFO
SIGILL: [libjvm.so+0xde5f50], sa_mask[0]=11111111011111111101111111111110, sa_flags=SA_RESTART|SA_SIGINFO
SIGUSR2: [libjvm.so+0xbba450], sa_mask[0]=00000000000000000000000000000000, sa_flags=SA_RESTART|SA_SIGINFO
SIGHUP: [libjvm.so+0xbba7b0], sa_mask[0]=11111111011111111101111111111110, sa_flags=SA_RESTART|SA_SIGINFO
SIGINT: [libjvm.so+0xbba7b0], sa_mask[0]=11111111011111111101111111111110, sa_flags=SA_RESTART|SA_SIGINFO
SIGTERM: [libjvm.so+0xbba7b0], sa_mask[0]=11111111011111111101111111111110, sa_flags=SA_RESTART|SA_SIGINFO
SIGQUIT: [libjvm.so+0xbba7b0], sa_mask[0]=11111111011111111101111111111110, sa_flags=SA_RESTART|SA_SIGINFO


---------------  S Y S T E M  ---------------

OS:DISTRIB_ID=Ubuntu
DISTRIB_RELEASE=18.04
DISTRIB_CODENAME=bionic
DISTRIB_DESCRIPTION="Ubuntu 18.04.3 LTS"
uname:Linux 5.0.0-37-generic #40~18.04.1-Ubuntu SMP Thu Nov 14 12:06:39 UTC 2019 x86_64
libc:glibc 2.27 NPTL 2.27 
rlimit: STACK 8192k, CORE 0k, NPROC 15581, NOFILE 1048576, AS infinity, DATA infinity, FSIZE infinity
load average:5.42 2.08 1.16

/proc/meminfo:
MemTotal:        4037260 kB
MemFree:          103000 kB
MemAvailable:      47072 kB
Buffers:           11144 kB
Cached:           240732 kB
SwapCached:        25516 kB
Active:          3035800 kB
Inactive:         669660 kB
Active(anon):    2996116 kB
Inactive(anon):   616584 kB
Active(file):      39684 kB
Inactive(file):    53076 kB
Unevictable:          48 kB
Mlocked:              48 kB
SwapTotal:        969960 kB
SwapFree:              0 kB
Dirty:               488 kB
Writeback:             0 kB
AnonPages:       3428348 kB
Mapped:           189060 kB
Shmem:            159100 kB
KReclaimable:      32684 kB
Slab:              75660 kB
SReclaimable:      32684 kB
SUnreclaim:        42976 kB
KernelStack:       16416 kB
PageTables:        63388 kB
NFS_Unstable:          0 kB
Bounce:                0 kB
WritebackTmp:          0 kB
CommitLimit:     2988588 kB
Committed_AS:   11625876 kB
VmallocTotal:   34359738367 kB
VmallocUsed:           0 kB
VmallocChunk:          0 kB
Percpu:              316 kB
HardwareCorrupted:     0 kB
AnonHugePages:         0 kB
ShmemHugePages:        0 kB
ShmemPmdMapped:        0 kB
CmaTotal:              0 kB
CmaFree:               0 kB
HugePages_Total:       0
HugePages_Free:        0
HugePages_Rsvd:        0
HugePages_Surp:        0
Hugepagesize:       2048 kB
Hugetlb:               0 kB
DirectMap4k:      208832 kB
DirectMap2M:     3985408 kB


/proc/sys/kernel/threads-max (system-wide limit on the number of threads):
31163


/proc/sys/vm/max_map_count (maximum number of memory map areas a process may have):
65530


/proc/sys/kernel/pid_max (system-wide limit on number of process identifiers):
32768



container (cgroup) information:
container_type: cgroupv1
cpu_cpuset_cpus: 0
cpu_memory_nodes: 0
active_processor_count: 1
cpu_quota: -1
cpu_period: 100000
cpu_shares: -1
memory_limit_in_bytes: -1
memory_and_swap_limit_in_bytes: -2
memory_soft_limit_in_bytes: -1
memory_usage_in_bytes: 3789049856
memory_max_usage_in_bytes: 26636288

Steal ticks since vm start: 0
Steal ticks percentage since vm start:  0.000

CPU:total 1 (initial active 1) (1 cores per cpu, 1 threads per core) family 6 model 158 stepping 10, cmov, cx8, fxsr, mmx, sse, sse2, sse3, ssse3, sse4.1, sse4.2, popcnt, avx, avx2, aes, clmul, 3dnowpref, lzcnt, tsc, tscinvbit
CPU Model and flags from /proc/cpuinfo:
model name	: Intel(R) Core(TM) i5-8600K CPU @ 3.60GHz
flags		: fpu vme de pse tsc msr pae mce cx8 apic sep mtrr pge mca cmov pat pse36 clflush mmx fxsr sse sse2 ht syscall nx rdtscp lm constant_tsc rep_good nopl xtopology nonstop_tsc cpuid tsc_known_freq pni pclmulqdq monitor ssse3 cx16 pcid sse4_1 sse4_2 x2apic movbe popcnt aes xsave avx rdrand hypervisor lahf_lm abm 3dnowprefetch invpcid_single pti fsgsbase avx2 invpcid rdseed clflushopt flush_l1d

Memory: 4k page, physical 4037260k(102748k free), swap 969960k(0k free)

vm_info: OpenJDK 64-Bit Server VM (11.0.4+11-post-Ubuntu-1ubuntu218.04.3) for linux-amd64 JRE (11.0.4+11-post-Ubuntu-1ubuntu218.04.3), built on Jul 18 2019 18:21:46 by "buildd" with gcc 7.4.0

END.
