#
# There is insufficient memory for the Java Runtime Environment to continue.
# Native memory allocation (mmap) failed to map 341835776 bytes for committing reserved memory.
# Possible reasons:
#   The system is out of physical RAM or swap space
#   The process is running with CompressedOops enabled, and the Java Heap may be blocking the growth of the native heap
# Possible solutions:
#   Reduce memory load on the system
#   Increase physical memory or swap space
#   Check if swap backing store is full
#   Decrease Java heap size (-Xmx/-Xms)
#   Decrease number of Java threads
#   Decrease Java thread stack sizes (-Xss)
#   Set larger code cache with -XX:ReservedCodeCacheSize=
#   JVM is running with Unscaled Compressed Oops mode in which the Java heap is
#     placed in the first 4GB address space. The Java Heap base address is the
#     maximum limit for the native heap growth. Please use -XX:HeapBaseMinAddress
#     to set the Java Heap base and to place the Java Heap above 4GB virtual address.
# This output file may be truncated or incomplete.
#
#  Out of Memory Error (os_linux.cpp:2893), pid=4337, tid=4345
#
# JRE version: OpenJDK Runtime Environment (11.0.4+11) (build 11.0.4+11-post-Ubuntu-1ubuntu218.04.3)
# Java VM: OpenJDK 64-Bit Server VM (11.0.4+11-post-Ubuntu-1ubuntu218.04.3, mixed mode, sharing, tiered, compressed oops, g1 gc, linux-amd64)
# Core dump will be written. Default location: Core dumps may be processed with "/usr/share/apport/apport %p %s %c %d %P" (or dumping to /home/jackson/Documents/kafka_2.12-2.3.0/consumer.examples/core.4337)
#

---------------  S U M M A R Y ------------

Command Line: --add-modules=ALL-SYSTEM --add-opens=java.base/java.util=ALL-UNNAMED --add-opens=java.base/java.lang=ALL-UNNAMED -Declipse.application=org.eclipse.jdt.ls.core.id1 -Dosgi.bundles.defaultStartLevel=4 -Declipse.product=org.eclipse.jdt.ls.core.product -Dfile.encoding=utf8 -Xverify:none -Xmx1G -XX:+UseG1GC -XX:+UseStringDeduplication /home/jackson/.vscode/extensions/redhat.java-0.54.2/server/plugins/org.eclipse.equinox.launcher_1.5.600.v20191014-2022.jar -configuration /home/jackson/.vscode/extensions/redhat.java-0.54.2/server/config_linux -data /home/jackson/.config/Code/User/workspaceStorage/12e3aee23846e241e61f4009526939a1/redhat.java/jdt_ws

Host: Intel(R) Core(TM) i5-8600K CPU @ 3.60GHz, 1 cores, 3G, Ubuntu 18.04.3 LTS
Time: Sat Dec 14 14:19:08 2019 CST elapsed time: 24 seconds (0d 0h 0m 24s)

---------------  T H R E A D  ---------------

Current thread (0x00007f6c34110000):  VMThread "VM Thread" [stack: 0x00007f6c14bf7000,0x00007f6c14cf7000] [id=4345]

Stack: [0x00007f6c14bf7000,0x00007f6c14cf7000],  sp=0x00007f6c14cf4ff0,  free space=1015k
Native frames: (J=compiled Java code, A=aot compiled Java code, j=interpreted, Vv=VM code, C=native code)
V  [libjvm.so+0xde4547]
V  [libjvm.so+0xde519b]
V  [libjvm.so+0x6511a5]
V  [libjvm.so+0xbbed38]
V  [libjvm.so+0xbb5ebd]
V  [libjvm.so+0x76f53f]
V  [libjvm.so+0x76f7ae]
V  [libjvm.so+0x77b820]
V  [libjvm.so+0x7f6969]
V  [libjvm.so+0x7f75c2]
V  [libjvm.so+0x7f7a29]
V  [libjvm.so+0x72de6f]
V  [libjvm.so+0x732b6a]
V  [libjvm.so+0xdf01e1]
V  [libjvm.so+0xdeeda8]
V  [libjvm.so+0xdec5e6]
V  [libjvm.so+0xdecaf0]
V  [libjvm.so+0xdecf23]
V  [libjvm.so+0xd7aeea]
V  [libjvm.so+0xbc4a5e]

VM_Operation (0x00007f6c0cbb63a0): G1CollectForAllocation, mode: safepoint, requested by thread 0x00007f6c08001800


---------------  P R O C E S S  ---------------

Threads class SMR info:
_java_thread_list=0x00007f6c1018e920, length=24, elements={
0x00007f6c34012800, 0x00007f6c34113000, 0x00007f6c34115000, 0x00007f6c34123000,
0x00007f6c34125000, 0x00007f6c34127000, 0x00007f6c34129000, 0x00007f6c34158000,
0x00007f6c3419b000, 0x00007f6c34244800, 0x00007f6c34323000, 0x00007f6c34356000,
0x00007f6c3436b800, 0x00007f6bfc341000, 0x00007f6bfc212000, 0x00007f6c08001800,
0x00007f6c08008800, 0x00007f6bfc574000, 0x00007f6c343be800, 0x00007f6c3447b000,
0x00007f6c10017000, 0x00007f6c00047800, 0x00007f6bfcfaf000, 0x00007f6c1018d000
}

Java Threads: ( => current thread )
  0x00007f6c34012800 JavaThread "main" [_thread_blocked, id=4338, stack(0x00007f6c3b9f1000,0x00007f6c3baf2000)]
  0x00007f6c34113000 JavaThread "Reference Handler" daemon [_thread_blocked, id=4346, stack(0x00007f6c14af4000,0x00007f6c14bf5000)]
  0x00007f6c34115000 JavaThread "Finalizer" daemon [_thread_blocked, id=4347, stack(0x00007f6c149f3000,0x00007f6c14af4000)]
  0x00007f6c34123000 JavaThread "Signal Dispatcher" daemon [_thread_blocked, id=4348, stack(0x00007f6c0deff000,0x00007f6c0e000000)]
  0x00007f6c34125000 JavaThread "C2 CompilerThread0" daemon [_thread_blocked, id=4349, stack(0x00007f6c0ddfe000,0x00007f6c0deff000)]
  0x00007f6c34127000 JavaThread "C1 CompilerThread0" daemon [_thread_blocked, id=4350, stack(0x00007f6c0dcfd000,0x00007f6c0ddfe000)]
  0x00007f6c34129000 JavaThread "Sweeper thread" daemon [_thread_blocked, id=4351, stack(0x00007f6c0dbfc000,0x00007f6c0dcfd000)]
  0x00007f6c34158000 JavaThread "Common-Cleaner" daemon [_thread_blocked, id=4352, stack(0x00007f6c0dafb000,0x00007f6c0dbfc000)]
  0x00007f6c3419b000 JavaThread "Service Thread" daemon [_thread_blocked, id=4353, stack(0x00007f6c0d9fa000,0x00007f6c0dafb000)]
  0x00007f6c34244800 JavaThread "process reaper" daemon [_thread_blocked, id=4356, stack(0x00007f6c3b945000,0x00007f6c3b967000)]
  0x00007f6c34323000 JavaThread "Active Thread: Equinox Container: 0007772c-0f88-4a6c-8a83-c00a29c60fb9" [_thread_blocked, id=4358, stack(0x00007f6c0d3cf000,0x00007f6c0d4d0000)]
  0x00007f6c34356000 JavaThread "Framework Event Dispatcher: Equinox Container: 0007772c-0f88-4a6c-8a83-c00a29c60fb9" daemon [_thread_blocked, id=4359, stack(0x00007f6c0d2ce000,0x00007f6c0d3cf000)]
  0x00007f6c3436b800 JavaThread "Start Level: Equinox Container: 0007772c-0f88-4a6c-8a83-c00a29c60fb9" daemon [_thread_blocked, id=4360, stack(0x00007f6c0d1cd000,0x00007f6c0d2ce000)]
  0x00007f6bfc341000 JavaThread "Worker-JM" [_thread_blocked, id=4361, stack(0x00007f6c0ccbb000,0x00007f6c0cdbc000)]
  0x00007f6bfc212000 JavaThread "Worker-0: Java indexing... " [_thread_blocked, id=4362, stack(0x00007f6c0cbba000,0x00007f6c0ccbb000)]
  0x00007f6c08001800 JavaThread "Worker-1: Initialize Workspace" [_thread_blocked, id=4363, stack(0x00007f6c0cab9000,0x00007f6c0cbba000)]
  0x00007f6c08008800 JavaThread "Worker-2: Updating Maven Dependencies" [_thread_blocked, id=4364, stack(0x00007f6c0c7b8000,0x00007f6c0c8b9000)]
  0x00007f6bfc574000 JavaThread "Java indexing" daemon [_thread_blocked, id=4365, stack(0x00007f6c0c6b7000,0x00007f6c0c7b8000)]
  0x00007f6c343be800 JavaThread "pool-2-thread-1" [_thread_blocked, id=4366, stack(0x00007f6bfb8ff000,0x00007f6bfba00000)]
  0x00007f6c3447b000 JavaThread "pool-1-thread-1" [_thread_blocked, id=4367, stack(0x00007f6bfb5fe000,0x00007f6bfb6ff000)]
  0x00007f6c10017000 JavaThread "Worker-3" [_thread_blocked, id=4368, stack(0x00007f6bfb2fd000,0x00007f6bfb3fe000)]
  0x00007f6c00047800 JavaThread "Worker-4" [_thread_blocked, id=4369, stack(0x00007f6bfb1fc000,0x00007f6bfb2fd000)]
  0x00007f6bfcfaf000 JavaThread "Worker-5" [_thread_blocked, id=4370, stack(0x00007f6bfb0fb000,0x00007f6bfb1fc000)]
  0x00007f6c1018d000 JavaThread "Bundle File Closer" daemon [_thread_blocked, id=4373, stack(0x00007f6bfa9fa000,0x00007f6bfaafb000)]

Other Threads:
=>0x00007f6c34110000 VMThread "VM Thread" [stack: 0x00007f6c14bf7000,0x00007f6c14cf7000] [id=4345]
  0x00007f6c3419d000 WatcherThread [stack: 0x00007f6c0d8fa000,0x00007f6c0d9fa000] [id=4354]
  0x00007f6c34029000 GCTaskThread "GC Thread#0" [stack: 0x00007f6c1c272000,0x00007f6c1c372000] [id=4339]
  0x00007f6c34044800 ConcurrentGCThread "G1 Main Marker" [stack: 0x00007f6c1c06f000,0x00007f6c1c16f000] [id=4340]
  0x00007f6c34046800 ConcurrentGCThread "G1 Conc#0" [stack: 0x00007f6c15900000,0x00007f6c15a00000] [id=4341]
  0x00007f6c3407d800 ConcurrentGCThread "G1 Refine#0" [stack: 0x00007f6c156fd000,0x00007f6c157fd000] [id=4342]
  0x00007f6c3407f000 ConcurrentGCThread "G1 Young RemSet Sampling" [stack: 0x00007f6c155fb000,0x00007f6c156fb000] [id=4343]
  0x00007f6c34086000 ConcurrentGCThread "StrDedup" [stack: 0x00007f6c154f9000,0x00007f6c155f9000] [id=4344]

Threads with active compile tasks:
C2 CompilerThread05438       4       sun.nio.cs.UTF_8$Decoder::decodeArrayLoop (691 bytes)

VM state:at safepoint (normal execution)

VM Mutex/Monitor currently owned by a thread:  ([mutex/lock_event])
[0x00007f6c3400ee70] Threads_lock - owner thread: 0x00007f6c34110000
[0x00007f6c3400f5c0] Heap_lock - owner thread: 0x00007f6c08001800

Heap address: 0x00000000c0000000, size: 1024 MB, Compressed Oops mode: 32-bit
Narrow klass base: 0x0000000800000000, Narrow klass shift: 3
Compressed class space size: 1073741824 Address: 0x0000000840000000

Heap:
 garbage-first heap   total 549888K, used 58096K [0x00000000c0000000, 0x0000000100000000)
  region size 1024K, 1 young (1024K), 1 survivors (1024K)
 Metaspace       used 38430K, capacity 40872K, committed 41292K, reserved 1085440K
  class space    used 3996K, capacity 4925K, committed 4992K, reserved 1048576K
Heap Regions: E=young(eden), S=young(survivor), O=old, HS=humongous(starts), HC=humongous(continues), CS=collection set, F=free, A=archive, TAMS=top-at-mark-start (previous, next)
|   0|0x00000000c0000000, 0x00000000c0100000, 0x00000000c0100000|100%| O|  |TAMS 0x00000000c0100000, 0x00000000c0000000| Untracked 
|   1|0x00000000c0100000, 0x00000000c0200000, 0x00000000c0200000|100%| O|  |TAMS 0x00000000c0200000, 0x00000000c0100000| Untracked 
|   2|0x00000000c0200000, 0x00000000c0300000, 0x00000000c0300000|100%| O|  |TAMS 0x00000000c0300000, 0x00000000c0200000| Untracked 
|   3|0x00000000c0300000, 0x00000000c0400000, 0x00000000c0400000|100%| O|  |TAMS 0x00000000c0400000, 0x00000000c0300000| Untracked 
|   4|0x00000000c0400000, 0x00000000c0500000, 0x00000000c0500000|100%| O|  |TAMS 0x00000000c0500000, 0x00000000c0400000| Untracked 
|   5|0x00000000c0500000, 0x00000000c0600000, 0x00000000c0600000|100%| O|  |TAMS 0x00000000c0600000, 0x00000000c0500000| Untracked 
|   6|0x00000000c0600000, 0x00000000c0700000, 0x00000000c0700000|100%| O|  |TAMS 0x00000000c0700000, 0x00000000c0600000| Untracked 
|   7|0x00000000c0700000, 0x00000000c0800000, 0x00000000c0800000|100%| O|  |TAMS 0x00000000c0800000, 0x00000000c0700000| Untracked 
|   8|0x00000000c0800000, 0x00000000c0900000, 0x00000000c0900000|100%| O|  |TAMS 0x00000000c0900000, 0x00000000c0800000| Untracked 
|   9|0x00000000c0900000, 0x00000000c0a00000, 0x00000000c0a00000|100%| O|  |TAMS 0x00000000c0a00000, 0x00000000c0900000| Untracked 
|  10|0x00000000c0a00000, 0x00000000c0b00000, 0x00000000c0b00000|100%| O|  |TAMS 0x00000000c0b00000, 0x00000000c0a00000| Untracked 
|  11|0x00000000c0b00000, 0x00000000c0c00000, 0x00000000c0c00000|100%| O|  |TAMS 0x00000000c0c00000, 0x00000000c0b00000| Untracked 
|  12|0x00000000c0c00000, 0x00000000c0d00000, 0x00000000c0d00000|100%| O|  |TAMS 0x00000000c0d00000, 0x00000000c0c00000| Untracked 
|  13|0x00000000c0d00000, 0x00000000c0e00000, 0x00000000c0e00000|100%| O|  |TAMS 0x00000000c0e00000, 0x00000000c0d00000| Untracked 
|  14|0x00000000c0e00000, 0x00000000c0f00000, 0x00000000c0f00000|100%| O|  |TAMS 0x00000000c0f00000, 0x00000000c0e00000| Untracked 
|  15|0x00000000c0f00000, 0x00000000c1000000, 0x00000000c1000000|100%| O|  |TAMS 0x00000000c1000000, 0x00000000c0f00000| Untracked 
|  16|0x00000000c1000000, 0x00000000c1100000, 0x00000000c1100000|100%| O|  |TAMS 0x00000000c105c200, 0x00000000c1000000| Untracked 
|  17|0x00000000c1100000, 0x00000000c1200000, 0x00000000c1200000|100%|HS|  |TAMS 0x00000000c1100000, 0x00000000c1100000| Complete 
|  18|0x00000000c1200000, 0x00000000c1300000, 0x00000000c1300000|100%| O|  |TAMS 0x00000000c1200000, 0x00000000c1200000| Untracked 
|  19|0x00000000c1300000, 0x00000000c1400000, 0x00000000c1400000|100%| O|  |TAMS 0x00000000c1300000, 0x00000000c1300000| Untracked 
|  20|0x00000000c1400000, 0x00000000c1500000, 0x00000000c1500000|100%| O|  |TAMS 0x00000000c1400000, 0x00000000c1400000| Untracked 
|  21|0x00000000c1500000, 0x00000000c1600000, 0x00000000c1600000|100%| O|  |TAMS 0x00000000c1500000, 0x00000000c1500000| Untracked 
|  22|0x00000000c1600000, 0x00000000c1700000, 0x00000000c1700000|100%| O|  |TAMS 0x00000000c1600000, 0x00000000c1600000| Untracked 
|  23|0x00000000c1700000, 0x00000000c1800000, 0x00000000c1800000|100%| O|  |TAMS 0x00000000c1700000, 0x00000000c1700000| Untracked 
|  24|0x00000000c1800000, 0x00000000c1900000, 0x00000000c1900000|100%| O|  |TAMS 0x00000000c1800000, 0x00000000c1800000| Untracked 
|  25|0x00000000c1900000, 0x00000000c1a00000, 0x00000000c1a00000|100%| O|  |TAMS 0x00000000c1900000, 0x00000000c1900000| Untracked 
|  26|0x00000000c1a00000, 0x00000000c1b00000, 0x00000000c1b00000|100%| O|  |TAMS 0x00000000c1a00000, 0x00000000c1a00000| Untracked 
|  27|0x00000000c1b00000, 0x00000000c1c00000, 0x00000000c1c00000|100%| O|  |TAMS 0x00000000c1b00000, 0x00000000c1b00000| Untracked 
|  28|0x00000000c1c00000, 0x00000000c1d00000, 0x00000000c1d00000|100%| O|  |TAMS 0x00000000c1c00000, 0x00000000c1c00000| Untracked 
|  29|0x00000000c1d00000, 0x00000000c1e00000, 0x00000000c1e00000|100%| O|  |TAMS 0x00000000c1d00000, 0x00000000c1d00000| Untracked 
|  30|0x00000000c1e00000, 0x00000000c1f00000, 0x00000000c1f00000|100%| O|  |TAMS 0x00000000c1e00000, 0x00000000c1e00000| Untracked 
|  31|0x00000000c1f00000, 0x00000000c2000000, 0x00000000c2000000|100%| O|  |TAMS 0x00000000c1f00000, 0x00000000c1f00000| Untracked 
|  32|0x00000000c2000000, 0x00000000c2100000, 0x00000000c2100000|100%| O|  |TAMS 0x00000000c2000000, 0x00000000c2000000| Untracked 
|  33|0x00000000c2100000, 0x00000000c2200000, 0x00000000c2200000|100%| O|  |TAMS 0x00000000c2100000, 0x00000000c2100000| Untracked 
|  34|0x00000000c2200000, 0x00000000c2300000, 0x00000000c2300000|100%| O|  |TAMS 0x00000000c2200000, 0x00000000c2200000| Untracked 
|  35|0x00000000c2300000, 0x00000000c2400000, 0x00000000c2400000|100%| O|  |TAMS 0x00000000c2300000, 0x00000000c2300000| Untracked 
|  36|0x00000000c2400000, 0x00000000c2500000, 0x00000000c2500000|100%| O|  |TAMS 0x00000000c2400000, 0x00000000c2400000| Untracked 
|  37|0x00000000c2500000, 0x00000000c2600000, 0x00000000c2600000|100%| O|  |TAMS 0x00000000c2500000, 0x00000000c2500000| Untracked 
|  38|0x00000000c2600000, 0x00000000c2700000, 0x00000000c2700000|100%| O|  |TAMS 0x00000000c2600000, 0x00000000c2600000| Untracked 
|  39|0x00000000c2700000, 0x00000000c2800000, 0x00000000c2800000|100%| O|  |TAMS 0x00000000c2700000, 0x00000000c2700000| Untracked 
|  40|0x00000000c2800000, 0x00000000c2900000, 0x00000000c2900000|100%|HS|  |TAMS 0x00000000c2800000, 0x00000000c2800000| Complete 
|  41|0x00000000c2900000, 0x00000000c2a00000, 0x00000000c2a00000|100%| O|  |TAMS 0x00000000c2900000, 0x00000000c2900000| Untracked 
|  42|0x00000000c2a00000, 0x00000000c2b00000, 0x00000000c2b00000|100%| O|  |TAMS 0x00000000c2a00000, 0x00000000c2a00000| Untracked 
|  43|0x00000000c2b00000, 0x00000000c2c00000, 0x00000000c2c00000|100%| O|  |TAMS 0x00000000c2b00000, 0x00000000c2b00000| Untracked 
|  44|0x00000000c2c00000, 0x00000000c2d00000, 0x00000000c2d00000|100%| O|  |TAMS 0x00000000c2c00000, 0x00000000c2c00000| Untracked 
|  45|0x00000000c2d00000, 0x00000000c2e00000, 0x00000000c2e00000|100%| O|  |TAMS 0x00000000c2d00000, 0x00000000c2d00000| Untracked 
|  46|0x00000000c2e00000, 0x00000000c2f00000, 0x00000000c2f00000|100%| O|  |TAMS 0x00000000c2e00000, 0x00000000c2e00000| Untracked 
|  47|0x00000000c2f00000, 0x00000000c3000000, 0x00000000c3000000|100%| O|  |TAMS 0x00000000c2f00000, 0x00000000c2f00000| Untracked 
|  48|0x00000000c3000000, 0x00000000c3100000, 0x00000000c3100000|100%| O|  |TAMS 0x00000000c3000000, 0x00000000c3000000| Untracked 
|  49|0x00000000c3100000, 0x00000000c3200000, 0x00000000c3200000|100%| O|  |TAMS 0x00000000c3100000, 0x00000000c3100000| Untracked 
|  50|0x00000000c3200000, 0x00000000c3300000, 0x00000000c3300000|100%| O|  |TAMS 0x00000000c3200000, 0x00000000c3200000| Untracked 
|  51|0x00000000c3300000, 0x00000000c3400000, 0x00000000c3400000|100%| O|  |TAMS 0x00000000c3300000, 0x00000000c3300000| Untracked 
|  52|0x00000000c3400000, 0x00000000c3500000, 0x00000000c3500000|100%| O|  |TAMS 0x00000000c3400000, 0x00000000c3400000| Untracked 
|  53|0x00000000c3500000, 0x00000000c3600000, 0x00000000c3600000|100%| O|  |TAMS 0x00000000c3500000, 0x00000000c3500000| Untracked 
|  54|0x00000000c3600000, 0x00000000c3700000, 0x00000000c3700000|100%| O|  |TAMS 0x00000000c3600000, 0x00000000c3600000| Untracked 
|  55|0x00000000c3700000, 0x00000000c37bc200, 0x00000000c3800000| 73%| O|  |TAMS 0x00000000c3700000, 0x00000000c3700000| Untracked 
|  56|0x00000000c3800000, 0x00000000c3800000, 0x00000000c3900000|  0%| F|  |TAMS 0x00000000c3800000, 0x00000000c3800000| Untracked 
|  57|0x00000000c3900000, 0x00000000c3900000, 0x00000000c3a00000|  0%| F|  |TAMS 0x00000000c3900000, 0x00000000c3900000| Untracked 
|  58|0x00000000c3a00000, 0x00000000c3a00000, 0x00000000c3b00000|  0%| F|  |TAMS 0x00000000c3a00000, 0x00000000c3a00000| Untracked 
|  59|0x00000000c3b00000, 0x00000000c3b00000, 0x00000000c3c00000|  0%| F|  |TAMS 0x00000000c3b00000, 0x00000000c3b00000| Untracked 
|  60|0x00000000c3c00000, 0x00000000c3c00000, 0x00000000c3d00000|  0%| F|  |TAMS 0x00000000c3c00000, 0x00000000c3c00000| Untracked 
|  61|0x00000000c3d00000, 0x00000000c3d00000, 0x00000000c3e00000|  0%| F|  |TAMS 0x00000000c3d00000, 0x00000000c3d00000| Untracked 
|  62|0x00000000c3e00000, 0x00000000c3e00000, 0x00000000c3f00000|  0%| F|  |TAMS 0x00000000c3e00000, 0x00000000c3e00000| Untracked 
|  63|0x00000000c3f00000, 0x00000000c3f00000, 0x00000000c4000000|  0%| F|  |TAMS 0x00000000c3f00000, 0x00000000c3f00000| Untracked 
|  64|0x00000000c4000000, 0x00000000c4000000, 0x00000000c4100000|  0%| F|  |TAMS 0x00000000c4000000, 0x00000000c4000000| Untracked 
|  65|0x00000000c4100000, 0x00000000c4100000, 0x00000000c4200000|  0%| F|  |TAMS 0x00000000c4100000, 0x00000000c4100000| Untracked 
|  66|0x00000000c4200000, 0x00000000c4200000, 0x00000000c4300000|  0%| F|  |TAMS 0x00000000c4200000, 0x00000000c4200000| Untracked 
|  67|0x00000000c4300000, 0x00000000c4300000, 0x00000000c4400000|  0%| F|  |TAMS 0x00000000c4300000, 0x00000000c4300000| Untracked 
|  68|0x00000000c4400000, 0x00000000c4400000, 0x00000000c4500000|  0%| F|  |TAMS 0x00000000c4400000, 0x00000000c4400000| Untracked 
|  69|0x00000000c4500000, 0x00000000c4500000, 0x00000000c4600000|  0%| F|  |TAMS 0x00000000c4500000, 0x00000000c4500000| Untracked 
|  70|0x00000000c4600000, 0x00000000c4600000, 0x00000000c4700000|  0%| F|  |TAMS 0x00000000c4600000, 0x00000000c4600000| Untracked 
|  71|0x00000000c4700000, 0x00000000c4700000, 0x00000000c4800000|  0%| F|  |TAMS 0x00000000c4700000, 0x00000000c4700000| Untracked 
|  72|0x00000000c4800000, 0x00000000c4800000, 0x00000000c4900000|  0%| F|  |TAMS 0x00000000c4800000, 0x00000000c4800000| Untracked 
|  73|0x00000000c4900000, 0x00000000c4900000, 0x00000000c4a00000|  0%| F|  |TAMS 0x00000000c4900000, 0x00000000c4900000| Untracked 
|  74|0x00000000c4a00000, 0x00000000c4a00000, 0x00000000c4b00000|  0%| F|  |TAMS 0x00000000c4a00000, 0x00000000c4a00000| Untracked 
|  75|0x00000000c4b00000, 0x00000000c4b00000, 0x00000000c4c00000|  0%| F|  |TAMS 0x00000000c4b00000, 0x00000000c4b00000| Untracked 
|  76|0x00000000c4c00000, 0x00000000c4c00000, 0x00000000c4d00000|  0%| F|  |TAMS 0x00000000c4c00000, 0x00000000c4c00000| Untracked 
|  77|0x00000000c4d00000, 0x00000000c4d00000, 0x00000000c4e00000|  0%| F|  |TAMS 0x00000000c4d00000, 0x00000000c4d00000| Untracked 
|  78|0x00000000c4e00000, 0x00000000c4e00000, 0x00000000c4f00000|  0%| F|  |TAMS 0x00000000c4e00000, 0x00000000c4e00000| Untracked 
|  79|0x00000000c4f00000, 0x00000000c4f00000, 0x00000000c5000000|  0%| F|  |TAMS 0x00000000c4f00000, 0x00000000c4f00000| Untracked 
|  80|0x00000000c5000000, 0x00000000c5000000, 0x00000000c5100000|  0%| F|  |TAMS 0x00000000c5000000, 0x00000000c5000000| Untracked 
|  81|0x00000000c5100000, 0x00000000c5100000, 0x00000000c5200000|  0%| F|  |TAMS 0x00000000c5100000, 0x00000000c5100000| Untracked 
|  82|0x00000000c5200000, 0x00000000c5200000, 0x00000000c5300000|  0%| F|  |TAMS 0x00000000c5200000, 0x00000000c5200000| Untracked 
|  83|0x00000000c5300000, 0x00000000c5300000, 0x00000000c5400000|  0%| F|  |TAMS 0x00000000c5300000, 0x00000000c5300000| Untracked 
|  84|0x00000000c5400000, 0x00000000c5400000, 0x00000000c5500000|  0%| F|  |TAMS 0x00000000c5400000, 0x00000000c5400000| Untracked 
|  85|0x00000000c5500000, 0x00000000c5500000, 0x00000000c5600000|  0%| F|  |TAMS 0x00000000c5500000, 0x00000000c5500000| Untracked 
|  86|0x00000000c5600000, 0x00000000c5600000, 0x00000000c5700000|  0%| F|  |TAMS 0x00000000c5600000, 0x00000000c5600000| Untracked 
|  87|0x00000000c5700000, 0x00000000c5700000, 0x00000000c5800000|  0%| F|  |TAMS 0x00000000c5700000, 0x00000000c5700000| Untracked 
|  88|0x00000000c5800000, 0x00000000c5800000, 0x00000000c5900000|  0%| F|  |TAMS 0x00000000c5800000, 0x00000000c5800000| Untracked 
|  89|0x00000000c5900000, 0x00000000c5900000, 0x00000000c5a00000|  0%| F|  |TAMS 0x00000000c5900000, 0x00000000c5900000| Untracked 
|  90|0x00000000c5a00000, 0x00000000c5a00000, 0x00000000c5b00000|  0%| F|  |TAMS 0x00000000c5a00000, 0x00000000c5a00000| Untracked 
|  91|0x00000000c5b00000, 0x00000000c5b00000, 0x00000000c5c00000|  0%| F|  |TAMS 0x00000000c5b00000, 0x00000000c5b00000| Untracked 
|  92|0x00000000c5c00000, 0x00000000c5c00000, 0x00000000c5d00000|  0%| F|  |TAMS 0x00000000c5c00000, 0x00000000c5c00000| Untracked 
|  93|0x00000000c5d00000, 0x00000000c5d00000, 0x00000000c5e00000|  0%| F|  |TAMS 0x00000000c5d00000, 0x00000000c5d00000| Untracked 
|  94|0x00000000c5e00000, 0x00000000c5e00000, 0x00000000c5f00000|  0%| F|  |TAMS 0x00000000c5e00000, 0x00000000c5e00000| Untracked 
|  95|0x00000000c5f00000, 0x00000000c5f00000, 0x00000000c6000000|  0%| F|  |TAMS 0x00000000c5f00000, 0x00000000c5f00000| Untracked 
|  96|0x00000000c6000000, 0x00000000c6000000, 0x00000000c6100000|  0%| F|  |TAMS 0x00000000c6000000, 0x00000000c6000000| Untracked 
|  97|0x00000000c6100000, 0x00000000c6100000, 0x00000000c6200000|  0%| F|  |TAMS 0x00000000c6100000, 0x00000000c6100000| Untracked 
|  98|0x00000000c6200000, 0x00000000c6200000, 0x00000000c6300000|  0%| F|  |TAMS 0x00000000c6200000, 0x00000000c6200000| Untracked 
|  99|0x00000000c6300000, 0x00000000c6300000, 0x00000000c6400000|  0%| F|  |TAMS 0x00000000c6300000, 0x00000000c6300000| Untracked 
| 100|0x00000000c6400000, 0x00000000c6400000, 0x00000000c6500000|  0%| F|  |TAMS 0x00000000c6400000, 0x00000000c6400000| Untracked 
| 101|0x00000000c6500000, 0x00000000c6500000, 0x00000000c6600000|  0%| F|  |TAMS 0x00000000c6500000, 0x00000000c6500000| Untracked 
| 102|0x00000000c6600000, 0x00000000c6600000, 0x00000000c6700000|  0%| F|  |TAMS 0x00000000c6600000, 0x00000000c6600000| Untracked 
| 103|0x00000000c6700000, 0x00000000c6700000, 0x00000000c6800000|  0%| F|  |TAMS 0x00000000c6700000, 0x00000000c6700000| Untracked 
| 104|0x00000000c6800000, 0x00000000c6800000, 0x00000000c6900000|  0%| F|  |TAMS 0x00000000c6800000, 0x00000000c6800000| Untracked 
| 105|0x00000000c6900000, 0x00000000c6900000, 0x00000000c6a00000|  0%| F|  |TAMS 0x00000000c6900000, 0x00000000c6900000| Untracked 
| 106|0x00000000c6a00000, 0x00000000c6a00000, 0x00000000c6b00000|  0%| F|  |TAMS 0x00000000c6a00000, 0x00000000c6a00000| Untracked 
| 107|0x00000000c6b00000, 0x00000000c6b00000, 0x00000000c6c00000|  0%| F|  |TAMS 0x00000000c6b00000, 0x00000000c6b00000| Untracked 
| 108|0x00000000c6c00000, 0x00000000c6c00000, 0x00000000c6d00000|  0%| F|  |TAMS 0x00000000c6c00000, 0x00000000c6c00000| Untracked 
| 109|0x00000000c6d00000, 0x00000000c6d00000, 0x00000000c6e00000|  0%| F|  |TAMS 0x00000000c6d00000, 0x00000000c6d00000| Untracked 
| 110|0x00000000c6e00000, 0x00000000c6e00000, 0x00000000c6f00000|  0%| F|  |TAMS 0x00000000c6e00000, 0x00000000c6e00000| Untracked 
| 111|0x00000000c6f00000, 0x00000000c6f00000, 0x00000000c7000000|  0%| F|  |TAMS 0x00000000c6f00000, 0x00000000c6f00000| Untracked 
| 112|0x00000000c7000000, 0x00000000c7000000, 0x00000000c7100000|  0%| F|  |TAMS 0x00000000c7000000, 0x00000000c7000000| Untracked 
| 113|0x00000000c7100000, 0x00000000c7100000, 0x00000000c7200000|  0%| F|  |TAMS 0x00000000c7100000, 0x00000000c7100000| Untracked 
| 114|0x00000000c7200000, 0x00000000c7200000, 0x00000000c7300000|  0%| F|  |TAMS 0x00000000c7200000, 0x00000000c7200000| Untracked 
| 115|0x00000000c7300000, 0x00000000c7300000, 0x00000000c7400000|  0%| F|  |TAMS 0x00000000c7300000, 0x00000000c7300000| Untracked 
| 116|0x00000000c7400000, 0x00000000c7400000, 0x00000000c7500000|  0%| F|  |TAMS 0x00000000c7400000, 0x00000000c7400000| Untracked 
| 117|0x00000000c7500000, 0x00000000c7500000, 0x00000000c7600000|  0%| F|  |TAMS 0x00000000c7500000, 0x00000000c7500000| Untracked 
| 118|0x00000000c7600000, 0x00000000c7600000, 0x00000000c7700000|  0%| F|  |TAMS 0x00000000c7600000, 0x00000000c7600000| Untracked 
| 119|0x00000000c7700000, 0x00000000c7700000, 0x00000000c7800000|  0%| F|  |TAMS 0x00000000c7700000, 0x00000000c7700000| Untracked 
| 120|0x00000000c7800000, 0x00000000c7800000, 0x00000000c7900000|  0%| F|  |TAMS 0x00000000c7800000, 0x00000000c7800000| Untracked 
| 121|0x00000000c7900000, 0x00000000c7900000, 0x00000000c7a00000|  0%| F|  |TAMS 0x00000000c7900000, 0x00000000c7900000| Untracked 
| 122|0x00000000c7a00000, 0x00000000c7a00000, 0x00000000c7b00000|  0%| F|  |TAMS 0x00000000c7a00000, 0x00000000c7a00000| Untracked 
| 123|0x00000000c7b00000, 0x00000000c7b00000, 0x00000000c7c00000|  0%| F|  |TAMS 0x00000000c7b00000, 0x00000000c7b00000| Untracked 
| 124|0x00000000c7c00000, 0x00000000c7c00000, 0x00000000c7d00000|  0%| F|  |TAMS 0x00000000c7c00000, 0x00000000c7c00000| Untracked 
| 125|0x00000000c7d00000, 0x00000000c7d00000, 0x00000000c7e00000|  0%| F|  |TAMS 0x00000000c7d00000, 0x00000000c7d00000| Untracked 
| 126|0x00000000c7e00000, 0x00000000c7e00000, 0x00000000c7f00000|  0%| F|  |TAMS 0x00000000c7e00000, 0x00000000c7e00000| Untracked 
| 127|0x00000000c7f00000, 0x00000000c7f00000, 0x00000000c8000000|  0%| F|  |TAMS 0x00000000c7f00000, 0x00000000c7f00000| Untracked 
| 128|0x00000000c8000000, 0x00000000c8000000, 0x00000000c8100000|  0%| F|  |TAMS 0x00000000c8000000, 0x00000000c8000000| Untracked 
| 129|0x00000000c8100000, 0x00000000c8100000, 0x00000000c8200000|  0%| F|  |TAMS 0x00000000c8100000, 0x00000000c8100000| Untracked 
| 130|0x00000000c8200000, 0x00000000c8200000, 0x00000000c8300000|  0%| F|  |TAMS 0x00000000c8200000, 0x00000000c8200000| Untracked 
| 131|0x00000000c8300000, 0x00000000c8300000, 0x00000000c8400000|  0%| F|  |TAMS 0x00000000c8300000, 0x00000000c8300000| Untracked 
| 132|0x00000000c8400000, 0x00000000c8400000, 0x00000000c8500000|  0%| F|  |TAMS 0x00000000c8400000, 0x00000000c8400000| Untracked 
| 133|0x00000000c8500000, 0x00000000c8500000, 0x00000000c8600000|  0%| F|  |TAMS 0x00000000c8500000, 0x00000000c8500000| Untracked 
| 134|0x00000000c8600000, 0x00000000c8600000, 0x00000000c8700000|  0%| F|  |TAMS 0x00000000c8600000, 0x00000000c8600000| Untracked 
| 135|0x00000000c8700000, 0x00000000c8700000, 0x00000000c8800000|  0%| F|  |TAMS 0x00000000c8700000, 0x00000000c8700000| Untracked 
| 136|0x00000000c8800000, 0x00000000c8800000, 0x00000000c8900000|  0%| F|  |TAMS 0x00000000c8800000, 0x00000000c8800000| Untracked 
| 137|0x00000000c8900000, 0x00000000c8900000, 0x00000000c8a00000|  0%| F|  |TAMS 0x00000000c8900000, 0x00000000c8900000| Untracked 
| 138|0x00000000c8a00000, 0x00000000c8a00000, 0x00000000c8b00000|  0%| F|  |TAMS 0x00000000c8a00000, 0x00000000c8a00000| Untracked 
| 139|0x00000000c8b00000, 0x00000000c8b00000, 0x00000000c8c00000|  0%| F|  |TAMS 0x00000000c8b00000, 0x00000000c8b00000| Untracked 
| 140|0x00000000c8c00000, 0x00000000c8c00000, 0x00000000c8d00000|  0%| F|  |TAMS 0x00000000c8c00000, 0x00000000c8c00000| Untracked 
| 141|0x00000000c8d00000, 0x00000000c8d00000, 0x00000000c8e00000|  0%| F|  |TAMS 0x00000000c8d00000, 0x00000000c8d00000| Untracked 
| 142|0x00000000c8e00000, 0x00000000c8e00000, 0x00000000c8f00000|  0%| F|  |TAMS 0x00000000c8e00000, 0x00000000c8e00000| Untracked 
| 143|0x00000000c8f00000, 0x00000000c8f00000, 0x00000000c9000000|  0%| F|  |TAMS 0x00000000c8f00000, 0x00000000c8f00000| Untracked 
| 144|0x00000000c9000000, 0x00000000c9000000, 0x00000000c9100000|  0%| F|  |TAMS 0x00000000c9000000, 0x00000000c9000000| Untracked 
| 145|0x00000000c9100000, 0x00000000c9100000, 0x00000000c9200000|  0%| F|  |TAMS 0x00000000c9100000, 0x00000000c9100000| Untracked 
| 146|0x00000000c9200000, 0x00000000c9200000, 0x00000000c9300000|  0%| F|  |TAMS 0x00000000c9200000, 0x00000000c9200000| Untracked 
| 147|0x00000000c9300000, 0x00000000c9300000, 0x00000000c9400000|  0%| F|  |TAMS 0x00000000c9300000, 0x00000000c9300000| Untracked 
| 148|0x00000000c9400000, 0x00000000c9400000, 0x00000000c9500000|  0%| F|  |TAMS 0x00000000c9400000, 0x00000000c9400000| Untracked 
| 149|0x00000000c9500000, 0x00000000c9500000, 0x00000000c9600000|  0%| F|  |TAMS 0x00000000c9500000, 0x00000000c9500000| Untracked 
| 150|0x00000000c9600000, 0x00000000c9600000, 0x00000000c9700000|  0%| F|  |TAMS 0x00000000c9600000, 0x00000000c9600000| Untracked 
| 151|0x00000000c9700000, 0x00000000c9700000, 0x00000000c9800000|  0%| F|  |TAMS 0x00000000c9700000, 0x00000000c9700000| Untracked 
| 152|0x00000000c9800000, 0x00000000c9800000, 0x00000000c9900000|  0%| F|  |TAMS 0x00000000c9800000, 0x00000000c9800000| Untracked 
| 153|0x00000000c9900000, 0x00000000c9900000, 0x00000000c9a00000|  0%| F|  |TAMS 0x00000000c9900000, 0x00000000c9900000| Untracked 
| 154|0x00000000c9a00000, 0x00000000c9a00000, 0x00000000c9b00000|  0%| F|  |TAMS 0x00000000c9a00000, 0x00000000c9a00000| Untracked 
| 155|0x00000000c9b00000, 0x00000000c9b00000, 0x00000000c9c00000|  0%| F|  |TAMS 0x00000000c9b00000, 0x00000000c9b00000| Untracked 
| 156|0x00000000c9c00000, 0x00000000c9c00000, 0x00000000c9d00000|  0%| F|  |TAMS 0x00000000c9c00000, 0x00000000c9c00000| Untracked 
| 157|0x00000000c9d00000, 0x00000000c9d00000, 0x00000000c9e00000|  0%| F|  |TAMS 0x00000000c9d00000, 0x00000000c9d00000| Untracked 
| 158|0x00000000c9e00000, 0x00000000c9e00000, 0x00000000c9f00000|  0%| F|  |TAMS 0x00000000c9e00000, 0x00000000c9e00000| Untracked 
| 159|0x00000000c9f00000, 0x00000000c9f00000, 0x00000000ca000000|  0%| F|  |TAMS 0x00000000c9f00000, 0x00000000c9f00000| Untracked 
| 160|0x00000000ca000000, 0x00000000ca000000, 0x00000000ca100000|  0%| F|  |TAMS 0x00000000ca000000, 0x00000000ca000000| Untracked 
| 161|0x00000000ca100000, 0x00000000ca100000, 0x00000000ca200000|  0%| F|  |TAMS 0x00000000ca100000, 0x00000000ca100000| Untracked 
| 162|0x00000000ca200000, 0x00000000ca200000, 0x00000000ca300000|  0%| F|  |TAMS 0x00000000ca200000, 0x00000000ca200000| Untracked 
| 163|0x00000000ca300000, 0x00000000ca300000, 0x00000000ca400000|  0%| F|  |TAMS 0x00000000ca300000, 0x00000000ca300000| Untracked 
| 164|0x00000000ca400000, 0x00000000ca400000, 0x00000000ca500000|  0%| F|  |TAMS 0x00000000ca400000, 0x00000000ca400000| Untracked 
| 165|0x00000000ca500000, 0x00000000ca500000, 0x00000000ca600000|  0%| F|  |TAMS 0x00000000ca500000, 0x00000000ca500000| Untracked 
| 166|0x00000000ca600000, 0x00000000ca600000, 0x00000000ca700000|  0%| F|  |TAMS 0x00000000ca600000, 0x00000000ca600000| Untracked 
| 167|0x00000000ca700000, 0x00000000ca700000, 0x00000000ca800000|  0%| F|  |TAMS 0x00000000ca700000, 0x00000000ca700000| Untracked 
| 168|0x00000000ca800000, 0x00000000ca800000, 0x00000000ca900000|  0%| F|  |TAMS 0x00000000ca800000, 0x00000000ca800000| Untracked 
| 169|0x00000000ca900000, 0x00000000ca900000, 0x00000000caa00000|  0%| F|  |TAMS 0x00000000ca900000, 0x00000000ca900000| Untracked 
| 170|0x00000000caa00000, 0x00000000caa00000, 0x00000000cab00000|  0%| F|  |TAMS 0x00000000caa00000, 0x00000000caa00000| Untracked 
| 171|0x00000000cab00000, 0x00000000cab00000, 0x00000000cac00000|  0%| F|  |TAMS 0x00000000cab00000, 0x00000000cab00000| Untracked 
| 172|0x00000000cac00000, 0x00000000cac00000, 0x00000000cad00000|  0%| F|  |TAMS 0x00000000cac00000, 0x00000000cac00000| Untracked 
| 173|0x00000000cad00000, 0x00000000cad00000, 0x00000000cae00000|  0%| F|  |TAMS 0x00000000cad00000, 0x00000000cad00000| Untracked 
| 174|0x00000000cae00000, 0x00000000cae00000, 0x00000000caf00000|  0%| F|  |TAMS 0x00000000cae00000, 0x00000000cae00000| Untracked 
| 175|0x00000000caf00000, 0x00000000caf00000, 0x00000000cb000000|  0%| F|  |TAMS 0x00000000caf00000, 0x00000000caf00000| Untracked 
| 176|0x00000000cb000000, 0x00000000cb000000, 0x00000000cb100000|  0%| F|  |TAMS 0x00000000cb000000, 0x00000000cb000000| Untracked 
| 177|0x00000000cb100000, 0x00000000cb100000, 0x00000000cb200000|  0%| F|  |TAMS 0x00000000cb100000, 0x00000000cb100000| Untracked 
| 178|0x00000000cb200000, 0x00000000cb200000, 0x00000000cb300000|  0%| F|  |TAMS 0x00000000cb200000, 0x00000000cb200000| Untracked 
| 179|0x00000000cb300000, 0x00000000cb300000, 0x00000000cb400000|  0%| F|  |TAMS 0x00000000cb300000, 0x00000000cb300000| Untracked 
| 180|0x00000000cb400000, 0x00000000cb400000, 0x00000000cb500000|  0%| F|  |TAMS 0x00000000cb400000, 0x00000000cb400000| Untracked 
| 181|0x00000000cb500000, 0x00000000cb500000, 0x00000000cb600000|  0%| F|  |TAMS 0x00000000cb500000, 0x00000000cb500000| Untracked 
| 182|0x00000000cb600000, 0x00000000cb600000, 0x00000000cb700000|  0%| F|  |TAMS 0x00000000cb600000, 0x00000000cb600000| Untracked 
| 183|0x00000000cb700000, 0x00000000cb700000, 0x00000000cb800000|  0%| F|  |TAMS 0x00000000cb700000, 0x00000000cb700000| Untracked 
| 184|0x00000000cb800000, 0x00000000cb800000, 0x00000000cb900000|  0%| F|  |TAMS 0x00000000cb800000, 0x00000000cb800000| Untracked 
| 185|0x00000000cb900000, 0x00000000cb900000, 0x00000000cba00000|  0%| F|  |TAMS 0x00000000cb900000, 0x00000000cb900000| Untracked 
| 186|0x00000000cba00000, 0x00000000cba00000, 0x00000000cbb00000|  0%| F|  |TAMS 0x00000000cba00000, 0x00000000cba00000| Untracked 
| 187|0x00000000cbb00000, 0x00000000cbb00000, 0x00000000cbc00000|  0%| F|  |TAMS 0x00000000cbb00000, 0x00000000cbb00000| Untracked 
| 188|0x00000000cbc00000, 0x00000000cbc00000, 0x00000000cbd00000|  0%| F|  |TAMS 0x00000000cbc00000, 0x00000000cbc00000| Untracked 
| 189|0x00000000cbd00000, 0x00000000cbd00000, 0x00000000cbe00000|  0%| F|  |TAMS 0x00000000cbd00000, 0x00000000cbd00000| Untracked 
| 190|0x00000000cbe00000, 0x00000000cbe00000, 0x00000000cbf00000|  0%| F|  |TAMS 0x00000000cbe00000, 0x00000000cbe00000| Untracked 
| 191|0x00000000cbf00000, 0x00000000cbf00000, 0x00000000cc000000|  0%| F|  |TAMS 0x00000000cbf00000, 0x00000000cbf00000| Untracked 
| 192|0x00000000cc000000, 0x00000000cc000000, 0x00000000cc100000|  0%| F|  |TAMS 0x00000000cc000000, 0x00000000cc000000| Untracked 
| 193|0x00000000cc100000, 0x00000000cc100000, 0x00000000cc200000|  0%| F|  |TAMS 0x00000000cc100000, 0x00000000cc100000| Untracked 
| 194|0x00000000cc200000, 0x00000000cc200000, 0x00000000cc300000|  0%| F|  |TAMS 0x00000000cc200000, 0x00000000cc200000| Untracked 
| 195|0x00000000cc300000, 0x00000000cc300000, 0x00000000cc400000|  0%| F|  |TAMS 0x00000000cc300000, 0x00000000cc300000| Untracked 
| 196|0x00000000cc400000, 0x00000000cc400000, 0x00000000cc500000|  0%| F|  |TAMS 0x00000000cc400000, 0x00000000cc400000| Untracked 
| 197|0x00000000cc500000, 0x00000000cc500000, 0x00000000cc600000|  0%| F|  |TAMS 0x00000000cc500000, 0x00000000cc500000| Untracked 
| 198|0x00000000cc600000, 0x00000000cc600000, 0x00000000cc700000|  0%| F|  |TAMS 0x00000000cc600000, 0x00000000cc600000| Untracked 
| 199|0x00000000cc700000, 0x00000000cc700000, 0x00000000cc800000|  0%| F|  |TAMS 0x00000000cc700000, 0x00000000cc700000| Untracked 
| 200|0x00000000cc800000, 0x00000000cc900000, 0x00000000cc900000|100%| S|CS|TAMS 0x00000000cc800000, 0x00000000cc800000| Complete 
| 201|0x00000000cc900000, 0x00000000cc900000, 0x00000000cca00000|  0%| F|  |TAMS 0x00000000cc900000, 0x00000000cc900000| Untracked 
| 202|0x00000000cca00000, 0x00000000cca00000, 0x00000000ccb00000|  0%| F|  |TAMS 0x00000000cca00000, 0x00000000cca00000| Untracked 
| 203|0x00000000ccb00000, 0x00000000ccb00000, 0x00000000ccc00000|  0%| F|  |TAMS 0x00000000ccb00000, 0x00000000ccb00000| Untracked 
| 204|0x00000000ccc00000, 0x00000000ccc00000, 0x00000000ccd00000|  0%| F|  |TAMS 0x00000000ccc00000, 0x00000000ccc00000| Untracked 
| 205|0x00000000ccd00000, 0x00000000ccd00000, 0x00000000cce00000|  0%| F|  |TAMS 0x00000000ccd00000, 0x00000000ccd00000| Untracked 
| 206|0x00000000cce00000, 0x00000000cce00000, 0x00000000ccf00000|  0%| F|  |TAMS 0x00000000cce00000, 0x00000000cce00000| Untracked 
| 207|0x00000000ccf00000, 0x00000000ccf00000, 0x00000000cd000000|  0%| F|  |TAMS 0x00000000ccf00000, 0x00000000ccf00000| Untracked 
| 208|0x00000000cd000000, 0x00000000cd000000, 0x00000000cd100000|  0%| F|  |TAMS 0x00000000cd000000, 0x00000000cd000000| Untracked 
| 209|0x00000000cd100000, 0x00000000cd100000, 0x00000000cd200000|  0%| F|  |TAMS 0x00000000cd100000, 0x00000000cd100000| Untracked 
| 210|0x00000000cd200000, 0x00000000cd200000, 0x00000000cd300000|  0%| F|  |TAMS 0x00000000cd200000, 0x00000000cd200000| Untracked 

Card table byte_map: [0x00007f6c17c00000,0x00007f6c17e00000] _byte_map_base: 0x00007f6c17600000

Marking Bits (Prev, Next): (CMBitMap*) 0x00007f6c3403fa50, (CMBitMap*) 0x00007f6c3403fa18
 Prev Bits: [0x00007f6c15a00000, 0x00007f6c16a00000)
 Next Bits: [0x00007f6c16a00000, 0x00007f6c17a00000)

Polling page: 0x00007f6c3bb05000

Metaspace:

Usage:
  Non-class:     35.10 MB capacity,    33.63 MB ( 96%) used,     1.40 MB (  4%) free+waste,    79.00 KB ( <1%) overhead. 
      Class:      4.81 MB capacity,     3.90 MB ( 81%) used,   889.42 KB ( 18%) free+waste,    39.56 KB ( <1%) overhead. 
       Both:     39.91 MB capacity,    37.53 MB ( 94%) used,     2.27 MB (  6%) free+waste,   118.56 KB ( <1%) overhead. 

Virtual space:
  Non-class space:       36.00 MB reserved,      35.45 MB ( 98%) committed 
      Class space:        1.00 GB reserved,       4.88 MB ( <1%) committed 
             Both:        1.04 GB reserved,      40.32 MB (  4%) committed 

Chunk freelists:
   Non-Class:  121.00 KB
       Class:  3.00 KB
        Both:  124.00 KB

CodeHeap 'non-profiled nmethods': size=120036Kb used=1705Kb max_used=1705Kb free=118330Kb
 bounds [0x00007f6c2400f000, 0x00007f6c2427f000, 0x00007f6c2b548000]
CodeHeap 'profiled nmethods': size=120032Kb used=9984Kb max_used=9984Kb free=110047Kb
 bounds [0x00007f6c1cad7000, 0x00007f6c1d4a7000, 0x00007f6c2400f000]
CodeHeap 'non-nmethods': size=5692Kb used=1224Kb max_used=1267Kb free=4467Kb
 bounds [0x00007f6c1c548000, 0x00007f6c1c7b8000, 0x00007f6c1cad7000]
 total_blobs=6637 nmethods=4897 adapters=504
 compilation: enabled
              stopped_count=0, restarted_count=0
 full_count=0

Compilation events (10 events):
Event: 21.627 Thread 0x00007f6c34127000 5436       1       org.apache.maven.model.Model::setVersion (6 bytes)
Event: 21.663 Thread 0x00007f6c34127000 nmethod 5436 0x00007f6c241b7c90 code [0x00007f6c241b7e40, 0x00007f6c241b7fb0]
Event: 21.663 Thread 0x00007f6c34127000 5437       1       org.apache.maven.model.Model::setModelEncoding (6 bytes)
Event: 21.664 Thread 0x00007f6c34127000 nmethod 5437 0x00007f6c241b8010 code [0x00007f6c241b81c0, 0x00007f6c241b8350]
Event: 22.133 Thread 0x00007f6c34127000 5439       2       org.eclipse.aether.DefaultRepositorySystemSession::getLocalRepository (20 bytes)
Event: 22.142 Thread 0x00007f6c34125000 nmethod 4717 0x00007f6c241b8410 code [0x00007f6c241b85c0, 0x00007f6c241b8f78]
Event: 22.239 Thread 0x00007f6c34127000 nmethod 5439 0x00007f6c1d49e090 code [0x00007f6c1d49e240, 0x00007f6c1d49e408]
Event: 22.294 Thread 0x00007f6c34125000 5438       4       sun.nio.cs.UTF_8$Decoder::decodeArrayLoop (691 bytes)
Event: 22.301 Thread 0x00007f6c34127000 5440       1       org.apache.maven.model.building.DefaultModelBuildingRequest::isLocationTracking (5 bytes)
Event: 22.302 Thread 0x00007f6c34127000 nmethod 5440 0x00007f6c241b9310 code [0x00007f6c241b94c0, 0x00007f6c241b95f0]

GC Heap History (10 events):
Event: 12.969 GC heap after
{Heap after GC invocations=16 (full 0):
 garbage-first heap   total 118784K, used 34816K [0x00000000c0000000, 0x0000000100000000)
  region size 1024K, 6 young (6144K), 6 survivors (6144K)
 Metaspace       used 35661K, capacity 37948K, committed 38220K, reserved 1083392K
  class space    used 3775K, capacity 4653K, committed 4736K, reserved 1048576K
}
Event: 13.930 GC heap before
{Heap before GC invocations=16 (full 0):
 garbage-first heap   total 118784K, used 87040K [0x00000000c0000000, 0x0000000100000000)
  region size 1024K, 58 young (59392K), 6 survivors (6144K)
 Metaspace       used 37419K, capacity 39742K, committed 40140K, reserved 1085440K
  class space    used 3933K, capacity 4778K, committed 4864K, reserved 1048576K
}
Event: 14.007 GC heap after
{Heap after GC invocations=17 (full 0):
 garbage-first heap   total 216064K, used 40664K [0x00000000c0000000, 0x0000000100000000)
  region size 1024K, 6 young (6144K), 6 survivors (6144K)
 Metaspace       used 37419K, capacity 39742K, committed 40140K, reserved 1085440K
  class space    used 3933K, capacity 4778K, committed 4864K, reserved 1048576K
}
Event: 14.783 GC heap before
{Heap before GC invocations=17 (full 0):
 garbage-first heap   total 216064K, used 101080K [0x00000000c0000000, 0x0000000100000000)
  region size 1024K, 66 young (67584K), 6 survivors (6144K)
 Metaspace       used 37641K, capacity 39877K, committed 40140K, reserved 1085440K
  class space    used 3936K, capacity 4780K, committed 4864K, reserved 1048576K
}
Event: 14.866 GC heap after
{Heap after GC invocations=18 (full 0):
 garbage-first heap   total 216064K, used 46592K [0x00000000c0000000, 0x0000000100000000)
  region size 1024K, 6 young (6144K), 6 survivors (6144K)
 Metaspace       used 37641K, capacity 39877K, committed 40140K, reserved 1085440K
  class space    used 3936K, capacity 4780K, committed 4864K, reserved 1048576K
}
Event: 17.045 GC heap before
{Heap before GC invocations=18 (full 0):
 garbage-first heap   total 216064K, used 151040K [0x00000000c0000000, 0x0000000100000000)
  region size 1024K, 108 young (110592K), 6 survivors (6144K)
 Metaspace       used 38418K, capacity 40872K, committed 41292K, reserved 1085440K
  class space    used 3995K, capacity 4925K, committed 4992K, reserved 1048576K
}
Event: 18.356 GC heap after
{Heap after GC invocations=19 (full 0):
 garbage-first heap   total 216064K, used 56832K [0x00000000c0000000, 0x0000000100000000)
  region size 1024K, 14 young (14336K), 14 survivors (14336K)
 Metaspace       used 38418K, capacity 40872K, committed 41292K, reserved 1085440K
  class space    used 3995K, capacity 4925K, committed 4992K, reserved 1048576K
}
Event: 18.481 GC heap before
{Heap before GC invocations=19 (full 0):
 garbage-first heap   total 216064K, used 56832K [0x00000000c0000000, 0x0000000100000000)
  region size 1024K, 15 young (15360K), 14 survivors (14336K)
 Metaspace       used 38420K, capacity 40872K, committed 41292K, reserved 1085440K
  class space    used 3995K, capacity 4925K, committed 4992K, reserved 1048576K
}
Event: 19.841 GC heap after
{Heap after GC invocations=20 (full 0):
 garbage-first heap   total 216064K, used 57584K [0x00000000c0000000, 0x0000000100000000)
  region size 1024K, 1 young (1024K), 1 survivors (1024K)
 Metaspace       used 38420K, capacity 40872K, committed 41292K, reserved 1085440K
  class space    used 3995K, capacity 4925K, committed 4992K, reserved 1048576K
}
Event: 22.352 GC heap before
{Heap before GC invocations=20 (full 0):
 garbage-first heap   total 216064K, used 66800K [0x00000000c0000000, 0x0000000100000000)
  region size 1024K, 10 young (10240K), 1 survivors (1024K)
 Metaspace       used 38430K, capacity 40872K, committed 41292K, reserved 1085440K
  class space    used 3996K, capacity 4925K, committed 4992K, reserved 1048576K
}

Deoptimization events (10 events):
Event: 21.190 Thread 0x00007f6bfc574000 DEOPT PACKING pc=0x00007f6c1d2994c0 sp=0x00007f6c0c7b5eb0
Event: 21.208 Thread 0x00007f6bfc574000 DEOPT UNPACKING pc=0x00007f6c1c5707ba sp=0x00007f6c0c7b5440 mode 0
Event: 21.313 Thread 0x00007f6bfc574000 DEOPT PACKING pc=0x00007f6c1d2994c0 sp=0x00007f6c0c7b5eb0
Event: 21.313 Thread 0x00007f6bfc574000 DEOPT UNPACKING pc=0x00007f6c1c5707ba sp=0x00007f6c0c7b5440 mode 0
Event: 21.674 Thread 0x00007f6bfc574000 DEOPT PACKING pc=0x00007f6c1d2994c0 sp=0x00007f6c0c7b5eb0
Event: 21.675 Thread 0x00007f6bfc574000 DEOPT UNPACKING pc=0x00007f6c1c5707ba sp=0x00007f6c0c7b5440 mode 0
Event: 21.765 Thread 0x00007f6bfc574000 DEOPT PACKING pc=0x00007f6c1d2994c0 sp=0x00007f6c0c7b5eb0
Event: 21.765 Thread 0x00007f6bfc574000 DEOPT UNPACKING pc=0x00007f6c1c5707ba sp=0x00007f6c0c7b5440 mode 0
Event: 22.005 Thread 0x00007f6c08001800 DEOPT PACKING pc=0x00007f6c1d305d6f sp=0x00007f6c0cbb5f60
Event: 22.019 Thread 0x00007f6c08001800 DEOPT UNPACKING pc=0x00007f6c1c5707ba sp=0x00007f6c0cbb5508 mode 0

Classes redefined (0 events):
No events

Internal exceptions (10 events):
Event: 12.656 Thread 0x00007f6c08001800 Exception <a 'sun/nio/fs/UnixException'{0x00000000c41f0748}> (0x00000000c41f0748) thrown at [/build/openjdk-lts-7bqZff/openjdk-lts-11.0.4+11/src/hotspot/share/prims/jni.cpp, line 615]
Event: 12.668 Thread 0x00007f6c08001800 Exception <a 'sun/nio/fs/UnixException'{0x00000000c41fcac0}> (0x00000000c41fcac0) thrown at [/build/openjdk-lts-7bqZff/openjdk-lts-11.0.4+11/src/hotspot/share/prims/jni.cpp, line 615]
Event: 13.001 Thread 0x00007f6c08001800 Exception <a 'java/lang/NoSuchMethodError'{0x00000000c735cb28}: 'int java.lang.invoke.DirectMethodHandle$Holder.invokeInterface(java.lang.Object, java.lang.Object)'> (0x00000000c735cb28) thrown at [/build/openjdk-lts-7bqZff/openjdk-lts-11.0.4+11/src/hotsp
Event: 13.187 Thread 0x00007f6c08001800 Exception <a 'java/lang/NoSuchMethodError'{0x00000000c6d526f0}: 'java.lang.Object java.lang.invoke.DirectMethodHandle$Holder.invokeSpecial(java.lang.Object, java.lang.Object, java.lang.Object, java.lang.Object, java.lang.Object, java.lang.Object, java.lan
Event: 13.193 Thread 0x00007f6c08001800 Exception <a 'java/lang/NoSuchMethodError'{0x00000000c6d5e2f8}: 'java.lang.Object java.lang.invoke.DirectMethodHandle$Holder.invokeSpecial(java.lang.Object, java.lang.Object, java.lang.Object, java.lang.Object, java.lang.Object, java.lang.Object, java.lan
Event: 13.193 Thread 0x00007f6c08001800 Exception <a 'java/lang/NoSuchMethodError'{0x00000000c6d62248}: 'java.lang.Object java.lang.invoke.Invokers$Holder.linkToTargetMethod(java.lang.Object, java.lang.Object, java.lang.Object, java.lang.Object, java.lang.Object, java.lang.Object, java.lang.Obj
Event: 13.195 Thread 0x00007f6c08001800 Exception <a 'java/lang/NoSuchMethodError'{0x00000000c6d90070}: 'java.lang.Object java.lang.invoke.DirectMethodHandle$Holder.invokeSpecial(java.lang.Object, java.lang.Object, java.lang.Object, java.lang.Object, java.lang.Object, int)'> (0x00000000c6d90070
Event: 13.195 Thread 0x00007f6c08001800 Exception <a 'java/lang/NoSuchMethodError'{0x00000000c6d936c0}: 'java.lang.Object java.lang.invoke.Invokers$Holder.linkToTargetMethod(java.lang.Object, java.lang.Object, java.lang.Object, int, java.lang.Object)'> (0x00000000c6d936c0) thrown at [/build/ope
Event: 13.304 Thread 0x00007f6c08001800 Exception <a 'java/io/FileNotFoundException'{0x00000000c67d4768}> (0x00000000c67d4768) thrown at [/build/openjdk-lts-7bqZff/openjdk-lts-11.0.4+11/src/hotspot/share/prims/jni.cpp, line 615]
Event: 13.550 Thread 0x00007f6bfc574000 Implicit null exception at 0x00007f6c241522df to 0x00007f6c2415240a

Events (10 events):
Event: 18.426 Executing VM operation: RevokeBias done
Event: 18.431 Executing VM operation: RevokeBias
Event: 18.442 Executing VM operation: RevokeBias done
Event: 18.442 Executing VM operation: BulkRevokeBias
Event: 18.442 Executing VM operation: BulkRevokeBias done
Event: 18.472 Executing VM operation: G1CollectForAllocation
Event: 20.016 Executing VM operation: G1CollectForAllocation done
Event: 20.051 Executing VM operation: RevokeBias
Event: 20.072 Executing VM operation: RevokeBias done
Event: 22.328 Executing VM operation: G1CollectForAllocation


Dynamic libraries:
c0000000-cd300000 rw-p 00000000 00:00 0 
e1900000-100000000 ---p 00000000 00:00 0 
800000000-800002000 rwxp 00001000 08:01 528999                           /usr/lib/jvm/java-11-openjdk-amd64/lib/server/classes.jsa
800002000-8003bd000 rw-p 00003000 08:01 528999                           /usr/lib/jvm/java-11-openjdk-amd64/lib/server/classes.jsa
8003bd000-800a8a000 r--p 003be000 08:01 528999                           /usr/lib/jvm/java-11-openjdk-amd64/lib/server/classes.jsa
800a8a000-800a8b000 rw-p 00a8b000 08:01 528999                           /usr/lib/jvm/java-11-openjdk-amd64/lib/server/classes.jsa
800a8b000-80109d000 r--p 00a8c000 08:01 528999                           /usr/lib/jvm/java-11-openjdk-amd64/lib/server/classes.jsa
840000000-8404e0000 rw-p 00000000 00:00 0 
8404e0000-880000000 ---p 00000000 00:00 0 
558c53b99000-558c53b9a000 r-xp 00000000 08:01 657486                     /usr/lib/jvm/java-11-openjdk-amd64/bin/java
558c53d9a000-558c53d9b000 r--p 00001000 08:01 657486                     /usr/lib/jvm/java-11-openjdk-amd64/bin/java
558c53d9b000-558c53d9c000 rw-p 00002000 08:01 657486                     /usr/lib/jvm/java-11-openjdk-amd64/bin/java
558c559d9000-558c559fa000 rw-p 00000000 00:00 0                          [heap]
7f6beb956000-7f6bf4000000 r--s 00000000 08:01 528883                     /usr/lib/jvm/java-11-openjdk-amd64/lib/modules
7f6bf4000000-7f6bf4153000 rw-p 00000000 00:00 0 
7f6bf4153000-7f6bf8000000 ---p 00000000 00:00 0 
7f6bfa7fa000-7f6bfa97a000 rw-p 00000000 00:00 0 
7f6bfa97a000-7f6bfa9fa000 ---p 00000000 00:00 0 
7f6bfa9fa000-7f6bfa9fe000 ---p 00000000 00:00 0 
7f6bfa9fe000-7f6bfacfb000 rw-p 00000000 00:00 0 
7f6bfacfb000-7f6bfaeee000 rw-p 00000000 00:00 0 
7f6bfaeee000-7f6bfaefb000 ---p 00000000 00:00 0 
7f6bfaefb000-7f6bfb0fb000 rw-p 00000000 00:00 0 
7f6bfb0fb000-7f6bfb0ff000 ---p 00000000 00:00 0 
7f6bfb0ff000-7f6bfb1fc000 rw-p 00000000 00:00 0 
7f6bfb1fc000-7f6bfb200000 ---p 00000000 00:00 0 
7f6bfb200000-7f6bfb2fd000 rw-p 00000000 00:00 0 
7f6bfb2fd000-7f6bfb301000 ---p 00000000 00:00 0 
7f6bfb301000-7f6bfb5fe000 rw-p 00000000 00:00 0 
7f6bfb5fe000-7f6bfb602000 ---p 00000000 00:00 0 
7f6bfb602000-7f6bfb8ff000 rw-p 00000000 00:00 0 
7f6bfb8ff000-7f6bfb903000 ---p 00000000 00:00 0 
7f6bfb903000-7f6bfbc00000 rw-p 00000000 00:00 0 
7f6bfbc00000-7f6bfbe00000 rw-p 00000000 00:00 0 
7f6bfbe00000-7f6bfc000000 rw-p 00000000 00:00 0 
7f6bfc000000-7f6bfe1ad000 rw-p 00000000 00:00 0 
7f6bfe1ad000-7f6c00000000 ---p 00000000 00:00 0 
7f6c00000000-7f6c002da000 rw-p 00000000 00:00 0 
7f6c002da000-7f6c04000000 ---p 00000000 00:00 0 
7f6c04000000-7f6c04844000 rw-p 00000000 00:00 0 
7f6c04844000-7f6c08000000 ---p 00000000 00:00 0 
7f6c08000000-7f6c080a1000 rw-p 00000000 00:00 0 
7f6c080a1000-7f6c0c000000 ---p 00000000 00:00 0 
7f6c0c0b7000-7f6c0c2b7000 rw-p 00000000 00:00 0 
7f6c0c2b7000-7f6c0c4b7000 rw-p 00000000 00:00 0 
7f6c0c4b7000-7f6c0c6b7000 rw-p 00000000 00:00 0 
7f6c0c6b7000-7f6c0c6bb000 ---p 00000000 00:00 0 
7f6c0c6bb000-7f6c0c7b8000 rw-p 00000000 00:00 0 
7f6c0c7b8000-7f6c0c7bc000 ---p 00000000 00:00 0 
7f6c0c7bc000-7f6c0cab9000 rw-p 00000000 00:00 0 
7f6c0cab9000-7f6c0cabd000 ---p 00000000 00:00 0 
7f6c0cabd000-7f6c0cbba000 rw-p 00000000 00:00 0 
7f6c0cbba000-7f6c0cbbe000 ---p 00000000 00:00 0 
7f6c0cbbe000-7f6c0ccbb000 rw-p 00000000 00:00 0 
7f6c0ccbb000-7f6c0ccbf000 ---p 00000000 00:00 0 
7f6c0ccbf000-7f6c0cfbc000 rw-p 00000000 00:00 0 
7f6c0cfbc000-7f6c0cfcc000 r-xp 00000000 08:01 531016                     /home/jackson/.vscode/extensions/redhat.java-0.54.2/server/config_linux/org.eclipse.equinox.launcher/org.eclipse.equinox.launcher.gtk.linux.x86_64_1.1.1100.v20190907-0426/eclipse_1801.so
7f6c0cfcc000-7f6c0d1cb000 ---p 00010000 08:01 531016                     /home/jackson/.vscode/extensions/redhat.java-0.54.2/server/config_linux/org.eclipse.equinox.launcher/org.eclipse.equinox.launcher.gtk.linux.x86_64_1.1.1100.v20190907-0426/eclipse_1801.so
7f6c0d1cb000-7f6c0d1cc000 r--p 0000f000 08:01 531016                     /home/jackson/.vscode/extensions/redhat.java-0.54.2/server/config_linux/org.eclipse.equinox.launcher/org.eclipse.equinox.launcher.gtk.linux.x86_64_1.1.1100.v20190907-0426/eclipse_1801.so
7f6c0d1cc000-7f6c0d1cd000 rw-p 00010000 08:01 531016                     /home/jackson/.vscode/extensions/redhat.java-0.54.2/server/config_linux/org.eclipse.equinox.launcher/org.eclipse.equinox.launcher.gtk.linux.x86_64_1.1.1100.v20190907-0426/eclipse_1801.so
7f6c0d1cd000-7f6c0d1d1000 ---p 00000000 00:00 0 
7f6c0d1d1000-7f6c0d2ce000 rw-p 00000000 00:00 0 
7f6c0d2ce000-7f6c0d2d2000 ---p 00000000 00:00 0 
7f6c0d2d2000-7f6c0d3cf000 rw-p 00000000 00:00 0 
7f6c0d3cf000-7f6c0d3d3000 ---p 00000000 00:00 0 
7f6c0d3d3000-7f6c0d4d0000 rw-p 00000000 00:00 0 
7f6c0d4d0000-7f6c0d4e6000 r-xp 00000000 08:01 528873                     /usr/lib/jvm/java-11-openjdk-amd64/lib/libnet.so
7f6c0d4e6000-7f6c0d6e5000 ---p 00016000 08:01 528873                     /usr/lib/jvm/java-11-openjdk-amd64/lib/libnet.so
7f6c0d6e5000-7f6c0d6e6000 r--p 00015000 08:01 528873                     /usr/lib/jvm/java-11-openjdk-amd64/lib/libnet.so
7f6c0d6e6000-7f6c0d6e7000 rw-p 00016000 08:01 528873                     /usr/lib/jvm/java-11-openjdk-amd64/lib/libnet.so
7f6c0d6e7000-7f6c0d6f7000 r-xp 00000000 08:01 528874                     /usr/lib/jvm/java-11-openjdk-amd64/lib/libnio.so
7f6c0d6f7000-7f6c0d8f6000 ---p 00010000 08:01 528874                     /usr/lib/jvm/java-11-openjdk-amd64/lib/libnio.so
7f6c0d8f6000-7f6c0d8f7000 r--p 0000f000 08:01 528874                     /usr/lib/jvm/java-11-openjdk-amd64/lib/libnio.so
7f6c0d8f7000-7f6c0d8f8000 rw-p 00010000 08:01 528874                     /usr/lib/jvm/java-11-openjdk-amd64/lib/libnio.so
7f6c0d8f8000-7f6c0d8f9000 ---p 00000000 00:00 0 
7f6c0d8f9000-7f6c0d9fa000 rw-p 00000000 00:00 0 
7f6c0d9fa000-7f6c0d9fe000 ---p 00000000 00:00 0 
7f6c0d9fe000-7f6c0dafb000 rw-p 00000000 00:00 0 
7f6c0dafb000-7f6c0daff000 ---p 00000000 00:00 0 
7f6c0daff000-7f6c0dbfc000 rw-p 00000000 00:00 0 
7f6c0dbfc000-7f6c0dc00000 ---p 00000000 00:00 0 
7f6c0dc00000-7f6c0dcfd000 rw-p 00000000 00:00 0 
7f6c0dcfd000-7f6c0dd01000 ---p 00000000 00:00 0 
7f6c0dd01000-7f6c0ddfe000 rw-p 00000000 00:00 0 
7f6c0ddfe000-7f6c0de02000 ---p 00000000 00:00 0 
7f6c0de02000-7f6c0deff000 rw-p 00000000 00:00 0 
7f6c0deff000-7f6c0df03000 ---p 00000000 00:00 0 
7f6c0df03000-7f6c10000000 rw-p 00000000 00:00 0 
7f6c10000000-7f6c103e6000 rw-p 00000000 00:00 0 
7f6c103e6000-7f6c14000000 ---p 00000000 00:00 0 
7f6c14024000-7f6c149f3000 r--p 00000000 08:01 662135                     /usr/lib/locale/locale-archive
7f6c149f3000-7f6c149f7000 ---p 00000000 00:00 0 
7f6c149f7000-7f6c14af4000 rw-p 00000000 00:00 0 
7f6c14af4000-7f6c14af8000 ---p 00000000 00:00 0 
7f6c14af8000-7f6c14bf5000 rw-p 00000000 00:00 0 
7f6c14bf5000-7f6c14bf6000 ---p 00000000 00:00 0 
7f6c14bf6000-7f6c154f7000 rw-p 00000000 00:00 0 
7f6c154f7000-7f6c154f8000 ---p 00000000 00:00 0 
7f6c154f8000-7f6c155f9000 rw-p 00000000 00:00 0 
7f6c155f9000-7f6c155fa000 ---p 00000000 00:00 0 
7f6c155fa000-7f6c156fb000 rw-p 00000000 00:00 0 
7f6c156fb000-7f6c156fc000 ---p 00000000 00:00 0 
7f6c156fc000-7f6c158fe000 rw-p 00000000 00:00 0 
7f6c158fe000-7f6c158ff000 ---p 00000000 00:00 0 
7f6c158ff000-7f6c15d4c000 rw-p 00000000 00:00 0 
7f6c15d4c000-7f6c16a00000 ---p 00000000 00:00 0 
7f6c16a00000-7f6c16d4c000 rw-p 00000000 00:00 0 
7f6c16d4c000-7f6c17a00000 ---p 00000000 00:00 0 
7f6c17a00000-7f6c17a6a000 rw-p 00000000 00:00 0 
7f6c17a6a000-7f6c17c00000 ---p 00000000 00:00 0 
7f6c17c00000-7f6c17c6a000 rw-p 00000000 00:00 0 
7f6c17c6a000-7f6c17e00000 ---p 00000000 00:00 0 
7f6c17e00000-7f6c17e6a000 rw-p 00000000 00:00 0 
7f6c17e6a000-7f6c18000000 ---p 00000000 00:00 0 
7f6c18000000-7f6c180a5000 rw-p 00000000 00:00 0 
7f6c180a5000-7f6c1c000000 ---p 00000000 00:00 0 
7f6c1c06d000-7f6c1c06e000 ---p 00000000 00:00 0 
7f6c1c06e000-7f6c1c270000 rw-p 00000000 00:00 0 
7f6c1c270000-7f6c1c271000 ---p 00000000 00:00 0 
7f6c1c271000-7f6c1c377000 rw-p 00000000 00:00 0 
7f6c1c377000-7f6c1c45d000 ---p 00000000 00:00 0 
7f6c1c45d000-7f6c1c471000 rw-p 00000000 00:00 0 
7f6c1c471000-7f6c1c548000 ---p 00000000 00:00 0 
7f6c1c548000-7f6c1c7b8000 rwxp 00000000 00:00 0 
7f6c1c7b8000-7f6c1cad7000 ---p 00000000 00:00 0 
7f6c1cad7000-7f6c1d4a7000 rwxp 00000000 00:00 0 
7f6c1d4a7000-7f6c2400f000 ---p 00000000 00:00 0 
7f6c2400f000-7f6c2427f000 rwxp 00000000 00:00 0 
7f6c2427f000-7f6c2b548000 ---p 00000000 00:00 0 
7f6c2b548000-7f6c33bf2000 r--s 00000000 08:01 528883                     /usr/lib/jvm/java-11-openjdk-amd64/lib/modules
7f6c33bf2000-7f6c33bf7000 r-xp 00000000 08:01 528865                     /usr/lib/jvm/java-11-openjdk-amd64/lib/libjimage.so
7f6c33bf7000-7f6c33df6000 ---p 00005000 08:01 528865                     /usr/lib/jvm/java-11-openjdk-amd64/lib/libjimage.so
7f6c33df6000-7f6c33df7000 r--p 00004000 08:01 528865                     /usr/lib/jvm/java-11-openjdk-amd64/lib/libjimage.so
7f6c33df7000-7f6c33df8000 rw-p 00005000 08:01 528865                     /usr/lib/jvm/java-11-openjdk-amd64/lib/libjimage.so
7f6c33df8000-7f6c33dff000 r-xp 00000000 08:01 528882                     /usr/lib/jvm/java-11-openjdk-amd64/lib/libzip.so
7f6c33dff000-7f6c33ffe000 ---p 00007000 08:01 528882                     /usr/lib/jvm/java-11-openjdk-amd64/lib/libzip.so
7f6c33ffe000-7f6c33fff000 r--p 00006000 08:01 528882                     /usr/lib/jvm/java-11-openjdk-amd64/lib/libzip.so
7f6c33fff000-7f6c34000000 rw-p 00007000 08:01 528882                     /usr/lib/jvm/java-11-openjdk-amd64/lib/libzip.so
7f6c34000000-7f6c344a1000 rw-p 00000000 00:00 0 
7f6c344a1000-7f6c38000000 ---p 00000000 00:00 0 
7f6c38045000-7f6c380c6000 rw-p 00000000 00:00 0 
7f6c380c6000-7f6c380d1000 r-xp 00000000 08:01 1186092                    /lib/x86_64-linux-gnu/libnss_files-2.27.so
7f6c380d1000-7f6c382d0000 ---p 0000b000 08:01 1186092                    /lib/x86_64-linux-gnu/libnss_files-2.27.so
7f6c382d0000-7f6c382d1000 r--p 0000a000 08:01 1186092                    /lib/x86_64-linux-gnu/libnss_files-2.27.so
7f6c382d1000-7f6c382d2000 rw-p 0000b000 08:01 1186092                    /lib/x86_64-linux-gnu/libnss_files-2.27.so
7f6c382d2000-7f6c382d8000 rw-p 00000000 00:00 0 
7f6c382d8000-7f6c382ef000 r-xp 00000000 08:01 1186086                    /lib/x86_64-linux-gnu/libnsl-2.27.so
7f6c382ef000-7f6c384ee000 ---p 00017000 08:01 1186086                    /lib/x86_64-linux-gnu/libnsl-2.27.so
7f6c384ee000-7f6c384ef000 r--p 00016000 08:01 1186086                    /lib/x86_64-linux-gnu/libnsl-2.27.so
7f6c384ef000-7f6c384f0000 rw-p 00017000 08:01 1186086                    /lib/x86_64-linux-gnu/libnsl-2.27.so
7f6c384f0000-7f6c384f2000 rw-p 00000000 00:00 0 
7f6c384f2000-7f6c384fd000 r-xp 00000000 08:01 1186103                    /lib/x86_64-linux-gnu/libnss_nis-2.27.so
7f6c384fd000-7f6c386fc000 ---p 0000b000 08:01 1186103                    /lib/x86_64-linux-gnu/libnss_nis-2.27.so
7f6c386fc000-7f6c386fd000 r--p 0000a000 08:01 1186103                    /lib/x86_64-linux-gnu/libnss_nis-2.27.so
7f6c386fd000-7f6c386fe000 rw-p 0000b000 08:01 1186103                    /lib/x86_64-linux-gnu/libnss_nis-2.27.so
7f6c386fe000-7f6c38706000 r-xp 00000000 08:01 1186088                    /lib/x86_64-linux-gnu/libnss_compat-2.27.so
7f6c38706000-7f6c38906000 ---p 00008000 08:01 1186088                    /lib/x86_64-linux-gnu/libnss_compat-2.27.so
7f6c38906000-7f6c38907000 r--p 00008000 08:01 1186088                    /lib/x86_64-linux-gnu/libnss_compat-2.27.so
7f6c38907000-7f6c38908000 rw-p 00009000 08:01 1186088                    /lib/x86_64-linux-gnu/libnss_compat-2.27.so
7f6c38908000-7f6c38931000 r-xp 00000000 08:01 528861                     /usr/lib/jvm/java-11-openjdk-amd64/lib/libjava.so
7f6c38931000-7f6c38b30000 ---p 00029000 08:01 528861                     /usr/lib/jvm/java-11-openjdk-amd64/lib/libjava.so
7f6c38b30000-7f6c38b31000 r--p 00028000 08:01 528861                     /usr/lib/jvm/java-11-openjdk-amd64/lib/libjava.so
7f6c38b31000-7f6c38b33000 rw-p 00029000 08:01 528861                     /usr/lib/jvm/java-11-openjdk-amd64/lib/libjava.so
7f6c38b33000-7f6c38b40000 r-xp 00000000 08:01 528881                     /usr/lib/jvm/java-11-openjdk-amd64/lib/libverify.so
7f6c38b40000-7f6c38d3f000 ---p 0000d000 08:01 528881                     /usr/lib/jvm/java-11-openjdk-amd64/lib/libverify.so
7f6c38d3f000-7f6c38d41000 r--p 0000c000 08:01 528881                     /usr/lib/jvm/java-11-openjdk-amd64/lib/libverify.so
7f6c38d41000-7f6c38d42000 rw-p 0000e000 08:01 528881                     /usr/lib/jvm/java-11-openjdk-amd64/lib/libverify.so
7f6c38d42000-7f6c38d49000 r-xp 00000000 08:01 1186143                    /lib/x86_64-linux-gnu/librt-2.27.so
7f6c38d49000-7f6c38f48000 ---p 00007000 08:01 1186143                    /lib/x86_64-linux-gnu/librt-2.27.so
7f6c38f48000-7f6c38f49000 r--p 00006000 08:01 1186143                    /lib/x86_64-linux-gnu/librt-2.27.so
7f6c38f49000-7f6c38f4a000 rw-p 00007000 08:01 1186143                    /lib/x86_64-linux-gnu/librt-2.27.so
7f6c38f4a000-7f6c38f61000 r-xp 00000000 08:01 1186039                    /lib/x86_64-linux-gnu/libgcc_s.so.1
7f6c38f61000-7f6c39160000 ---p 00017000 08:01 1186039                    /lib/x86_64-linux-gnu/libgcc_s.so.1
7f6c39160000-7f6c39161000 r--p 00016000 08:01 1186039                    /lib/x86_64-linux-gnu/libgcc_s.so.1
7f6c39161000-7f6c39162000 rw-p 00017000 08:01 1186039                    /lib/x86_64-linux-gnu/libgcc_s.so.1
7f6c39162000-7f6c392ff000 r-xp 00000000 08:01 1186065                    /lib/x86_64-linux-gnu/libm-2.27.so
7f6c392ff000-7f6c394fe000 ---p 0019d000 08:01 1186065                    /lib/x86_64-linux-gnu/libm-2.27.so
7f6c394fe000-7f6c394ff000 r--p 0019c000 08:01 1186065                    /lib/x86_64-linux-gnu/libm-2.27.so
7f6c394ff000-7f6c39500000 rw-p 0019d000 08:01 1186065                    /lib/x86_64-linux-gnu/libm-2.27.so
7f6c39500000-7f6c39679000 r-xp 00000000 08:01 667166                     /usr/lib/x86_64-linux-gnu/libstdc++.so.6.0.25
7f6c39679000-7f6c39879000 ---p 00179000 08:01 667166                     /usr/lib/x86_64-linux-gnu/libstdc++.so.6.0.25
7f6c39879000-7f6c39883000 r--p 00179000 08:01 667166                     /usr/lib/x86_64-linux-gnu/libstdc++.so.6.0.25
7f6c39883000-7f6c39885000 rw-p 00183000 08:01 667166                     /usr/lib/x86_64-linux-gnu/libstdc++.so.6.0.25
7f6c39885000-7f6c39889000 rw-p 00000000 00:00 0 
7f6c39889000-7f6c3a955000 r-xp 00000000 08:01 528888                     /usr/lib/jvm/java-11-openjdk-amd64/lib/server/libjvm.so
7f6c3a955000-7f6c3ab54000 ---p 010cc000 08:01 528888                     /usr/lib/jvm/java-11-openjdk-amd64/lib/server/libjvm.so
7f6c3ab54000-7f6c3ac11000 r--p 010cb000 08:01 528888                     /usr/lib/jvm/java-11-openjdk-amd64/lib/server/libjvm.so
7f6c3ac11000-7f6c3ac4a000 rw-p 01188000 08:01 528888                     /usr/lib/jvm/java-11-openjdk-amd64/lib/server/libjvm.so
7f6c3ac4a000-7f6c3aca0000 rw-p 00000000 00:00 0 
7f6c3aca0000-7f6c3acba000 r-xp 00000000 08:01 1186135                    /lib/x86_64-linux-gnu/libpthread-2.27.so
7f6c3acba000-7f6c3aeb9000 ---p 0001a000 08:01 1186135                    /lib/x86_64-linux-gnu/libpthread-2.27.so
7f6c3aeb9000-7f6c3aeba000 r--p 00019000 08:01 1186135                    /lib/x86_64-linux-gnu/libpthread-2.27.so
7f6c3aeba000-7f6c3aebb000 rw-p 0001a000 08:01 1186135                    /lib/x86_64-linux-gnu/libpthread-2.27.so
7f6c3aebb000-7f6c3aebf000 rw-p 00000000 00:00 0 
7f6c3aebf000-7f6c3aec2000 r-xp 00000000 08:01 1186025                    /lib/x86_64-linux-gnu/libdl-2.27.so
7f6c3aec2000-7f6c3b0c1000 ---p 00003000 08:01 1186025                    /lib/x86_64-linux-gnu/libdl-2.27.so
7f6c3b0c1000-7f6c3b0c2000 r--p 00002000 08:01 1186025                    /lib/x86_64-linux-gnu/libdl-2.27.so
7f6c3b0c2000-7f6c3b0c3000 rw-p 00003000 08:01 1186025                    /lib/x86_64-linux-gnu/libdl-2.27.so
7f6c3b0c3000-7f6c3b0df000 r-xp 00000000 08:01 1186174                    /lib/x86_64-linux-gnu/libz.so.1.2.11
7f6c3b0df000-7f6c3b2de000 ---p 0001c000 08:01 1186174                    /lib/x86_64-linux-gnu/libz.so.1.2.11
7f6c3b2de000-7f6c3b2df000 r--p 0001b000 08:01 1186174                    /lib/x86_64-linux-gnu/libz.so.1.2.11
7f6c3b2df000-7f6c3b2e0000 rw-p 0001c000 08:01 1186174                    /lib/x86_64-linux-gnu/libz.so.1.2.11
7f6c3b2e0000-7f6c3b4c7000 r-xp 00000000 08:01 1186002                    /lib/x86_64-linux-gnu/libc-2.27.so
7f6c3b4c7000-7f6c3b6c7000 ---p 001e7000 08:01 1186002                    /lib/x86_64-linux-gnu/libc-2.27.so
7f6c3b6c7000-7f6c3b6cb000 r--p 001e7000 08:01 1186002                    /lib/x86_64-linux-gnu/libc-2.27.so
7f6c3b6cb000-7f6c3b6cd000 rw-p 001eb000 08:01 1186002                    /lib/x86_64-linux-gnu/libc-2.27.so
7f6c3b6cd000-7f6c3b6d1000 rw-p 00000000 00:00 0 
7f6c3b6d1000-7f6c3b6e1000 r-xp 00000000 08:01 528845                     /usr/lib/jvm/java-11-openjdk-amd64/lib/jli/libjli.so
7f6c3b6e1000-7f6c3b8e0000 ---p 00010000 08:01 528845                     /usr/lib/jvm/java-11-openjdk-amd64/lib/jli/libjli.so
7f6c3b8e0000-7f6c3b8e1000 r--p 0000f000 08:01 528845                     /usr/lib/jvm/java-11-openjdk-amd64/lib/jli/libjli.so
7f6c3b8e1000-7f6c3b8e2000 rw-p 00010000 08:01 528845                     /usr/lib/jvm/java-11-openjdk-amd64/lib/jli/libjli.so
7f6c3b8e2000-7f6c3b909000 r-xp 00000000 08:01 1185974                    /lib/x86_64-linux-gnu/ld-2.27.so
7f6c3b945000-7f6c3b949000 ---p 00000000 00:00 0 
7f6c3b949000-7f6c3b9ea000 rw-p 00000000 00:00 0 
7f6c3b9ea000-7f6c3b9f1000 ---p 00000000 00:00 0 
7f6c3b9f1000-7f6c3b9f5000 ---p 00000000 00:00 0 
7f6c3b9f5000-7f6c3baf4000 rw-p 00000000 00:00 0 
7f6c3bafb000-7f6c3bafd000 r--s 00007000 08:01 943479                     /usr/share/java/java-atk-wrapper.jar
7f6c3bafd000-7f6c3bb05000 rw-s 00000000 08:01 533265                     /tmp/hsperfdata_jackson/4337
7f6c3bb05000-7f6c3bb06000 ---p 00000000 00:00 0 
7f6c3bb06000-7f6c3bb07000 r--p 00000000 00:00 0 
7f6c3bb07000-7f6c3bb09000 rw-p 00000000 00:00 0 
7f6c3bb09000-7f6c3bb0a000 r--p 00027000 08:01 1185974                    /lib/x86_64-linux-gnu/ld-2.27.so
7f6c3bb0a000-7f6c3bb0b000 rw-p 00028000 08:01 1185974                    /lib/x86_64-linux-gnu/ld-2.27.so
7f6c3bb0b000-7f6c3bb0c000 rw-p 00000000 00:00 0 
7ffc57ad6000-7ffc57af7000 rw-p 00000000 00:00 0                          [stack]
7ffc57bd1000-7ffc57bd4000 r--p 00000000 00:00 0                          [vvar]
7ffc57bd4000-7ffc57bd5000 r-xp 00000000 00:00 0                          [vdso]
ffffffffff600000-ffffffffff601000 r-xp 00000000 00:00 0                  [vsyscall]


VM Arguments:
jvm_args: --add-modules=ALL-SYSTEM --add-opens=java.base/java.util=ALL-UNNAMED --add-opens=java.base/java.lang=ALL-UNNAMED -Declipse.application=org.eclipse.jdt.ls.core.id1 -Dosgi.bundles.defaultStartLevel=4 -Declipse.product=org.eclipse.jdt.ls.core.product -Dfile.encoding=utf8 -Xverify:none -Xmx1G -XX:+UseG1GC -XX:+UseStringDeduplication 
java_command: /home/jackson/.vscode/extensions/redhat.java-0.54.2/server/plugins/org.eclipse.equinox.launcher_1.5.600.v20191014-2022.jar -configuration /home/jackson/.vscode/extensions/redhat.java-0.54.2/server/config_linux -data /home/jackson/.config/Code/User/workspaceStorage/12e3aee23846e241e61f4009526939a1/redhat.java/jdt_ws
java_class_path (initial): /home/jackson/.vscode/extensions/redhat.java-0.54.2/server/plugins/org.eclipse.equinox.launcher_1.5.600.v20191014-2022.jar
Launcher Type: SUN_STANDARD

[Global flags]
     bool BytecodeVerificationLocal                = false                                     {product} {command line}
     bool BytecodeVerificationRemote               = false                                     {product} {command line}
     intx CICompilerCount                          = 2                                         {product} {ergonomic}
     uint ConcGCThreads                            = 1                                         {product} {ergonomic}
     uint G1ConcRefinementThreads                  = 1                                         {product} {ergonomic}
   size_t G1HeapRegionSize                         = 1048576                                   {product} {ergonomic}
    uintx GCDrainStackTargetSize                   = 64                                        {product} {ergonomic}
   size_t InitialHeapSize                          = 65011712                                  {product} {ergonomic}
   size_t MarkStackSize                            = 4194304                                   {product} {ergonomic}
   size_t MaxHeapSize                              = 1073741824                                {product} {command line}
   size_t MaxNewSize                               = 643825664                                 {product} {ergonomic}
   size_t MinHeapDeltaBytes                        = 1048576                                   {product} {ergonomic}
    uintx NonNMethodCodeHeapSize                   = 5824844                                {pd product} {ergonomic}
    uintx NonProfiledCodeHeapSize                  = 122916698                              {pd product} {ergonomic}
    uintx ProfiledCodeHeapSize                     = 122916698                              {pd product} {ergonomic}
    uintx ReservedCodeCacheSize                    = 251658240                              {pd product} {ergonomic}
     bool SegmentedCodeCache                       = true                                      {product} {ergonomic}
     bool UseCompressedClassPointers               = true                                 {lp64_product} {ergonomic}
     bool UseCompressedOops                        = true                                 {lp64_product} {ergonomic}
     bool UseG1GC                                  = true                                      {product} {command line}
     bool UseStringDeduplication                   = true                                      {product} {command line}

Logging:
Log output configuration:
 #0: stdout all=warning uptime,level,tags
 #1: stderr all=off uptime,level,tags

Environment Variables:
JAVA_HOME=/usr/lib/jvm/java-11-openjdk-amd64/
PATH=/usr/lib/jvm/java-11-openjdk-amd64/:bin:/home/jackson/Documents/apache-maven-3.6.3:bin:/usr/local/sbin:/usr/local/bin:/usr/sbin:/usr/bin:/sbin:/bin:/usr/games:/usr/local/games:/snap/bin
USERNAME=jackson
SHELL=/bin/bash
DISPLAY=:0

Signal Handlers:
SIGSEGV: [libjvm.so+0xde5f50], sa_mask[0]=11111111011111111101111111111110, sa_flags=SA_RESTART|SA_SIGINFO
SIGBUS: [libjvm.so+0xde5f50], sa_mask[0]=11111111011111111101111111111110, sa_flags=SA_RESTART|SA_SIGINFO
SIGFPE: [libjvm.so+0xde5f50], sa_mask[0]=11111111011111111101111111111110, sa_flags=SA_RESTART|SA_SIGINFO
SIGPIPE: [libjvm.so+0xbba5b0], sa_mask[0]=11111111011111111101111111111110, sa_flags=SA_RESTART|SA_SIGINFO
SIGXFSZ: [libjvm.so+0xbba5b0], sa_mask[0]=11111111011111111101111111111110, sa_flags=SA_RESTART|SA_SIGINFO
SIGILL: [libjvm.so+0xde5f50], sa_mask[0]=11111111011111111101111111111110, sa_flags=SA_RESTART|SA_SIGINFO
SIGUSR2: [libjvm.so+0xbba450], sa_mask[0]=00000000000000000000000000000000, sa_flags=SA_RESTART|SA_SIGINFO
SIGHUP: [libjvm.so+0xbba7b0], sa_mask[0]=11111111011111111101111111111110, sa_flags=SA_RESTART|SA_SIGINFO
SIGINT: [libjvm.so+0xbba7b0], sa_mask[0]=11111111011111111101111111111110, sa_flags=SA_RESTART|SA_SIGINFO
SIGTERM: [libjvm.so+0xbba7b0], sa_mask[0]=11111111011111111101111111111110, sa_flags=SA_RESTART|SA_SIGINFO
SIGQUIT: [libjvm.so+0xbba7b0], sa_mask[0]=11111111011111111101111111111110, sa_flags=SA_RESTART|SA_SIGINFO


---------------  S Y S T E M  ---------------

OS:DISTRIB_ID=Ubuntu
DISTRIB_RELEASE=18.04
DISTRIB_CODENAME=bionic
DISTRIB_DESCRIPTION="Ubuntu 18.04.3 LTS"
uname:Linux 5.0.0-37-generic #40~18.04.1-Ubuntu SMP Thu Nov 14 12:06:39 UTC 2019 x86_64
libc:glibc 2.27 NPTL 2.27 
rlimit: STACK 8192k, CORE 0k, NPROC 15581, NOFILE 1048576, AS infinity, DATA infinity, FSIZE infinity
load average:8.42 3.45 1.69

/proc/meminfo:
MemTotal:        4037260 kB
MemFree:          110128 kB
MemAvailable:      15816 kB
Buffers:            1296 kB
Cached:           176556 kB
SwapCached:        20912 kB
Active:          3074736 kB
Inactive:         622908 kB
Active(anon):    3067304 kB
Inactive(anon):   613568 kB
Active(file):       7432 kB
Inactive(file):     9340 kB
Unevictable:          48 kB
Mlocked:              48 kB
SwapTotal:        969960 kB
SwapFree:              0 kB
Dirty:                32 kB
Writeback:             0 kB
AnonPages:       3499224 kB
Mapped:           147668 kB
Shmem:            160996 kB
KReclaimable:      31904 kB
Slab:              75076 kB
SReclaimable:      31904 kB
SUnreclaim:        43172 kB
KernelStack:       16560 kB
PageTables:        63900 kB
NFS_Unstable:          0 kB
Bounce:                0 kB
WritebackTmp:          0 kB
CommitLimit:     2988588 kB
Committed_AS:   11755968 kB
VmallocTotal:   34359738367 kB
VmallocUsed:           0 kB
VmallocChunk:          0 kB
Percpu:              316 kB
HardwareCorrupted:     0 kB
AnonHugePages:         0 kB
ShmemHugePages:        0 kB
ShmemPmdMapped:        0 kB
CmaTotal:              0 kB
CmaFree:               0 kB
HugePages_Total:       0
HugePages_Free:        0
HugePages_Rsvd:        0
HugePages_Surp:        0
Hugepagesize:       2048 kB
Hugetlb:               0 kB
DirectMap4k:      208832 kB
DirectMap2M:     3985408 kB


/proc/sys/kernel/threads-max (system-wide limit on the number of threads):
31163


/proc/sys/vm/max_map_count (maximum number of memory map areas a process may have):
65530


/proc/sys/kernel/pid_max (system-wide limit on number of process identifiers):
32768



container (cgroup) information:
container_type: cgroupv1
cpu_cpuset_cpus: 0
cpu_memory_nodes: 0
active_processor_count: 1
cpu_quota: -1
cpu_period: 100000
cpu_shares: -1
memory_limit_in_bytes: -1
memory_and_swap_limit_in_bytes: -2
memory_soft_limit_in_bytes: -1
memory_usage_in_bytes: 3785363456
memory_max_usage_in_bytes: 26636288

Steal ticks since vm start: 0
Steal ticks percentage since vm start:  0.000

CPU:total 1 (initial active 1) (1 cores per cpu, 1 threads per core) family 6 model 158 stepping 10, cmov, cx8, fxsr, mmx, sse, sse2, sse3, ssse3, sse4.1, sse4.2, popcnt, avx, avx2, aes, clmul, 3dnowpref, lzcnt, tsc, tscinvbit
CPU Model and flags from /proc/cpuinfo:
model name	: Intel(R) Core(TM) i5-8600K CPU @ 3.60GHz
flags		: fpu vme de pse tsc msr pae mce cx8 apic sep mtrr pge mca cmov pat pse36 clflush mmx fxsr sse sse2 ht syscall nx rdtscp lm constant_tsc rep_good nopl xtopology nonstop_tsc cpuid tsc_known_freq pni pclmulqdq monitor ssse3 cx16 pcid sse4_1 sse4_2 x2apic movbe popcnt aes xsave avx rdrand hypervisor lahf_lm abm 3dnowprefetch invpcid_single pti fsgsbase avx2 invpcid rdseed clflushopt flush_l1d

Memory: 4k page, physical 4037260k(98944k free), swap 969960k(0k free)

vm_info: OpenJDK 64-Bit Server VM (11.0.4+11-post-Ubuntu-1ubuntu218.04.3) for linux-amd64 JRE (11.0.4+11-post-Ubuntu-1ubuntu218.04.3), built on Jul 18 2019 18:21:46 by "buildd" with gcc 7.4.0

END.
