#
# There is insufficient memory for the Java Runtime Environment to continue.
# Native memory allocation (mmap) failed to map 146800640 bytes for committing reserved memory.
# Possible reasons:
#   The system is out of physical RAM or swap space
#   The process is running with CompressedOops enabled, and the Java Heap may be blocking the growth of the native heap
# Possible solutions:
#   Reduce memory load on the system
#   Increase physical memory or swap space
#   Check if swap backing store is full
#   Decrease Java heap size (-Xmx/-Xms)
#   Decrease number of Java threads
#   Decrease Java thread stack sizes (-Xss)
#   Set larger code cache with -XX:ReservedCodeCacheSize=
#   JVM is running with Unscaled Compressed Oops mode in which the Java heap is
#     placed in the first 4GB address space. The Java Heap base address is the
#     maximum limit for the native heap growth. Please use -XX:HeapBaseMinAddress
#     to set the Java Heap base and to place the Java Heap above 4GB virtual address.
# This output file may be truncated or incomplete.
#
#  Out of Memory Error (os_linux.cpp:2893), pid=4258, tid=4266
#
# JRE version: OpenJDK Runtime Environment (11.0.4+11) (build 11.0.4+11-post-Ubuntu-1ubuntu218.04.3)
# Java VM: OpenJDK 64-Bit Server VM (11.0.4+11-post-Ubuntu-1ubuntu218.04.3, mixed mode, sharing, tiered, compressed oops, g1 gc, linux-amd64)
# Core dump will be written. Default location: Core dumps may be processed with "/usr/share/apport/apport %p %s %c %d %P" (or dumping to /home/jackson/Documents/kafka_2.12-2.3.0/consumer.examples/core.4258)
#

---------------  S U M M A R Y ------------

Command Line: --add-modules=ALL-SYSTEM --add-opens=java.base/java.util=ALL-UNNAMED --add-opens=java.base/java.lang=ALL-UNNAMED -Declipse.application=org.eclipse.jdt.ls.core.id1 -Dosgi.bundles.defaultStartLevel=4 -Declipse.product=org.eclipse.jdt.ls.core.product -Dfile.encoding=utf8 -Xverify:none -Xmx1G -XX:+UseG1GC -XX:+UseStringDeduplication /home/jackson/.vscode/extensions/redhat.java-0.54.2/server/plugins/org.eclipse.equinox.launcher_1.5.600.v20191014-2022.jar -configuration /home/jackson/.vscode/extensions/redhat.java-0.54.2/server/config_linux -data /home/jackson/.config/Code/User/workspaceStorage/12e3aee23846e241e61f4009526939a1/redhat.java/jdt_ws

Host: Intel(R) Core(TM) i5-8600K CPU @ 3.60GHz, 1 cores, 3G, Ubuntu 18.04.3 LTS
Time: Sat Dec 14 14:18:17 2019 CST elapsed time: 21 seconds (0d 0h 0m 21s)

---------------  T H R E A D  ---------------

Current thread (0x00007fc834110000):  VMThread "VM Thread" [stack: 0x00007fc81c1ca000,0x00007fc81c2ca000] [id=4266]

Stack: [0x00007fc81c1ca000,0x00007fc81c2ca000],  sp=0x00007fc81c2c7ff0,  free space=1015k
Native frames: (J=compiled Java code, A=aot compiled Java code, j=interpreted, Vv=VM code, C=native code)
V  [libjvm.so+0xde4547]
V  [libjvm.so+0xde519b]
V  [libjvm.so+0x6511a5]
V  [libjvm.so+0xbbed38]
V  [libjvm.so+0xbb5ebd]
V  [libjvm.so+0x76f53f]
V  [libjvm.so+0x76f7ae]
V  [libjvm.so+0x77b820]
V  [libjvm.so+0x7f6969]
V  [libjvm.so+0x7f75c2]
V  [libjvm.so+0x7f7a29]
V  [libjvm.so+0x72de6f]
V  [libjvm.so+0x732b6a]
V  [libjvm.so+0xdf01e1]
V  [libjvm.so+0xdeeda8]
V  [libjvm.so+0xdec5e6]
V  [libjvm.so+0xdecaf0]
V  [libjvm.so+0xdecf23]
V  [libjvm.so+0xd7aeea]
V  [libjvm.so+0xbc4a5e]

VM_Operation (0x00007fc7fd5e6720): G1CollectForAllocation, mode: safepoint, requested by thread 0x00007fc800b42800


---------------  P R O C E S S  ---------------

Threads class SMR info:
_java_thread_list=0x00007fc810181b10, length=22, elements={
0x00007fc834012800, 0x00007fc834113000, 0x00007fc834115000, 0x00007fc834123000,
0x00007fc834125000, 0x00007fc834127000, 0x00007fc834129000, 0x00007fc834158800,
0x00007fc83419b800, 0x00007fc834244800, 0x00007fc83432f000, 0x00007fc834396000,
0x00007fc83439e000, 0x00007fc800518800, 0x00007fc800352800, 0x00007fc808009800,
0x00007fc800b42800, 0x00007fc808015000, 0x00007fc8343c5800, 0x00007fc834464800,
0x00007fc834467000, 0x00007fc810180800
}

Java Threads: ( => current thread )
  0x00007fc834012800 JavaThread "main" [_thread_blocked, id=4259, stack(0x00007fc83c747000,0x00007fc83c848000)]
  0x00007fc834113000 JavaThread "Reference Handler" daemon [_thread_blocked, id=4267, stack(0x00007fc81c0c7000,0x00007fc81c1c8000)]
  0x00007fc834115000 JavaThread "Finalizer" daemon [_thread_blocked, id=4268, stack(0x00007fc7ff6ff000,0x00007fc7ff800000)]
  0x00007fc834123000 JavaThread "Signal Dispatcher" daemon [_thread_blocked, id=4269, stack(0x00007fc7fec2f000,0x00007fc7fed30000)]
  0x00007fc834125000 JavaThread "C2 CompilerThread0" daemon [_thread_blocked, id=4270, stack(0x00007fc7feb2e000,0x00007fc7fec2f000)]
  0x00007fc834127000 JavaThread "C1 CompilerThread0" daemon [_thread_blocked, id=4271, stack(0x00007fc7fea2d000,0x00007fc7feb2e000)]
  0x00007fc834129000 JavaThread "Sweeper thread" daemon [_thread_blocked, id=4272, stack(0x00007fc7fe92c000,0x00007fc7fea2d000)]
  0x00007fc834158800 JavaThread "Common-Cleaner" daemon [_thread_blocked, id=4273, stack(0x00007fc7fe82b000,0x00007fc7fe92c000)]
  0x00007fc83419b800 JavaThread "Service Thread" daemon [_thread_blocked, id=4275, stack(0x00007fc7fe72a000,0x00007fc7fe82b000)]
  0x00007fc834244800 JavaThread "process reaper" daemon [_thread_blocked, id=4278, stack(0x00007fc83c69b000,0x00007fc83c6bd000)]
  0x00007fc83432f000 JavaThread "Active Thread: Equinox Container: 8db5a17f-2a93-4356-8e99-357a65e9ed7b" [_thread_blocked, id=4279, stack(0x00007fc7fe0ff000,0x00007fc7fe200000)]
  0x00007fc834396000 JavaThread "Framework Event Dispatcher: Equinox Container: 8db5a17f-2a93-4356-8e99-357a65e9ed7b" daemon [_thread_blocked, id=4280, stack(0x00007fc7fdffe000,0x00007fc7fe0ff000)]
  0x00007fc83439e000 JavaThread "Start Level: Equinox Container: 8db5a17f-2a93-4356-8e99-357a65e9ed7b" daemon [_thread_blocked, id=4281, stack(0x00007fc7fdefd000,0x00007fc7fdffe000)]
  0x00007fc800518800 JavaThread "Worker-JM" [_thread_blocked, id=4282, stack(0x00007fc7fd9eb000,0x00007fc7fdaec000)]
  0x00007fc800352800 JavaThread "Worker-0" [_thread_blocked, id=4283, stack(0x00007fc7fd8ea000,0x00007fc7fd9eb000)]
  0x00007fc808009800 JavaThread "Worker-1: Initialize Workspace" [_thread_blocked, id=4284, stack(0x00007fc7fd7e9000,0x00007fc7fd8ea000)]
  0x00007fc800b42800 JavaThread "Java indexing" daemon [_thread_blocked, id=4285, stack(0x00007fc7fd4e8000,0x00007fc7fd5e9000)]
  0x00007fc808015000 JavaThread "Worker-2: Java indexing... " [_thread_blocked, id=4287, stack(0x00007fc7fc7e7000,0x00007fc7fc8e8000)]
  0x00007fc8343c5800 JavaThread "pool-2-thread-1" [_thread_blocked, id=4289, stack(0x00007fc7fc6e6000,0x00007fc7fc7e7000)]
  0x00007fc834464800 JavaThread "pool-1-thread-1" [_thread_blocked, id=4290, stack(0x00007fc7fc1e5000,0x00007fc7fc2e6000)]
  0x00007fc834467000 JavaThread "Worker-3" [_thread_blocked, id=4291, stack(0x00007fc7fc0e4000,0x00007fc7fc1e5000)]
  0x00007fc810180800 JavaThread "Bundle File Closer" daemon [_thread_blocked, id=4298, stack(0x00007fc7ef255000,0x00007fc7ef356000)]

Other Threads:
=>0x00007fc834110000 VMThread "VM Thread" [stack: 0x00007fc81c1ca000,0x00007fc81c2ca000] [id=4266]
  0x00007fc83419d800 WatcherThread [stack: 0x00007fc7fe62a000,0x00007fc7fe72a000] [id=4276]
  0x00007fc834029000 GCTaskThread "GC Thread#0" [stack: 0x00007fc838738000,0x00007fc838838000] [id=4260]
  0x00007fc834044800 ConcurrentGCThread "G1 Main Marker" [stack: 0x00007fc81c856000,0x00007fc81c956000] [id=4261]
  0x00007fc834046800 ConcurrentGCThread "G1 Conc#0" [stack: 0x00007fc81c754000,0x00007fc81c854000] [id=4262]
  0x00007fc83407d800 ConcurrentGCThread "G1 Refine#0" [stack: 0x00007fc81c551000,0x00007fc81c651000] [id=4263]
  0x00007fc83407f000 ConcurrentGCThread "G1 Young RemSet Sampling" [stack: 0x00007fc81c44f000,0x00007fc81c54f000] [id=4264]
  0x00007fc834086000 ConcurrentGCThread "StrDedup" [stack: 0x00007fc81c34d000,0x00007fc81c44d000] [id=4265]

Threads with active compile tasks:
C2 CompilerThread04007       4       org.eclipse.jdt.internal.core.util.Util::splitOn (134 bytes)

VM state:at safepoint (normal execution)

VM Mutex/Monitor currently owned by a thread:  ([mutex/lock_event])
[0x00007fc83400ee70] Threads_lock - owner thread: 0x00007fc834110000
[0x00007fc83400f5c0] Heap_lock - owner thread: 0x00007fc800b42800

Heap address: 0x00000000c0000000, size: 1024 MB, Compressed Oops mode: 32-bit
Narrow klass base: 0x0000000800000000, Narrow klass shift: 3
Compressed class space size: 1073741824 Address: 0x0000000840000000

Heap:
 garbage-first heap   total 428032K, used 49152K [0x00000000c0000000, 0x0000000100000000)
  region size 1024K, 2 young (2048K), 2 survivors (2048K)
 Metaspace       used 36959K, capacity 39202K, committed 39296K, reserved 1083392K
  class space    used 3881K, capacity 4732K, committed 4736K, reserved 1048576K
Heap Regions: E=young(eden), S=young(survivor), O=old, HS=humongous(starts), HC=humongous(continues), CS=collection set, F=free, A=archive, TAMS=top-at-mark-start (previous, next)
|   0|0x00000000c0000000, 0x00000000c0100000, 0x00000000c0100000|100%| O|  |TAMS 0x00000000c0100000, 0x00000000c0000000| Untracked 
|   1|0x00000000c0100000, 0x00000000c0200000, 0x00000000c0200000|100%| O|  |TAMS 0x00000000c0200000, 0x00000000c0100000| Untracked 
|   2|0x00000000c0200000, 0x00000000c0300000, 0x00000000c0300000|100%| O|  |TAMS 0x00000000c0300000, 0x00000000c0200000| Untracked 
|   3|0x00000000c0300000, 0x00000000c0400000, 0x00000000c0400000|100%| O|  |TAMS 0x00000000c0400000, 0x00000000c0300000| Untracked 
|   4|0x00000000c0400000, 0x00000000c0500000, 0x00000000c0500000|100%| O|  |TAMS 0x00000000c0500000, 0x00000000c0400000| Untracked 
|   5|0x00000000c0500000, 0x00000000c0600000, 0x00000000c0600000|100%| O|  |TAMS 0x00000000c0600000, 0x00000000c0500000| Untracked 
|   6|0x00000000c0600000, 0x00000000c0700000, 0x00000000c0700000|100%| O|  |TAMS 0x00000000c0700000, 0x00000000c0600000| Untracked 
|   7|0x00000000c0700000, 0x00000000c0800000, 0x00000000c0800000|100%| O|  |TAMS 0x00000000c0800000, 0x00000000c0700000| Untracked 
|   8|0x00000000c0800000, 0x00000000c0900000, 0x00000000c0900000|100%| O|  |TAMS 0x00000000c0900000, 0x00000000c0800000| Untracked 
|   9|0x00000000c0900000, 0x00000000c0a00000, 0x00000000c0a00000|100%| O|  |TAMS 0x00000000c0a00000, 0x00000000c0900000| Untracked 
|  10|0x00000000c0a00000, 0x00000000c0b00000, 0x00000000c0b00000|100%| O|  |TAMS 0x00000000c0b00000, 0x00000000c0a00000| Untracked 
|  11|0x00000000c0b00000, 0x00000000c0c00000, 0x00000000c0c00000|100%| O|  |TAMS 0x00000000c0c00000, 0x00000000c0b00000| Untracked 
|  12|0x00000000c0c00000, 0x00000000c0d00000, 0x00000000c0d00000|100%| O|  |TAMS 0x00000000c0d00000, 0x00000000c0c00000| Untracked 
|  13|0x00000000c0d00000, 0x00000000c0e00000, 0x00000000c0e00000|100%| O|  |TAMS 0x00000000c0e00000, 0x00000000c0d00000| Untracked 
|  14|0x00000000c0e00000, 0x00000000c0f00000, 0x00000000c0f00000|100%| O|  |TAMS 0x00000000c0f00000, 0x00000000c0e00000| Untracked 
|  15|0x00000000c0f00000, 0x00000000c1000000, 0x00000000c1000000|100%| O|  |TAMS 0x00000000c1000000, 0x00000000c0f00000| Untracked 
|  16|0x00000000c1000000, 0x00000000c1100000, 0x00000000c1100000|100%| O|  |TAMS 0x00000000c1100000, 0x00000000c1000000| Untracked 
|  17|0x00000000c1100000, 0x00000000c1200000, 0x00000000c1200000|100%| O|  |TAMS 0x00000000c1200000, 0x00000000c1100000| Untracked 
|  18|0x00000000c1200000, 0x00000000c1300000, 0x00000000c1300000|100%| O|  |TAMS 0x00000000c1300000, 0x00000000c1200000| Untracked 
|  19|0x00000000c1300000, 0x00000000c1400000, 0x00000000c1400000|100%| O|  |TAMS 0x00000000c1380000, 0x00000000c1300000| Untracked 
|  20|0x00000000c1400000, 0x00000000c1500000, 0x00000000c1500000|100%|HS|  |TAMS 0x00000000c1400000, 0x00000000c1400000| Complete 
|  21|0x00000000c1500000, 0x00000000c1600000, 0x00000000c1600000|100%| O|  |TAMS 0x00000000c1500000, 0x00000000c1500000| Untracked 
|  22|0x00000000c1600000, 0x00000000c1700000, 0x00000000c1700000|100%| O|  |TAMS 0x00000000c1600000, 0x00000000c1600000| Untracked 
|  23|0x00000000c1700000, 0x00000000c1800000, 0x00000000c1800000|100%| O|  |TAMS 0x00000000c1700000, 0x00000000c1700000| Untracked 
|  24|0x00000000c1800000, 0x00000000c1900000, 0x00000000c1900000|100%| O|  |TAMS 0x00000000c1800000, 0x00000000c1800000| Untracked 
|  25|0x00000000c1900000, 0x00000000c1a00000, 0x00000000c1a00000|100%| O|  |TAMS 0x00000000c1900000, 0x00000000c1900000| Untracked 
|  26|0x00000000c1a00000, 0x00000000c1b00000, 0x00000000c1b00000|100%| O|  |TAMS 0x00000000c1a00000, 0x00000000c1a00000| Untracked 
|  27|0x00000000c1b00000, 0x00000000c1c00000, 0x00000000c1c00000|100%| O|  |TAMS 0x00000000c1b00000, 0x00000000c1b00000| Untracked 
|  28|0x00000000c1c00000, 0x00000000c1d00000, 0x00000000c1d00000|100%| O|  |TAMS 0x00000000c1c00000, 0x00000000c1c00000| Untracked 
|  29|0x00000000c1d00000, 0x00000000c1e00000, 0x00000000c1e00000|100%| O|  |TAMS 0x00000000c1d00000, 0x00000000c1d00000| Untracked 
|  30|0x00000000c1e00000, 0x00000000c1f00000, 0x00000000c1f00000|100%| O|  |TAMS 0x00000000c1e00000, 0x00000000c1e00000| Untracked 
|  31|0x00000000c1f00000, 0x00000000c2000000, 0x00000000c2000000|100%| O|  |TAMS 0x00000000c1f00000, 0x00000000c1f00000| Untracked 
|  32|0x00000000c2000000, 0x00000000c2100000, 0x00000000c2100000|100%| O|  |TAMS 0x00000000c2000000, 0x00000000c2000000| Untracked 
|  33|0x00000000c2100000, 0x00000000c2200000, 0x00000000c2200000|100%| O|  |TAMS 0x00000000c2100000, 0x00000000c2100000| Untracked 
|  34|0x00000000c2200000, 0x00000000c2300000, 0x00000000c2300000|100%| O|  |TAMS 0x00000000c2200000, 0x00000000c2200000| Untracked 
|  35|0x00000000c2300000, 0x00000000c2400000, 0x00000000c2400000|100%| O|  |TAMS 0x00000000c2300000, 0x00000000c2300000| Untracked 
|  36|0x00000000c2400000, 0x00000000c2500000, 0x00000000c2500000|100%| O|  |TAMS 0x00000000c2400000, 0x00000000c2400000| Untracked 
|  37|0x00000000c2500000, 0x00000000c2600000, 0x00000000c2600000|100%| O|  |TAMS 0x00000000c2500000, 0x00000000c2500000| Untracked 
|  38|0x00000000c2600000, 0x00000000c2700000, 0x00000000c2700000|100%| O|  |TAMS 0x00000000c2600000, 0x00000000c2600000| Untracked 
|  39|0x00000000c2700000, 0x00000000c2800000, 0x00000000c2800000|100%| O|  |TAMS 0x00000000c2700000, 0x00000000c2700000| Untracked 
|  40|0x00000000c2800000, 0x00000000c2900000, 0x00000000c2900000|100%| O|  |TAMS 0x00000000c2800000, 0x00000000c2800000| Untracked 
|  41|0x00000000c2900000, 0x00000000c2a00000, 0x00000000c2a00000|100%| O|  |TAMS 0x00000000c2900000, 0x00000000c2900000| Untracked 
|  42|0x00000000c2a00000, 0x00000000c2b00000, 0x00000000c2b00000|100%| O|  |TAMS 0x00000000c2a00000, 0x00000000c2a00000| Untracked 
|  43|0x00000000c2b00000, 0x00000000c2c00000, 0x00000000c2c00000|100%| O|  |TAMS 0x00000000c2b00000, 0x00000000c2b00000| Untracked 
|  44|0x00000000c2c00000, 0x00000000c2d00000, 0x00000000c2d00000|100%| O|  |TAMS 0x00000000c2c00000, 0x00000000c2c00000| Untracked 
|  45|0x00000000c2d00000, 0x00000000c2e00000, 0x00000000c2e00000|100%| O|  |TAMS 0x00000000c2d00000, 0x00000000c2d00000| Untracked 
|  46|0x00000000c2e00000, 0x00000000c2e00000, 0x00000000c2f00000|  0%| F|  |TAMS 0x00000000c2e00000, 0x00000000c2e00000| Untracked 
|  47|0x00000000c2f00000, 0x00000000c2f00000, 0x00000000c3000000|  0%| F|  |TAMS 0x00000000c2f00000, 0x00000000c2f00000| Untracked 
|  48|0x00000000c3000000, 0x00000000c3000000, 0x00000000c3100000|  0%| F|  |TAMS 0x00000000c3000000, 0x00000000c3000000| Untracked 
|  49|0x00000000c3100000, 0x00000000c3100000, 0x00000000c3200000|  0%| F|  |TAMS 0x00000000c3100000, 0x00000000c3100000| Untracked 
|  50|0x00000000c3200000, 0x00000000c3200000, 0x00000000c3300000|  0%| F|  |TAMS 0x00000000c3200000, 0x00000000c3200000| Untracked 
|  51|0x00000000c3300000, 0x00000000c3300000, 0x00000000c3400000|  0%| F|  |TAMS 0x00000000c3300000, 0x00000000c3300000| Untracked 
|  52|0x00000000c3400000, 0x00000000c3400000, 0x00000000c3500000|  0%| F|  |TAMS 0x00000000c3400000, 0x00000000c3400000| Untracked 
|  53|0x00000000c3500000, 0x00000000c3500000, 0x00000000c3600000|  0%| F|  |TAMS 0x00000000c3500000, 0x00000000c3500000| Untracked 
|  54|0x00000000c3600000, 0x00000000c3600000, 0x00000000c3700000|  0%| F|  |TAMS 0x00000000c3600000, 0x00000000c3600000| Untracked 
|  55|0x00000000c3700000, 0x00000000c3700000, 0x00000000c3800000|  0%| F|  |TAMS 0x00000000c3700000, 0x00000000c3700000| Untracked 
|  56|0x00000000c3800000, 0x00000000c3800000, 0x00000000c3900000|  0%| F|  |TAMS 0x00000000c3800000, 0x00000000c3800000| Untracked 
|  57|0x00000000c3900000, 0x00000000c3900000, 0x00000000c3a00000|  0%| F|  |TAMS 0x00000000c3900000, 0x00000000c3900000| Untracked 
|  58|0x00000000c3a00000, 0x00000000c3a00000, 0x00000000c3b00000|  0%| F|  |TAMS 0x00000000c3a00000, 0x00000000c3a00000| Untracked 
|  59|0x00000000c3b00000, 0x00000000c3b00000, 0x00000000c3c00000|  0%| F|  |TAMS 0x00000000c3b00000, 0x00000000c3b00000| Untracked 
|  60|0x00000000c3c00000, 0x00000000c3c00000, 0x00000000c3d00000|  0%| F|  |TAMS 0x00000000c3c00000, 0x00000000c3c00000| Untracked 
|  61|0x00000000c3d00000, 0x00000000c3d00000, 0x00000000c3e00000|  0%| F|  |TAMS 0x00000000c3d00000, 0x00000000c3d00000| Untracked 
|  62|0x00000000c3e00000, 0x00000000c3e00000, 0x00000000c3f00000|  0%| F|  |TAMS 0x00000000c3e00000, 0x00000000c3e00000| Untracked 
|  63|0x00000000c3f00000, 0x00000000c3f00000, 0x00000000c4000000|  0%| F|  |TAMS 0x00000000c3f00000, 0x00000000c3f00000| Untracked 
|  64|0x00000000c4000000, 0x00000000c4000000, 0x00000000c4100000|  0%| F|  |TAMS 0x00000000c4000000, 0x00000000c4000000| Untracked 
|  65|0x00000000c4100000, 0x00000000c4100000, 0x00000000c4200000|  0%| F|  |TAMS 0x00000000c4100000, 0x00000000c4100000| Untracked 
|  66|0x00000000c4200000, 0x00000000c4200000, 0x00000000c4300000|  0%| F|  |TAMS 0x00000000c4200000, 0x00000000c4200000| Untracked 
|  67|0x00000000c4300000, 0x00000000c4300000, 0x00000000c4400000|  0%| F|  |TAMS 0x00000000c4300000, 0x00000000c4300000| Untracked 
|  68|0x00000000c4400000, 0x00000000c4400000, 0x00000000c4500000|  0%| F|  |TAMS 0x00000000c4400000, 0x00000000c4400000| Untracked 
|  69|0x00000000c4500000, 0x00000000c4500000, 0x00000000c4600000|  0%| F|  |TAMS 0x00000000c4500000, 0x00000000c4500000| Untracked 
|  70|0x00000000c4600000, 0x00000000c4600000, 0x00000000c4700000|  0%| F|  |TAMS 0x00000000c4600000, 0x00000000c4600000| Untracked 
|  71|0x00000000c4700000, 0x00000000c4700000, 0x00000000c4800000|  0%| F|  |TAMS 0x00000000c4700000, 0x00000000c4700000| Untracked 
|  72|0x00000000c4800000, 0x00000000c4800000, 0x00000000c4900000|  0%| F|  |TAMS 0x00000000c4800000, 0x00000000c4800000| Untracked 
|  73|0x00000000c4900000, 0x00000000c4900000, 0x00000000c4a00000|  0%| F|  |TAMS 0x00000000c4900000, 0x00000000c4900000| Untracked 
|  74|0x00000000c4a00000, 0x00000000c4a00000, 0x00000000c4b00000|  0%| F|  |TAMS 0x00000000c4a00000, 0x00000000c4a00000| Untracked 
|  75|0x00000000c4b00000, 0x00000000c4b00000, 0x00000000c4c00000|  0%| F|  |TAMS 0x00000000c4b00000, 0x00000000c4b00000| Untracked 
|  76|0x00000000c4c00000, 0x00000000c4c00000, 0x00000000c4d00000|  0%| F|  |TAMS 0x00000000c4c00000, 0x00000000c4c00000| Untracked 
|  77|0x00000000c4d00000, 0x00000000c4d00000, 0x00000000c4e00000|  0%| F|  |TAMS 0x00000000c4d00000, 0x00000000c4d00000| Untracked 
|  78|0x00000000c4e00000, 0x00000000c4e00000, 0x00000000c4f00000|  0%| F|  |TAMS 0x00000000c4e00000, 0x00000000c4e00000| Untracked 
|  79|0x00000000c4f00000, 0x00000000c4f00000, 0x00000000c5000000|  0%| F|  |TAMS 0x00000000c4f00000, 0x00000000c4f00000| Untracked 
|  80|0x00000000c5000000, 0x00000000c5000000, 0x00000000c5100000|  0%| F|  |TAMS 0x00000000c5000000, 0x00000000c5000000| Untracked 
|  81|0x00000000c5100000, 0x00000000c5100000, 0x00000000c5200000|  0%| F|  |TAMS 0x00000000c5100000, 0x00000000c5100000| Untracked 
|  82|0x00000000c5200000, 0x00000000c5200000, 0x00000000c5300000|  0%| F|  |TAMS 0x00000000c5200000, 0x00000000c5200000| Untracked 
|  83|0x00000000c5300000, 0x00000000c5300000, 0x00000000c5400000|  0%| F|  |TAMS 0x00000000c5300000, 0x00000000c5300000| Untracked 
|  84|0x00000000c5400000, 0x00000000c5400000, 0x00000000c5500000|  0%| F|  |TAMS 0x00000000c5400000, 0x00000000c5400000| Untracked 
|  85|0x00000000c5500000, 0x00000000c5500000, 0x00000000c5600000|  0%| F|  |TAMS 0x00000000c5500000, 0x00000000c5500000| Untracked 
|  86|0x00000000c5600000, 0x00000000c5600000, 0x00000000c5700000|  0%| F|  |TAMS 0x00000000c5600000, 0x00000000c5600000| Untracked 
|  87|0x00000000c5700000, 0x00000000c5700000, 0x00000000c5800000|  0%| F|  |TAMS 0x00000000c5700000, 0x00000000c5700000| Untracked 
|  88|0x00000000c5800000, 0x00000000c5800000, 0x00000000c5900000|  0%| F|  |TAMS 0x00000000c5800000, 0x00000000c5800000| Untracked 
|  89|0x00000000c5900000, 0x00000000c5900000, 0x00000000c5a00000|  0%| F|  |TAMS 0x00000000c5900000, 0x00000000c5900000| Untracked 
|  90|0x00000000c5a00000, 0x00000000c5a00000, 0x00000000c5b00000|  0%| F|  |TAMS 0x00000000c5a00000, 0x00000000c5a00000| Untracked 
|  91|0x00000000c5b00000, 0x00000000c5b00000, 0x00000000c5c00000|  0%| F|  |TAMS 0x00000000c5b00000, 0x00000000c5b00000| Untracked 
|  92|0x00000000c5c00000, 0x00000000c5c00000, 0x00000000c5d00000|  0%| F|  |TAMS 0x00000000c5c00000, 0x00000000c5c00000| Untracked 
|  93|0x00000000c5d00000, 0x00000000c5d00000, 0x00000000c5e00000|  0%| F|  |TAMS 0x00000000c5d00000, 0x00000000c5d00000| Untracked 
|  94|0x00000000c5e00000, 0x00000000c5e00000, 0x00000000c5f00000|  0%| F|  |TAMS 0x00000000c5e00000, 0x00000000c5e00000| Untracked 
|  95|0x00000000c5f00000, 0x00000000c5f00000, 0x00000000c6000000|  0%| F|  |TAMS 0x00000000c5f00000, 0x00000000c5f00000| Untracked 
|  96|0x00000000c6000000, 0x00000000c6000000, 0x00000000c6100000|  0%| F|  |TAMS 0x00000000c6000000, 0x00000000c6000000| Untracked 
|  97|0x00000000c6100000, 0x00000000c6100000, 0x00000000c6200000|  0%| F|  |TAMS 0x00000000c6100000, 0x00000000c6100000| Untracked 
|  98|0x00000000c6200000, 0x00000000c6200000, 0x00000000c6300000|  0%| F|  |TAMS 0x00000000c6200000, 0x00000000c6200000| Untracked 
|  99|0x00000000c6300000, 0x00000000c6300000, 0x00000000c6400000|  0%| F|  |TAMS 0x00000000c6300000, 0x00000000c6300000| Untracked 
| 100|0x00000000c6400000, 0x00000000c6400000, 0x00000000c6500000|  0%| F|  |TAMS 0x00000000c6400000, 0x00000000c6400000| Untracked 
| 101|0x00000000c6500000, 0x00000000c6500000, 0x00000000c6600000|  0%| F|  |TAMS 0x00000000c6500000, 0x00000000c6500000| Untracked 
| 102|0x00000000c6600000, 0x00000000c6600000, 0x00000000c6700000|  0%| F|  |TAMS 0x00000000c6600000, 0x00000000c6600000| Untracked 
| 103|0x00000000c6700000, 0x00000000c6700000, 0x00000000c6800000|  0%| F|  |TAMS 0x00000000c6700000, 0x00000000c6700000| Untracked 
| 104|0x00000000c6800000, 0x00000000c6800000, 0x00000000c6900000|  0%| F|  |TAMS 0x00000000c6800000, 0x00000000c6800000| Untracked 
| 105|0x00000000c6900000, 0x00000000c6900000, 0x00000000c6a00000|  0%| F|  |TAMS 0x00000000c6900000, 0x00000000c6900000| Untracked 
| 106|0x00000000c6a00000, 0x00000000c6a00000, 0x00000000c6b00000|  0%| F|  |TAMS 0x00000000c6a00000, 0x00000000c6a00000| Untracked 
| 107|0x00000000c6b00000, 0x00000000c6b00000, 0x00000000c6c00000|  0%| F|  |TAMS 0x00000000c6b00000, 0x00000000c6b00000| Untracked 
| 108|0x00000000c6c00000, 0x00000000c6c00000, 0x00000000c6d00000|  0%| F|  |TAMS 0x00000000c6c00000, 0x00000000c6c00000| Untracked 
| 109|0x00000000c6d00000, 0x00000000c6d00000, 0x00000000c6e00000|  0%| F|  |TAMS 0x00000000c6d00000, 0x00000000c6d00000| Untracked 
| 110|0x00000000c6e00000, 0x00000000c6e00000, 0x00000000c6f00000|  0%| F|  |TAMS 0x00000000c6e00000, 0x00000000c6e00000| Untracked 
| 111|0x00000000c6f00000, 0x00000000c6f00000, 0x00000000c7000000|  0%| F|  |TAMS 0x00000000c6f00000, 0x00000000c6f00000| Untracked 
| 112|0x00000000c7000000, 0x00000000c7000000, 0x00000000c7100000|  0%| F|  |TAMS 0x00000000c7000000, 0x00000000c7000000| Untracked 
| 113|0x00000000c7100000, 0x00000000c7100000, 0x00000000c7200000|  0%| F|  |TAMS 0x00000000c7100000, 0x00000000c7100000| Untracked 
| 114|0x00000000c7200000, 0x00000000c7200000, 0x00000000c7300000|  0%| F|  |TAMS 0x00000000c7200000, 0x00000000c7200000| Untracked 
| 115|0x00000000c7300000, 0x00000000c7300000, 0x00000000c7400000|  0%| F|  |TAMS 0x00000000c7300000, 0x00000000c7300000| Untracked 
| 116|0x00000000c7400000, 0x00000000c7400000, 0x00000000c7500000|  0%| F|  |TAMS 0x00000000c7400000, 0x00000000c7400000| Untracked 
| 117|0x00000000c7500000, 0x00000000c7500000, 0x00000000c7600000|  0%| F|  |TAMS 0x00000000c7500000, 0x00000000c7500000| Untracked 
| 118|0x00000000c7600000, 0x00000000c7600000, 0x00000000c7700000|  0%| F|  |TAMS 0x00000000c7600000, 0x00000000c7600000| Untracked 
| 119|0x00000000c7700000, 0x00000000c7700000, 0x00000000c7800000|  0%| F|  |TAMS 0x00000000c7700000, 0x00000000c7700000| Untracked 
| 120|0x00000000c7800000, 0x00000000c7800000, 0x00000000c7900000|  0%| F|  |TAMS 0x00000000c7800000, 0x00000000c7800000| Untracked 
| 121|0x00000000c7900000, 0x00000000c7900000, 0x00000000c7a00000|  0%| F|  |TAMS 0x00000000c7900000, 0x00000000c7900000| Untracked 
| 122|0x00000000c7a00000, 0x00000000c7a00000, 0x00000000c7b00000|  0%| F|  |TAMS 0x00000000c7a00000, 0x00000000c7a00000| Untracked 
| 123|0x00000000c7b00000, 0x00000000c7b00000, 0x00000000c7c00000|  0%| F|  |TAMS 0x00000000c7b00000, 0x00000000c7b00000| Untracked 
| 124|0x00000000c7c00000, 0x00000000c7c00000, 0x00000000c7d00000|  0%| F|  |TAMS 0x00000000c7c00000, 0x00000000c7c00000| Untracked 
| 125|0x00000000c7d00000, 0x00000000c7d00000, 0x00000000c7e00000|  0%| F|  |TAMS 0x00000000c7d00000, 0x00000000c7d00000| Untracked 
| 126|0x00000000c7e00000, 0x00000000c7e00000, 0x00000000c7f00000|  0%| F|  |TAMS 0x00000000c7e00000, 0x00000000c7e00000| Untracked 
| 127|0x00000000c7f00000, 0x00000000c7f00000, 0x00000000c8000000|  0%| F|  |TAMS 0x00000000c7f00000, 0x00000000c7f00000| Untracked 
| 128|0x00000000c8000000, 0x00000000c8000000, 0x00000000c8100000|  0%| F|  |TAMS 0x00000000c8000000, 0x00000000c8000000| Untracked 
| 129|0x00000000c8100000, 0x00000000c8100000, 0x00000000c8200000|  0%| F|  |TAMS 0x00000000c8100000, 0x00000000c8100000| Untracked 
| 130|0x00000000c8200000, 0x00000000c8200000, 0x00000000c8300000|  0%| F|  |TAMS 0x00000000c8200000, 0x00000000c8200000| Untracked 
| 131|0x00000000c8300000, 0x00000000c8300000, 0x00000000c8400000|  0%| F|  |TAMS 0x00000000c8300000, 0x00000000c8300000| Untracked 
| 132|0x00000000c8400000, 0x00000000c8400000, 0x00000000c8500000|  0%| F|  |TAMS 0x00000000c8400000, 0x00000000c8400000| Untracked 
| 133|0x00000000c8500000, 0x00000000c8500000, 0x00000000c8600000|  0%| F|  |TAMS 0x00000000c8500000, 0x00000000c8500000| Untracked 
| 134|0x00000000c8600000, 0x00000000c8600000, 0x00000000c8700000|  0%| F|  |TAMS 0x00000000c8600000, 0x00000000c8600000| Untracked 
| 135|0x00000000c8700000, 0x00000000c8700000, 0x00000000c8800000|  0%| F|  |TAMS 0x00000000c8700000, 0x00000000c8700000| Untracked 
| 136|0x00000000c8800000, 0x00000000c8800000, 0x00000000c8900000|  0%| F|  |TAMS 0x00000000c8800000, 0x00000000c8800000| Untracked 
| 137|0x00000000c8900000, 0x00000000c8900000, 0x00000000c8a00000|  0%| F|  |TAMS 0x00000000c8900000, 0x00000000c8900000| Untracked 
| 138|0x00000000c8a00000, 0x00000000c8a00000, 0x00000000c8b00000|  0%| F|  |TAMS 0x00000000c8a00000, 0x00000000c8a00000| Untracked 
| 139|0x00000000c8b00000, 0x00000000c8b00000, 0x00000000c8c00000|  0%| F|  |TAMS 0x00000000c8b00000, 0x00000000c8b00000| Untracked 
| 140|0x00000000c8c00000, 0x00000000c8c00000, 0x00000000c8d00000|  0%| F|  |TAMS 0x00000000c8c00000, 0x00000000c8c00000| Untracked 
| 141|0x00000000c8d00000, 0x00000000c8d00000, 0x00000000c8e00000|  0%| F|  |TAMS 0x00000000c8d00000, 0x00000000c8d00000| Untracked 
| 142|0x00000000c8e00000, 0x00000000c8e00000, 0x00000000c8f00000|  0%| F|  |TAMS 0x00000000c8e00000, 0x00000000c8e00000| Untracked 
| 143|0x00000000c8f00000, 0x00000000c8f00000, 0x00000000c9000000|  0%| F|  |TAMS 0x00000000c8f00000, 0x00000000c8f00000| Untracked 
| 144|0x00000000c9000000, 0x00000000c9000000, 0x00000000c9100000|  0%| F|  |TAMS 0x00000000c9000000, 0x00000000c9000000| Untracked 
| 145|0x00000000c9100000, 0x00000000c9100000, 0x00000000c9200000|  0%| F|  |TAMS 0x00000000c9100000, 0x00000000c9100000| Untracked 
| 146|0x00000000c9200000, 0x00000000c9200000, 0x00000000c9300000|  0%| F|  |TAMS 0x00000000c9200000, 0x00000000c9200000| Untracked 
| 147|0x00000000c9300000, 0x00000000c9300000, 0x00000000c9400000|  0%| F|  |TAMS 0x00000000c9300000, 0x00000000c9300000| Untracked 
| 148|0x00000000c9400000, 0x00000000c9400000, 0x00000000c9500000|  0%| F|  |TAMS 0x00000000c9400000, 0x00000000c9400000| Untracked 
| 149|0x00000000c9500000, 0x00000000c9500000, 0x00000000c9600000|  0%| F|  |TAMS 0x00000000c9500000, 0x00000000c9500000| Untracked 
| 150|0x00000000c9600000, 0x00000000c9600000, 0x00000000c9700000|  0%| F|  |TAMS 0x00000000c9600000, 0x00000000c9600000| Untracked 
| 151|0x00000000c9700000, 0x00000000c9700000, 0x00000000c9800000|  0%| F|  |TAMS 0x00000000c9700000, 0x00000000c9700000| Untracked 
| 152|0x00000000c9800000, 0x00000000c9800000, 0x00000000c9900000|  0%| F|  |TAMS 0x00000000c9800000, 0x00000000c9800000| Untracked 
| 153|0x00000000c9900000, 0x00000000c9900000, 0x00000000c9a00000|  0%| F|  |TAMS 0x00000000c9900000, 0x00000000c9900000| Untracked 
| 154|0x00000000c9a00000, 0x00000000c9a00000, 0x00000000c9b00000|  0%| F|  |TAMS 0x00000000c9a00000, 0x00000000c9a00000| Untracked 
| 155|0x00000000c9b00000, 0x00000000c9b00000, 0x00000000c9c00000|  0%| F|  |TAMS 0x00000000c9b00000, 0x00000000c9b00000| Untracked 
| 156|0x00000000c9c00000, 0x00000000c9c00000, 0x00000000c9d00000|  0%| F|  |TAMS 0x00000000c9c00000, 0x00000000c9c00000| Untracked 
| 157|0x00000000c9d00000, 0x00000000c9d00000, 0x00000000c9e00000|  0%| F|  |TAMS 0x00000000c9d00000, 0x00000000c9d00000| Untracked 
| 158|0x00000000c9e00000, 0x00000000c9e00000, 0x00000000c9f00000|  0%| F|  |TAMS 0x00000000c9e00000, 0x00000000c9e00000| Untracked 
| 159|0x00000000c9f00000, 0x00000000c9f00000, 0x00000000ca000000|  0%| F|  |TAMS 0x00000000c9f00000, 0x00000000c9f00000| Untracked 
| 160|0x00000000ca000000, 0x00000000ca000000, 0x00000000ca100000|  0%| F|  |TAMS 0x00000000ca000000, 0x00000000ca000000| Untracked 
| 161|0x00000000ca100000, 0x00000000ca100000, 0x00000000ca200000|  0%| F|  |TAMS 0x00000000ca100000, 0x00000000ca100000| Untracked 
| 162|0x00000000ca200000, 0x00000000ca200000, 0x00000000ca300000|  0%| F|  |TAMS 0x00000000ca200000, 0x00000000ca200000| Untracked 
| 163|0x00000000ca300000, 0x00000000ca300000, 0x00000000ca400000|  0%| F|  |TAMS 0x00000000ca300000, 0x00000000ca300000| Untracked 
| 164|0x00000000ca400000, 0x00000000ca400000, 0x00000000ca500000|  0%| F|  |TAMS 0x00000000ca400000, 0x00000000ca400000| Untracked 
| 165|0x00000000ca500000, 0x00000000ca500000, 0x00000000ca600000|  0%| F|  |TAMS 0x00000000ca500000, 0x00000000ca500000| Untracked 
| 166|0x00000000ca600000, 0x00000000ca600000, 0x00000000ca700000|  0%| F|  |TAMS 0x00000000ca600000, 0x00000000ca600000| Untracked 
| 167|0x00000000ca700000, 0x00000000ca700000, 0x00000000ca800000|  0%| F|  |TAMS 0x00000000ca700000, 0x00000000ca700000| Untracked 
| 168|0x00000000ca800000, 0x00000000ca800000, 0x00000000ca900000|  0%| F|  |TAMS 0x00000000ca800000, 0x00000000ca800000| Untracked 
| 169|0x00000000ca900000, 0x00000000ca900000, 0x00000000caa00000|  0%| F|  |TAMS 0x00000000ca900000, 0x00000000ca900000| Untracked 
| 170|0x00000000caa00000, 0x00000000caa00000, 0x00000000cab00000|  0%| F|  |TAMS 0x00000000caa00000, 0x00000000caa00000| Untracked 
| 171|0x00000000cab00000, 0x00000000cab00000, 0x00000000cac00000|  0%| F|  |TAMS 0x00000000cab00000, 0x00000000cab00000| Untracked 
| 172|0x00000000cac00000, 0x00000000cac00000, 0x00000000cad00000|  0%| F|  |TAMS 0x00000000cac00000, 0x00000000cac00000| Untracked 
| 173|0x00000000cad00000, 0x00000000cad00000, 0x00000000cae00000|  0%| F|  |TAMS 0x00000000cad00000, 0x00000000cad00000| Untracked 
| 174|0x00000000cae00000, 0x00000000cae00000, 0x00000000caf00000|  0%| F|  |TAMS 0x00000000cae00000, 0x00000000cae00000| Untracked 
| 175|0x00000000caf00000, 0x00000000caf00000, 0x00000000cb000000|  0%| F|  |TAMS 0x00000000caf00000, 0x00000000caf00000| Untracked 
| 176|0x00000000cb000000, 0x00000000cb000000, 0x00000000cb100000|  0%| F|  |TAMS 0x00000000cb000000, 0x00000000cb000000| Untracked 
| 177|0x00000000cb100000, 0x00000000cb100000, 0x00000000cb200000|  0%| F|  |TAMS 0x00000000cb100000, 0x00000000cb100000| Untracked 
| 178|0x00000000cb200000, 0x00000000cb200000, 0x00000000cb300000|  0%| F|  |TAMS 0x00000000cb200000, 0x00000000cb200000| Untracked 
| 179|0x00000000cb300000, 0x00000000cb300000, 0x00000000cb400000|  0%| F|  |TAMS 0x00000000cb300000, 0x00000000cb300000| Untracked 
| 180|0x00000000cb400000, 0x00000000cb400000, 0x00000000cb500000|  0%| F|  |TAMS 0x00000000cb400000, 0x00000000cb400000| Untracked 
| 181|0x00000000cb500000, 0x00000000cb500000, 0x00000000cb600000|  0%| F|  |TAMS 0x00000000cb500000, 0x00000000cb500000| Untracked 
| 182|0x00000000cb600000, 0x00000000cb600000, 0x00000000cb700000|  0%| F|  |TAMS 0x00000000cb600000, 0x00000000cb600000| Untracked 
| 183|0x00000000cb700000, 0x00000000cb700000, 0x00000000cb800000|  0%| F|  |TAMS 0x00000000cb700000, 0x00000000cb700000| Untracked 
| 184|0x00000000cb800000, 0x00000000cb800000, 0x00000000cb900000|  0%| F|  |TAMS 0x00000000cb800000, 0x00000000cb800000| Untracked 
| 185|0x00000000cb900000, 0x00000000cb900000, 0x00000000cba00000|  0%| F|  |TAMS 0x00000000cb900000, 0x00000000cb900000| Untracked 
| 186|0x00000000cba00000, 0x00000000cba00000, 0x00000000cbb00000|  0%| F|  |TAMS 0x00000000cba00000, 0x00000000cba00000| Untracked 
| 187|0x00000000cbb00000, 0x00000000cbb00000, 0x00000000cbc00000|  0%| F|  |TAMS 0x00000000cbb00000, 0x00000000cbb00000| Untracked 
| 188|0x00000000cbc00000, 0x00000000cbc00000, 0x00000000cbd00000|  0%| F|  |TAMS 0x00000000cbc00000, 0x00000000cbc00000| Untracked 
| 189|0x00000000cbd00000, 0x00000000cbd00000, 0x00000000cbe00000|  0%| F|  |TAMS 0x00000000cbd00000, 0x00000000cbd00000| Untracked 
| 190|0x00000000cbe00000, 0x00000000cbe00000, 0x00000000cbf00000|  0%| F|  |TAMS 0x00000000cbe00000, 0x00000000cbe00000| Untracked 
| 191|0x00000000cbf00000, 0x00000000cbf00000, 0x00000000cc000000|  0%| F|  |TAMS 0x00000000cbf00000, 0x00000000cbf00000| Untracked 
| 192|0x00000000cc000000, 0x00000000cc000000, 0x00000000cc100000|  0%| F|  |TAMS 0x00000000cc000000, 0x00000000cc000000| Untracked 
| 193|0x00000000cc100000, 0x00000000cc100000, 0x00000000cc200000|  0%| F|  |TAMS 0x00000000cc100000, 0x00000000cc100000| Untracked 
| 194|0x00000000cc200000, 0x00000000cc200000, 0x00000000cc300000|  0%| F|  |TAMS 0x00000000cc200000, 0x00000000cc200000| Untracked 
| 195|0x00000000cc300000, 0x00000000cc300000, 0x00000000cc400000|  0%| F|  |TAMS 0x00000000cc300000, 0x00000000cc300000| Untracked 
| 196|0x00000000cc400000, 0x00000000cc400000, 0x00000000cc500000|  0%| F|  |TAMS 0x00000000cc400000, 0x00000000cc400000| Untracked 
| 197|0x00000000cc500000, 0x00000000cc500000, 0x00000000cc600000|  0%| F|  |TAMS 0x00000000cc500000, 0x00000000cc500000| Untracked 
| 198|0x00000000cc600000, 0x00000000cc600000, 0x00000000cc700000|  0%| F|  |TAMS 0x00000000cc600000, 0x00000000cc600000| Untracked 
| 199|0x00000000cc700000, 0x00000000cc700000, 0x00000000cc800000|  0%| F|  |TAMS 0x00000000cc700000, 0x00000000cc700000| Untracked 
| 200|0x00000000cc800000, 0x00000000cc800000, 0x00000000cc900000|  0%| F|  |TAMS 0x00000000cc800000, 0x00000000cc800000| Untracked 
| 201|0x00000000cc900000, 0x00000000cc900000, 0x00000000cca00000|  0%| F|  |TAMS 0x00000000cc900000, 0x00000000cc900000| Untracked 
| 202|0x00000000cca00000, 0x00000000cca00000, 0x00000000ccb00000|  0%| F|  |TAMS 0x00000000cca00000, 0x00000000cca00000| Untracked 
| 203|0x00000000ccb00000, 0x00000000ccb00000, 0x00000000ccc00000|  0%| F|  |TAMS 0x00000000ccb00000, 0x00000000ccb00000| Untracked 
| 204|0x00000000ccc00000, 0x00000000ccc00000, 0x00000000ccd00000|  0%| F|  |TAMS 0x00000000ccc00000, 0x00000000ccc00000| Untracked 
| 205|0x00000000ccd00000, 0x00000000ccd00000, 0x00000000cce00000|  0%| F|  |TAMS 0x00000000ccd00000, 0x00000000ccd00000| Untracked 
| 206|0x00000000cce00000, 0x00000000cce00000, 0x00000000ccf00000|  0%| F|  |TAMS 0x00000000cce00000, 0x00000000cce00000| Untracked 
| 207|0x00000000ccf00000, 0x00000000ccf00000, 0x00000000cd000000|  0%| F|  |TAMS 0x00000000ccf00000, 0x00000000ccf00000| Untracked 
| 208|0x00000000cd000000, 0x00000000cd000000, 0x00000000cd100000|  0%| F|  |TAMS 0x00000000cd000000, 0x00000000cd000000| Untracked 
| 209|0x00000000cd100000, 0x00000000cd100000, 0x00000000cd200000|  0%| F|  |TAMS 0x00000000cd100000, 0x00000000cd100000| Untracked 
| 210|0x00000000cd200000, 0x00000000cd200000, 0x00000000cd300000|  0%| F|  |TAMS 0x00000000cd200000, 0x00000000cd200000| Untracked 
| 211|0x00000000cd300000, 0x00000000cd300000, 0x00000000cd400000|  0%| F|  |TAMS 0x00000000cd300000, 0x00000000cd300000| Untracked 
| 212|0x00000000cd400000, 0x00000000cd400000, 0x00000000cd500000|  0%| F|  |TAMS 0x00000000cd400000, 0x00000000cd400000| Untracked 
| 213|0x00000000cd500000, 0x00000000cd500000, 0x00000000cd600000|  0%| F|  |TAMS 0x00000000cd500000, 0x00000000cd500000| Untracked 
| 214|0x00000000cd600000, 0x00000000cd600000, 0x00000000cd700000|  0%| F|  |TAMS 0x00000000cd600000, 0x00000000cd600000| Untracked 
| 215|0x00000000cd700000, 0x00000000cd700000, 0x00000000cd800000|  0%| F|  |TAMS 0x00000000cd700000, 0x00000000cd700000| Untracked 
| 216|0x00000000cd800000, 0x00000000cd800000, 0x00000000cd900000|  0%| F|  |TAMS 0x00000000cd800000, 0x00000000cd800000| Untracked 
| 217|0x00000000cd900000, 0x00000000cd900000, 0x00000000cda00000|  0%| F|  |TAMS 0x00000000cd900000, 0x00000000cd900000| Untracked 
| 218|0x00000000cda00000, 0x00000000cda00000, 0x00000000cdb00000|  0%| F|  |TAMS 0x00000000cda00000, 0x00000000cda00000| Untracked 
| 219|0x00000000cdb00000, 0x00000000cdb00000, 0x00000000cdc00000|  0%| F|  |TAMS 0x00000000cdb00000, 0x00000000cdb00000| Untracked 
| 220|0x00000000cdc00000, 0x00000000cdc00000, 0x00000000cdd00000|  0%| F|  |TAMS 0x00000000cdc00000, 0x00000000cdc00000| Untracked 
| 221|0x00000000cdd00000, 0x00000000cdd00000, 0x00000000cde00000|  0%| F|  |TAMS 0x00000000cdd00000, 0x00000000cdd00000| Untracked 
| 222|0x00000000cde00000, 0x00000000cde00000, 0x00000000cdf00000|  0%| F|  |TAMS 0x00000000cde00000, 0x00000000cde00000| Untracked 
| 223|0x00000000cdf00000, 0x00000000cdf00000, 0x00000000ce000000|  0%| F|  |TAMS 0x00000000cdf00000, 0x00000000cdf00000| Untracked 
| 224|0x00000000ce000000, 0x00000000ce000000, 0x00000000ce100000|  0%| F|  |TAMS 0x00000000ce000000, 0x00000000ce000000| Untracked 
| 225|0x00000000ce100000, 0x00000000ce100000, 0x00000000ce200000|  0%| F|  |TAMS 0x00000000ce100000, 0x00000000ce100000| Untracked 
| 226|0x00000000ce200000, 0x00000000ce200000, 0x00000000ce300000|  0%| F|  |TAMS 0x00000000ce200000, 0x00000000ce200000| Untracked 
| 227|0x00000000ce300000, 0x00000000ce300000, 0x00000000ce400000|  0%| F|  |TAMS 0x00000000ce300000, 0x00000000ce300000| Untracked 
| 228|0x00000000ce400000, 0x00000000ce400000, 0x00000000ce500000|  0%| F|  |TAMS 0x00000000ce400000, 0x00000000ce400000| Untracked 
| 229|0x00000000ce500000, 0x00000000ce500000, 0x00000000ce600000|  0%| F|  |TAMS 0x00000000ce500000, 0x00000000ce500000| Untracked 
| 230|0x00000000ce600000, 0x00000000ce600000, 0x00000000ce700000|  0%| F|  |TAMS 0x00000000ce600000, 0x00000000ce600000| Untracked 
| 231|0x00000000ce700000, 0x00000000ce700000, 0x00000000ce800000|  0%| F|  |TAMS 0x00000000ce700000, 0x00000000ce700000| Untracked 
| 232|0x00000000ce800000, 0x00000000ce800000, 0x00000000ce900000|  0%| F|  |TAMS 0x00000000ce800000, 0x00000000ce800000| Untracked 
| 233|0x00000000ce900000, 0x00000000ce900000, 0x00000000cea00000|  0%| F|  |TAMS 0x00000000ce900000, 0x00000000ce900000| Untracked 
| 234|0x00000000cea00000, 0x00000000cea00000, 0x00000000ceb00000|  0%| F|  |TAMS 0x00000000cea00000, 0x00000000cea00000| Untracked 
| 235|0x00000000ceb00000, 0x00000000ceb00000, 0x00000000cec00000|  0%| F|  |TAMS 0x00000000ceb00000, 0x00000000ceb00000| Untracked 
| 236|0x00000000cec00000, 0x00000000cec00000, 0x00000000ced00000|  0%| F|  |TAMS 0x00000000cec00000, 0x00000000cec00000| Untracked 
| 237|0x00000000ced00000, 0x00000000ced00000, 0x00000000cee00000|  0%| F|  |TAMS 0x00000000ced00000, 0x00000000ced00000| Untracked 
| 238|0x00000000cee00000, 0x00000000cee00000, 0x00000000cef00000|  0%| F|  |TAMS 0x00000000cee00000, 0x00000000cee00000| Untracked 
| 239|0x00000000cef00000, 0x00000000cef00000, 0x00000000cf000000|  0%| F|  |TAMS 0x00000000cef00000, 0x00000000cef00000| Untracked 
| 240|0x00000000cf000000, 0x00000000cf000000, 0x00000000cf100000|  0%| F|  |TAMS 0x00000000cf000000, 0x00000000cf000000| Untracked 
| 241|0x00000000cf100000, 0x00000000cf100000, 0x00000000cf200000|  0%| F|  |TAMS 0x00000000cf100000, 0x00000000cf100000| Untracked 
| 242|0x00000000cf200000, 0x00000000cf200000, 0x00000000cf300000|  0%| F|  |TAMS 0x00000000cf200000, 0x00000000cf200000| Untracked 
| 243|0x00000000cf300000, 0x00000000cf300000, 0x00000000cf400000|  0%| F|  |TAMS 0x00000000cf300000, 0x00000000cf300000| Untracked 
| 244|0x00000000cf400000, 0x00000000cf400000, 0x00000000cf500000|  0%| F|  |TAMS 0x00000000cf400000, 0x00000000cf400000| Untracked 
| 245|0x00000000cf500000, 0x00000000cf500000, 0x00000000cf600000|  0%| F|  |TAMS 0x00000000cf500000, 0x00000000cf500000| Untracked 
| 246|0x00000000cf600000, 0x00000000cf600000, 0x00000000cf700000|  0%| F|  |TAMS 0x00000000cf600000, 0x00000000cf600000| Untracked 
| 247|0x00000000cf700000, 0x00000000cf700000, 0x00000000cf800000|  0%| F|  |TAMS 0x00000000cf700000, 0x00000000cf700000| Untracked 
| 248|0x00000000cf800000, 0x00000000cf800000, 0x00000000cf900000|  0%| F|  |TAMS 0x00000000cf800000, 0x00000000cf800000| Untracked 
| 249|0x00000000cf900000, 0x00000000cf900000, 0x00000000cfa00000|  0%| F|  |TAMS 0x00000000cf900000, 0x00000000cf900000| Untracked 
| 250|0x00000000cfa00000, 0x00000000cfa00000, 0x00000000cfb00000|  0%| F|  |TAMS 0x00000000cfa00000, 0x00000000cfa00000| Untracked 
| 251|0x00000000cfb00000, 0x00000000cfb00000, 0x00000000cfc00000|  0%| F|  |TAMS 0x00000000cfb00000, 0x00000000cfb00000| Untracked 
| 252|0x00000000cfc00000, 0x00000000cfc00000, 0x00000000cfd00000|  0%| F|  |TAMS 0x00000000cfc00000, 0x00000000cfc00000| Untracked 
| 253|0x00000000cfd00000, 0x00000000cfd00000, 0x00000000cfe00000|  0%| F|  |TAMS 0x00000000cfd00000, 0x00000000cfd00000| Untracked 
| 254|0x00000000cfe00000, 0x00000000cfe00000, 0x00000000cff00000|  0%| F|  |TAMS 0x00000000cfe00000, 0x00000000cfe00000| Untracked 
| 255|0x00000000cff00000, 0x00000000cff00000, 0x00000000d0000000|  0%| F|  |TAMS 0x00000000cff00000, 0x00000000cff00000| Untracked 
| 256|0x00000000d0000000, 0x00000000d0000000, 0x00000000d0100000|  0%| F|  |TAMS 0x00000000d0000000, 0x00000000d0000000| Untracked 
| 257|0x00000000d0100000, 0x00000000d0200000, 0x00000000d0200000|100%| S|CS|TAMS 0x00000000d0100000, 0x00000000d0100000| Complete 
| 258|0x00000000d0200000, 0x00000000d0300000, 0x00000000d0300000|100%| S|CS|TAMS 0x00000000d0200000, 0x00000000d0200000| Complete 
| 259|0x00000000d0300000, 0x00000000d0300000, 0x00000000d0400000|  0%| F|  |TAMS 0x00000000d0300000, 0x00000000d0300000| Untracked 
| 260|0x00000000d0400000, 0x00000000d0400000, 0x00000000d0500000|  0%| F|  |TAMS 0x00000000d0400000, 0x00000000d0400000| Untracked 
| 261|0x00000000d0500000, 0x00000000d0500000, 0x00000000d0600000|  0%| F|  |TAMS 0x00000000d0500000, 0x00000000d0500000| Untracked 
| 262|0x00000000d0600000, 0x00000000d0600000, 0x00000000d0700000|  0%| F|  |TAMS 0x00000000d0600000, 0x00000000d0600000| Untracked 
| 263|0x00000000d0700000, 0x00000000d0700000, 0x00000000d0800000|  0%| F|  |TAMS 0x00000000d0700000, 0x00000000d0700000| Untracked 
| 264|0x00000000d0800000, 0x00000000d0800000, 0x00000000d0900000|  0%| F|  |TAMS 0x00000000d0800000, 0x00000000d0800000| Untracked 
| 265|0x00000000d0900000, 0x00000000d0900000, 0x00000000d0a00000|  0%| F|  |TAMS 0x00000000d0900000, 0x00000000d0900000| Untracked 
| 266|0x00000000d0a00000, 0x00000000d0a00000, 0x00000000d0b00000|  0%| F|  |TAMS 0x00000000d0a00000, 0x00000000d0a00000| Untracked 
| 267|0x00000000d0b00000, 0x00000000d0b00000, 0x00000000d0c00000|  0%| F|  |TAMS 0x00000000d0b00000, 0x00000000d0b00000| Untracked 
| 268|0x00000000d0c00000, 0x00000000d0c00000, 0x00000000d0d00000|  0%| F|  |TAMS 0x00000000d0c00000, 0x00000000d0c00000| Untracked 
| 269|0x00000000d0d00000, 0x00000000d0d00000, 0x00000000d0e00000|  0%| F|  |TAMS 0x00000000d0d00000, 0x00000000d0d00000| Untracked 
| 270|0x00000000d0e00000, 0x00000000d0e00000, 0x00000000d0f00000|  0%| F|  |TAMS 0x00000000d0e00000, 0x00000000d0e00000| Untracked 
| 271|0x00000000d0f00000, 0x00000000d0f00000, 0x00000000d1000000|  0%| F|  |TAMS 0x00000000d0f00000, 0x00000000d0f00000| Untracked 
| 272|0x00000000d1000000, 0x00000000d1000000, 0x00000000d1100000|  0%| F|  |TAMS 0x00000000d1000000, 0x00000000d1000000| Untracked 
| 273|0x00000000d1100000, 0x00000000d1100000, 0x00000000d1200000|  0%| F|  |TAMS 0x00000000d1100000, 0x00000000d1100000| Untracked 
| 274|0x00000000d1200000, 0x00000000d1200000, 0x00000000d1300000|  0%| F|  |TAMS 0x00000000d1200000, 0x00000000d1200000| Untracked 
| 275|0x00000000d1300000, 0x00000000d1300000, 0x00000000d1400000|  0%| F|  |TAMS 0x00000000d1300000, 0x00000000d1300000| Untracked 
| 276|0x00000000d1400000, 0x00000000d1400000, 0x00000000d1500000|  0%| F|  |TAMS 0x00000000d1400000, 0x00000000d1400000| Untracked 
| 277|0x00000000d1500000, 0x00000000d1500000, 0x00000000d1600000|  0%| F|  |TAMS 0x00000000d1500000, 0x00000000d1500000| Untracked 

Card table byte_map: [0x00007fc838235000,0x00007fc838435000] _byte_map_base: 0x00007fc837c35000

Marking Bits (Prev, Next): (CMBitMap*) 0x00007fc83403fa50, (CMBitMap*) 0x00007fc83403fa18
 Prev Bits: [0x00007fc816000000, 0x00007fc817000000)
 Next Bits: [0x00007fc817000000, 0x00007fc818000000)

Polling page: 0x00007fc83c85b000

Metaspace:

Usage:
  Non-class:     33.66 MB capacity,    32.30 MB ( 96%) used,     1.29 MB (  4%) free+waste,    75.19 KB ( <1%) overhead. 
      Class:      4.62 MB capacity,     3.79 MB ( 82%) used,   813.10 KB ( 17%) free+waste,    37.69 KB ( <1%) overhead. 
       Both:     38.28 MB capacity,    36.09 MB ( 94%) used,     2.08 MB (  5%) free+waste,   112.88 KB ( <1%) overhead. 

Virtual space:
  Non-class space:       34.00 MB reserved,      33.75 MB (>99%) committed 
      Class space:        1.00 GB reserved,       4.62 MB ( <1%) committed 
             Both:        1.03 GB reserved,      38.38 MB (  4%) committed 

Chunk freelists:
   Non-Class:  2.00 KB
       Class:  4.00 KB
        Both:  6.00 KB

CodeHeap 'non-profiled nmethods': size=120036Kb used=1289Kb max_used=1289Kb free=118746Kb
 bounds [0x00007fc82441d000, 0x00007fc82468d000, 0x00007fc82b956000]
CodeHeap 'profiled nmethods': size=120032Kb used=9316Kb max_used=9316Kb free=110715Kb
 bounds [0x00007fc81cee5000, 0x00007fc81d815000, 0x00007fc82441d000]
CodeHeap 'non-nmethods': size=5692Kb used=1225Kb max_used=1279Kb free=4466Kb
 bounds [0x00007fc81c956000, 0x00007fc81cbc6000, 0x00007fc81cee5000]
 total_blobs=5802 nmethods=4101 adapters=503
 compilation: enabled
              stopped_count=0, restarted_count=0
 full_count=0

Compilation events (10 events):
Event: 21.461 Thread 0x00007fc834127000 4620       2       java.io.PrintWriter::ensureOpen (18 bytes)
Event: 21.461 Thread 0x00007fc834127000 nmethod 4620 0x00007fc81d806f10 code [0x00007fc81d8070e0, 0x00007fc81d807328]
Event: 21.463 Thread 0x00007fc834127000 4621       1       org.codehaus.plexus.util.xml.Xpp3Dom::getName (5 bytes)
Event: 21.463 Thread 0x00007fc834127000 nmethod 4621 0x00007fc82455f210 code [0x00007fc82455f3c0, 0x00007fc82455f4f0]
Event: 21.463 Thread 0x00007fc834127000 4622       2       org.apache.maven.model.interpolation.StringVisitorModelInterpolator$ModelVisitor::interpolate (11 bytes)
Event: 21.463 Thread 0x00007fc834127000 nmethod 4622 0x00007fc81d807410 code [0x00007fc81d8075c0, 0x00007fc81d8077a8]
Event: 21.466 Thread 0x00007fc834127000 4623       2       com.google.inject.internal.InjectorImpl::isTypeLiteral (13 bytes)
Event: 21.466 Thread 0x00007fc834127000 nmethod 4623 0x00007fc81d807890 code [0x00007fc81d807a40, 0x00007fc81d807bb0]
Event: 21.466 Thread 0x00007fc834127000 4624       2       com.google.inject.internal.InjectorImpl::isMembersInjector (28 bytes)
Event: 21.466 Thread 0x00007fc834127000 nmethod 4624 0x00007fc81d807c90 code [0x00007fc81d807e60, 0x00007fc81d808028]

GC Heap History (10 events):
Event: 18.949 GC heap after
{Heap after GC invocations=20 (full 0):
 garbage-first heap   total 231424K, used 39888K [0x00000000c0000000, 0x0000000100000000)
  region size 1024K, 5 young (5120K), 5 survivors (5120K)
 Metaspace       used 35388K, capacity 37599K, committed 37888K, reserved 1083392K
  class space    used 3722K, capacity 4580K, committed 4608K, reserved 1048576K
}
Event: 19.029 GC heap before
{Heap before GC invocations=20 (full 0):
 garbage-first heap   total 231424K, used 46032K [0x00000000c0000000, 0x0000000100000000)
  region size 1024K, 11 young (11264K), 5 survivors (5120K)
 Metaspace       used 35389K, capacity 37599K, committed 37888K, reserved 1083392K
  class space    used 3722K, capacity 4580K, committed 4608K, reserved 1048576K
}
Event: 19.094 GC heap after
{Heap after GC invocations=21 (full 0):
 garbage-first heap   total 284672K, used 40947K [0x00000000c0000000, 0x0000000100000000)
  region size 1024K, 1 young (1024K), 1 survivors (1024K)
 Metaspace       used 35389K, capacity 37599K, committed 37888K, reserved 1083392K
  class space    used 3722K, capacity 4580K, committed 4608K, reserved 1048576K
}
Event: 19.320 GC heap before
{Heap before GC invocations=21 (full 0):
 garbage-first heap   total 284672K, used 53235K [0x00000000c0000000, 0x0000000100000000)
  region size 1024K, 14 young (14336K), 1 survivors (1024K)
 Metaspace       used 35391K, capacity 37599K, committed 37888K, reserved 1083392K
  class space    used 3722K, capacity 4580K, committed 4608K, reserved 1048576K
}
Event: 19.398 GC heap after
{Heap after GC invocations=22 (full 0):
 garbage-first heap   total 284672K, used 41878K [0x00000000c0000000, 0x0000000100000000)
  region size 1024K, 2 young (2048K), 2 survivors (2048K)
 Metaspace       used 35391K, capacity 37599K, committed 37888K, reserved 1083392K
  class space    used 3722K, capacity 4580K, committed 4608K, reserved 1048576K
}
Event: 19.906 GC heap before
{Heap before GC invocations=22 (full 0):
 garbage-first heap   total 284672K, used 58262K [0x00000000c0000000, 0x0000000100000000)
  region size 1024K, 18 young (18432K), 2 survivors (2048K)
 Metaspace       used 35748K, capacity 37932K, committed 38144K, reserved 1083392K
  class space    used 3749K, capacity 4584K, committed 4608K, reserved 1048576K
}
Event: 19.993 GC heap after
{Heap after GC invocations=23 (full 0):
 garbage-first heap   total 284672K, used 44666K [0x00000000c0000000, 0x0000000100000000)
  region size 1024K, 3 young (3072K), 3 survivors (3072K)
 Metaspace       used 35748K, capacity 37932K, committed 38144K, reserved 1083392K
  class space    used 3749K, capacity 4584K, committed 4608K, reserved 1048576K
}
Event: 20.835 GC heap before
{Heap before GC invocations=23 (full 0):
 garbage-first heap   total 284672K, used 66170K [0x00000000c0000000, 0x0000000100000000)
  region size 1024K, 24 young (24576K), 3 survivors (3072K)
 Metaspace       used 36549K, capacity 38759K, committed 39040K, reserved 1083392K
  class space    used 3838K, capacity 4689K, committed 4736K, reserved 1048576K
}
Event: 21.026 GC heap after
{Heap after GC invocations=24 (full 0):
 garbage-first heap   total 284672K, used 47235K [0x00000000c0000000, 0x0000000100000000)
  region size 1024K, 3 young (3072K), 3 survivors (3072K)
 Metaspace       used 36549K, capacity 38759K, committed 39040K, reserved 1083392K
  class space    used 3838K, capacity 4689K, committed 4736K, reserved 1048576K
}
Event: 21.479 GC heap before
{Heap before GC invocations=24 (full 0):
 garbage-first heap   total 284672K, used 65667K [0x00000000c0000000, 0x0000000100000000)
  region size 1024K, 22 young (22528K), 3 survivors (3072K)
 Metaspace       used 36959K, capacity 39202K, committed 39296K, reserved 1083392K
  class space    used 3881K, capacity 4732K, committed 4736K, reserved 1048576K
}

Deoptimization events (10 events):
Event: 20.545 Thread 0x00007fc808009800 DEOPT PACKING pc=0x00007fc81d0c0e3e sp=0x00007fc7fd8e7550
Event: 20.545 Thread 0x00007fc808009800 DEOPT UNPACKING pc=0x00007fc81c97e7ba sp=0x00007fc7fd8e6aa8 mode 0
Event: 21.200 Thread 0x00007fc808009800 DEOPT PACKING pc=0x00007fc81d0c0e3e sp=0x00007fc7fd8e77e0
Event: 21.201 Thread 0x00007fc808009800 DEOPT UNPACKING pc=0x00007fc81c97e7ba sp=0x00007fc7fd8e6d38 mode 0
Event: 21.290 Thread 0x00007fc800b42800 DEOPT PACKING pc=0x00007fc81d25c4ad sp=0x00007fc7fd5e6cf0
Event: 21.290 Thread 0x00007fc800b42800 DEOPT UNPACKING pc=0x00007fc81c97e7ba sp=0x00007fc7fd5e6208 mode 0
Event: 21.367 Thread 0x00007fc810180800 Uncommon trap: trap_request=0xffffff4d fr.pc=0x00007fc8244eaa44 relative=0x00000000000007e4
Event: 21.367 Thread 0x00007fc810180800 Uncommon trap: reason=unstable_if action=reinterpret pc=0x00007fc8244eaa44 method=java.lang.ThreadLocal.set(Ljava/lang/Object;)V @ 11 c2
Event: 21.367 Thread 0x00007fc810180800 DEOPT PACKING pc=0x00007fc8244eaa44 sp=0x00007fc7ef3546f0
Event: 21.367 Thread 0x00007fc810180800 DEOPT UNPACKING pc=0x00007fc81c97e9a5 sp=0x00007fc7ef3546f0 mode 2

Classes redefined (0 events):
No events

Internal exceptions (10 events):
Event: 20.053 Thread 0x00007fc808009800 Exception <a 'java/lang/NoSuchMethodError'{0x00000000d1345c70}: 'java.lang.Object java.lang.invoke.Invokers$Holder.linkToTargetMethod(java.lang.Object, java.lang.Object, java.lang.Object, java.lang.Object, java.lang.Object, java.lang.Object)'> (0x00000000
Event: 20.108 Thread 0x00007fc808009800 Exception <a 'sun/nio/fs/UnixException'{0x00000000d1247d58}> (0x00000000d1247d58) thrown at [/build/openjdk-lts-7bqZff/openjdk-lts-11.0.4+11/src/hotspot/share/prims/jni.cpp, line 615]
Event: 20.138 Thread 0x00007fc808009800 Exception <a 'sun/nio/fs/UnixException'{0x00000000d12540d0}> (0x00000000d12540d0) thrown at [/build/openjdk-lts-7bqZff/openjdk-lts-11.0.4+11/src/hotspot/share/prims/jni.cpp, line 615]
Event: 20.536 Thread 0x00007fc808009800 Exception <a 'java/lang/NoSuchMethodError'{0x00000000d0ab70d8}: 'int java.lang.invoke.DirectMethodHandle$Holder.invokeInterface(java.lang.Object, java.lang.Object)'> (0x00000000d0ab70d8) thrown at [/build/openjdk-lts-7bqZff/openjdk-lts-11.0.4+11/src/hotsp
Event: 21.184 Thread 0x00007fc808009800 Exception <a 'java/lang/NoSuchMethodError'{0x00000000d100ba58}: 'java.lang.Object java.lang.invoke.DirectMethodHandle$Holder.invokeSpecial(java.lang.Object, java.lang.Object, java.lang.Object, java.lang.Object, java.lang.Object, java.lang.Object, java.lan
Event: 21.188 Thread 0x00007fc808009800 Exception <a 'java/lang/NoSuchMethodError'{0x00000000d1017660}: 'java.lang.Object java.lang.invoke.DirectMethodHandle$Holder.invokeSpecial(java.lang.Object, java.lang.Object, java.lang.Object, java.lang.Object, java.lang.Object, java.lang.Object, java.lan
Event: 21.188 Thread 0x00007fc808009800 Exception <a 'java/lang/NoSuchMethodError'{0x00000000d101b5b0}: 'java.lang.Object java.lang.invoke.Invokers$Holder.linkToTargetMethod(java.lang.Object, java.lang.Object, java.lang.Object, java.lang.Object, java.lang.Object, java.lang.Object, java.lang.Obj
Event: 21.240 Thread 0x00007fc808009800 Exception <a 'java/lang/NoSuchMethodError'{0x00000000d0ee6c60}: 'java.lang.Object java.lang.invoke.DirectMethodHandle$Holder.invokeSpecial(java.lang.Object, java.lang.Object, java.lang.Object, java.lang.Object, java.lang.Object, int)'> (0x00000000d0ee6c60
Event: 21.240 Thread 0x00007fc808009800 Exception <a 'java/lang/NoSuchMethodError'{0x00000000d0eea2b0}: 'java.lang.Object java.lang.invoke.Invokers$Holder.linkToTargetMethod(java.lang.Object, java.lang.Object, java.lang.Object, int, java.lang.Object)'> (0x00000000d0eea2b0) thrown at [/build/ope
Event: 21.367 Thread 0x00007fc810180800 Implicit null exception at 0x00007fc8244ea2ca to 0x00007fc8244eaa2e

Events (10 events):
Event: 21.443 loading class org/apache/maven/model/building/ModelProblemCollectorRequest done
Event: 21.443 loading class org/apache/maven/model/building/ModelProblemCollector
Event: 21.443 loading class org/apache/maven/model/building/ModelProblemCollector done
Event: 21.467 loading class org/apache/maven/project/MavenProject
Event: 21.467 loading class org/apache/maven/project/MavenProject done
Event: 21.467 loading class org/eclipse/m2e/core/embedder/IMavenExecutionContext
Event: 21.467 loading class org/eclipse/m2e/core/embedder/IMavenExecutionContext done
Event: 21.467 loading class org/eclipse/m2e/core/internal/embedder/MavenImpl
Event: 21.467 loading class org/eclipse/m2e/core/internal/embedder/MavenImpl done
Event: 21.475 Executing VM operation: G1CollectForAllocation


Dynamic libraries:
c0000000-d1600000 rw-p 00000000 00:00 0 
da200000-100000000 ---p 00000000 00:00 0 
800000000-800002000 rwxp 00001000 08:01 528999                           /usr/lib/jvm/java-11-openjdk-amd64/lib/server/classes.jsa
800002000-8003bd000 rw-p 00003000 08:01 528999                           /usr/lib/jvm/java-11-openjdk-amd64/lib/server/classes.jsa
8003bd000-800a8a000 r--p 003be000 08:01 528999                           /usr/lib/jvm/java-11-openjdk-amd64/lib/server/classes.jsa
800a8a000-800a8b000 rw-p 00a8b000 08:01 528999                           /usr/lib/jvm/java-11-openjdk-amd64/lib/server/classes.jsa
800a8b000-80109d000 r--p 00a8c000 08:01 528999                           /usr/lib/jvm/java-11-openjdk-amd64/lib/server/classes.jsa
840000000-8404a0000 rw-p 00000000 00:00 0 
8404a0000-880000000 ---p 00000000 00:00 0 
563ddc792000-563ddc793000 r-xp 00000000 08:01 657486                     /usr/lib/jvm/java-11-openjdk-amd64/bin/java
563ddc993000-563ddc994000 r--p 00001000 08:01 657486                     /usr/lib/jvm/java-11-openjdk-amd64/bin/java
563ddc994000-563ddc995000 rw-p 00002000 08:01 657486                     /usr/lib/jvm/java-11-openjdk-amd64/bin/java
563ddcc58000-563ddcc9a000 rw-p 00000000 00:00 0                          [heap]
7fc7ef255000-7fc7ef259000 ---p 00000000 00:00 0 
7fc7ef259000-7fc7ef516000 rw-p 00000000 00:00 0 
7fc7ef516000-7fc7ef556000 ---p 00000000 00:00 0 
7fc7ef556000-7fc7f7c00000 r--s 00000000 08:01 528883                     /usr/lib/jvm/java-11-openjdk-amd64/lib/modules
7fc7f7c00000-7fc7f7e00000 rw-p 00000000 00:00 0 
7fc7f7e00000-7fc7f8000000 rw-p 00000000 00:00 0 
7fc7f8000000-7fc7f8179000 rw-p 00000000 00:00 0 
7fc7f8179000-7fc7fc000000 ---p 00000000 00:00 0 
7fc7fc0e4000-7fc7fc0e8000 ---p 00000000 00:00 0 
7fc7fc0e8000-7fc7fc1e5000 rw-p 00000000 00:00 0 
7fc7fc1e5000-7fc7fc1e9000 ---p 00000000 00:00 0 
7fc7fc1e9000-7fc7fc4e6000 rw-p 00000000 00:00 0 
7fc7fc4e6000-7fc7fc6e6000 rw-p 00000000 00:00 0 
7fc7fc6e6000-7fc7fc6ea000 ---p 00000000 00:00 0 
7fc7fc6ea000-7fc7fc7e7000 rw-p 00000000 00:00 0 
7fc7fc7e7000-7fc7fc7eb000 ---p 00000000 00:00 0 
7fc7fc7eb000-7fc7fcae8000 rw-p 00000000 00:00 0 
7fc7fcae8000-7fc7fcce8000 rw-p 00000000 00:00 0 
7fc7fcce8000-7fc7fcee8000 rw-p 00000000 00:00 0 
7fc7fcee8000-7fc7fd0e8000 rw-p 00000000 00:00 0 
7fc7fd0e8000-7fc7fd2e8000 rw-p 00000000 00:00 0 
7fc7fd2e8000-7fc7fd4e8000 rw-p 00000000 00:00 0 
7fc7fd4e8000-7fc7fd4ec000 ---p 00000000 00:00 0 
7fc7fd4ec000-7fc7fd7e9000 rw-p 00000000 00:00 0 
7fc7fd7e9000-7fc7fd7ed000 ---p 00000000 00:00 0 
7fc7fd7ed000-7fc7fd8ea000 rw-p 00000000 00:00 0 
7fc7fd8ea000-7fc7fd8ee000 ---p 00000000 00:00 0 
7fc7fd8ee000-7fc7fd9eb000 rw-p 00000000 00:00 0 
7fc7fd9eb000-7fc7fd9ef000 ---p 00000000 00:00 0 
7fc7fd9ef000-7fc7fdcec000 rw-p 00000000 00:00 0 
7fc7fdcec000-7fc7fdcfc000 r-xp 00000000 08:01 531016                     /home/jackson/.vscode/extensions/redhat.java-0.54.2/server/config_linux/org.eclipse.equinox.launcher/org.eclipse.equinox.launcher.gtk.linux.x86_64_1.1.1100.v20190907-0426/eclipse_1801.so
7fc7fdcfc000-7fc7fdefb000 ---p 00010000 08:01 531016                     /home/jackson/.vscode/extensions/redhat.java-0.54.2/server/config_linux/org.eclipse.equinox.launcher/org.eclipse.equinox.launcher.gtk.linux.x86_64_1.1.1100.v20190907-0426/eclipse_1801.so
7fc7fdefb000-7fc7fdefc000 r--p 0000f000 08:01 531016                     /home/jackson/.vscode/extensions/redhat.java-0.54.2/server/config_linux/org.eclipse.equinox.launcher/org.eclipse.equinox.launcher.gtk.linux.x86_64_1.1.1100.v20190907-0426/eclipse_1801.so
7fc7fdefc000-7fc7fdefd000 rw-p 00010000 08:01 531016                     /home/jackson/.vscode/extensions/redhat.java-0.54.2/server/config_linux/org.eclipse.equinox.launcher/org.eclipse.equinox.launcher.gtk.linux.x86_64_1.1.1100.v20190907-0426/eclipse_1801.so
7fc7fdefd000-7fc7fdf01000 ---p 00000000 00:00 0 
7fc7fdf01000-7fc7fdffe000 rw-p 00000000 00:00 0 
7fc7fdffe000-7fc7fe002000 ---p 00000000 00:00 0 
7fc7fe002000-7fc7fe0ff000 rw-p 00000000 00:00 0 
7fc7fe0ff000-7fc7fe103000 ---p 00000000 00:00 0 
7fc7fe103000-7fc7fe200000 rw-p 00000000 00:00 0 
7fc7fe200000-7fc7fe216000 r-xp 00000000 08:01 528873                     /usr/lib/jvm/java-11-openjdk-amd64/lib/libnet.so
7fc7fe216000-7fc7fe415000 ---p 00016000 08:01 528873                     /usr/lib/jvm/java-11-openjdk-amd64/lib/libnet.so
7fc7fe415000-7fc7fe416000 r--p 00015000 08:01 528873                     /usr/lib/jvm/java-11-openjdk-amd64/lib/libnet.so
7fc7fe416000-7fc7fe417000 rw-p 00016000 08:01 528873                     /usr/lib/jvm/java-11-openjdk-amd64/lib/libnet.so
7fc7fe417000-7fc7fe427000 r-xp 00000000 08:01 528874                     /usr/lib/jvm/java-11-openjdk-amd64/lib/libnio.so
7fc7fe427000-7fc7fe626000 ---p 00010000 08:01 528874                     /usr/lib/jvm/java-11-openjdk-amd64/lib/libnio.so
7fc7fe626000-7fc7fe627000 r--p 0000f000 08:01 528874                     /usr/lib/jvm/java-11-openjdk-amd64/lib/libnio.so
7fc7fe627000-7fc7fe628000 rw-p 00010000 08:01 528874                     /usr/lib/jvm/java-11-openjdk-amd64/lib/libnio.so
7fc7fe628000-7fc7fe629000 ---p 00000000 00:00 0 
7fc7fe629000-7fc7fe72a000 rw-p 00000000 00:00 0 
7fc7fe72a000-7fc7fe72e000 ---p 00000000 00:00 0 
7fc7fe72e000-7fc7fe82b000 rw-p 00000000 00:00 0 
7fc7fe82b000-7fc7fe82f000 ---p 00000000 00:00 0 
7fc7fe82f000-7fc7fe92c000 rw-p 00000000 00:00 0 
7fc7fe92c000-7fc7fe930000 ---p 00000000 00:00 0 
7fc7fe930000-7fc7fea2d000 rw-p 00000000 00:00 0 
7fc7fea2d000-7fc7fea31000 ---p 00000000 00:00 0 
7fc7fea31000-7fc7feb2e000 rw-p 00000000 00:00 0 
7fc7feb2e000-7fc7feb32000 ---p 00000000 00:00 0 
7fc7feb32000-7fc7fec2f000 rw-p 00000000 00:00 0 
7fc7fec2f000-7fc7fec33000 ---p 00000000 00:00 0 
7fc7fec33000-7fc7fed30000 rw-p 00000000 00:00 0 
7fc7fed30000-7fc7ff6ff000 r--p 00000000 08:01 662135                     /usr/lib/locale/locale-archive
7fc7ff6ff000-7fc7ff703000 ---p 00000000 00:00 0 
7fc7ff703000-7fc800000000 rw-p 00000000 00:00 0 
7fc800000000-7fc8022c3000 rw-p 00000000 00:00 0 
7fc8022c3000-7fc804000000 ---p 00000000 00:00 0 
7fc804000000-7fc80429f000 rw-p 00000000 00:00 0 
7fc80429f000-7fc808000000 ---p 00000000 00:00 0 
7fc808000000-7fc8080c0000 rw-p 00000000 00:00 0 
7fc8080c0000-7fc80c000000 ---p 00000000 00:00 0 
7fc80c000000-7fc80ccf5000 rw-p 00000000 00:00 0 
7fc80ccf5000-7fc810000000 ---p 00000000 00:00 0 
7fc810000000-7fc81019b000 rw-p 00000000 00:00 0 
7fc81019b000-7fc814000000 ---p 00000000 00:00 0 
7fc814000000-7fc816458000 rw-p 00000000 00:00 0 
7fc816458000-7fc817000000 ---p 00000000 00:00 0 
7fc817000000-7fc817458000 rw-p 00000000 00:00 0 
7fc817458000-7fc818000000 ---p 00000000 00:00 0 
7fc818000000-7fc81809d000 rw-p 00000000 00:00 0 
7fc81809d000-7fc81c000000 ---p 00000000 00:00 0 
7fc81c0c7000-7fc81c0cb000 ---p 00000000 00:00 0 
7fc81c0cb000-7fc81c1c8000 rw-p 00000000 00:00 0 
7fc81c1c8000-7fc81c1c9000 ---p 00000000 00:00 0 
7fc81c1c9000-7fc81c34b000 rw-p 00000000 00:00 0 
7fc81c34b000-7fc81c34c000 ---p 00000000 00:00 0 
7fc81c34c000-7fc81c44d000 rw-p 00000000 00:00 0 
7fc81c44d000-7fc81c44e000 ---p 00000000 00:00 0 
7fc81c44e000-7fc81c54f000 rw-p 00000000 00:00 0 
7fc81c54f000-7fc81c550000 ---p 00000000 00:00 0 
7fc81c550000-7fc81c752000 rw-p 00000000 00:00 0 
7fc81c752000-7fc81c753000 ---p 00000000 00:00 0 
7fc81c753000-7fc81c854000 rw-p 00000000 00:00 0 
7fc81c854000-7fc81c855000 ---p 00000000 00:00 0 
7fc81c855000-7fc81c956000 rw-p 00000000 00:00 0 
7fc81c956000-7fc81cbc6000 rwxp 00000000 00:00 0 
7fc81cbc6000-7fc81cee5000 ---p 00000000 00:00 0 
7fc81cee5000-7fc81d815000 rwxp 00000000 00:00 0 
7fc81d815000-7fc82441d000 ---p 00000000 00:00 0 
7fc82441d000-7fc82468d000 rwxp 00000000 00:00 0 
7fc82468d000-7fc82b956000 ---p 00000000 00:00 0 
7fc82b956000-7fc834000000 r--s 00000000 08:01 528883                     /usr/lib/jvm/java-11-openjdk-amd64/lib/modules
7fc834000000-7fc834476000 rw-p 00000000 00:00 0 
7fc834476000-7fc838000000 ---p 00000000 00:00 0 
7fc838035000-7fc8380c0000 rw-p 00000000 00:00 0 
7fc8380c0000-7fc838235000 ---p 00000000 00:00 0 
7fc838235000-7fc8382c0000 rw-p 00000000 00:00 0 
7fc8382c0000-7fc838435000 ---p 00000000 00:00 0 
7fc838435000-7fc8384c0000 rw-p 00000000 00:00 0 
7fc8384c0000-7fc838635000 ---p 00000000 00:00 0 
7fc838635000-7fc838736000 rw-p 00000000 00:00 0 
7fc838736000-7fc838737000 ---p 00000000 00:00 0 
7fc838737000-7fc83883d000 rw-p 00000000 00:00 0 
7fc83883d000-7fc838923000 ---p 00000000 00:00 0 
7fc838923000-7fc838936000 rw-p 00000000 00:00 0 
7fc838936000-7fc838a0e000 ---p 00000000 00:00 0 
7fc838a0e000-7fc838a13000 r-xp 00000000 08:01 528865                     /usr/lib/jvm/java-11-openjdk-amd64/lib/libjimage.so
7fc838a13000-7fc838c12000 ---p 00005000 08:01 528865                     /usr/lib/jvm/java-11-openjdk-amd64/lib/libjimage.so
7fc838c12000-7fc838c13000 r--p 00004000 08:01 528865                     /usr/lib/jvm/java-11-openjdk-amd64/lib/libjimage.so
7fc838c13000-7fc838c14000 rw-p 00005000 08:01 528865                     /usr/lib/jvm/java-11-openjdk-amd64/lib/libjimage.so
7fc838c14000-7fc838c1b000 r-xp 00000000 08:01 528882                     /usr/lib/jvm/java-11-openjdk-amd64/lib/libzip.so
7fc838c1b000-7fc838e1a000 ---p 00007000 08:01 528882                     /usr/lib/jvm/java-11-openjdk-amd64/lib/libzip.so
7fc838e1a000-7fc838e1b000 r--p 00006000 08:01 528882                     /usr/lib/jvm/java-11-openjdk-amd64/lib/libzip.so
7fc838e1b000-7fc838e1c000 rw-p 00007000 08:01 528882                     /usr/lib/jvm/java-11-openjdk-amd64/lib/libzip.so
7fc838e1c000-7fc838e27000 r-xp 00000000 08:01 1186092                    /lib/x86_64-linux-gnu/libnss_files-2.27.so
7fc838e27000-7fc839026000 ---p 0000b000 08:01 1186092                    /lib/x86_64-linux-gnu/libnss_files-2.27.so
7fc839026000-7fc839027000 r--p 0000a000 08:01 1186092                    /lib/x86_64-linux-gnu/libnss_files-2.27.so
7fc839027000-7fc839028000 rw-p 0000b000 08:01 1186092                    /lib/x86_64-linux-gnu/libnss_files-2.27.so
7fc839028000-7fc83902e000 rw-p 00000000 00:00 0 
7fc83902e000-7fc839045000 r-xp 00000000 08:01 1186086                    /lib/x86_64-linux-gnu/libnsl-2.27.so
7fc839045000-7fc839244000 ---p 00017000 08:01 1186086                    /lib/x86_64-linux-gnu/libnsl-2.27.so
7fc839244000-7fc839245000 r--p 00016000 08:01 1186086                    /lib/x86_64-linux-gnu/libnsl-2.27.so
7fc839245000-7fc839246000 rw-p 00017000 08:01 1186086                    /lib/x86_64-linux-gnu/libnsl-2.27.so
7fc839246000-7fc839248000 rw-p 00000000 00:00 0 
7fc839248000-7fc839253000 r-xp 00000000 08:01 1186103                    /lib/x86_64-linux-gnu/libnss_nis-2.27.so
7fc839253000-7fc839452000 ---p 0000b000 08:01 1186103                    /lib/x86_64-linux-gnu/libnss_nis-2.27.so
7fc839452000-7fc839453000 r--p 0000a000 08:01 1186103                    /lib/x86_64-linux-gnu/libnss_nis-2.27.so
7fc839453000-7fc839454000 rw-p 0000b000 08:01 1186103                    /lib/x86_64-linux-gnu/libnss_nis-2.27.so
7fc839454000-7fc83945c000 r-xp 00000000 08:01 1186088                    /lib/x86_64-linux-gnu/libnss_compat-2.27.so
7fc83945c000-7fc83965c000 ---p 00008000 08:01 1186088                    /lib/x86_64-linux-gnu/libnss_compat-2.27.so
7fc83965c000-7fc83965d000 r--p 00008000 08:01 1186088                    /lib/x86_64-linux-gnu/libnss_compat-2.27.so
7fc83965d000-7fc83965e000 rw-p 00009000 08:01 1186088                    /lib/x86_64-linux-gnu/libnss_compat-2.27.so
7fc83965e000-7fc839687000 r-xp 00000000 08:01 528861                     /usr/lib/jvm/java-11-openjdk-amd64/lib/libjava.so
7fc839687000-7fc839886000 ---p 00029000 08:01 528861                     /usr/lib/jvm/java-11-openjdk-amd64/lib/libjava.so
7fc839886000-7fc839887000 r--p 00028000 08:01 528861                     /usr/lib/jvm/java-11-openjdk-amd64/lib/libjava.so
7fc839887000-7fc839889000 rw-p 00029000 08:01 528861                     /usr/lib/jvm/java-11-openjdk-amd64/lib/libjava.so
7fc839889000-7fc839896000 r-xp 00000000 08:01 528881                     /usr/lib/jvm/java-11-openjdk-amd64/lib/libverify.so
7fc839896000-7fc839a95000 ---p 0000d000 08:01 528881                     /usr/lib/jvm/java-11-openjdk-amd64/lib/libverify.so
7fc839a95000-7fc839a97000 r--p 0000c000 08:01 528881                     /usr/lib/jvm/java-11-openjdk-amd64/lib/libverify.so
7fc839a97000-7fc839a98000 rw-p 0000e000 08:01 528881                     /usr/lib/jvm/java-11-openjdk-amd64/lib/libverify.so
7fc839a98000-7fc839a9f000 r-xp 00000000 08:01 1186143                    /lib/x86_64-linux-gnu/librt-2.27.so
7fc839a9f000-7fc839c9e000 ---p 00007000 08:01 1186143                    /lib/x86_64-linux-gnu/librt-2.27.so
7fc839c9e000-7fc839c9f000 r--p 00006000 08:01 1186143                    /lib/x86_64-linux-gnu/librt-2.27.so
7fc839c9f000-7fc839ca0000 rw-p 00007000 08:01 1186143                    /lib/x86_64-linux-gnu/librt-2.27.so
7fc839ca0000-7fc839cb7000 r-xp 00000000 08:01 1186039                    /lib/x86_64-linux-gnu/libgcc_s.so.1
7fc839cb7000-7fc839eb6000 ---p 00017000 08:01 1186039                    /lib/x86_64-linux-gnu/libgcc_s.so.1
7fc839eb6000-7fc839eb7000 r--p 00016000 08:01 1186039                    /lib/x86_64-linux-gnu/libgcc_s.so.1
7fc839eb7000-7fc839eb8000 rw-p 00017000 08:01 1186039                    /lib/x86_64-linux-gnu/libgcc_s.so.1
7fc839eb8000-7fc83a055000 r-xp 00000000 08:01 1186065                    /lib/x86_64-linux-gnu/libm-2.27.so
7fc83a055000-7fc83a254000 ---p 0019d000 08:01 1186065                    /lib/x86_64-linux-gnu/libm-2.27.so
7fc83a254000-7fc83a255000 r--p 0019c000 08:01 1186065                    /lib/x86_64-linux-gnu/libm-2.27.so
7fc83a255000-7fc83a256000 rw-p 0019d000 08:01 1186065                    /lib/x86_64-linux-gnu/libm-2.27.so
7fc83a256000-7fc83a3cf000 r-xp 00000000 08:01 667166                     /usr/lib/x86_64-linux-gnu/libstdc++.so.6.0.25
7fc83a3cf000-7fc83a5cf000 ---p 00179000 08:01 667166                     /usr/lib/x86_64-linux-gnu/libstdc++.so.6.0.25
7fc83a5cf000-7fc83a5d9000 r--p 00179000 08:01 667166                     /usr/lib/x86_64-linux-gnu/libstdc++.so.6.0.25
7fc83a5d9000-7fc83a5db000 rw-p 00183000 08:01 667166                     /usr/lib/x86_64-linux-gnu/libstdc++.so.6.0.25
7fc83a5db000-7fc83a5df000 rw-p 00000000 00:00 0 
7fc83a5df000-7fc83b6ab000 r-xp 00000000 08:01 528888                     /usr/lib/jvm/java-11-openjdk-amd64/lib/server/libjvm.so
7fc83b6ab000-7fc83b8aa000 ---p 010cc000 08:01 528888                     /usr/lib/jvm/java-11-openjdk-amd64/lib/server/libjvm.so
7fc83b8aa000-7fc83b967000 r--p 010cb000 08:01 528888                     /usr/lib/jvm/java-11-openjdk-amd64/lib/server/libjvm.so
7fc83b967000-7fc83b9a0000 rw-p 01188000 08:01 528888                     /usr/lib/jvm/java-11-openjdk-amd64/lib/server/libjvm.so
7fc83b9a0000-7fc83b9f6000 rw-p 00000000 00:00 0 
7fc83b9f6000-7fc83ba10000 r-xp 00000000 08:01 1186135                    /lib/x86_64-linux-gnu/libpthread-2.27.so
7fc83ba10000-7fc83bc0f000 ---p 0001a000 08:01 1186135                    /lib/x86_64-linux-gnu/libpthread-2.27.so
7fc83bc0f000-7fc83bc10000 r--p 00019000 08:01 1186135                    /lib/x86_64-linux-gnu/libpthread-2.27.so
7fc83bc10000-7fc83bc11000 rw-p 0001a000 08:01 1186135                    /lib/x86_64-linux-gnu/libpthread-2.27.so
7fc83bc11000-7fc83bc15000 rw-p 00000000 00:00 0 
7fc83bc15000-7fc83bc18000 r-xp 00000000 08:01 1186025                    /lib/x86_64-linux-gnu/libdl-2.27.so
7fc83bc18000-7fc83be17000 ---p 00003000 08:01 1186025                    /lib/x86_64-linux-gnu/libdl-2.27.so
7fc83be17000-7fc83be18000 r--p 00002000 08:01 1186025                    /lib/x86_64-linux-gnu/libdl-2.27.so
7fc83be18000-7fc83be19000 rw-p 00003000 08:01 1186025                    /lib/x86_64-linux-gnu/libdl-2.27.so
7fc83be19000-7fc83be35000 r-xp 00000000 08:01 1186174                    /lib/x86_64-linux-gnu/libz.so.1.2.11
7fc83be35000-7fc83c034000 ---p 0001c000 08:01 1186174                    /lib/x86_64-linux-gnu/libz.so.1.2.11
7fc83c034000-7fc83c035000 r--p 0001b000 08:01 1186174                    /lib/x86_64-linux-gnu/libz.so.1.2.11
7fc83c035000-7fc83c036000 rw-p 0001c000 08:01 1186174                    /lib/x86_64-linux-gnu/libz.so.1.2.11
7fc83c036000-7fc83c21d000 r-xp 00000000 08:01 1186002                    /lib/x86_64-linux-gnu/libc-2.27.so
7fc83c21d000-7fc83c41d000 ---p 001e7000 08:01 1186002                    /lib/x86_64-linux-gnu/libc-2.27.so
7fc83c41d000-7fc83c421000 r--p 001e7000 08:01 1186002                    /lib/x86_64-linux-gnu/libc-2.27.so
7fc83c421000-7fc83c423000 rw-p 001eb000 08:01 1186002                    /lib/x86_64-linux-gnu/libc-2.27.so
7fc83c423000-7fc83c427000 rw-p 00000000 00:00 0 
7fc83c427000-7fc83c437000 r-xp 00000000 08:01 528845                     /usr/lib/jvm/java-11-openjdk-amd64/lib/jli/libjli.so
7fc83c437000-7fc83c636000 ---p 00010000 08:01 528845                     /usr/lib/jvm/java-11-openjdk-amd64/lib/jli/libjli.so
7fc83c636000-7fc83c637000 r--p 0000f000 08:01 528845                     /usr/lib/jvm/java-11-openjdk-amd64/lib/jli/libjli.so
7fc83c637000-7fc83c638000 rw-p 00010000 08:01 528845                     /usr/lib/jvm/java-11-openjdk-amd64/lib/jli/libjli.so
7fc83c638000-7fc83c65f000 r-xp 00000000 08:01 1185974                    /lib/x86_64-linux-gnu/ld-2.27.so
7fc83c69b000-7fc83c69f000 ---p 00000000 00:00 0 
7fc83c69f000-7fc83c740000 rw-p 00000000 00:00 0 
7fc83c740000-7fc83c747000 ---p 00000000 00:00 0 
7fc83c747000-7fc83c74b000 ---p 00000000 00:00 0 
7fc83c74b000-7fc83c84a000 rw-p 00000000 00:00 0 
7fc83c851000-7fc83c853000 r--s 00007000 08:01 943479                     /usr/share/java/java-atk-wrapper.jar
7fc83c853000-7fc83c85b000 rw-s 00000000 08:01 533293                     /tmp/hsperfdata_jackson/4258
7fc83c85b000-7fc83c85c000 ---p 00000000 00:00 0 
7fc83c85c000-7fc83c85d000 r--p 00000000 00:00 0 
7fc83c85d000-7fc83c85f000 rw-p 00000000 00:00 0 
7fc83c85f000-7fc83c860000 r--p 00027000 08:01 1185974                    /lib/x86_64-linux-gnu/ld-2.27.so
7fc83c860000-7fc83c861000 rw-p 00028000 08:01 1185974                    /lib/x86_64-linux-gnu/ld-2.27.so
7fc83c861000-7fc83c862000 rw-p 00000000 00:00 0 
7ffd24f92000-7ffd24fb3000 rw-p 00000000 00:00 0                          [stack]
7ffd24fda000-7ffd24fdd000 r--p 00000000 00:00 0                          [vvar]
7ffd24fdd000-7ffd24fde000 r-xp 00000000 00:00 0                          [vdso]
ffffffffff600000-ffffffffff601000 r-xp 00000000 00:00 0                  [vsyscall]


VM Arguments:
jvm_args: --add-modules=ALL-SYSTEM --add-opens=java.base/java.util=ALL-UNNAMED --add-opens=java.base/java.lang=ALL-UNNAMED -Declipse.application=org.eclipse.jdt.ls.core.id1 -Dosgi.bundles.defaultStartLevel=4 -Declipse.product=org.eclipse.jdt.ls.core.product -Dfile.encoding=utf8 -Xverify:none -Xmx1G -XX:+UseG1GC -XX:+UseStringDeduplication 
java_command: /home/jackson/.vscode/extensions/redhat.java-0.54.2/server/plugins/org.eclipse.equinox.launcher_1.5.600.v20191014-2022.jar -configuration /home/jackson/.vscode/extensions/redhat.java-0.54.2/server/config_linux -data /home/jackson/.config/Code/User/workspaceStorage/12e3aee23846e241e61f4009526939a1/redhat.java/jdt_ws
java_class_path (initial): /home/jackson/.vscode/extensions/redhat.java-0.54.2/server/plugins/org.eclipse.equinox.launcher_1.5.600.v20191014-2022.jar
Launcher Type: SUN_STANDARD

[Global flags]
     bool BytecodeVerificationLocal                = false                                     {product} {command line}
     bool BytecodeVerificationRemote               = false                                     {product} {command line}
     intx CICompilerCount                          = 2                                         {product} {ergonomic}
     uint ConcGCThreads                            = 1                                         {product} {ergonomic}
     uint G1ConcRefinementThreads                  = 1                                         {product} {ergonomic}
   size_t G1HeapRegionSize                         = 1048576                                   {product} {ergonomic}
    uintx GCDrainStackTargetSize                   = 64                                        {product} {ergonomic}
   size_t InitialHeapSize                          = 65011712                                  {product} {ergonomic}
   size_t MarkStackSize                            = 4194304                                   {product} {ergonomic}
   size_t MaxHeapSize                              = 1073741824                                {product} {command line}
   size_t MaxNewSize                               = 643825664                                 {product} {ergonomic}
   size_t MinHeapDeltaBytes                        = 1048576                                   {product} {ergonomic}
    uintx NonNMethodCodeHeapSize                   = 5824844                                {pd product} {ergonomic}
    uintx NonProfiledCodeHeapSize                  = 122916698                              {pd product} {ergonomic}
    uintx ProfiledCodeHeapSize                     = 122916698                              {pd product} {ergonomic}
    uintx ReservedCodeCacheSize                    = 251658240                              {pd product} {ergonomic}
     bool SegmentedCodeCache                       = true                                      {product} {ergonomic}
     bool UseCompressedClassPointers               = true                                 {lp64_product} {ergonomic}
     bool UseCompressedOops                        = true                                 {lp64_product} {ergonomic}
     bool UseG1GC                                  = true                                      {product} {command line}
     bool UseStringDeduplication                   = true                                      {product} {command line}

Logging:
Log output configuration:
 #0: stdout all=warning uptime,level,tags
 #1: stderr all=off uptime,level,tags

Environment Variables:
JAVA_HOME=/usr/lib/jvm/java-11-openjdk-amd64/
PATH=/usr/lib/jvm/java-11-openjdk-amd64/:bin:/home/jackson/Documents/apache-maven-3.6.3:bin:/usr/local/sbin:/usr/local/bin:/usr/sbin:/usr/bin:/sbin:/bin:/usr/games:/usr/local/games:/snap/bin
USERNAME=jackson
SHELL=/bin/bash
DISPLAY=:0

Signal Handlers:
SIGSEGV: [libjvm.so+0xde5f50], sa_mask[0]=11111111011111111101111111111110, sa_flags=SA_RESTART|SA_SIGINFO
SIGBUS: [libjvm.so+0xde5f50], sa_mask[0]=11111111011111111101111111111110, sa_flags=SA_RESTART|SA_SIGINFO
SIGFPE: [libjvm.so+0xde5f50], sa_mask[0]=11111111011111111101111111111110, sa_flags=SA_RESTART|SA_SIGINFO
SIGPIPE: [libjvm.so+0xbba5b0], sa_mask[0]=11111111011111111101111111111110, sa_flags=SA_RESTART|SA_SIGINFO
SIGXFSZ: [libjvm.so+0xbba5b0], sa_mask[0]=11111111011111111101111111111110, sa_flags=SA_RESTART|SA_SIGINFO
SIGILL: [libjvm.so+0xde5f50], sa_mask[0]=11111111011111111101111111111110, sa_flags=SA_RESTART|SA_SIGINFO
SIGUSR2: [libjvm.so+0xbba450], sa_mask[0]=00000000000000000000000000000000, sa_flags=SA_RESTART|SA_SIGINFO
SIGHUP: [libjvm.so+0xbba7b0], sa_mask[0]=11111111011111111101111111111110, sa_flags=SA_RESTART|SA_SIGINFO
SIGINT: [libjvm.so+0xbba7b0], sa_mask[0]=11111111011111111101111111111110, sa_flags=SA_RESTART|SA_SIGINFO
SIGTERM: [libjvm.so+0xbba7b0], sa_mask[0]=11111111011111111101111111111110, sa_flags=SA_RESTART|SA_SIGINFO
SIGQUIT: [libjvm.so+0xbba7b0], sa_mask[0]=11111111011111111101111111111110, sa_flags=SA_RESTART|SA_SIGINFO


---------------  S Y S T E M  ---------------

OS:DISTRIB_ID=Ubuntu
DISTRIB_RELEASE=18.04
DISTRIB_CODENAME=bionic
DISTRIB_DESCRIPTION="Ubuntu 18.04.3 LTS"
uname:Linux 5.0.0-37-generic #40~18.04.1-Ubuntu SMP Thu Nov 14 12:06:39 UTC 2019 x86_64
libc:glibc 2.27 NPTL 2.27 
rlimit: STACK 8192k, CORE 0k, NPROC 15581, NOFILE 1048576, AS infinity, DATA infinity, FSIZE infinity
load average:5.39 2.29 1.24

/proc/meminfo:
MemTotal:        4037260 kB
MemFree:          115056 kB
MemAvailable:      47456 kB
Buffers:            9732 kB
Cached:           219560 kB
SwapCached:        25536 kB
Active:          3038304 kB
Inactive:         654096 kB
Active(anon):    3005812 kB
Inactive(anon):   617064 kB
Active(file):      32492 kB
Inactive(file):    37032 kB
Unevictable:          48 kB
Mlocked:              48 kB
SwapTotal:        969960 kB
SwapFree:              0 kB
Dirty:               448 kB
Writeback:             0 kB
AnonPages:       3437944 kB
Mapped:           176308 kB
Shmem:            159656 kB
KReclaimable:      32576 kB
Slab:              75588 kB
SReclaimable:      32576 kB
SUnreclaim:        43012 kB
KernelStack:       16368 kB
PageTables:        63396 kB
NFS_Unstable:          0 kB
Bounce:                0 kB
WritebackTmp:          0 kB
CommitLimit:     2988588 kB
Committed_AS:   11732244 kB
VmallocTotal:   34359738367 kB
VmallocUsed:           0 kB
VmallocChunk:          0 kB
Percpu:              316 kB
HardwareCorrupted:     0 kB
AnonHugePages:         0 kB
ShmemHugePages:        0 kB
ShmemPmdMapped:        0 kB
CmaTotal:              0 kB
CmaFree:               0 kB
HugePages_Total:       0
HugePages_Free:        0
HugePages_Rsvd:        0
HugePages_Surp:        0
Hugepagesize:       2048 kB
Hugetlb:               0 kB
DirectMap4k:      208832 kB
DirectMap2M:     3985408 kB


/proc/sys/kernel/threads-max (system-wide limit on the number of threads):
31163


/proc/sys/vm/max_map_count (maximum number of memory map areas a process may have):
65530


/proc/sys/kernel/pid_max (system-wide limit on number of process identifiers):
32768



container (cgroup) information:
container_type: cgroupv1
cpu_cpuset_cpus: 0
cpu_memory_nodes: 0
active_processor_count: 1
cpu_quota: -1
cpu_period: 100000
cpu_shares: -1
memory_limit_in_bytes: -1
memory_and_swap_limit_in_bytes: -2
memory_soft_limit_in_bytes: -1
memory_usage_in_bytes: 3775598592
memory_max_usage_in_bytes: 26636288

Steal ticks since vm start: 0
Steal ticks percentage since vm start:  0.000

CPU:total 1 (initial active 1) (1 cores per cpu, 1 threads per core) family 6 model 158 stepping 10, cmov, cx8, fxsr, mmx, sse, sse2, sse3, ssse3, sse4.1, sse4.2, popcnt, avx, avx2, aes, clmul, 3dnowpref, lzcnt, tsc, tscinvbit
CPU Model and flags from /proc/cpuinfo:
model name	: Intel(R) Core(TM) i5-8600K CPU @ 3.60GHz
flags		: fpu vme de pse tsc msr pae mce cx8 apic sep mtrr pge mca cmov pat pse36 clflush mmx fxsr sse sse2 ht syscall nx rdtscp lm constant_tsc rep_good nopl xtopology nonstop_tsc cpuid tsc_known_freq pni pclmulqdq monitor ssse3 cx16 pcid sse4_1 sse4_2 x2apic movbe popcnt aes xsave avx rdrand hypervisor lahf_lm abm 3dnowprefetch invpcid_single pti fsgsbase avx2 invpcid rdseed clflushopt flush_l1d

Memory: 4k page, physical 4037260k(114808k free), swap 969960k(0k free)

vm_info: OpenJDK 64-Bit Server VM (11.0.4+11-post-Ubuntu-1ubuntu218.04.3) for linux-amd64 JRE (11.0.4+11-post-Ubuntu-1ubuntu218.04.3), built on Jul 18 2019 18:21:46 by "buildd" with gcc 7.4.0

END.
